# salmonsen/2/11/Pages.lst
#
0001|titel
0002|blank
0003|titel
0004|blank
0005|i
0006|ii
0007|iii
0008|iv
0009|1
0010|2
0011|3
0012|4
0013|5
0014|6
0015|7
0016|8
0017|9
0018|10
0019|11
0020|12
0021|13
0022|14
0023|15
0024|16
0025|17
0026|18
0027|19
0028|20
0029|21
0030|22
0031|23
0032|24
0033|25
0034|26
0035|27
0036|28
0037|29
0038|30
0039|31
0040|32
0041|33
0042|34
0043|35
0044|36
0045|37
0046|38
0047|39
0048|40
0049|41
0050|42
0051|43
0052|44
0053|45
0054|46
0055|47
0056|48
0057|49
0058|50
0059|51
0060|52
0061|53
0062|54
0063|55
0064|56
0065|57
0066|58
0067|59
0068|60
0069|61
0070|62
0071|63
0072|64
0073|65
0074|66
0075|67
0076|68
0077|69
0078|70
0079|71
0080|72
0081|73
0082|74
0083|75
0084|76
0085|77
0086|78
0087|79
0088|80
0089|81
0090|82
0091|83
0092|84
0093|85
0094|86
0095|87
0096|88
0097|89
0098|90
0099|91
0100|92
0101|93
0102|94
0103|95
0104|96
0105|97
0106|98
0107|99
0108|100
0109|101
0110|102
0111|103
0112|104
0113|105
0114|106
0115|107
0116|108
0117|109
0118|110
0119|111
0120|112
0121|113
0122|114
0123|115
0124|116
0125|117
0126|118
0127|119
0128|120
0129|121
0130|122
0131|123
0132|124
0133|125
0134|126
0135|127
0136|128
0137|129
0138|130
0139|131
0140|132
0141|133
0142|134
0143|135
0144|136
0145|137
0146|138
0147|139
0148|140
0149|141
0150|142
0151|143
0152|144
0153|145
0154|146
0155|147
0156|148
0157|149
0158|150
0159|151
0160|152
0161|153
0162|154
0163|155
0164|156
0165|157
0166|158
0167|159
0168|160
0169|161
0170|162
0171|163
0172|164
0173|165
0174|166
0175|167
0176|168
0177|169
0178|170
0179|171
0180|172
0181|173
0182|174
0183|175
0184|176
0185|177
0186|178
0187|179
0188|180
0189|181
0190|182
0191|183
0192|184
0193|185
0194|186
0195|187
0196|188
0197|189
0198|190
0199|191
0200|192
0201|193
0202|194
0203|195
0204|196
0205|197
0206|198
0207|199
0208|200
0209|201
0210|202
0211|203
0212|204
0213|205
0214|206
0215|207
0216|208
0217|209
0218|210
0219|211
0220|212
0221|213
0222|214
0223|215
0224|216
0225|217
0226|218
0227|219
0228|220
0229|221
0230|222
0231|223
0232|224
0233|225
0234|226
0235|227
0236|228
0237|229
0238|230
0239|231
0240|232
0241|233
0242|234
0243|235
0244|236
0245|237
0246|238
0247|239
0248|240
0249|241
0250|242
0251|243
0252|244
0253|245
0254|246
0255|247
0256|248
0257|249
0258|250
0259|251
0260|252
0261|253
0262|254
0263|255
0264|256
0265|257
0266|258
0267|259
0268|260
0269|261
0270|262
0271|263
0272|264
0273|265
0274|266
0275|267
0276|268
0277|269
0278|270
0279|271
0280|272
0281|273
0282|274
0283|275
0284|276
0285|277
0286|278
0287|279
0288|280
0289|281
0290|282
0291|283
0292|284
0293|285
0294|286
0295|287
0296|288
0297|289
0298|290
0299|291
0300|292
0301|293
0302|294
0303|295
0304|296
0305|297
0306|298
0307|299
0308|300
0309|301
0310|302
0311|303
0312|304
0313|305
0314|306
0315|307
0316|308
0317|309
0318|310
0319|311
0320|312
0321|313
0322|314
0323|315
0324|316
0325|317
0326|318
0327|319
0328|320
0329|321
0330|322
0331|323
0332|324
0333|325
0334|326
0335|327
0336|328
0337|329
0338|330
0339|331
0340|332
0341|333
0342|334
0343|335
0344|336
0345|337
0346|338
0347|339
0348|340
0349|341
0350|342
0351|343
0352|344
0353|345
0354|346
0355|347
0356|348
0357|349
0358|350
0359|351
0360|352
0361|353
0362|354
0363|355
0364|356
0365|357
0366|358
0367|359
0368|360
0369|361
0370|362
0371|363
0372|364
0373|365
0374|366
0375|367
0376|368
0377|369
0378|370
0379|371
0380|372
0381|373
0382|374
0383|375
0384|376
0385|377
0386|378
0387|379
0388|380
0389|381
0390|382
0391|383
0392|384
0393|385
0394|386
0395|387
0396|388
0397|389
0398|390
0399|391
0400|392
0401|393
0402|394
0403|395
0404|396
0405|397
0406|398
0407|399
0408|400
0409|401
0410|402
0411|403
0412|404
0413|405
0414|406
0415|407
0416|408
0417|409
0418|410
0419|411
0420|412
0421|413
0422|414
0423|415
0424|416
0425|417
0426|418
0427|419
0428|420
0429|421
0430|422
0431|423
0432|424
0433|425
0434|426
0435|427
0436|428
0437|429
0438|430
0439|431
0440|432
0441|433
0442|434
0443|435
0444|436
0445|437
0446|438
0447|439
0448|440
0449|441
0450|442
0451|443
0452|444
0453|445
0454|446
0455|447
0456|448
0457|449
0458|450
0459|451
0460|452
0461|453
0462|454
0463|455
0464|456
0465|457
0466|458
0467|459
0468|460
0469|461
0470|462
0471|463
0472|464
0473|465
0474|466
0475|467
0476|468
0477|469
0478|470
0479|471
0480|472
0481|473
0482|474
0483|475
0484|476
0485|477
0486|478
0487|479
0488|480
0489|481
0490|482
0491|483
0492|484
0493|485
0494|486
0495|487
0496|488
0497|489
0498|490
0499|491
0500|492
0501|493
0502|494
0503|495
0504|496
0505|497
0506|498
0507|499
0508|500
0509|501
0510|502
0511|503
0512|504
0513|505
0514|506
0515|507
0516|508
0517|509
0518|510
0519|511
0520|512
0521|513
0522|514
0523|515
0524|516
0525|517
0526|518
0527|519
0528|520
0529|521
0530|522
0531|523
0532|524
0533|525
0534|526
0535|527
0536|528
0537|529
0538|530
0539|531
0540|532
0541|533
0542|534
0543|535
0544|536
0545|537
0546|538
0547|539
0548|540
0549|541
0550|542
0551|543
0552|544
0553|545
0554|546
0555|547
0556|548
0557|549
0558|550
0559|551
0560|552
0561|553
0562|554
0563|555
0564|556
0565|557
0566|558
0567|559
0568|560
0569|561
0570|562
0571|563
0572|564
0573|565
0574|566
0575|567
0576|568
0577|569
0578|570
0579|571
0580|572
0581|573
0582|574
0583|575
0584|576
0585|577
0586|578
0587|579
0588|580
0589|581
0590|582
0591|583
0592|584
0593|585
0594|586
0595|587
0596|588
0597|589
0598|590
0599|591
0600|592
0601|593
0602|594
0603|595
0604|596
0605|597
0606|598
0607|599
0608|600
0609|601
0610|602
0611|603
0612|604
0613|605
0614|606
0615|607
0616|608
0617|609
0618|610
0619|611
0620|612
0621|613
0622|614
0623|615
0624|616
0625|617
0626|618
0627|619
0628|620
0629|621
0630|622
0631|623
0632|624
0633|625
0634|626
0635|627
0636|628
0637|629
0638|630
0639|631
0640|632
0641|633
0642|634
0643|635
0644|636
0645|637
0646|638
0647|639
0648|640
0649|641
0650|642
0651|643
0652|644
0653|645
0654|646
0655|647
0656|648
0657|649
0658|650
0659|651
0660|652
0661|653
0662|654
0663|655
0664|656
0665|657
0666|658
0667|659
0668|660
0669|661
0670|662
0671|663
0672|664
0673|665
0674|666
0675|667
0676|668
0677|669
0678|670
0679|671
0680|672
0681|673
0682|674
0683|675
0684|676
0685|677
0686|678
0687|679
0688|680
0689|681
0690|682
0691|683
0692|684
0693|685
0694|686
0695|687
0696|688
0697|689
0698|690
0699|691
0700|692
0701|693
0702|694
0703|695
0704|696
0705|697
0706|698
0707|699
0708|700
0709|701
0710|702
0711|703
0712|704
0713|705
0714|706
0715|707
0716|708
0717|709
0718|710
0719|711
0720|712
0721|713
0722|714
0723|715
0724|716
0725|717
0726|718
0727|719
0728|720
0729|721
0730|722
0731|723
0732|724
0733|725
0734|726
0735|727
0736|728
0737|729
0738|730
0739|731
0740|732
0741|733
0742|734
0743|735
0744|736
0745|737
0746|738
0747|739
0748|740
0749|741
0750|742
0751|743
0752|744
0753|745
0754|746
0755|747
0756|748
0757|749
0758|750
0759|751
0760|752
0761|plansch
0762|plansch
0763|753
0764|754
0765|755
0766|756
0767|757
0768|758
0769|759
0770|760
0771|761
0772|762
0773|763
0774|764
0775|765
0776|766
0777|767
0778|768
0779|769
0780|770
0781|771
0782|772
0783|773
0784|774
0785|775
0786|776
0787|777
0788|778
0789|779
0790|780
0791|781
0792|782
0793|783
0794|784
0795|785
0796|786
0797|787
0798|788
0799|789
0800|790
0801|791
0802|792
0803|793
0804|794
0805|795
0806|796
0807|797
0808|798
0809|799
0810|800
0811|801
0812|802
0813|803
0814|804
0815|805
0816|806
0817|807
0818|808
0819|809
0820|810
0821|811
0822|812
0823|813
0824|814
0825|815
0826|816
0827|817
0828|818
0829|819
0830|820
0831|821
0832|822
0833|823
0834|824
0835|825
0836|826
0837|827
0838|828
0839|829
0840|830
0841|831
0842|832
0843|833
0844|834
0845|835
0846|836
0847|837
0848|838
0849|839
0850|840
0851|841
0852|842
0853|843
0854|844
0855|845
0856|846
0857|847
0858|848
0859|849
0860|850
0861|851
0862|852
0863|853
0864|854
0865|855
0866|856
0867|857
0868|858
0869|859
0870|860
0871|861
0872|862
0873|863
0874|864
0875|865
0876|866
0877|867
0878|868
0879|869
0880|870
0881|871
0882|872
0883|873
0884|874
0885|plansch
0886|plansch
0887|875
0888|876
0889|877
0890|878
0891|879
0892|880
0893|881
0894|882
0895|883
0896|884
0897|885
0898|886
0899|887
0900|888
0901|889
0902|890
0903|891
0904|892
0905|893
0906|894
0907|895
0908|896
0909|897
0910|898
0911|899
0912|900
0913|901
0914|902
0915|903
0916|904
0917|905
0918|906
0919|907
0920|908
0921|909
0922|910
0923|911
0924|912
0925|913
0926|914
0927|915
0928|916
0929|917
0930|918
0931|919
0932|920
0933|921
0934|922
0935|923
0936|924
0937|925
0938|926
0939|927
0940|928
0941|929
0942|930
0943|931
0944|932
0945|933
0946|934
0947|935
0948|936
0949|937
0950|938
0951|939
0952|940
0953|941
0954|942
0955|943
0956|944
0957|945
0958|946
0959|illustrationer
0960|ii
0961|forkortelser
0962|ii
0963|rettelser
0964|blank
0965|blank
0966|blank
