# salmonsen/2/15/Pages.lst
#
0001|titel
0002|blank
0003|titel
0004|blank
0005|i
0006|ii
0007|iii
0008|iv
0009|1
0010|2
0011|3
0012|4
0013|5
0014|6
0015|7
0016|8
0017|9
0018|10
0019|11
0020|12
0021|13
0022|14
0023|15
0024|16
0025|17
0026|18
0027|19
0028|20
0029|21
0030|22
0031|23
0032|24
0033|25
0034|26
0035|27
0036|28
0037|29
0038|30
0039|31
0040|32
0041|33
0042|34
0043|35
0044|36
0045|37
0046|38
0047|39
0048|40
0049|41
0050|42
0051|43
0052|44
0053|45
0054|46
0055|47
0056|48
0057|49
0058|50
0059|51
0060|52
0061|53
0062|54
0063|55
0064|56
0065|57
0066|58
0067|59
0068|60
0069|61
0070|62
0071|63
0072|64
0073|plansch
0074|plansch
0075|65
0076|66
0077|67
0078|68
0079|69
0080|70
0081|71
0082|72
0083|73
0084|74
0085|75
0086|76
0087|77
0088|78
0089|79
0090|80
0091|81
0092|82
0093|83
0094|84
0095|85
0096|86
0097|87
0098|88
0099|89
0100|90
0101|91
0102|92
0103|93
0104|94
0105|95
0106|96
0107|97
0108|98
0109|99
0110|100
0111|101
0112|102
0113|103
0114|104
0115|105
0116|106
0117|107
0118|108
0119|109
0120|110
0121|111
0122|112
0123|113
0124|114
0125|115
0126|116
0127|117
0128|118
0129|119
0130|120
0131|121
0132|122
0133|123
0134|124
0135|125
0136|126
0137|127
0138|128
0139|129
0140|130
0141|131
0142|132
0143|133
0144|134
0145|135
0146|136
0147|137
0148|138
0149|139
0150|140
0151|141
0152|142
0153|143
0154|144
0155|145
0156|146
0157|147
0158|148
0159|149
0160|150
0161|151
0162|152
0163|153
0164|154
0165|155
0166|156
0167|157
0168|158
0169|159
0170|160
0171|161
0172|162
0173|163
0174|164
0175|165
0176|166
0177|167
0178|168
0179|169
0180|170
0181|171
0182|172
0183|173
0184|174
0185|175
0186|176
0187|177
0188|178
0189|179
0190|180
0191|181
0192|182
0193|183
0194|184
0195|185
0196|186
0197|187
0198|188
0199|189
0200|190
0201|191
0202|192
0203|plansch
0204|blank
0205|193
0206|194
0207|195
0208|196
0209|197
0210|198
0211|199
0212|200
0213|201
0214|202
0215|203
0216|204
0217|205
0218|206
0219|207
0220|208
0221|209
0222|210
0223|211
0224|212
0225|213
0226|214
0227|215
0228|216
0229|217
0230|218
0231|219
0232|220
0233|221
0234|222
0235|223
0236|224
0237|225
0238|226
0239|227
0240|228
0241|229
0242|230
0243|231
0244|232
0245|233
0246|234
0247|235
0248|236
0249|237
0250|238
0251|239
0252|240
0253|241
0254|242
0255|243
0256|244
0257|245
0258|246
0259|247
0260|248
0261|249
0262|250
0263|251
0264|252
0265|253
0266|254
0267|255
0268|256
0269|257
0270|258
0271|259
0272|260
0273|261
0274|262
0275|263
0276|264
0277|265
0278|266
0279|267
0280|268
0281|269
0282|270
0283|271
0284|272
0285|273
0286|274
0287|275
0288|276
0289|277
0290|278
0291|279
0292|280
0293|281
0294|282
0295|283
0296|284
0297|285
0298|286
0299|287
0300|288
0301|289
0302|290
0303|291
0304|292
0305|293
0306|294
0307|295
0308|296
0309|297
0310|298
0311|299
0312|300
0313|301
0314|302
0315|303
0316|304
0317|305
0318|306
0319|307
0320|308
0321|309
0322|310
0323|311
0324|312
0325|313
0326|314
0327|315
0328|316
0329|317
0330|318
0331|319
0332|320
0333|321
0334|322
0335|323
0336|324
0337|plansch
0338|plansch
0339|liste
0340|325
0341|326
0342|327
0343|328
0344|329
0345|330
0346|331
0347|332
0348|333
0349|334
0350|335
0351|336
0352|337
0353|338
0354|339
0355|340
0356|341
0357|342
0358|343
0359|344
0360|345
0361|346
0362|347
0363|348
0364|349
0365|350
0366|351
0367|352
0368|353
0369|354
0370|355
0371|356
0372|357
0373|358
0374|359
0375|360
0376|361
0377|362
0378|363
0379|364
0380|365
0381|366
0382|367
0383|368
0384|369
0385|370
0386|371
0387|372
0388|373
0389|374
0390|375
0391|376
0392|377
0393|378
0394|379
0395|380
0396|381
0397|382
0398|383
0399|384
0400|385
0401|386
0402|387
0403|388
0404|389
0405|390
0406|391
0407|392
0408|393
0409|394
0410|395
0411|396
0412|397
0413|398
0414|399
0415|400
0416|401
0417|402
0418|403
0419|404
0420|405
0421|406
0422|407
0423|408
0424|409
0425|410
0426|411
0427|412
0428|413
0429|414
0430|415
0431|416
0432|417
0433|418
0434|419
0435|420
0436|421
0437|422
0438|423
0439|424
0440|425
0441|426
0442|427
0443|428
0444|429
0445|430
0446|431
0447|432
0448|433
0449|434
0450|435
0451|436
0452|437
0453|438
0454|439
0455|440
0456|441
0457|442
0458|443
0459|444
0460|445
0461|446
0462|447
0463|448
0464|449
0465|450
0466|451
0467|452
0468|453
0469|454
0470|455
0471|456
0472|457
0473|458
0474|459
0475|460
0476|461
0477|462
0478|463
0479|464
0480|465
0481|466
0482|467
0483|468
0484|469
0485|470
0486|471
0487|472
0488|473
0489|474
0490|475
0491|476
0492|477
0493|478
0494|479
0495|480
0496|481
0497|482
0498|483
0499|484
0500|485
0501|486
0502|487
0503|488
0504|489
0505|490
0506|491
0507|492
0508|493
0509|494
0510|495
0511|496
0512|497
0513|498
0514|499
0515|500
0516|501
0517|502
0518|503
0519|504
0520|505
0521|506
0522|507
0523|508
0524|509
0525|510
0526|511
0527|512
0528|513
0529|514
0530|515
0531|516
0532|517
0533|518
0534|519
0535|520
0536|521
0537|522
0538|523
0539|524
0540|525
0541|526
0542|527
0543|528
0544|529
0545|530
0546|531
0547|532
0548|533
0549|534
0550|535
0551|536
0552|537
0553|538
0554|539
0555|540
0556|541
0557|542
0558|543
0559|544
0560|545
0561|546
0562|547
0563|548
0564|549
0565|550
0566|551
0567|552
0568|553
0569|554
0570|555
0571|556
0572|557
0573|558
0574|559
0575|560
0576|561
0577|562
0578|563
0579|564
0580|565
0581|566
0582|567
0583|568
0584|569
0585|570
0586|571
0587|572
0588|573
0589|574
0590|575
0591|576
0592|577
0593|578
0594|579
0595|580
0596|581
0597|582
0598|583
0599|584
0600|585
0601|586
0602|587
0603|588
0604|589
0605|590
0606|591
0607|592
0608|593
0609|594
0610|595
0611|596
0612|597
0613|598
0614|599
0615|600
0616|601
0617|602
0618|603
0619|604
0620|605
0621|606
0622|607
0623|608
0624|609
0625|610
0626|611
0627|612
0628|613
0629|614
0630|615
0631|616
0632|617
0633|618
0634|619
0635|620
0636|621
0637|622
0638|623
0639|624
0640|625
0641|626
0642|627
0643|628
0644|629
0645|630
0646|631
0647|632
0648|633
0649|634
0650|635
0651|636
0652|637
0653|638
0654|639
0655|640
0656|641
0657|642
0658|643
0659|644
0660|645
0661|646
0662|647
0663|648
0664|649
0665|650
0666|651
0667|652
0668|653
0669|654
0670|655
0671|656
0672|657
0673|658
0674|659
0675|660
0676|661
0677|662
0678|663
0679|664
0680|665
0681|666
0682|667
0683|668
0684|669
0685|670
0686|671
0687|672
0688|673
0689|674
0690|675
0691|676
0692|677
0693|678
0694|679
0695|680
0696|681
0697|682
0698|683
0699|684
0700|685
0701|686
0702|687
0703|688
0704|689
0705|690
0706|691
0707|692
0708|693
0709|694
0710|695
0711|696
0712|697
0713|698
0714|699
0715|700
0716|701
0717|702
0718|703
0719|704
0720|705
0721|706
0722|707
0723|708
0724|709
0725|710
0726|711
0727|712
0728|713
0729|714
0730|715
0731|716
0732|717
0733|718
0734|719
0735|720
0736|721
0737|722
0738|723
0739|724
0740|725
0741|726
0742|727
0743|728
0744|729
0745|730
0746|731
0747|732
0748|733
0749|734
0750|735
0751|736
0752|737
0753|738
0754|739
0755|740
0756|741
0757|742
0758|743
0759|744
0760|745
0761|746
0762|747
0763|748
0764|749
0765|750
0766|751
0767|752
0768|753
0769|754
0770|755
0771|756
0772|757
0773|758
0774|759
0775|760
0776|761
0777|762
0778|763
0779|764
0780|765
0781|766
0782|767
0783|768
0784|769
0785|770
0786|771
0787|772
0788|773
0789|774
0790|775
0791|776
0792|777
0793|778
0794|779
0795|780
0796|781
0797|782
0798|783
0799|784
0800|785
0801|786
0802|787
0803|788
0804|789
0805|790
0806|791
0807|792
0808|793
0809|794
0810|795
0811|796
0812|797
0813|798
0814|799
0815|800
0816|801
0817|802
0818|803
0819|804
0820|805
0821|806
0822|807
0823|808
0824|809
0825|810
0826|811
0827|812
0828|813
0829|814
0830|815
0831|816
0832|817
0833|818
0834|819
0835|820
0836|821
0837|822
0838|823
0839|824
0840|825
0841|826
0842|827
0843|828
0844|829
0845|830
0846|831
0847|832
0848|833
0849|834
0850|835
0851|836
0852|837
0853|838
0854|839
0855|840
0856|841
0857|842
0858|843
0859|844
0860|845
0861|846
0862|847
0863|848
0864|849
0865|850
0866|851
0867|852
0868|853
0869|854
0870|855
0871|856
0872|857
0873|858
0874|859
0875|860
0876|861
0877|862
0878|863
0879|864
0880|865
0881|866
0882|867
0883|868
0884|869
0885|870
0886|871
0887|872
0888|873
0889|874
0890|875
0891|876
0892|877
0893|878
0894|879
0895|880
0896|881
0897|882
0898|883
0899|884
0900|885
0901|886
0902|887
0903|888
0904|889
0905|890
0906|891
0907|892
0908|893
0909|894
0910|plansch
0911|plansch
0912|895
0913|896
0914|897
0915|898
0916|899
0917|900
0918|901
0919|902
0920|903
0921|904
0922|905
0923|906
0924|907
0925|908
0926|909
0927|910
0928|911
0929|912
0930|913
0931|914
0932|915
0933|916
0934|917
0935|918
0936|919
0937|920
0938|921
0939|922
0940|923
0941|924
0942|925
0943|926
0944|927
0945|928
0946|929
0947|930
0948|931
0949|932
0950|933
0951|934
0952|935
0953|936
0954|937
0955|938
0956|939
0957|940
0958|941
0959|942
0960|943
0961|944
0962|945
0963|946
0964|947
0965|948
0966|949
0967|950
0968|951
0969|952
0970|953
0971|954
0972|955
0973|956
0974|957
0975|958
0976|959
0977|960
0978|961
0979|962
0980|963
0981|964
0982|965
0983|966
0984|967
0985|968
0986|969
0987|970
0988|971
0989|972
0990|973
0991|974
0992|975
0993|976
0994|977
0995|978
0996|979
0997|980
0998|981
0999|982
1000|983
1001|984
1002|985
1003|986
1004|987
1005|988
1006|989
1007|990
1008|991
1009|992
1010|993
1011|994
1012|995
1013|996
1014|997
1015|998
1016|999
1017|1000
1018|1001
1019|1002
1020|1003
1021|1004
1022|1005
1023|1006
1024|1007
1025|1008
1026|1009
1027|1010
1028|1011
1029|1012
1030|1013
1031|1014
1032|1015
1033|1016
1034|plansch
1035|plansch
1036|1017
1037|1018
1038|1019
1039|1020
1040|1021
1041|1022
1042|1023
1043|1024
1044|1025
1045|1026
1046|1027
1047|1028
1048|1029
1049|1030
1050|1031
1051|1032
1052|1033
1053|1034
1054|1035
1055|1036
1056|1037
1057|1038
1058|1039
1059|1040
1060|1041
1061|1042
1062|1043
1063|1044
1064|1045
1065|1046
1066|1047
1067|1048
1068|1049
1069|1050
1070|1051
1071|1052
1072|1053
1073|1054
1074|1055
1075|1056
1076|1057
1077|1058
1078|1059
1079|1060
1080|1061
1081|1062
1082|1063
1083|1064
1084|1065
1085|1066
1086|1067
1087|1068
1088|1069
1089|1070
1090|1071
1091|1072
1092|1073
1093|1074
1094|1075
1095|1076
1096|1077
1097|1078
1098|1079
1099|1080
1100|1081
1101|1082
1102|1083
1103|1084
1104|1085
1105|1086
1106|1087
1106a|1088
1106b|1089
1107|1090
1108|1091
1109|1092
1110|1093
1111|1094
1112|1095
1113|1096
1114|1097
1115|1098
1116|1099
1117|1100
1118|1101
1119|1102
1120|1103
1121|blank
#
#
#
