# salmonsen/2/24/Pages.lst
#
0001|titel
0002|blank
0003|titel
0004|blank
0005|i
0006|ii
0007|iii
0008|iv
0009|1
0010|2
0011|3
0012|4
0013|5
0014|6
0015|7
0016|8
0017|karte
0018|karte
0019|9
0020|10
0021|11
0022|12
0023|13
0024|14
0025|15
0026|16
0027|17
0028|18
0029|19
0030|20
0031|21
0032|22
0033|23
0034|24
0035|25
0036|26
0037|27
0038|28
0039|29
0040|30
0041|31
0042|32
0043|33
0044|34
0045|35
0046|36
0047|37
0048|38
0049|39
0050|40
0051|41
0052|42
0053|43
0054|44
0055|45
0056|46
0057|47
0058|48
0059|49
0060|50
0061|51
0062|52
0063|53
0064|54
0065|55
0066|56
0067|57
0068|58
0069|59
0070|60
0071|61
0072|62
0073|63
0074|64
0075|65
0076|66
0077|67
0078|68
0079|69
0080|70
0081|71
0082|72
0083|73
0084|74
0085|75
0086|76
0087|77
0088|78
0089|79
0090|80
0091|81
0092|82
0093|83
0094|84
0095|85
0096|86
0097|87
0098|88
0099|89
0100|90
0101|91
0102|92
0103|93
0104|94
0105|95
0106|96
0107|97
0108|98
0109|99
0110|100
0111|101
0112|102
0113|103
0114|104
0115|105
0116|106
0117|107
0118|108
0119|109
0120|110
0121|111
0122|112
0123|113
0124|114
0125|115
0126|116
0127|117
0128|118
0129|119
0130|120
0131|121
0132|122
0133|123
0134|124
0135|125
0136|126
0137|127
0138|128
0139|129
0140|130
0141|131
0142|132
0143|133
0144|134
0145|135
0146|136
0147|137
0148|138
0149|139
0150|140
0151|141
0152|142
0153|143
0154|144
0155|145
0156|146
0157|147
0158|148
0159|149
0160|150
0161|151
0162|152
0163|153
0164|154
0165|155
0166|156
0167|157
0168|158
0169|159
0170|160
0171|161
0172|162
0173|163
0174|164
0175|165
0176|166
0177|167
0178|168
0179|169
0180|170
0181|171
0182|172
0183|173
0184|174
0185|175
0186|176
0187|177
0188|178
0189|179
0190|180
0191|181
0192|182
0193|183
0194|184
0195|185
0196|186
0197|187
0198|188
0199|189
0200|190
0201|191
0202|192
0203|193
0204|194
0205|195
0206|196
0207|197
0208|198
0209|199
0210|200
0211|201
0212|202
0213|203
0214|204
0215|205
0216|206
0217|207
0218|208
0219|209
0220|210
0221|211
0222|212
0223|213
0224|214
0225|215
0226|216
0227|217
0228|218
0229|219
0230|220
0231|221
0232|222
0233|223
0234|224
0235|225
0236|226
0237|227
0238|228
0239|229
0240|230
0241|231
0242|232
0243|233
0244|234
0245|235
0246|236
0247|237
0248|238
0249|239
0250|240
0251|241
0252|242
0253|243
0254|244
0255|245
0256|246
0257|247
0258|248
0259|249
0260|250
0261|251
0262|252
0263|253
0264|254
0265|255
0266|256
0267|257
0268|258
0269|259
0270|260
0271|261
0272|262
0273|263
0274|264
0275|265
0276|266
0277|267
0278|268
0279|269
0280|270
0281|271
0282|272
0283|273
0284|274
0285|275
0286|276
0287|277
0288|278
0289|279
0290|280
0291|281
0292|282
0293|283
0294|284
0295|285
0296|286
0297|287
0298|288
0299|289
0300|290
0301|291
0302|292
0303|293
0304|294
0305|295
0306|296
0307|297
0308|298
0309|299
0310|300
0311|301
0312|302
0313|303
0314|304
0315|305
0316|306
0317|307
0318|308
0319|309
0320|310
0321|311
0322|312
0323|313
0324|314
0325|315
0326|316
0327|317
0328|318
0329|319
0330|320
0331|321
0332|322
0333|323
0334|324
0335|325
0336|326
0337|327
0338|328
0339|329
0340|330
0341|331
0342|332
0343|333
0344|334
0345|335
0346|336
0347|337
0348|338
0349|339
0350|340
0351|341
0352|342
0353|343
0354|344
0355|345
0356|346
0357|347
0358|348
0359|349
0360|350
0361|351
0362|352
0363|353
0364|354
0365|355
0366|356
0367|357
0368|358
0369|359
0370|360
0371|361
0372|362
0373|363
0374|364
0375|365
0376|366
0377|367
0378|368
0379|369
0380|370
0381|371
0382|372
0383|373
0384|374
0385|375
0386|376
0387|377
0388|378
0389|379
0390|380
0391|381
0392|382
0393|383
0394|384
0395|385
0396|386
0397|387
0398|388
0399|389
0400|390
0401|391
0402|392
0403|393
0404|394
0405|395
0406|396
0407|397
0408|398
0409|399
0410|400
0411|401
0412|402
0413|403
0414|404
0415|405
0416|406
0417|407
0418|408
0419|409
0420|410
0421|411
0422|412
0423|413
0424|414
0425|415
0426|416
0427|417
0428|418
0429|419
0430|420
0431|421
0432|422
0433|423
0434|424
0435|425
0436|426
0437|427
0438|428
0439|429
0440|430
0441|431
0442|432
0443|433
0444|434
0445|435
0446|436
0447|437
0448|438
0449|439
0450|440
0451|441
0452|442
0453|443
0454|444
0455|445
0456|446
0457|447
0458|448
0459|449
0460|450
0461|451
0462|452
0463|453
0464|454
0465|455
0466|456
0467|457
0468|458
0469|459
0470|460
0471|461
0472|462
0473|463
0474|464
0475|465
0476|466
0477|467
0478|468
0479|469
0480|470
0481|471
0482|472
0483|473
0484|474
0485|475
0486|476
0487|477
0488|478
0489|479
0490|480
0491|481
0492|482
0493|483
0494|484
0495|485
0496|486
0497|487
0498|488
0499|489
0500|490
0501|491
0502|492
0503|493
0504|494
0505|495
0506|496
0507|497
0508|498
0509|499
0510|500
0511|501
0512|502
0513|503
0514|504
0515|505
0516|506
0517|507
0518|508
0519|509
0520|510
0521|511
0522|512
0523|513
0524|514
0525|515
0526|516
0527|517
0528|518
0529|519
0530|520
0531|521
0532|522
0533|523
0534|524
0535|525
0536|526
0537|527
0538|528
0539|529
0540|530
0541|531
0542|532
0543|533
0544|534
0545|535
0546|536
0547|537
0548|538
0549|539
0550|540
0551|541
0552|542
0553|543
0554|544
0555|545
0556|546
0557|547
0558|548
0559|549
0560|550
0561|551
0562|552
0563|553
0564|554
0565|555
0566|556
0567|557
0568|558
0569|559
0570|560
0571|561
0572|562
0573|563
0574|564
0575|565
0576|566
0577|567
0578|568
0579|569
0580|570
0581|571
0582|572
0583|573
0584|574
0585|karte
0586|karte
0587|575
0588|576
0589|577
0590|578
0591|579
0592|580
0593|581
0594|582
0595|583
0596|584
0597|585
0598|586
0599|587
0600|588
0601|589
0602|590
0603|591
0604|592
0605|593
0606|594
0607|595
0608|596
0609|597
0610|598
0611|599
0612|600
0613|601
0614|602
0615|603
0616|604
0617|605
0618|606
0619|607
0620|608
0621|609
0622|610
0623|611
0624|612
0625|613
0626|614
0627|615
0628|616
0629|617
0630|618
0631|619
0632|620
0633|621
0634|622
0635|623
0636|624
0637|625
0638|626
0639|627
0640|628
0641|629
0642|630
0643|631
0644|632
0645|633
0646|634
0647|635
0648|636
0649|637
0650|638
0651|639
0652|640
0653|641
0654|642
0655|643
0656|644
0657|645
0658|646
0659|647
0660|648
0661|649
0662|650
0663|651
0664|652
0665|653
0666|654
0667|655
0668|656
0669|657
0670|658
0671|659
0672|660
0673|661
0674|662
0675|663
0676|664
0677|665
0678|666
0679|667
0680|668
0681|669
0682|670
0683|671
0684|672
0685|673
0686|674
0687|675
0688|676
0689|677
0690|678
0691|679
0692|680
0693|681
0694|682
0695|683
0696|684
0697|685
0698|686
0699|687
0700|688
0701|689
0702|690
0703|691
0704|692
0705|693
0706|694
0707|695
0708|696
0709|697
0710|698
0711|699
0712|700
0713|701
0714|702
0715|703
0716|704
0717|705
0718|706
0719|707
0720|708
0721|709
0722|710
0723|711
0724|712
0725|713
0726|714
0727|715
0728|716
0729|717
0730|718
0731|719
0732|720
0733|721
0734|722
0735|723
0736|724
0737|725
0738|726
0739|727
0740|728
0741|729
0742|730
0743|731
0744|732
0745|733
0746|734
0747|735
0748|736
0749|737
0750|738
0751|739
0752|740
0753|741
0754|742
0755|743
0756|744
0757|745
0758|746
0759|747
0760|748
0761|749
0762|750
0763|751
0764|752
0765|753
0766|754
0767|755
0768|756
0769|757
0770|758
0771|759
0772|760
0773|761
0774|762
0775|763
0776|764
0777|765
0778|766
0779|767
0780|768
0781|769
0782|770
0783|771
0784|772
0785|773
0786|774
0787|775
0788|776
0789|777
0790|778
0791|779
0792|780
0793|781
0794|782
0795|783
0796|784
0797|785
0798|786
0799|787
0800|788
0801|789
0802|790
0803|791
0804|792
0805|793
0806|794
0807|795
0808|796
0809|797
0810|798
0811|799
0812|800
0813|801
0814|802
0815|803
0816|804
0817|805
0818|806
0819|807
0820|808
0821|809
0822|810
0823|811
0824|812
0825|813
0826|814
0827|815
0828|816
0829|817
0830|818
0831|819
0832|820
0833|821
0834|822
0835|823
0836|824
0837|825
0838|826
0839|827
0840|828
0841|829
0842|830
0843|831
0844|832
0845|833
0846|834
0847|835
0848|836
0849|837
0850|838
0851|839
0852|840
0853|841
0854|842
0855|843
0856|844
0857|845
0858|846
0859|847
0860|848
0861|849
0862|850
0863|851
0864|852
0865|853
0866|854
0867|855
0868|856
0869|857
0870|858
0871|859
0872|860
0873|861
0874|862
0875|863
0876|864
0877|865
0878|866
0879|867
0880|868
0881|869
0882|870
0883|871
0884|872
0885|873
0886|874
0887|875
0888|876
0889|877
0890|878
0891|879
0892|880
0893|881
0894|882
0895|883
0896|884
0897|885
0898|886
0899|887
0900|888
0901|889
0902|890
0903|891
0904|892
0905|893
0906|894
0907|895
0908|896
0909|897
0910|898
0911|899
0912|900
0913|901
0914|902
0915|903
0916|904
0917|905
0918|906
0919|907
0920|908
0921|909
0922|910
0923|911
0924|912
0925|913
0926|914
0927|915
0928|916
0929|917
0930|918
0931|919
0932|920
0933|921
0934|922
0935|923
0936|924
0937|925
0938|926
0939|927
0940|928
0941|929
0942|930
0943|931
0944|932
0945|933
0946|934
0947|935
0948|936
0949|937
0950|938
0951|939
0952|940
0953|941
0954|942
0955|943
0956|944
0957|945
0958|946
0959|947
0960|948
0961|949
0962|950
0963|951
0964|952
0965|953
0966|954
0967|955
0968|956
0969|957
0970|958
0971|959
0972|960
0973|961
0974|962
0975|963
0976|964
0977|965
0978|966
0979|967
0980|968
0981|969
0982|970
0983|971
0984|972
0985|forkortelser
0986|rettelser
0987|illustrationer
0988|ii
