# salmonsen/2/16/Pages.lst
#
0001|blank
0002|blank
0003|blank
0004|blank
0005|titel
0006|blank
0007|titel
0008|blank
0009|i
0010|ii
0011|iii
0012|iv
0013|1
0014|2
0015|3
0016|4
0017|5
0018|6
0019|7
0020|8
0021|9
0022|10
0023|11
0024|12
0025|13
0026|14
0027|15
0028|16
0029|17
0030|18
0031|19
0032|20
0033|21
0034|22
0035|23
0036|24
0037|25
0038|26
0039|27
0040|28
0041|29
0042|30
0043|31
0044|32
0045|33
0046|34
0047|35
0048|36
0049|37
0050|38
0051|39
0052|40
0053|41
0054|42
0055|43
0056|44
0057|45
0058|46
0059|47
0060|48
0061|49
0062|50
0063|51
0064|52
0065|53
0066|54
0067|55
0068|56
0069|57
0070|58
0071|plansch
0072|blank
0073|59
0074|60
0075|61
0076|62
0077|63
0078|64
0079|65
0080|66
0081|67
0082|68
0083|69
0084|70
0085|71
0086|72
0087|73
0088|74
0089|75
0090|76
0091|77
0092|78
0093|79
0094|80
0095|81
0096|82
0097|83
0098|84
0099|85
0100|86
0101|87
0102|88
0103|89
0104|90
0105|91
0106|92
0107|93
0108|94
0109|95
0110|96
0111|97
0112|98
0113|99
0114|100
0115|101
0116|102
0117|103
0118|104
0119|105
0120|106
0121|107
0122|108
0123|109
0124|110
0125|111
0126|112
0127|113
0128|114
0129|115
0130|116
0131|117
0132|118
0133|119
0134|120
0135|121
0136|122
0137|123
0138|124
0139|125
0140|126
0141|127
0142|128
0143|129
0144|130
0145|131
0146|132
0147|133
0148|134
0149|135
0150|136
0151|137
0152|138
0153|139
0154|140
0155|141
0156|142
0157|143
0158|144
0159|145
0160|146
0161|147
0162|148
0163|149
0164|150
0165|151
0166|152
0167|153
0168|154
0169|155
0170|156
0171|157
0172|158
0173|159
0174|160
0175|161
0176|162
0177|163
0178|164
0179|165
0180|166
0181|167
0182|168
0183|169
0184|170
0185|171
0186|172
0187|173
0188|174
0189|175
0190|176
0191|177
0192|178
0193|179
0194|180
0195|181
0196|182
0197|183
0198|184
0199|185
0200|186
0201|187
0202|188
0203|189
0204|190
0205|191
0206|192
0207|193
0208|194
0209|195
0210|196
0211|197
0212|198
0213|199
0214|200
0215|201
0216|202
0217|203
0218|204
0219|205
0220|206
0221|207
0222|208
0223|209
0224|210
0225|211
0226|212
0227|213
0228|214
0229|215
0230|216
0231|217
0232|218
0233|219
0234|220
0235|221
0236|222
0237|223
0238|224
0239|225
0240|226
0241|227
0242|228
0243|229
0244|230
0245|231
0246|232
0247|233
0248|234
0249|235
0250|236
0251|237
0252|238
0253|239
0254|240
0255|241
0256|242
0257|243
0258|244
0259|245
0260|246
0261|247
0262|248
0263|249
0264|250
0265|251
0266|252
0267|253
0268|254
0269|255
0270|256
0271|257
0272|258
0273|259
0274|260
0275|261
0276|262
0277|263
0278|264
0279|265
0280|266
0281|267
0282|268
0283|269
0284|270
0285|plansch
0286|plansch
0287|271
0288|272
0289|273
0290|274
0291|275
0292|276
0293|277
0294|278
0295|279
0296|280
0297|281
0298|282
0299|283
0300|284
0301|285
0302|286
0303|287
0304|288
0305|289
0306|290
0307|291
0308|292
0309|293
0310|294
0311|295
0312|296
0313|297
0314|298
0315|299
0316|300
0317|301
0318|302
0319|303
0320|304
0321|305
0322|306
0323|307
0324|308
0325|309
0326|310
0327|311
0328|312
0329|313
0330|314
0331|315
0332|316
0333|317
0334|318
0335|319
0336|320
0337|321
0338|322
0339|323
0340|324
0341|325
0342|326
0343|327
0344|328
0345|329
0346|330
0347|331
0348|332
0349|333
0350|334
0351|plansch
0352|plansch
0353|plansch
0354|plansch
0355|335
0356|336
0357|337
0358|338
0359|339
0360|340
0361|341
0362|342
0363|343
0364|344
0365|345
0366|346
0367|347
0368|348
0369|349
0370|350
0371|351
0372|352
0373|353
0374|354
0375|355
0376|356
0377|357
0378|358
0379|359
0380|360
0381|361
0382|362
0383|363
0384|364
0385|365
0386|366
0387|367
0388|368
0389|369
0390|370
0391|371
0392|372
0393|373
0394|374
0395|375
0396|376
0397|377
0398|378
0399|379
0400|380
0401|381
0402|382
0403|383
0404|384
0405|385
0406|386
0407|387
0408|388
0409|389
0410|390
0411|391
0412|392
0413|393
0414|394
0415|395
0416|396
0417|397
0418|398
0419|399
0420|400
0421|plansch
0422|plansch
0423|plansch
0424|plansch
0425|401
0426|402
0427|403
0428|404
0429|405
0430|406
0431|407
0432|408
0433|409
0434|410
0435|411
0436|412
0437|413
0438|414
0439|415
0440|416
0441|417
0442|418
0443|419
0444|420
0445|421
0446|422
0447|423
0448|424
0449|425
0450|426
0451|427
0452|428
0453|429
0454|430
0455|431
0456|432
0457|433
0458|434
0459|435
0460|436
0461|437
0462|438
0463|439
0464|440
0465|441
0466|442
0467|443
0468|444
0469|445
0470|446
0471|447
0472|448
0473|449
0474|450
0475|451
0476|452
0477|453
0478|454
0479|455
0480|456
0481|457
0482|458
0483|459
0484|460
0485|461
0486|462
0487|463
0488|464
0489|465
0490|466
0491|467
0492|468
0493|469
0494|470
0495|471
0496|472
0497|473
0498|474
0499|475
0500|476
0501|477
0502|478
0503|479
0504|480
0505|481
0506|482
0507|483
0508|484
0509|485
0510|486
0511|487
0512|488
0513|489
0514|490
0515|491
0516|492
0517|493
0518|494
0519|495
0520|496
0521|497
0522|498
0523|499
0524|500
0525|501
0526|502
0527|503
0528|504
0529|505
0530|506
0531|507
0532|508
0533|509
0534|510
0535|511
0536|512
0537|513
0538|514
0539|515
0540|516
0541|517
0542|518
0543|519
0544|520
0545|521
0546|522
0547|523
0548|524
0549|525
0550|526
0551|527
0552|528
0553|plansch
0554|blank
0555|529
0556|530
0557|531
0558|532
0559|533
0560|534
0561|535
0562|536
0563|537
0564|538
0565|539
0566|540
0567|541
0568|542
0569|543
0570|544
0571|545
0572|546
0573|547
0574|548
0575|549
0576|550
0577|551
0578|552
0579|553
0580|554
0581|555
0582|556
0583|557
0584|558
0585|559
0586|560
0587|561
0588|562
0589|plansch
0590|plansch
0591|plansch
0592|plansch
0593|563
0594|564
0595|565
0596|566
0597|567
0598|568
0599|569
0600|570
0601|571
0602|572
0603|573
0604|574
0605|575
0606|576
0607|577
0608|578
0609|579
0610|580
0611|581
0612|582
0613|583
0614|584
0615|585
0616|586
0617|587
0618|588
0619|589
0620|590
0621|591
0622|592
0623|plansch
0624|plansch
0625|593
0626|594
0627|595
0628|596
0629|597
0630|598
0631|599
0632|600
0633|601
0634|602
0635|603
0636|604
0637|605
0638|606
0639|607
0640|608
0641|609
0642|610
0643|plansch
0644|blank
0645|611
0646|612
0647|613
0648|614
0649|615
0650|616
0651|617
0652|618
0653|619
0654|620
0655|621
0656|622
0657|623
0658|624
0659|625
0660|626
0661|627
0662|628
0663|629
0664|630
0665|631
0666|632
0667|633
0668|634
0669|635
0670|636
0671|637
0672|638
0673|639
0674|640
0675|641
0676|642
0677|643
0678|644
0679|645
0680|646
0681|647
0682|648
0683|649
0684|650
0685|651
0686|652
0687|653
0688|654
0689|655
0690|656
0691|657
0692|658
0693|659
0694|660
0695|661
0696|662
0697|663
0698|664
0699|665
0700|666
0701|667
0702|668
0703|669
0704|670
0705|671
0706|672
0707|673
0708|674
0709|675
0710|676
0711|677
0712|678
0713|679
0714|680
0715|681
0716|682
0717|plansch
0718|plansch
0719|683
0720|684
0721|plansch
0722|plansch
0723|685
0724|686
0725|plansch
0726|plansch
0727|687
0728|688
0729|plansch
0730|plansch
0731|689
0732|690
0733|691
0734|692
0735|693
0736|694
0737|695
0738|696
0739|697
0740|698
0741|699
0742|700
0743|701
0744|702
0745|703
0746|704
0747|705
0748|706
0749|707
0750|708
0751|709
0752|710
0753|711
0754|712
0755|713
0756|714
0757|715
0758|716
0759|717
0760|718
0761|719
0762|720
0763|721
0764|722
0765|723
0766|724
0767|725
0768|726
0769|727
0770|728
0771|729
0772|730
0773|731
0774|732
0775|733
0776|734
0777|735
0778|736
0779|737
0780|738
0781|739
0782|740
0783|741
0784|742
0785|743
0786|744
0787|745
0788|746
0789|747
0790|748
0791|749
0792|750
0793|751
0794|752
0795|plansch
0796|blank
0797|753
0798|754
0799|755
0800|756
0801|757
0802|758
0803|759
0804|760
0805|761
0806|762
0807|763
0808|764
0809|765
0810|766
0811|767
0812|768
0813|769
0814|770
0815|771
0816|772
0817|773
0818|774
0819|775
0820|776
0821|777
0822|778
0823|779
0824|780
0825|781
0826|782
0827|783
0828|784
0829|785
0830|786
0831|787
0832|788
0833|789
0834|790
0835|791
0836|792
0837|793
0838|794
0839|795
0840|796
0841|797
0842|798
0843|799
0844|800
0845|801
0846|802
0847|803
0848|804
0849|805
0850|806
0851|807
0852|808
0853|809
0854|810
0855|811
0856|812
0857|813
0858|814
0859|815
0860|816
0861|817
0862|818
0863|819
0864|820
0865|821
0866|822
0867|823
0868|824
0869|825
0870|826
0871|827
0872|828
0873|829
0874|830
0875|831
0876|832
0877|833
0878|834
0879|835
0880|836
0881|837
0882|838
0883|839
0884|840
0885|841
0886|842
0887|843
0888|844
0889|845
0890|846
0891|847
0892|848
0893|849
0894|850
0895|851
0896|852
0897|853
0898|854
0899|855
0900|856
0901|857
0902|858
0903|859
0904|860
0905|861
0906|862
0907|863
0908|864
0909|865
0910|866
0911|867
0912|868
0913|869
0914|870
0915|871
0916|872
0917|873
0918|874
0919|875
0920|876
0921|877
0922|878
0923|879
0924|880
0925|881
0926|882
0927|883
0928|884
0929|885
0930|886
0931|887
0932|888
0933|plansch
0934|plansch
0935|889
0936|890
0937|891
0938|892
0939|893
0940|894
0941|895
0942|896
0943|897
0944|898
0945|899
0946|900
0947|901
0948|902
0949|903
0950|904
0951|905
0952|906
0953|907
0954|908
0955|909
0956|910
0957|911
0958|912
0959|913
0960|914
0961|915
0962|916
0963|917
0964|918
0965|919
0966|920
0967|921
0968|922
0969|923
0970|924
0971|925
0972|926
0973|927
0974|928
0975|929
0976|930
0977|931
0978|932
0979|933
0980|934
0981|935
0982|936
0983|937
0984|938
0985|939
0986|940
0987|941
0988|942
0989|943
0990|944
0991|945
0992|946
0993|947
0994|948
0995|949
0996|950
0997|951
0998|952
0999|953
1000|954
1001|955
1002|956
1003|957
1004|958
1005|959
1006|960
1007|961
1008|962
1009|963
1010|964
1011|965
1012|966
1013|967
1014|968
1015|969
1016|970
1017|971
1018|972
1019|973
1020|974
1021|975
1022|976
1023|977
1024|978
1025|979
1026|980
1027|981
1028|982
1029|983
1030|984
1031|985
1032|986
1033|987
1034|988
1035|989
1036|990
1037|991
1038|992
1039|993
1040|994
1041|995
1042|996
1043|997
1044|998
1045|999
1046|1000
1047|1001
1048|1002
1049|1003
1050|1004
1051|1005
1052|1006
1053|1007
1054|1008
1055|1009
1056|1010
1057|1011
1058|1012
1059|1013
1060|1014
1061|1015
1062|1016
1063|1017
1064|1018
1065|1019
1066|1020
1067|1021
1068|1022
1069|1023
1070|1024
1071|plansch
1072|plansch
1073|1025
1074|1026
1075|1027
1076|1028
1077|1029
1078|1030
1079|1031
1080|1032
1081|1033
1082|1034
1083|1035
1084|1036
1085|1037
1086|1038
1087|1039
1088|1040
1089|1041
1090|1042
1091|1043
1092|1044
1093|1045
1094|1046
1095|1047
1096|1048
1097|1049
1098|1050
1099|1051
1100|1052
1101|1053
1102|1054
1103|1055
1104|1056
1105|1057
1106|1058
1107|1059
1108|1060
1109|1061
1110|1062
1111|1063
1112|1064
1113|1065
1114|1066
1115|1067
1116|1068
1117|1069
1118|1070
1119|1071
1120|1072
1121|1073
1122|1074
1123|1075
1124|1076
1125|1077
1126|1078
1127|1079
1128|1080
1129|1081
1130|1082
1131|1083
1132|1084
1133|1085
1134|1086
1135|1087
1136|1088
1137|1089
1138|1090
1139|1091
1140|1092
1141|1093
1142|1094
1143|1095
1144|1096
1145|1097
1146|1098
1147|1099
1148|1100
1149|1101
1150|1102
1151|1103
1152|1104
1153|1105
1154|1106
1155|forkortelser
1156|ii
1157|illustrationer
1158|ii
1159|rettelser
1160|ii
