# salmonsen/2/9/Articles.lst
#
index|Titel og indhold|0001 0003
|Accentbetegnelse og Lydskrift|0005-0006
|Medarbejdere|0007-0008
|Forkortelser|0993-0994
|Fortegnelse over Illustrationer|0995-0996
|Rettelser og Trykfejl|0997
#
-|<h2>K</h2>|
|Kirkeskov|0009
|Kirkeslavisk|0009
|Kirkesogn|0009-0010
|Kirkesproget|0010
|Kirkestaten|0010-0013
|Kirkestol|0013
|Kirkestraffe|0013
|Kirkestævne|0013-0014
|Kirkesyn|0014-0015
|Kirketavler|0015
|Kirketiende|0015
|Kirketonearter|0015-0016
|Kirketugt|0016
|Kirketyveri|0016
|Kirkeugle|0016
|Kirkeur|0016
|Kirkevaag|0016
|Kirkevisitats|0016
|Kirkeværge|0016
|Kirkeældste|0016
|Kirkeøen|0016
|Kirkham|0016
|Kirkheaton|0016
|Kirkintilloch|0016
|Kirkjubær|0016
|Kirk-Kilisse|0016-0017
|Kirkstall Abbey|0017
|Kirksville|0017
|Kirkwall|0017
|Kirkwood, Daniel|0017
|Kirman|0017
|Kirmanshahan|0017
|Kir Moab|0017
|Kirn|0017
|Kirnberger, Johann Philipp|0017-0018
|Kirner, Johann Baptist|0018
|Kirograf|0018
|Kirogrammatomantik|0018
|Kiromantik|0018
|Kiroplast|0018-0019
|Kiroplastik|0019
|Kirriemuir|0019
|Kirsanov|0019
|Kirsch, Johann Peter|0019
|Kirschner, Lola|0019
|Kirschwasser|0019
|Kirsebær|0019
|Kirsebærbrændevin|0019
|Kirsebærfugl|0019
|Kirsebærgummi|0019
|Kirsebærlikør|0019
|Kirsebærsaft|0019
|Kirsebærtræ|0019-0020
|Kirsebæræter|0020
|Kirshatsch|0020
|Kirsey|0020
|Kirsher|0020
|Kirsten (dansk Kvindenavn)|0020
|Kirsten (Kong Valdemar's Søster)|0020
|Kirsten Pils Kilde|0020-0022
|Kirtel (fysiol.)|0022-0024
|Kirtel (bot.)|0024
|Kirtelsvulst|0024
|Kirtelsyge|0024
|Kiruna|0024
|Kirunavaara|0024-0025
|Kirurg|0025
|Kirurgen|0025
|Kirurgi|0025-0027
|Kirurgisk Akademi|0027
|Kis (i ungarske Stednavne)|0027
|Kis (gammelt Bjergmandsudtryk)|0027
|Kis ell. Keser|0027
|Kisamo-Bugten|0027
|Kischinev|0027
|Kisel|0027
|Kisel|0027
|Kiselalger|0027
|Kiselbrinte|0027
|Kiselbronze|0027
|Kiseldioxyd|0027
|Kiselfluorid|0027
|Kiselfluorbaryum|0027
|Kiselfluorbrinte|0027
|Kiselfluorkalium|0027
|Kiselflussyre|0028
|Kiselgalmej|0028
|Kiselglas|0028
|Kiselgur|0028
|Kiseljern|0028
|Kiseljord|0028
|Kiselkalk|0028
|Kiselklorider|0028
|Kiselkobber|0028
|Kiselmagnesit|0028
|Kiselmalakit|0028
|Kiselmel|0028
|Kiselmonoxyd|0028
|Kiselsandsten|0028
|Kiselsinter|0028
|Kiselskifer|0028
|Kiselsten|0028
|kiselsure Salte|0028
|kiselsur Kalk|0028
|kiselsur Koboltilte|0028
|kiselsur Lerjord|0028
|kiselsurt Blyilte|0028
|kiselsurt Jernilte|0028
|kiselsurt Kali|0028
|kiselsurt Kobber|0028
|kiselsurt Magnesia|0028
|kiselsurt Natron|0028
|kiselsurt Zink|0028
|Kiselsyre|0028
|Kiselsyreanhydrid|0028
|Kiselsyreskelet|0028
|Kiseltuf|0028
|Kiselvismut|0028
|Kiselzink|0028
|Kisfalúdy, Sándor og Károly|0028
|Kisfalúdy-Selskabet|0028
|Kishangar|0028
|Kishm|0028-0029
|kisil|0029
|Kisil Arvat|0029
|Kisil basch|0029
|Kisil Irmak|0029
|Kisil Klim|0029
|Kisil Usen|0029
|Kis-Kullesi|0029
|Kis-Körös|0029
|Kislar-Aga|0029
|Kislev|0029
|Kisljar|0029
|Kislovodsk|0029
|Kismaju|0029
|Kismet|0029
|Kison|0029
|Kiss, August|0029
|Kiss, Josef|0029-0030
|Kisselev, Nikolaj|0030
|Kisser|0030
|Kisseus|0030
|Kissingen|0030
|Kissling, Richard|0030
|Kissoide|0030
|Kissybion|0030
|Kiste|0030-0031
|Kiste (Talmaal og Vægtbetegnelse)|0031
|Kistebænk|0031
|Kistemaeckers, Henry|0031
|Kistler, Cyrill|0031
|Kistna|0031
|Kistofor|0031
|Kistrand|0031-0032
|Kis-Ujszállás|0032
|Kit|0032-0033
|Kita|0033
|Kitab|0033
|Kitasato|0033
|Kitchener, Horatio Herbert|0033-0034
|Kithairon|0034
|Kithaironske Løve|0034
|Kithara|0034
|Kitharode|0034
|Kitin|0034
|Kition|0034
|Kitosamin|0034
|Kitros|0034
|Kittanning|0034
|Kittelsen, Theodor|0034-0035
|Kittendorff, Axel Theodor og Johan Adolf|0035
|Kittery|0035
|Kittim|0035
|Kitzingen|0035
|Kiukiang|0035
|Kiulung|0035
|Kiungtshau|0035
|Kiushiu|0035
|Kivekäs, Ida Aalberg|0036
|Kivi, Aleksis|0036
|Kiviksmonumentet|0036
|Kivleslaatten|0036
|Kiwi ell. Kiwi-Kiwi|0036-0037
|Kiwu-Søen|0037
|Kiær, Anders Nicolai|0037-0038
|Kiær, Frantz Casper|0038
|Kiær, Johan Aschehoug|0038
|Kiær, Hans Jürgen|0038
|Kiærskou, Frederik Christian Jacobsen|0038
|Kiærskou, Hjalmar Frederik Christian|0038-0039
|Kiörboe, Karl Fredrik|0039
|Kjalarnesþing|0039
|Kjalnesingasaga|0039
|Kjalvegur|0039
|Kjangari|0039
|Kjartan Ólafsson|0039-0040
|Kjeld (dansk Mandsnavn)|0040
|Kjeld (jysk Helgen)|0040
|Kjeld (se Strandskade)|0040
|Kjeldahl, Johan Gustav Christoffer Thorsager|0040
|Kjeldby Kirke|0040
|Kjeldrup|0040
|Kjeldsen, Johan|0040-0041
|Kjeldsen, Niels|0041
|Kjellberg, Johannes Frithjof|0041
|Kjellberg, Knut|0041
|Kjellén, Johan Rudolf|0041-0042
|Kjellerup|0042
|Kjellin's elektriske Ovn|0042
|Kjellman, Frans Reinhold|0042
|Kjelvik|0042-0043
|Kjelzy|0043
|Kjendelse|0043
|Kjerringøy|0043
|Kjerschow|0043
|Kjertelmund|0043
|Kjerteminde|0043-0045
|Kjerteminde Bugt|0045
|Kjertemindemergel og -ler|0045
|Kjerulf|0045
|Kjerulf, Charles Theodor Martin|0045
|Kjerulf, Halfdan|0045-0046
|Kjerulf, Theodor|0046-0047
|Kjerulfin|0047
|Kjol(e)|0047
|Kjós|0047
|Kjove|0047-0049
|Kjutahia|0049
|Kjær|0049
|Kjær, Johan Albert Julius|0049-0050
|Kjær, Nils|0050
|Kjær, Severin Michaelsen|0050
|Kjær, Søren Nielsen|0050
|Kjærbølling, Niels|0050
|Kjærulf|0050-0051
|Kjævle|0051
|Kjøbenhavn|0051
|Kjøbenhavn (Alm. Beskrivelse)|0051-0062
|Kjøbenhavn (Kommunalforhold)|0062-0063
|Kjøbenhavn (Befolknings-, Erhvervs-, Ejendoms-, Boligforhold m. m.)|0063-0065
|Kjøbenhavn (Finansvæsen)|0066-0067
|Kjøbenhavn (Handel og Samfærdsel)|0067-0072
|Kjøbenhavn (Haandværk og Industri)|0072-0075
|Kjøbenhavn (Topografisk Udvikling og Historie)|0075-0085
|Kjøbenhavns Amt|0085-0086
|Kjøbenhavns Befæstning|0086-0090
|Kjøbenhavns Brandforsikring|0090
|Kjøbenhavns Byret|0090
|Kjøbenhavns Børs|0090-0092
|Kjøbenhavns Fajancefabrik|0092
|Kjøbenhavns flyvende Post|0092
|Kjøbenhavns Handelsbank|0092
|Kjøbenhavns Havn|0092-0100
|Kjøbenhavns Ildebrande|0100-0102
|Kjøbenhavnsposten|0102
|Kjøbenhavns Slot|0102-0103
|Kjøbenhavns Universitet|0103-0106
|Kjøbenhavns Væbning|0106
|Kjøge|0106-0108
|Kjøge Aas|0108
|Kjøge Bugt|0108
|Kjøge Huskors|0108-0109
|Kjølen|0109
|Kjølstad, Gunder Nilsen|0109
|Kjøng|0109
|Kjørbo|0109
|Kjøreld|0109
|Klaatsch, Hermann August Ludvig|0109-0110
|Klabautermand|0110
|Klaczko, Julian|0110
|Kladde|0110
|Kladeos|0110
|Kladno|0110
|Kladodier|0110
|Kladrup|0110
|Kladsko|0110
|Klage|0110
|Klagenfurt|0110-0111
|Klagesangene|0111
|Klake|0111
|Klakør|0111
|Klamaj|0111
|Klamamus|0111
|Klamath|0111
|Klammer|0111
|Klampe|0111
|Klampenborg|0111
|Klamreaber eller Spindelaber|0111-0112
|Klamydospore|0112
|Klan|0112
|klandestin|0112
|klandestin Blomst|0112
|Klaner|0112
|Klang|0112
|Klangfarve ell. Klang|0112
|Klangfigurer, Chladni's|0113
|Klangprøver|0113
|Klap|0113
|Klap (paa Musikinstrumenter)|0113
|Klapbaad|0113
|Klapbroer|0113
|Klaphingst|0113
|Klaphorn|0113
|Klapjagt|0113-0114
|Klapka, Georg|0114-0115
|Klapløber|0115
|Klapmydse|0115
|Klap op|0115
|Klappefejl|0115
|Klapperslanger|0115
|Klaproth, Heinrich Julius|0115
|Klaproth, Martin Heinrich|0115-0116
|Klaprum|0116
|Klapskildpadder|0116
|Klapsko|0116
|Klapsten|0116
|Klaptræ|0116
|klar|0116
|klare|0116
|Klarelven|0116
|Klarenza|0116
|klarere|0116
|Klarespaan|0116
|Klaret|0116
|Klarhed|0116-0117
|Klarinet|0117
|Klaring|0117-0118
|Klarios|0118
|klar Længde|0118
|klart Skib|0118
|klart Tov|0118
|Klase|0118
|klaseformet|0118
|Klaseskærm|0118
|Klason, Johannes Peter|0118-0119
|Klasse (større Afdeling af Dyreriget)|0119
|Klasse (mat.)|0119
|Klasselotteri|0119
|Klasselærer|0119
|Klasseskat|0119
|Klassevalg|0119-0120
|Klassicisme|0120
|klassificere|0120
|Klassifikation|0120
|Klassifikationsselskab|0120
|Klassifikationssystem|0120
|Klassiker og klassisk.|0120
|klassisk Arkæologi|0120
|klassisk Filologi|0120-0122
|Klášterský, Antonin|0122
|klastiske Bjergarter|0122
|Klatreaborre|0122
|Klatrefisk|0122
|Klatrefod|0122
|Klatrefrø|0122
|Klatrefugle|0122
|Klatrehaar|0122
|klatrende Planter|0122
|Klatrerod|0122
|Klatrespidsmus|0122
|Klatretraade|0122
|Klattau|0122
|Klaus|0122
|Klause|0122
|Klausen (se Clusone)|0122
|Klausen, Henrik Kristian Johan|0122-0123
|Klausen, Kristoffer Markvard|0123
|Klausenburg|0123
|Klausthal|0123
|Klausthalit|0123
|Klausul|0123
|Klausur|0123
|Klauwell, Otto|0124
|Klave|0124
|Klaveness, Thorvald|0124
|Klavenæs, Thoralv|0124
|Klaver|0124-0129
|Klaverskole|0129
|Klaverspillerkrampe|0129
|Klavertraad|0129
|Klaverudtog|0129
|Klaviatur|0129
|Klavichord|0129
|Klavicymbalum|0129
|Klavicytherium|0129
|Klaxholm|0129
|Klazomenai|0129
|Kleanthes fra Assos|0129
|Klearchos|0129
|Kléber, Jean Baptiste|0129-0130
|Klebes Hammer|0130
|Klebs, Edwin|0130
|Klecho|0130
|Kleeberg-Samuel, Clotilde|0130
|Kleen, Fredrik Herman Rikard|0130
|Kleiber, Joseph|0130-0131
|Kleiduchos|0131
|Klein, Bernhard|0131
|Klein, Christian Sophus|0131-0132
|Klein, Ernst Ferdinand|0132
|Klein, Felix|0132
|Klein, Franz|0132-0133
|Klein, Hermann Josef|0133
|Klein, Johann Adam|0133
|Klein, Johann Wilhelm|0133
|Klein, Julius Leopold|0133
|Klein, Max|0133-0134
|Klein, Vilhelm|0134
|Klein-Chevalier, Friedrich|0134
|Kleineh, Oskar|0134
|Kleinenberg, Nicolaus|0134
|Kleinit|0134
|Kleinmeister|0134
|Kleinpaul, Rudolf|0134
|Kleinschmidt, Samuel|0134-0135
|Kleinsmed|0135
|Kleinsorg, Max Peter Johan|0135
|Kleio|0135
|Kleist, Bernd Heinrich Wilhelm v.|0135-0136
|Kleist, Ewald Christian v.|0136
|Kleist, Friedrich Emil Ferdinand Heinrich|0136
|Kleisthenes|0136-0137
|Kleistogami|0137
|Kleist-Retzow, Hans Hugo von|0137
|Kleitarchos|0137
|Kleitomachos fra Karthago|0137
|Kleitos|0137
|Kleiv|0137
|Kleiven, Ivar|0137
|Klejne|0137
|Klek|0137
|Klemm, Heinrich|0137-0138
|Klemm, Walter|0138
|Klemmebreve|0138
|Klemming, Anna|0138
|Klemming, Gustaf Edvard|0138-0139
|Klemsel|0139
|Klenau, Paul August von|0139
|Klengel, Julius|0139
|Klenodie|0139
|Klenze, Leo von|0139
|Kleobis og Biton|0139-0140
|Kleobulos|0140
|Kleombrotos|0140
|Kleomedes|0140
|Kleomenes|0140
|Kleomenes fra Athen|0140
|Kleon|0140
|Kleonai|0140
|Kleonymos|0140-0141
|Kleopatra|0141
|Kleopatras Naale|0141
|Klepp|0141-0142
|Kleppert|0142
|Klepsydra|0142
|Kleptomani|0142
|Kleresi|0142
|klerikal|0142
|Klerikalisme|0142
|Klerk|0142
|Klerk (se Kancelli)|0142
|Klerucher|0142
|Klerus|0142
|Kleta|0142
|Klev|0142
|Kleve|0142
|Kleve, Johan Terkel|0142-0143
|Klevenfeldt, Terkel|0143
|Kliché|0143
|Klichering|0143
|Klicpera, Václav Kliment|0143
|Klid|0143
|Klidbad|0143
|Klidhat|0143
|Klient|0143
|Klientel|0143
|Klike|0143
|klikke|0143
|Klikker|0143-0144
|Klima|0144-0145
|Klimaks|0145
|klimakteriske Aar|0145
|klimakterisk Tid|0145
|Klimakterium|0145
|Klimatfeber|0145
|Klimatkur|0145
|Klimatologi|0145
|Klimatoterapi|0145
|Klimova|0145
|Klimovitschi|0145
|Klimsch, Fritz|0146
|Klimt, Ernst og Gustav|0146
|Klin|0146
|Klinckowström, Rudolf Mauritz von og Axel von|0146
|Klindworth, Karl|0146
|Kling|0146
|Klinga|0147
|Klingbeutel|0147
|Klinge|0147
|Klingenberg, Johannes Benedictus|0147
|Klingenberg, Poul v.|0147-0148
|Klingenstierna, Samuel|0148
|Klingenthal|0148
|Klinger, Friedrich Maximilian von|0148-0149
|Klinger, Max|0149-0150
|Klingsey, Peter Edvard|0150
|Klingspor, Carl Arvid|0150
|Klingspor, Vilhelm Mauritz|0150
|Klingsten|0150
|Klinik|0150
|Kliniker|0150
|klinisk|0150
|klinisk Daab|0151
|Klinkbevægelse|0151
|klinkbrændt|0151
|klinkbygget|0151
|Klinke ell. Dørklinke|0151
|Klinkebolt|0151
|Klinker|0151-0152
|Klinkerfues, Ernst Friedrich Wilhelm|0152
|Klinkerier|0152
|Klinkhage|0152
|Klinkhjul|0152
|Klinkning|0152
|Klinkning (norsk)|0152
|Klinktand|0152
|Klinkværk|0152
|Klino-|0152
|Klinodaktyli|0152
|Klinoedrit|0152
|Klinohumit|0152
|Klinokefal|0152
|Klinoklas|0152
|Klinoklor|0152
|Klinometer|0152
|Klinopinakoid|0152
|Klinorhombisk Krystalsystem|0152
|Klinoskop|0152
|Klinostat|0152
|Klinozoisit|0152
|Klint|0152-0153
|Klint, Gustaf af|0153
|Klint, Peder Vilhelm Jensen|0153
|Klinte|0153
|Klintebjærg|0153
|Klintekongen|0153-0154
|Klintepil|0154
|Klintholm|0154
|Klintsvale|0154
|Klinzy|0154
|Klio|0154
|Klipfisk|0154
|Klipning af Heste|0154
|Klippe|0154
|Klippebjergene|0154
|Klippeboliger|0154
|Klippedue|0154
|Klippefugle|0154
|Klippegrave|0154-0156
|Klippegrævling|0156
|Klippehøns|0156
|Klipper|0156
|Klippesejler|0156
|Klippetempler|0156
|Klipping|0156
|Klipsøm|0156
|Klirer|0156-0158
|Klisiometer|0158
|Klissov|0158
|Klissura|0158
|Klister|0158
|Klisteraal|0158
|Klisterforbinding|0158
|Klisthenes|0158
|Klit|0158-0159
|Klitgaard, Carl|0159
|Klitmøller|0159
|Klitoris|0159
|Klitos|0159
|Klitplantager|0159
|Klitspade|0159
|Klittag|0159
|Klittorn|0159
|Klitvæsenet.|0159
|Kljasma|0159
|Kljustshev|0159
|Klo|0159-0160
|Klo (Ring ell. Løkke)|0160
|Klo (Søv.)|0160
|Kloaber|0160
|Kloakdyr|0160-0162
|Kloaker|0162-0167
|Kloantit|0167
|Kloasma|0167
|Klob|0167
|Klock, Kaspar|0167
|Klode (d. s. s. Himmellegeme)|0167
|Klode (Kasteredskab)|0167
|Klodeskyer|0167
|Klodoveg|0167
|Klodsbøje|0167
|Klodsforme|0167
|Klodstræ|0167
|Kloed, Wilhelm Cappelen|0167
|Klohaand|0167
|Klohammmer|0168
|Klokke (bot.)|0168
|Klokke (Kirkeklokke m.v.)|0168-0169
|Klokke, elektrisk|0169
|Klokke, pneumatisk|0169
|Klokkebøje|0169
|Klokkedaab|0169
|Klokkedyr|0169
|Klokkefamilien|0169
|klokkeformet|0169
|Klokkefrø|0169-0170
|Klokkefugle|0170
|Klokkehus|0170
|Klokkehyacint|0170
|Klokkehætte|0170
|Klokkelyd|0171
|Klokkelyng|0171
|Klokkemetal|0171
|Klokkeonsdag|0171
|Klokkepolypper|0171
|Klokker|0171
|Klokkeringning|0171
|Klokkeslæt|0171
|Klokkeslæts Observation|0171
|Klokkespil|0171
|Klokkestol|0171-0172
|Klokkestøbning|0172
|Klokketaarn|0172
|Klokketønde|0172
|Klomp, Albert Jansz|0172
|Klondike|0172
|klonisk|0172
|Klonovicz, Sebastyan Fabian|0172
|Kloos, Willem|0172-0173
|Klopfægter|0173
|Kloppenborg, Hans Diderik|0173
|Kloppenborg, Jacob|0173
|Kloppenborg Skrumsager|0173
|Klopstock, Friedrich Gottlieb|0173-0174
|Klor|0174-0175
|Kloracetyl|0175
|Kloral|0175
|Kloralalkoholat|0175
|Kloralamid|0175
|Kloralforgiftning|0175
|Kloralformamid|0176
|Kloralhydrat|0176
|Kloralisme|0176
|Kloralose|0176
|Kloraluminium|0176
|Klorammonium|0176
|Kloranil|0176
|Kloranthi|0176
|Klorantimon|0176
|Klorarsen|0176
|Klorater|0176
|Kloratsprængstoffer|0176
|Klorbaryum|0176
|Klorbenzol|0176
|Klorbly|0176
|Klorblyspat|0176
|Klorbrinte|0176-0177
|Klorbromsølv|0177
|Klorbromsølvpapir|0177
|Klorcyan|0177
|Klordioxyd|0177
|Kloreringsproces|0177
|Kloretone|0177
|Klorfosfor|0177
|Klorguld|0177
|Klorhydrat|0177
|Klorhydriner|0177
|Klorider|0177-0178
|Klorit|0178
|Kloritoid|0178
|Kloritskifer|0178
|Kloritter|0178
|Klorjern|0178
|Klorjod|0178
|Klorkadmium|0178
|Klorkalcium|0178
|Klorkali|0178
|Klorkalium|0178
|Klorkalk|0178-0179
|Klorknaldgas|0179
|Klorkobber|0179
|Klorkobolt|0179
|klorkromsurt Kali|0179
|Klorkromsyre|0179
|Klorkulilte|0179
|Klorkulstof|0179
|Klorkulsyre|0179
|Klorkvægsølv|0179
|Klorkvælstof|0179
|Klormagnesium|0179
|Klormagnium|0179
|Klormangan|0179
|Klormanganokalit|0179
|Klormetaller|0179
|Klormetyl|0179
|Klormonoxyd|0179
|Klornatrium|0179
|Klornatron|0179
|Klornikkel|0179
|Klorofan|0179
|Kloroform|0179-0181
|Kloroformering|0181
|Klorofyl|0181
|Klorofylliner|0181
|Klorofyllit|0181
|Klorofæit|0181
|Klorom|0181
|Klorometri|0181
|Kloroplast|0181
|Klorose|0181
|kloroversurt Kali|0181
|Kloroversyre|0181
|Kloroversyreanhydrid|0181
|Klorrøgning|0181
|Klorstrontium|0181
|Klorsulfonsyre|0181
|klorsur Baryt|0181
|klorsurt Kali|0181
|klorsurt Natron|0181
|Klorsvovl|0181
|Klorsyre|0182
|Klorsyrling|0182
|Klorsølv|0182
|Klorsølvpapir|0182
|Klorsølvplader|0182
|Klortetroxyd|0182
|Klortin|0182
|Klortrioxyd|0182
|Klorundersyrling|0182
|Klorundersyrlinganhydrid|0182
|Klorvand|0182
|Klorvismut|0182
|Kloryr|0183
|Klorzink|0183
|Kloræter|0183
|Klorætyl|0183
|klos|0183
|Klose, Friedrich|0183
|Kloset|0183-0185
|Kloss, Frederik Theodor|0185
|Kloster|0185-0186
|Kloster, Asbjørn|0186
|Klosterbygninger|0186-0187
|Klosteret|0187
|Klosterfrøken|0187
|Klostergrab|0187
|Klosterhvælving|0187
|Klosterhæving|0187
|Klosterlasse|0187
|Klosterløfte|0188
|Klostermann, August Heinrich|0188
|Klostermansfeld|0188
|Klosterneuburg|0188
|Klosters|0188
|Klosterskoler|0188
|Klosterskov|0188
|Klostersyning|0188
|Klostopper|0188
|Klosz, Georg Franz Burkhardt|0188-0189
|Klothilde|0189
|Klotho|0189
|Klotz, Christian Adolf|0189
|Klotz, Reinhold|0189
|Klotz, Stephan|0189
|Klotzsche-Königswald|0189
|Klourt|0190
|Klov|0190
|Klovdyr ell. parret-taaede Hovdyr|0190
|Klove|0190
|Klovn|0190
|Klovsyge|0190
|Klub|0190-0191
|Klubien, Anton Hieronymus Fritzsche|0191
|Kluck, Henrik Rudolf Alexander|0191
|Kluge, Friedrich|0191
|Klughardt, August Friedrich Martin|0191
|Kluit, Adriaan|0191
|Klumpfisk|0191
|Klumpfod|0191-0192
|Klumpke-Roberts, Dorothea|0192
|Klumpkeske Lammelse|0192
|Klumpp, Friedrich Wilhelm|0192
|Klumpplantning|0192
|Klundert|0192
|Klunker|0192
|Klup|0192-0193
|Klup (i Skovbruget)|0193
|Klusil ell. Klusillyd|0193
|Klyde|0193
|Klymene|0193
|Klymeniakalk|0193
|Klymenos|0193-0194
|Klyne|0194
|Klynger|0194
|Klys|0194
|Klysopumpe|0194
|Klyster|0194
|Klystersprøjte|0194
|Klytaimestra|0194
|Klytaimnestra|0194
|Klytia|0194
|Klyver|0194
|Klyverbom|0194-0195
|Klüwer, Lorents Diderik|0195
|Klæbersten|0195
|Klæbu|0195
|Klæde|0196
|Klædedragt|0196
|Klædekammer|0196
|Klædekølle|0196
|klæde Tov|0196
|Klædning|0196
|Klæg|0196
|Klæger|0196
|Klækkeanstalt|0196
|Klækkebakke|0196
|Klækkebord|0196
|Klækkehus|0196
|Klækning|0196-0200
|Klæpaal|0200
|Klærsel|0200
|Klæstrup, Christian Nygaard Mattat|0200
|Klöber, August Karl Friedrich von|0200
|Klöcker, von Ehrenstrahl David|0200-0201
|Kløe|0201
|Kløfttand|0201
|Kløgning|0201
|Klœingr Þorsteinsson|0201
|Kløpind|0201
|Kløpulver|0201
|Klør|0201
|Kløv|0201
|Kløvebrænde|0201
|Kløver|0201-0203
|Kløverbladsbue|0203
|Kløverraaddenhed|0203
|Kløverrust|0203
|Kløversalt|0203
|Kløvertræthed|0203
|Kløveshøj|0203
|Kløveøkse|0203
|Kløvkrone|0203
|Kløvningsproces|0203-0204
|Kløvplade|0204
|Kløvsadel|0204
|Kløvtræ|0204
|km|0204
|K. M. A.|0204-0205
|Kmety, Georg|0205
|Knabl, Josef|0205
|Knabstrup|0205
|Knackfuss, Hermann Wilhelm Johann|0205
|Knagge|0205
|Knaldgas|0205
|Knaldgasflamme|0205
|Knaldglycerin|0205
|Knaldguld|0206
|Knaldhætte|0206
|Knaldkvægsølv|0206
|Knaldluft|0206
|Knaldmannit|0206
|Knaldperle|0206
|Knaldpræparater|0206
|Knaldpulver|0206
|Knaldsalte|0206
|Knaldsignal|0206
|Knaldsukker ell. Vixorit|0206
|knaldsure Salte|0206
|knaldsurt Kvægsølvilte|0206
|knaldsurt Sølvilte|0206
|Knaldsyre|0206
|Knaldsølv|0206-0207
|Knaldtræ|0207
|Knap|0207
|Knapgaffel|0207
|Knapmager|0207
|Knapost|0207
|Knapp, Albert|0207
|Knapp, Georg Friedrich|0207
|Knapp, Hermann Jacob|0207
|Knappenaale|0207-0208
|Knapper|0208
|Knarand|0208
|Knardrup Kloster|0208-0209
|Knaresborough|0209
|Knast|0209
|Knaster|0209
|Knatleg|0209-0210
|Knaus|0210
|Knaus, Ludwig|0210
|Knautia|0210
|Knavel|0210
|Knebel, Karl Ludwig v.|0210
|Knebelit|0210
|Knebel Vig|0210
|Kneipp, Sebastian|0211
|Kneller, Godfrey|0211
|Knemis|0211
|Kneph|0211
|Kneppelhout, Johannes|0211
|Kner, Rudolf|0211
|Knesebeck, Karl Friedrich, Baron v. d.|0211-0212
|Kniaziewicz, Karl|0212
|Kniaźnin, Franciszek Dyonizy|0212
|knibe|0212
|Kniber|0212
|Knibtang|0212
|Kničanin, Stephan Petrovitsch|0212
|Knidia|0212
|Knidos|0212-0213
|Knieper, Hans|0213
|Knies, Karl Gustav Adolf|0213
|Kniesinin-Wih|0213
|Knigge, Adolf Franz Friedrich v.|0213
|Knight|0213
|Knight, Andrew Thomas|0213
|Knight, Charles|0213-0214
|Knight, John Prescott|0214
|Knights of Labor|0214
|Knille, Otto|0214
|kniple|0214 0219
|Kniplemaskine|0219
|Knipling|0216-0217 0220-0225
|Kniplingstræ|0225
|Knippel|0225
|Knippelbrænde|0225
|Knippelsbro|0225
|Knippepiller|0225
|Knipperdolling, Bernhard|0225-0226
|Knistringsvand|0226
|Knittelfeld|0226
|Knitterguld|0226
|Kniv|0226
|Knivbajonet|0226
|Knivbændsel|0226
|Knivfisk|0226
|Knivmusling|0226-0227
|Knivsbjerg|0227
|Knivskærodden|0227
|Knjaginin|0227
|Knjaz|0227
|Knjaževac|0227
|Knjazhnin, Jakov Borisovitsch|0227
|Knob|0227
|Knobelauch, Fritz Ferdinand|0227-0228
|Knoben|0228
|Knockholt|0228
|Knogle|0228
|Knoglehuler|0228
|Knold|0228
|Knoldbakterier|0228
|Knoldbegonier|0228
|Knoldforraadnelse, Kartoffelens|0228
|Knoll, Konrad Ritter von|0228
|Knoller, Martin|0228-0229
|Knop|0229
|Knopcelle|0229
|Knopdække|0229
|Knopit|0229
|Knopkorn|0229
|Knopleje|0229
|Knoplimhaar|0229
|Knoppern|0229
|Knopskydning (se Formering, Planternes vegetative)|0229
|Knopskydning (Forplantning)|0229
|Knopskæl|0229
|Knopspor|0229
|Knopsvane|0230
|Knopurt|0230
|Kmorr, Ernst Wilhelm Eduard, von|0230
|Knorr, Hugo|0230
|Knorr, Ludwig|0230
|Knorria|0230
|Knorring, Sofia Margareta|0230
|Knortegaas|0230
|Knosos|0230-0231
|knote|0231
|Knottingley|0231
|Knowles, James Pitcairn|0231
|Knowles, James Sheridan|0231
|Knownothings|0231
|Knowsley|0231
|Knox, John|0231-0232
|Knox, Philander Chase|0232
|Knoxland|0232
|Knoxville|0232
|Knubhjul|0232
|Knud|0232
|Knud den Store|0232-0233
|Knud den Hellige|0233-0234
|Knud Magnussøn|0234
|Knud Valdemarsøn|0234-0235
|Knud Lavard|0235-0236
|Knud Henriksøn|0236
|Knud Valdemarsøn|0236
|Knud Danaast|0236
|Knud Prizlavsøn|0236
|Knude (se Knob)|0236
|Knude (Navn for Ferskvandskvabben)|0236
|Knudearve|0236
|Knudebrænde|0236
|Knudedyb|0236-0237
|Knudejern|0237
|Knudekaal|0237
|Knudelinier og Knudepunkter|0237
|Knudeplade|0237
|Knudepunkt|0237
|Knuder|0237
|Knuderosen|0237
|Knudeskrift|0237
|Knud Mikkelsen|0237
|Knudsen, Aanon Gunnar|0237-0239
|Knudsen, Christen Riis-|0239
|Knudsen, Christian Holtermann|0239
|Knudsen, Christopher|0239-0240
|Knudsen, David|0240
|Knudsen, David Faye|0240
|Knudsen, Hans|0240
|Knudsen, Hans Christian|0240-0241
|Knudsen, Hans Ocksen|0241
|Knudsen, Ivar|0241-0242
|Knudsen, Jakob Christian Lindberg|0242
|Knudsen, Johanne Sophie|0242-0243
|Knudsen, Jørgen Christian|0243
|Knudsen, Knud|0243
|Knudsen, Martin Hans Christian|0243-0244
|Knudsen, Peter Christian|0244
|Knudsgilde|0244
|Knudshoved|0244
|Knudssøn, Ingebrigt|0244
|Knud Sø|0244
|Knudtzon, Jørgen Alexander|0244-0245
|Knudtzon, Nikolay Henrich|0245
|Knur|0245
|Knurhaar|0245
|Knurhane|0245
|Knusemaskiner|0245
|Knusk|0245
|Knut|0245-0246
|Knut Alvssøn|0246
|Knut Eriksson|0246
|Knuth|0246-0248
|Knuthenborg|0248
|Knut Jarl|0248
|Knut långe|0248
|Knutsford, Henry Thurstan Holland|0248
|Knutsson, Tyrgils|0248-0249
|Knutzen, Martin|0249
|Kny, Leopold|0249
|Knüpfer, Nicolaes|0249
|Knysna|0249
|Knyst|0249
|Knyszyn|0249
|Knytlingasaga|0249-0250
|Knytnævekamp|0250
|Knyttelvers|0250
|Knæ|0250-0251
|Knæ (bot.)|0251
|Knæ (mek.)|0251
|Knæ (Søv.)|0251
|Knædug|0251
|Knæfald|0251
|Knægt|0251
|Knægt (Søv.)|0251
|Knæhas|0251
|Knæhøjde|0251
|Knæk|0251
|Knækbrød|0252
|Knækkesyge|0252
|Knækstopper|0252
|Knæled|0252
|Knæledsbetændelse|0252
|Knælere|0252
|Knælæbe|0252-0253
|Knæpresse|0253
|Knæpresse (se Haandpresse)|0253
|Knäred|0253
|Knærod|0253
|Knæröd|0253
|Knæskal|0253
|Knæstykke|0253
|Knætræ|0253
|Knølhval|0253
|Knös, Thekla Levinia Andrietta|0253
|Knøsen|0253
|Ko|0253
|Koadamit|0253
|Koadjutor|0253
|Koagulation|0253-0254
|Koagulation|0254-0255
|Koagulationsnekrose|0255
|Koagulen|0255
|koagulere|0255
|Koala|0255
|koalisere|0255
|Koalition|0255
|Koalitionskrig|0255
|Koalitionsministerium|0255
|Koantiloper|0255
|Koanza|0255
|Koaptation|0255
|Koarata|0255
|Kobalt|0255
|Kobaltit|0255
|Kobanke|0255
|Kobbe|0255
|Kobbel|0255
|Kobbel (i Orgelet)|0255
|Kobbelbrug|0255
|Kobber|0255-0259
|Kobberacetat|0259
|Kobberalder|0259
|Kobberammoniakforbindelser|0259
|Kobberantimonglans|0259
|Kobberarsenit|0259
|Kobberaske|0259
|Kobberbarilla|0259
|Kobberblaat|0259
|Kobberblende|0259
|Kobberblik ell. Kobberplader|0259
|Kobberblomst|0259
|Kobberblyglans|0259
|Kobberborat|0259
|Kobberbrunt|0259
|Kobbererts|0259
|kobberfast|0259
|Kobberferrocyanid|0259
|Kobberfløjl|0259
|Kobberforgiftning|0259-0260
|Kobberfolie|0260
|kobberforhude|0260
|Kobberforilte|0260
|Kobberforilteammoniak|0260
|Kobberforiltehydrat|0260
|Kobberforiltesalte|0260
|Kobberforjod|0260
|Kobberforklor|0260
|Kobberforsulfid|0260
|Kobberglans|0260
|Kobberglas|0260
|Kobberglimmer|0260
|Kobbergrund|0260
|Kobbergrønt|0260
|Kobberhammer|0260
|Kobberhammerskæl|0260
|Kobberhydroxyd|0260
|Kobberhydroxydul|0260
|Kobberhøne|0260
|Kobberilteammoniak|0260
|Kobberilter|0260
|Kobberindigo|0260
|Kobberjodid|0260
|Kobberjodyre|0260
|Kobberkarbonat|0260
|Kobberkis|0260
|Kobberklorider|0260
|Kobberkloryre|0260
|Kobberkolik|0260
|Kobberkromat|0260
|Kobberlasur|0260
|Kobberlegeringer|0260
|Kobberlevermalm|0260
|Kobbermalme|0260-0261
|Kobberminefloden|0261
|Kobbermøllen|0261
|Kobbernikkel|0261
|Kobbernitrat|0261
|Kobbernæse|0261
|Kobberoxyd|0261
|Kobberoxydammoniak|0261
|Kobberoxydhydrat|0261
|Kobberoxydsalte|0261
|Kobberoxydul|0261
|Kobberoxydulhydrat|0262
|Kobberoxydulsalte|0262
|Kobberoxyklorid|0262
|Kobberplade|0262
|Kobberraasten|0262
|Kobberrose|0262
|Kobberrubin (Glas)|0262
|Kobberrubin (Rød Kobbermalm)|0262
|Kobberrør|0262
|Kobbersalmiak|0262
|Kobbersalte|0262
|Kobbersand|0262
|Kobbersilicid|0262
|Kobberskifer|0262
|Kobberskum|0262
|Kobberslangen|0262
|Kobbersmaragd|0262
|Kobbersnæppe|0262-0263
|Kobbersort|0263
|Kobberstaal|0263
|Kobberstik|0263-0265
|Kobberstikkabinet|0265
|Kobberstænger|0265
|Kobbersulfat|0265
|Kobbersulfider|0265
|Kobbersulfur|0265
|Kobbersølvglans|0265
|Kobbertraad|0265
|Kobbertryk|0265
|Kobbertræ|0265
|Kobbertveilte|0265
|Kobbertveiltehydrat|0265
|Kobbertveiltesalte|0265
|Kobbertvesulfid|0265
|Kobberuranit|0265
|Kobbervismutglans|0265
|Kobbervitriol|0265
|Kobbit|0265
|Kobdo|0265
|Kobe|0265-0266
|Kobeljaki|0266
|Kobell, Ferdinand|0266
|Kobell, Franz, Ritter von|0266
|Kobell, Hendrik Johannes Baptist Jan og Jan|0266
|Kobellit|0266
|Koben|0266
|Kobert, E. Rudolf|0266-0267
|Kobjælde|0267
|koble|0267
|Koblenz|0267-0268
|Koblenz (Landby i Schweiz)|0268
|Kobleri|0268
|Koblerske|0268
|koblet|0268
|Kobling|0268-0269
|Kobling (i Jernbaneteknikken)|0269-0273
|Kobling (elektr.)|0273
|Koblingsspore|0273
|Koblingssvampe|0273-0274
|Kobold|0274
|Kobold, Hermann Albert|0274
|Kobolt|0274
|Koboltaluminat|0274
|Koboltalun|0274
|Koboltammoniakforbindelser|0274
|Koboltarsenat|0274
|Koboltarsenkis|0274
|Koboltblaat|0274-0275
|Koboltblomst|0275
|Koboltbronze|0275
|Koboltcyankalium|0275
|Koboltcyanyre|0275
|Koboltdioxyd|0275
|Koboltforilte|0275
|Koboltforilteforbindelser|0275
|Koboltforiltehydrat|0275
|Koboltglans|0275
|Koboltglas|0275
|Koboltgrønt|0275
|Koboltgult|0275
|Kobolthydroxyd|0275
|Kobolticyankalium|0275
|Koboltiforbindelser|0275
|Koboltihydroxyd|0275
|Koboltikaliumsulfat|0275
|Koboltilter|0275
|Koboltioxyd|0275
|Koboltisulfat|0275
|Koboltjord, sort|0275
|Koboltkarbonat|0275
|Koboltkis|0275
|Koboltklorid|0275
|Koboltkloryre|0275
|Koboltmaki|0275
|Koboltmanganmalm|0275
|Koboltmellemilte|0275
|Koboltmonoxyd|0275
|Koboltnikkelkis|0275
|Koboltnitrat|0275
|Koboltnitriter|0275
|Koboltoarsenat|0275
|Koboltocyankalium|0275
|Koboltocyanid|0275
|Koboltoforbindelser|0275-0276
|Koboltofosfat|0276
|Koboltohydroxyd|0276
|Koboltokarbonat|0276
|Koboltoklorid|0276
|Koboltokoboltioxyd|0276
|Koboltonitrat|0276
|Koboltooxyd|0276
|Koboltostannat|0276
|Koboltosulfat|0276
|Koboltosulfid|0276
|Koboltoxyder|0276
|Koboltoxydul|0276
|Koboltoxyduloxyd|0276
|Koboltoxydul-Tinoxyd|0276
|Koboltrosa|0277
|Koboltrødt|0277
|Koboltsafflor|0277
|Koboltsalte|0277
|Koboltsilikater|0277
|Koboltsolution|0277
|Koboltsort|0277
|Koboltspat|0277
|Koboltsulfat|0277
|Koboltsulfider|0277
|Koboltsulfur|0277
|Kobolttveilte|0277
|Kobolttveilteforbindelser|0277
|Kobolttveiltehydrat|0277
|Koboltultramarin|0277
|Koboltviolet|0277
|Koboltvitriol|0277
|Kobresia|0277
|Kobrin|0277
|Kobryggre|0277
|Kobsa|0277
|Kobu Leufu|0277
|Koburg|0277
|Kocculin|0277
|Koch, Carl|0277-0278
|Koch, Christian Friedrich|0278
|Koch, Christophe Guillaume de|0278
|Koch, Cornelius Peter August|0278
|Koch, Friedrich E.|0278
|Koch, Frits Anton Peter|0278-0279
|Koch, Georg|0279
|Koch, Hans Ludvig Schielderup Parelius|0279
|Koch, Heinrich Christoph|0279
|Koch, Joseph Anton|0279
|Koch, Jørgen Hansen|0279-0280
|Koch, Johan Peter|0280
|Koch, Karl|0280
|Koch. Max|0280
|Koch, Nils Fabian Helge v.|0280
|Koch, Otto Valdemar|0280
|Koch, Peter Christian|0280-0281
|Koch, Peter Frederik|0281
|Koch, Robert|0281-0282
|Koch, Simon|0282
|Koch, Wilhelm Daniel Joseph|0282
|Kochanowski, Jan|0282-0283
|Kochel|0283
|Kochem|0283
|Kocher|0283
|Kocher, Emil Theodor|0283
|Kochi|0283
|Kochia|0283
|Kochins|0283
|Kochowski, Hieronym Wespazyan Nieczuja|0283
|Koch-Weeks Bacil|0283
|Kock,Charles-Paul de og Paul-Henri|0283-0284
|Kock, Jørgen|0284
|Kock, Karl Axel Lichnowsky|0284-0285
|Kock, Laurids Olufsen|0285
|Kock, Reimar|0285
|Kock, William Alfred|0285
|Kockpit|0285
|Kockum, Frans Henrik|0285
|Kodaga|0285
|Kodak|0285
|Kodalen|0285
|Kodama, Gentaro|0285-0286
|Kodde|0286
|Kode|0286
|Kodeben|0286
|Kodebøjning|0286
|Kodegalle|0286
|Kodehaar|0286
|Kodein|0286
|Kodeks|0286
|Kodeled|0286
|Kodeseneben|0286
|Kodiak|0286
|Kodicil|0286
|kodificere|0286
|Kodifikation|0286-0287
|Kodille|0287
|Kodok|0287
|Kodolie|0287
|Kodor|0287
|Kodriver|0287
|Kodros|0287
|Kodschend|0287
|Kodshi|0287
|Kodyma|0287
|Kœberlé, Eugène|0287
|Koefficient|0287
|Koefoed|0287-0288
|Koefoed, Andreas Michael|0288
|Koefoed, Ehrenreich Christopher Ludvig|0288-0289
|Koefoed, Hans Ancher|0289
|Koefoed, Henning Emil|0289
|Koefoed, Jens Pedersen|0289
|Koekkoek|0289
|Koeksistens|0290
|Koeleria|0290
|Koemtion|0290
|Koenenit|0290
|Koenigia|0290
|koercibel|0290
|Koercitivkraft|0290
|Koesfeld|0290
|Koetsveld, Cornelis Elisa van|0290
|Koevorden|0290
|Kofanger|0290
|Kofel|0290
|Koffardi|0290
|Koffardiskib|0290
|Koffein|0290
|Kofferdam (Hjælpemiddel ved Tandfyldning)|0290
|Kofferdam (Søv.)|0290
|Koffertfisk|0290
|Koffertskildpadder|0290
|Kofilnagle|0290-0291
|Kofod Ancher, Peder|0291-0292
|Kofoed-Hansen, Hans Peter|0292
|Kofu|0292
|Kofugle|0292
|Koføde|0292
|Kog|0292
|Kogebog|0292-0293
|Kogeflaske|0293
|Kogehul|0293
|Kogeindretninger|0293-0295
|Kogekar|0295
|Kogekasser|0295
|Kogekunst|0295-0297
|Kogepunkt|0297
|Kogerør|0297
|Kogger|0297
|Koggers|0297
|Kogia|0297
|Kogilnik|0297
|kogitere|0297
|Kogle|0297
|Kogleaks|0297
|Koglepalmer|0297-0298
|Kogleskæl|0298
|Kognak|0298
|Kognaksolie|0298
|Kognater|0298-0299
|Kogning|0299
|Kognition|0299
|Kogsalt|0299
|Kogsaltbad|0299
|Kogsaltkilde|0299
|Kogsaltopløsning, fysiologisk|0299
|Kogsaltvande|0299
|Kogsbølle|0299
|Kogsbølle Bakker|0299
|Koh ell. Kuh|0300
|Kohabitation|0300
|kohaset|0300
|Kohat|0300
|Kohejre|0300
|Kohelet|0300
|Kohen|0300
|Koh-i-Baba|0300
|kohibere|0300
|Koh-i-noor|0300
|Kohistan|0300
|Kohl, Aage Herman v.|0300
|Kohl, Johann Georg|0300
|Kohler, Josef|0300-0302
|Kohlhase, Hans|0302
|Kohlrausch, Friedrich|0302
|Kohold|0302
|Kohorn|0302
|Kohortation|0302
|Kohorte|0303
|Koht, Halvdan|0303
|Kohvede|0303
|Kohærens|0303
|Kohærer|0303
|kohærere|0303
|Kohæsion|0304
|Koi|0304
|Koil|0304
|Koilanaglyf|0304
|Koinobion|0304
|Koinvestitur|0304
|Koios|0304
|Koir|0304
|Kojbaler|0304
|Koje|0304
|Kojetein|0304
|Koji|0304
|Kojsu|0304
|Kok|0304
|Kok, Johannes Georg Elias|0304-0305
|Kokaal|0305
|Kokain|0305
|Kokalos|0305
|Kokan|0305
|Kokanada|0305
|Kokarde|0305
|Kokbekty|0305
|Kokel|0305
|Kokelburg|0305
|koket|0305
|Kokille ell. Coquille|0306
|Kokillestøbning|0306
|Kokkedal|0306
|Kokkelskorn|0306
|Kokker|0306
|Kokkolit|0306
|Kokkolitter|0306
|Kokkosfærer|0306
|Kokleare|0306-0307
|Kokomo|0307
|Kokon|0307
|Kokoppeindpodning|0307
|Kokoschka, Oskar|0307
|Kokosfedt|0307
|Kokoskrebs|0307
|Kokosmælk|0307
|Kokosnødder|0307
|Kokosolie|0307
|Kokospalme|0307
|Kokossmør|0307
|Kokostræ|0307
|Kokostrævler|0307
|Kokosøen|0307
|Kokosøerne|0307
|Kokotte|0307
|Koks|0307
|Kokscharov, Nikolaj Ivanovitsch von|0307-0308
|Koksmat|0308
|Koksoak River|0308
|Koksovn, Koksovnsgas|0308
|Kokssten|0308
|Kokstaarn|0308
|Koksværker|0308-0315
|Koktsha-darja|0315
|Koktshetav|0315
|Koku|0315
|Kokum|0315
|Kokytos|0315
|Kol (Top)|0315
|Kol (d. s. s. Kolh)|0315
|Kola|0315
|Kola-ambu|0315
|Kolabitter|0315
|Kolakreter|0315
|Kolanødder|0315
|Kolariere|0315
|Kolatorium|0315
|Kolatur|0315
|Kolb, Georg Friedrich|0315-0316
|Kolbatz|0316
|Kolbe (bot.)|0316
|Kolbe (Beholder)|0316
|Kolbe (på Geværer m. v.)|0316
|Kolbe, Georg|0316
|Kolbe, Hermann|0316-0317
|KolbeKarl Wilhelm den Ældre og den Yngre|0317
|Kolbeand|0317
|Kolbeblomstrede|0317
|Kolbehals|0317
|Kolbehirse|0317
|Kolbeinn Arnórsson|0317
|Kolbeinn Tumason|0317-0318
|Kolbeinsson, Thord|0318
|Kolbekappe|0318
|Kolberg|0318
|Kolberg, Andreas Johnsen|0318
|Kolberger Heide|0318
|Kolbetøj|0318
|Kolbevinkel|0318
|Kolbjørnsvig|0318
|Kolbu|0318
|Kolby-Kaas Havn|0318
|Kolbäckså|0318-0319
|Kolchicin|0319
|Kolchis|0319
|Kold, Kristen Mikkelsen|0319-0320
|koldblodet|0320
|Koldbrand|0320
|Koldbænk|0320
|kolde Farver|0320
|Kolderup, Amunda|0320
|Kolderup-Rosenvinge|0320-0321
|Kolderup-Rosenvinge, Janus Lauritz Andreas (Retslærd)|0321
|Kolderup-Rosenvinge, Janus Lauritz Andreas (Botaniker)|0321-0322
|Koldewey, Karl|0322
|Koldfeber|0322-0323
|koldflydt|0323
|Koldhammer ell. Bænkhammer|0323
|Koldhus|0323
|Kolding|0324-0327
|Kolding (Herred)|0327-0328
|Kolding, Jon Jensen|0328
|Kolding, Peder Jensen|0328
|Kolding, Poul Jensen|0328
|Kolding Aa|0328
|Kolding Fjord|0328
|Koldinghus|0328-0329
|Kolditz|0329
|Koldkrem|0329
|Koldluftsmaskiner|0329
|Koldmejsel|0329
|Koldnaal|0329
|Koldskaal|0329
|Koldskørhed|0329
|Koldtvandskur|0329
|Kolea|0329
|Kolera, asiatisk|0329-0336
|Kolera, indenlandsk|0336
|Kolerabakterie|0336-0337
|Koleraflue|0337
|Kolerine|0337
|Kolering|0337
|kolerisk|0337
|Kolesterin|0337
|Kolettis, Joannis|0337-0338
|Kolgujev|0338
|Kolguragas|0338
|Kolh|0338
|Kolhapur|0338
|Kolias|0338
|Kolibrier|0338-0342
|Kolik|0342
|Kolin, Novij|0343
|Kolind|0343
|Kolindsund|0343
|Kolitz, Louis|0343
|Kolje|0343
|Koljutshin-Bugten|0343
|Kolkothar|0343
|kollabere|0343
|Kollaboration|0343
|Kollaboratør|0343-0344
|Kollagen|0344
|Kollaps|0344
|Kollapsinduration|0344
|Kollár, Jan|0344
|Kollargol|0344
|Kołłątaj, Hugo|0344
|kollateral|0344
|Kollateral|0344
|Kollateralafgift|0344
|kollateralbeslægtede|0344
|Kollateralkar|0344
|Kollateralkredsløb|0344
|Kollateralværk|0344
|Kollation|0344
|Kollation|0344
|Kollation (jur.)|0345
|kollationere|0345
|Kollator|0345
|Kollatsbrev|0345
|Kolle|0345
|Kollega|0345
|Kollegahjælpen|0345-0346
|Kollegialret|0346
|Kollegialsystem|0346-0347
|Kollegialtidende|0347
|Kollegianer|0347
|Kollegiatkapitel|0347
|Kollegiatkirke|0347
|Kollegier|0347
|Kollegium|0347
|Kollegium (i Undervisningssproget)|0347-0348
|Kollekt|0348
|Kollekt|0348
|Kollektaneer|0348
|kollektere|0348
|kollektere|0348
|Kollektion|0348
|Kollektiv|0348-0349
|Kollektivforbrydelse|0349
|Kollektivfuldmagt|0349
|Kollektivglas|0349
|Kollektivisme|0349
|Kollektivkonto|0349
|Kollektivnote|0349
|Kollektivprokura|0349
|Kollektivselskab|0349
|Kollektivsignatur|0349
|Kollektor|0349
|Kollektør|0349
|Kollen|0349
|Kollenkym|0349
|Koller, Johann Rudolph|0349-0350
|Koller, Karl Theodor Fredrik|0350
|Kollewijn, Roeland Anthonie|0350
|Kolli|0350
|kollidere|0350
|Kollikvationsnekrose|0350
|Kollimation|0350
|Kollineation|0350
|kollineær|0350
|Kolling, Frederik August Vilhelm|0350
|Kolling, Harald Johan Frederik|0350-0351
|Kolling, Waldemar Ludvig Christian|0351
|Kollision|0351
|Kollision (Søv.)|0351
|Kollision (jur.)|0351
|Kollisionsskod|0351
|Kollodium|0351
|Kollofan|0351
|Kollografi|0351
|Kolloider|0351
|kolloidal|0351
|Kolloidkemi|0351-0353
|Kolloidkræft|0353
|kolloid Tilstand|0353
|Kollokation|0353
|Kollokvium|0353
|Kollotypi|0353
|Kolloxylin|0353
|kolludere|0353
|Kollusion|0353
|Kolluthos|0353
|Kollwitz, Käthe|0353
|Kollyrit|0353
|Kolmården|0353
|Kolmar|0353
|Kolmation|0353-0354
|Kolmodin, Israel og Olof|0354
|Kolnidre|0354
|Kolno|0354
|Koló|0354
|Kolobom|0354
|Kolofon (ionisk Koloni)|0354
|Kolofon (i Bøger)|0354
|Kolofonit|0354
|Kolofonium|0355
|Kolokotronis, Theodor|0355
|Kolokvint|0355
|Kolokynthin|0355
|Kolokynthis|0355
|Kolokythia-Bugten|0355
|Koloman|0355
|Kolombinlak|0355
|Kolombo|0355
|Kolometri|0355
|Kolomna|0355
|Kolomyja|0355-0356
|Kolon|0356
|Kolonat|0356
|Kolonel|0356
|Koloniallotteri|0356
|Kolonialraad|0356
|Kolonialret|0356
|Kolonialvarer|0356
|Kolonibestyrer|0356
|Kolonidistrikt|0356
|Kolonidyr|0356-0357
|Kolonier|0357-0362
|Kolonihaver|0362
|Koloniinspektør|0362
|Kolonisation|0362
|Kolonist|0362
|Kolonisøpunge|0362
|Kolonivævere|0362
|Kolonnade|0362
|Kolonne|0362-0363
|Kolonne (ved de danske Statsbaner)|0363
|Kolonne-System|0363
|Kolonnetaktik|0363
|Kolonneveje|0363
|Kolonnæs|0363
|Kolonos|0363
|Koloratur|0363
|kolorere|0363
|Kolorimeter|0363-0364
|Kolorimetri|0364
|Kolorisme|0364
|Kolorist|0364
|Kolorit|0364
|Kolos|0364
|Koloscher|0364
|Kolosov, Mitrofan Aleksejevitsch|0364
|Kolossal|0365
|kolossal|0365
|Kolossalstatuer|0365
|Kolossen paa Rhodos|0365
|Kolossenserbrevet|0365
|Kolostomi|0365
|Koloszvár|0365
|Kolotes|0365
|Kolotyfus|0366
|Kolpeurynter|0366
|Kolpino|0366
|Kolpitis|0366
|Kolpocele|0366
|Kolpocystotomi|0366
|Kolpokleisis|0366
|Kolpoptose|0366
|Kolporafi|0366
|Kolporrhexis eller Kolpaporrhexis|0366
|Kolportage-Boghandel|0366
|kolportere|0366
|Kolpotomi|0366
|Kolsaas|0366
|Kolstø, Frederik|0366-0367
|Koltshak, Vladimir Vasiljevitsch|0367
|Koltsov, Aleksej Vasiljevitsch|0367
|Kolumbaczermyg|0367
|Kolumbiapresse|0367
|Kolumbien|0367
|Kolumbine|0367
|Kolumborod|0367-0368
|Kolumne|0368
|Kolurer|0368
|Kolva|0368
|Kolvereid|0368
|Kolyma|0368
|Kolymsk|0368
|Kolyvan (russisk for Reval)|0368
|Kolyvan|0368
|Kolæmi|0368
|Kom|0368
|Komager|0368
|Komana|0368
|Komantcher|0368
|Komarno|0368-0369
|Kombabos|0369
|Kombakonam|0369
|Kombattanter|0369
|Kombination|0369
|Kombination|0369
|Kombinationer|0369
|Kombinationslaas|0369
|Kombinationslære|0369
|Kombinations-Pedal|0369
|Kombinationssvulst|0369
|Kombinationstoner|0369-0370
|Kombinatorik|0370
|kombinere|0370
|kombinerede Jernbanebilletter|0370
|kombineret|0370
|kombineret Ret|0370
|kombineret Sklerose|0370
|kombustibel|0370
|Kombustorer|0370
|Komediant|0370
|Komedie|0370
|Komedon|0370
|Komeflora|0370
|Komensky|0370
|Komet|0370-0374
|Kometsøger|0374-0375
|Komfort|0375
|Komfur|0375
|Komgha|0375
|Komik|0375
|Komiker|0375
|Kominor|0375
|komisk|0375-0376
|Komitat|0376
|Komitativus|0376
|Komite|0376
|Komitier|0376
|Komma|0376-0377
|Kommabacil|0377
|Kommagene|0377
|Kommandant|0377
|Kommandement|0377
|kommandere|0377
|kommanderende Admiral|0377
|kommanderende General|0377
|Kommandersergent|0377
|Kommanditselskab|0377
|Kommando|0378
|Kommandomaal|0378
|Kommandopost|0378
|Kommandosager|0378
|Kommandotaarn|0378-0379
|Kommandotillæg|0379
|Kommandør|0379
|Kommandørkaptajn|0379
|Kommandørsætter|0379
|Kommemoration|0379
|Kommen|0379-0380
|Kommenda|0380-0381
|Kommendation|0381
|Kommende|0381
|kommende og gaaende Rulle|0381
|Kommenolie|0381
|Kommensalisme|0381
|kommensurabel|0381
|Komment|0381
|Kommentar|0381
|Kommercekollegiet|0381
|Kommercelæst|0381-0382
|Kommerceraad|0382
|kommerciel|0382
|Kommers|0382
|Komminister|0382
|Kommis|0382
|Kommisbrød|0382
|Kommissariat|0382
|Kommissarius|0382
|Kommission|0382-0383
|Kommission (formueretlig Forstand)|0383-0384
|Kommissionen for Havundersøgelser|0384
|Kommissionsforretning|0384
|Kommissionshandel|0384
|Kommissionslaan|0384
|Kommissionsveksel|0384
|Kommissionær|0384
|Kommissorium|0384
|Kommissær|0384
|Kommittent|0384
|kommittere|0384-0385
|Kommode|0385
|Kommorienter|0385
|Kommos|0385
|Kommotion|0385
|kommunal|0385
|Kommunalbeskatning|0385
|Kommunalbestyrelse|0385
|Kommunallaan|0385
|Kommunalskat|0385
|Kommunalstyrelse|0385
|Kommunard|0385
|Kommune|0385-0388
|Kommunebiblioteker|0388-0389
|Kommunehospitalet i Kjøbenhavn|0389
|Kommunelæge|0389
|Kommunen i Paris|0389-0390
|Kommuneskole|0390
|Kommunestyrelse|0390-0394
|kommunicere|0394
|kommunicerende Rør|0394
|Kommunikant|0394
|Kommunikationer|0394
|Kommunikationsmidler|0394
|Kommunikativdekret|0394
|Kommunion|0394
|Kommunionsbog|0394
|Kommunisme|0394-0398
|kommunistiske Manifest|0398
|Kommunitet|0398
|Kommunitetet|0398-0399
|Kommutation|0399
|Kommutator|0399
|Komnenos|0399
|Komorn|0399
|Komos|0399
|Komotau|0399
|Kompagni|0399
|Kompagnikolonne|0400
|Kompagniskab|0400
|Kompagnon|0400
|kompakt|0400
|Kompaktater|0400
|Kompan|0400
|komparabel|0400
|Komparation|0400
|Komparativ|0400
|komparativ|0400
|Komparator|0400
|Komparent|0400
|komparere|0400
|komparere|0401
|Kompas|0401-0403
|Kompasbjerg|0402
|Kompashus|0402
|Kompasplanter|0405
|Kompasset|0405
|Kompastor|0405
|kompatibel|0405
|Kompatibilitet|0405
|Kompatriot|0405
|Kompendium|0405
|kompensabel|0405
|Kompensation|0405
|Kompensator|0405
|Kompensator (i Fotografien)|0405
|kompensere|0405
|kompensere (Søv.)|0405
|Kompert, Leopold|0405-0406
|Kompetence|0406
|kompetent|0406
|kompilere|0406
|kompitaliske Lege|0406
|Kompleks|0406
|komplekse Forbindelser|0406
|komplekse Ioner|0406
|komplekse Tal|0406-0407
|Komplement (mat.)|0407
|Komplement (om Blod)|0407
|Komplementar|0407
|Komplementbinding.|0407-0408
|Komplementærfarver|0408
|komplet|0408
|komplicere|0408
|komplicerede Sygdomme|0408
|Komplikation|0408
|Kompliment|0408
|Komplot|0408
|Komplutenserpolyglotten|0408-0409
|Komponent|0409
|komponere|0409
|Komponist|0409
|Komponistsamfund, Dansk|0409
|Komposant|0409
|komposite Skibe|0409
|Komposition|0409
|komposit Kapitæl|0409
|Kompostgødning|0409
|Kompot|0409
|komprehendere|0409
|Kompres (i Kirurgien)|0409
|Kompres (i Typografien)|0409
|Kompression|0409
|Kompressionsapparat|0409
|Kompressionsforbinding eller komprimerende Forbinding|0409
|Kompressionsfyrtøj|0410
|Kompressionsføring|0410
|Kompressionsmyelitis|0410
|Kompressionspumpe|0410
|Kompressorier|0410
|komprimere|0410
|komprimeret Akselstaal|0410
|komprimeret Luft|0410
|Kompromis|0410
|kompromittere|0410
|Komptabilitet|0410
|Komptør|0410
|kompulsiv Tvang|0410
|komputabel|0410-0411
|Komputation|0411
|Komrat|0411
|Komtur|0411
|Komunduros|0411
|Komura, Jutaro|0411
|Komælksidiosynkrasi|0411
|Konak|0411
|Konakry|0411
|Konarski, Stanisław|0411
|koncedere|0411
|Koncentration|0411
|Koncentrationslejre|0411
|Koncentrationsmaksime|0411
|Koncentrationssten|0411
|koncentrere|0411
|koncentrere (kem.)|0411-0412
|koncentreret Alun|0412
|koncentrisk|0412
|koncentrisk (bot.)|0412
|Koncept|0412
|Konception|0412
|Konception|0412
|Konceptpapir|0412
|Koncert|0412
|Koncert (i det diplomatiske Sprog)|0412
|koncertere|0412
|Koncertforeningen i Kjøbenhavn|0412
|Koncertforening, Dansk|0412-0413
|Koncertmester|0413
|Koncertstykke|0413
|Koncession|0413
|Koncessionslove|0413
|koncessiv|0413
|Koncha|0413
|Koncil|0413
|Koncilium|0413-0414
|koncipere|0414
|koncis|0414
|Kondemnation|0414
|Kondensation|0414
|Kondensationshygrometer|0414
|Kondensationsmaskiner|0414-0415
|Kondensationsvandafleder|0415-0416
|Kondensator (se Kondensationsmaskine)|0416
|Kondensator (se elektrisk K.)|0416
|Kondensatorelektroskop|0416
|kondensere|0416
|kondenseret Mælk|0416
|Kondition|0416
|Kondition|0416
|Konditionalis|0416
|konditionere|0416
|Konditionering|0416
|Konditori|0416
|kondolere|0417
|Kondominat|0417
|Kondominatretrakt|0417
|Kondor|0417
|Kondratenko, Roman Isidorovitsch|0417
|Kondratowicz, Ludwig Wladyslaw|0417
|Kondrer, Kondrit|0417
|Kondrin|0417
|Kondrit|0417
|Kondroarsenit|0417
|Kondrodit|0417
|Kondrogen|0417
|Kondroitinsvovlsyre|0417
|Kondrup, Cathinka Jenny Helene|0417
|Konduite|0417
|Konduitelister|0417
|Konduktor|0417
|Kondukt|0417
|Konduktør|0417
|Konduriotis, Lazaros|0418
|Kondylom|0418
|Konebaad|0418
|Koner, Max|0418
|Konewka, Paul|0418-0419
|Konfederatka|0419
|Konfekt|0419
|Konfektion|0419
|Konference|0419
|Konferensraad |0419
|konferere|0419
|Konferver|0419
|Konfession|0419
|Konfessionarius|0419
|konfessionel|0419
|konfidentiel|0419
|Konfiguration|0419
|Konfination|0419-0420
|konfinere|0420
|Konfirmation (jur.)|0420
|Konfirmation (kirkelig)|0420
|konfirmativ|0420
|konfirmere|0421
|konfirmere (jur.)|0421
|Konfiskation|0421
|konfiskere|0421
|Konflagration|0421
|Konflikt|0421
|Konfluks|0421
|konfokal|0421
|konform|0421
|Konformister|0421
|Konfrontation|0421
|konfrontere|0421
|konfundere|0421
|konfus|0421
|Konfusion|0421-0422
|Konfutation|0422
|Konfutse|0422
|Konføderation|0422
|konfødererede|0422
|Kong|0422
|Kong-Bjergene|0422
|Kong Christian IX's Land|0422
|Konge|0422-0426
|Konge (metall.)|0426
|Konge (den dygtigste ell. anseligste)|0426
|Kongeaa|0426
|Kongeaal|0426
|Kongeblaat|0426
|Kongebregne|0426-0427
|Kongebregnefamilien|0427
|Kongebrev|0427
|Kongebreve|0427-0429
|Kongedybet|0429
|Kongedømme ell. Kongemagten|0429
|Kongeederfugl|0429
|Kongeegen|0429
|Kongefasan|0429
|Kongefisk|0429
|Kongeflag|0429
|Kongegrib|0429
|Kongegrønt|0429
|Kongegult|0429
|Kongehuset|0429
|Kongehætten|0429
|Kongekanal|0430
|Kongekrabber|0430
|Kongekrone|0430
|Kongelation|0430
|Kongelev|0430
|Kongelige Bibliotek|0430
|Kongelige Teater|0430
|Kongelig Huslov|0430
|Kongeligt Budskab|0430
|Kongeloven|0430-0431
|Kongelunden|0432
|Kongelys|0432
|Kongenerationsteori|0432
|kongenit|0432
|Kongens Foged|0432
|Kongens Kansler|0432
|Kongens Kvarter|0432
|Kongens Livjægerkorps|0432
|Kongens Ret|0432
|Kongens Retterting|0432-0433
|Kongens Ting|0433
|Kongepalme|0433
|Kongepen|0433
|Kongepengvin|0433
|Kongerejser|0433
|Kongerige|0433-0434
|Kongeriger|0434
|Kongeriget Danmarks Hypotekbank|0434
|Kongernes Bøger|0434
|Kongerødt|0434
|Kongerøgelse|0434
|Kongesalve, sort|0434
|Kongeskov|0434
|Kongespejlet|0434-0435
|Kongestin|0435
|Kongestion|0435
|Kongestionsabsces|0435
|Kongetiende|0435
|Kongetiger|0435
|Kongetræ|0435
|kongevalgte Landstingsmænd|0435-0436
|Kongevand|0436
|Kongeørn|0436
|Kong Frederik VI's Kyst|0436
|Konghelle|0436
|Kong Karl's Land|0436
|Kongle|0436
|Konglebit|0436
|Konglesiv|0436
|Konglomerat|0436
|Konglomerattuberkel|0436
|Konglutination|0436
|Konglutinationströmbe|0436
|Konglutininreaktion|0436-0437
|Kongo|0437
|Kongobanen|0437
|Kongofloden|0437
|Kongokonferencen|0437-0438
|Kongorødt|0438
|Kong Oscar's Fjord|0438
|Kong Oscar's Havn|0438
|Kong Oscar's Land|0438
|Kong Oscar's Minde|0438
|Kongostaten|0438-0441
|Kongregation|0441
|Kongregationalister|0441
|Kongregationister|0441
|Kongres|0441
|Kongres-Polen|0441
|Kongruens|0441
|kongruent|0441
|kongruere|0441
|Kongsberg|0441-0442
|Kongsbergit|0442
|Kongsberg Sølvværk|0442-0443
|Rongsbjerg|0443
|Kongsbonde|0443
|Kongshavn|0443
|Kongssæteren|0443
|Kongstad, Johan Kristian|0443-0444
|Kongsvinger|0444
|Kongsvold|0444
|Kong Valdemars Jordebog|0444-0445
|Konia|0445-0446
|Konidier|0446
|Konin|0446
|Koninck|0446
|konisk|0446
|koniske Hjul|0446
|konisk Pendul|0446
|konisk Projektion|0446
|konisk Refraktion|0446
|Konitsa|0446
|Konitz|0446
|Konitza|0446
|Konjektur|0446
|Konjekturalkritik|0446-0447
|Konjiveram|0447
|konjugal|0447
|Konjugation|0447
|Konjugation|0447
|konjugere|0447
|konjugerede Diametre|0447
|Konjunktion|0447
|Konjunktioner|0447
|Konjunktiv|0447
|Konjunkturer|0447-0448
|Konjunkturskatter|0448
|Konjunkturtillæg|0448
|Konjuration|0448
|Konk ell. Trompetsnegl|0448
|Konkan|0448
|konkav|0448
|Konkavspejl ell. Hulspejl|0448
|Konkinin|0448
|Konklave|0448
|Konklavist|0448
|konkludere|0448
|Konklusion|0448
|Konklusion|0448-0449
|Konkoide|0449
|Konkoly, N. von|0449
|Konkomitans|0449
|Konkordans|0449
|Konkordant|0449
|Konkordat|0449-0450
|Konkordia|0450
|Konkordiebog|0450
|Konkordieformelen|0450
|Konkrement|0450-0451
|konkret|0451
|Konkretioner|0451-0452
|Konkubinat|0452
|Konkubine|0452
|Konkurrence|0452-0454
|Konkurrenceforbud|0454-0455
|konkurrere|0455
|Konkurs|0455-0460
|Konkylier|0460
|Konkyliologi|0460
|Konneks|0460
|Konneksion|0460
|Konneksitet ell. Konneksion|0460-0461
|Konnerudkollen|0461
|Konnossement|0461-0463
|Konnossementsklausuler|0463
|Konnotation|0463
|konnubial|0463
|Konoide|0463
|Konon (Astronom og Matematiker)|0463
|Konon (Flaadefører)|0463
|Konopnicka, Marya|0463-0464
|Konotop|0464
|Konow, August|0464
|Konow, Carl|0464-0465
|Konow, Karl|0465
|Konow, Sten|0465
|Konow, Thomas|0465
|Konow, Wollert (Søndre Bergenhus)|0466
|Konow, Wollert (Hedemarken)|0466-0467
|Konrad I|0467
|Konrad II|0467
|Konrad III|0467-0468
|Konrad IV|0468
|Konrad af Montferrat|0468
|Konrad Fleck|0468
|Konradin|0468
|Konráðsson, Gisli|0468-0469
|Konrektor|0469
|Konsangvinitet|0469
|Konseilspræsident|0469
|Konsekration|0469
|Konsekrationsmønter|0469
|konsekutiv (mat.)|0469
|konsekutiv (i Lægevidenskab)|0469
|Konsekvens|0469
|konsekvent|0469
|Konsens|0469
|Konsensualkontrakt|0469-0470
|konsentere|0470
|konservativ|0470
|Konservator|0470
|Konservatorium|0470
|konservere|0470
|Konserver|0470
|Konservering|0470-0472
|Konserveringsmidler|0472
|konsiderabel|0472
|Konsignant|0472
|Konsignatar|0472
|Konsignation|0472-0473
|konsignere|0473
|Konsistens|0473
|Konsistensfedt|0473
|Konsistorialforfatning|0473
|Konsistorialraad|0473
|Konsistorium|0473
|Konsistorium|0474
|Konskie|0474
|Konskription|0474
|Konsol|0474
|Konsolation|0474
|Konsolationsløb|0474
|Konsolidation (Gæld)|0474
|Konsolidation (Pant)|0474
|Konsolidation (i Kirurgien)|0474-0475
|konsolidere|0475
|konsoliderede Fonds|0475
|konsoliderede Venstre|0475
|konsolideret Benbrud|0475
|Konsolsten|0475
|Konsonans|0475
|Konsonanter|0475
|Konsorter|0475
|Konsortium|0475
|konspirere|0475
|Konstabel|0475
|Konstabelskolen|0476
|Konstans|0476
|konstant|0476
|konstant (mat.)|0476
|Konstantia-Vine|0476
|Konstantin (rom. og byzantinske Kejsere)|0476-0477
|Konstantin (russ. Storfyrste)|0477-0478
|Konstantin (russ. Storfyrste)|0478
|Konstantin I (Hellenernes Konge)|0478-0479
|Konstantinograd|0479
|Konstantinopel|0479-0487
|Konstantinov|0487
|Konstantins-Buen|0487
|Konstanz|0487
|Konstanz-Konciliet|0487-0488
|konstatere|0488
|Konstellation|0488
|konsternere|0488
|Konstipation|0488
|konstituere|0488
|konstituerende|0488
|Konstitution|0488
|Konstitution|0488
|Konstitution (kem.)|0488
|Konstitutionalisme|0488
|konstitutionel|0488
|Konstitutionsanomali|0488
|Konstitutionsformel|0488
|Konstitutionspatologi|0488
|Konstitutionssygdomme|0488
|Konstitutionsutskottet|0488-0489
|konstitutiv|0489
|konstitutiv Dom|0489
|Konstriktion|0489
|konstringere|0489
|konstruere|0489
|Konstruktion|0489
|Konstruktion|0489
|Konstruktion|0489
|Konstruktør|0489
|Konsubstantiation|0489
|Konsul|0489-0490
|Konsul|0490-0492
|Konsularagent|0492
|Konsularjurisdiktion|0492
|Konsularkonventioner|0492
|Konsularmønter|0492-0493
|Konsulat|0493
|Konsulatafgift|0493
|Konsulatet|0493
|Konsulent|0493
|konsulere|0493
|Konsult|0493
|Konsultation|0493
|konsultativ|0493-0494
|konsultere|0494
|Konsum|0494
|konsumere|0494
|Konsumsukker|0494
|Konsumtion|0494-0495
|kontagiøs|0495
|Kontakt|0495
|Kontaktelektricitet|0495
|Kontaktepidemi|0495-0496
|Kontaktgange|0496
|Kontaktkatalysator|0496
|Kontaktmetamorfose|0496
|Kontaktsten|0496
|Kontaktsubstans|0496
|Kontamination|0496
|kontant|0497
|Kontantsalg|0497
|Kontekst|0497
|kontemnere|0497
|Kontemplation|0497
|kontemplativ|0497
|kontemporær|0497
|Kontenter|0497
|Kontentivbandage|0497
|Kontinent|0497
|kontinental|0497
|Kontinentalbevægelser|0497
|Kontinentalfacies|0497
|Kontinentalsystem|0497-0498
|Kontingensvinkel|0498
|Kontingent|0498
|Kontinuation|0498
|Kontinuationsangivelse|0498
|Kontinuationsklage|0498
|Kontinuationsstævning|0498
|Kontinuationssøgsmaal|0498
|Kontinuationsudlæg|0498
|kontinuerende|0498
|kontinuerlig|0498
|kontinuerlig Drager|0498
|kontinuert|0498
|Kontinuitet|0498
|Kontinuitetsprincip|0498
|Konto|0498-0499
|Kontokorrent|0499
|Kontokurant|0499
|Kontokurantforhold|0499
|Kontor|0499
|Kontorassistent|0499
|Kontorchef|0499
|Kontoret|0499
|Kontorholdsgodtgørelse|0499
|Kontorholdslov.|0500
|Kontorist|0500
|Kontorniater|0500
|kontra|0500
|Kontra-Alt|0500
|Kontraappel|0500
|Kontraapproche|0500
|Kontrabande|0500-0501
|Kontrabas|0501
|Kontrabog|0501-0502
|Kontracitant|0502
|Kontradans|0502
|Kontradiktionsprincippet|0502
|Kontradiktor|0502
|kontradiktorisk|0502
|kontradiktorisk|0502
|Kontrafagot|0502
|Kontrafej|0502
|Kontrafægtning|0502
|Kontragalop|0502
|Kontrahent|0502
|kontrahere|0502
|Kontrakautionist|0502
|Kontraklage|0502
|Kontrakt|0502-0503
|kontraktil|0503
|Kontraktion|0503
|Kontraktion (fys.)|0503
|Kontraktion (tekn.)|0503
|Kontraktion (med.)|0503
|Kontraktion (se Indsnøring)|0503
|Kontraktionsring|0503
|Kontraktsbrud|0503-0504
|Kontraktsfrihedens Grundsætning|0504
|Kontraktsystem|0504
|Kontraktur|0504
|Kontramagnet|0504
|kontramandere|0504
|Kontramarch|0504
|Kontramarch (tekn.)|0504
|Kontramine|0504
|Kontramærke|0504
|Kontraoktav|0505
|Kontraordre|0505
|Kontrapart|0505
|Kontraposto|0505
|Kontrapunkt|0505
|Kontrareformation|0505
|Kontraremonstranter|0505
|Kontrasignatur|0505-0506
|kontrasignere|0506
|Kontrast|0506
|Kontrastfarve|0506
|Kontrastfilter|0506
|Kontrastævning|0506
|Kontrasubjekt|0506
|Kontrasøgsmaal|0506
|Kontratempostød|0506
|Kontratryk|0506
|Kontravallationslinie|0506
|Kontravenient|0506
|Kontravention|0506
|Kontraversering|0506
|Kontreadmiral|0506
|Kontrebande|0506
|Kontregarde|0506-0507
|Kontrektationsteori|0507
|Kontreskarpe|0507
|kontribuere|0507
|Kontribution|0507
|Kontribution|0507
|Kontrition|0507
|Kontrol|0507
|Kontrolapparater|0507
|Kontrolforening|0507-0508
|Kontrolure|0508
|Kontrolør|0508
|Kontrovers|0508
|kontrær|0508
|kontrære Begreber|0508
|Kontski, Antoine|0508
|Kontubernal|0508
|Kontumacialproces|0508
|Kontur|0508
|Kontusion|0508
|Konungs Skuggsja|0508
|Konval|0508-0509
|Konvalescens|0509
|Konvalfamilien|0509
|konveks|0509
|Konvektion|0509
|Konvektionsovne|0509
|Konvener|0509
|konvenere|0509
|Konveniens|0509
|Konvent|0509
|Konventet|0509
|Konventikel|0509
|Konvention|0509-0510
|Konventionalbøde|0510
|Konventionaltarif|0510
|konventionel|0510
|Konventionstarif|0510
|Konventualer|0510
|Konventualinde|0510
|Konvergens|0510
|Konvergent|0510
|konvergere|0510
|Konversation|0510
|Konversationsleksikon|0510
|Konversationsopera|0510
|Konversationsstykke|0510
|konversere|0510
|Konversion|0510
|Konversionssalpeter|0510
|Konverter|0510
|konvertere|0510
|Konvertering|0510-0511
|Konvertitter|0511
|Konvertor|0511
|Konvikt|0511
|Konvoj|0511-0512
|Konvolut|0512
|Konvulsion|0512
|Konvulsionister|0512
|Kooperation|0512
|kooperative Selskaber|0512
|kooperere|0512
|Kooptation|0512-0513
|Koordinater|0513-0514
|Koordination|0514
|Koordinatsystem|0514
|koordineret|0514
|Kootanie|0514
|Kop (hollandsk Maal)|0514
|Kop (Søv.)|0514
|Kopais|0514
|Kopaivabalsam|0514-0515
|Kopaivabalsam, ostindisk|0515
|Kopaivaolie|0515
|Kopaivatræ|0515
|Kopal (Harpiks)|0515
|Kopal (By i Russland)|0515
|Kopalkibark|0515
|Kopaonik Planina|0515
|Kopeika|0515
|Kopek|0515
|Kopernikus, Nicolaus|0515-0518
|Kopervik|0518
|Kopf, Joseph v.|0518
|Kophta|0518
|Kopi|0518
|Kopiblæk|0518
|Kopibog|0518
|Kopiering|0518-0519
|Kopieringsapparat|0519
|Kopierlærred|0519
|Kopiermaskine|0519
|Kopierpapir|0519
|Kopierstift|0519
|Kopipresse|0519
|Kopiramme|0519
|Kopisch, August|0519
|Kopist|0519
|Kopitar, Bartholomaeus|0519
|kopiøs|0519
|Kopje|0519
|Kopp, Hermann|0519-0520
|Koppa|0520
|Kopparbergs Län|0520
|Koppay, Josef|0520
|Koppel, Valdemar|0520
|Koppel-rick|0520
|Kopper|0520-0522
|Koppers-Ovne|0522
|Koppesalve|0522
|Koppesyge|0522
|Kopreinitz|0522
|Koprofager|0522
|Koprofagi|0522
|Koprolali|0522
|Koprolit (se Enterolit)|0522
|Koprolit (forstenede Ekskrementer)|0522
|Koprostase|0522
|Kops|0522
|Kopskat|0522
|Kopskurv|0522
|Kopsætning|0522
|Kopter|0522-0523
|koptisk Kirke|0524
|koptisk Kunst|0524-0525
|koptisk Litteratur|0525
|koptisk Sprog|0525-0526
|Koptos|0526
|Kopula|0526
|Kopulation|0526
|Kopulationsed|0526
|kopulative|0526
|kopulere|0526
|Kopyczynce|0526
|Kopys|0526
|Kor (Del af Kirke)|0526-0527
|Kor (Musik m. v.)|0527
|Korach|0527
|Korah|0527
|Korais, Adamantios|0527-0528
|Korakan|0528
|Koral|0528
|Koralagat|0528
|Koralalger|0528
|Koraldyr|0528
|Koralerts|0528
|Koralfisk|0528
|Koralkalk|0528
|Korallav|0528
|Koraller|0528-0532
|Korallin|0532
|Koraloolit|0532
|Koralpolyp|0532
|Koralrev|0532
|Koralrod|0532
|Koralsand|0532
|Koralslange|0532
|Koralstok|0532
|Koralsvamp|0532
|Koraltræ|0532
|Koraløer|0532
|Koran|0532-0533
|Korana|0533
|Korangi|0533
|Korat|0533
|Korax|0533
|Korban|0533
|Korbendikteurt|0533
|Korbiskop|0533
|Korbær|0533
|Korde (mat.)|0533
|Korde (Snor, Sejlgarn)|0533
|Kordegn|0533
|Kordel|0533
|Kordeliernes Klub|0533
|kordere|0533
|Korderoy|0533
|Kordesystem|0533
|Kordetavler|0533
|kordial|0533
|Kordillerer|0533
|Kordofan|0533-0534
|Kordofan-Gummi|0534
|Kordon|0534
|Kordon ell. Kordongesims|0534
|kordoneret Silke|0534
|Korduan|0534
|Kordylit|0534
|Kore|0534
|Korea|0534-0537
|Korea-Bugten|0537
|koreansk Sprog|0537
|Korea-Strædet|0537
|Korein|0537
|Koreishitter|0537
|Koren, Charlotte Amalie|0537
|Koren, Johan|0537-0538
|Koren, Kristian Brinch|0538
|Korender|0538
|Koren-Wiberg, Johan Christian|0538
|Koreografi|0538-0539
|Koresch|0539
|Korfanty, Wojciech|0539
|Korff, Modest|0539
|Korfitzen, Svend Johan Valdemar|0539
|Korfú|0539-0540
|Korherrer|0540
|Korhvælving|0540
|Koriander|0540
|Korinna|0540
|Korinth|0540-0542
|Korinthebusk|0542
|Korinther|0542
|Korinthierbrevene|0542-0547
|Korinthiske Havbugt|0547
|korinthiske Krig|0547
|korinthisk Malm|0547
|korinthisk Stil|0547
|Korinthos|0547
|Korist|0547
|Korjaker|0547
|Korjakov|0547
|Kork|0547-0548
|Korkbeton|0548
|Korkceller|0548
|Korkeg|0548
|Korkformstykker|0548
|Korkisoleringsmasser|0548
|Korkklodser|0548
|Korkkrummer|0548-0549
|Korkplader|0549-0551
|Korkporer|0551
|Korksten|0551
|Korksyre|0551
|Korkælm|0551
|Kormákr Ögmundarson|0551
|Kormofytter|0551
|Kormoran|0551
|Korn (se Sigtemidler)|0551
|Korn (Mønts Finvægt)|0551
|Korn, A.|0551
|Kornaager|0551
|Kornarter|0551-0552 0553-0554
|Kornavl|0552
|Kornbeck, Johan Peter|0555
|Kornblomst|0555
|Kornbrændevin|0555
|Kornealherpes|0555
|Kornegalle|0555
|Kornel|0555
|Kornelfamilien|0555
|Kornelkirsebærtræ|0555
|Kornerup, Andreas Nicolaus|0555
|Kornerup, Ebbe|0555
|Kornerup, Jacob|0555-0556
|Kornerup, Valdemar Vincent|0556
|Kornerupin|0556
|kornet|0556
|Kornet (Musik)|0556
|Kornet (Officersgrad)|0556
|Korneuburg|0556
|Kornfluer|0556
|Korngold, Erich Wolfgang|0556-0557
|Kornhandel|0557
|Kornilov, Lavd Georgievitch|0557
|Kornkrage|0557
|Kornlove|0557
|Kornlærke|0557
|Kornløbebille|0557-0558
|Kornmod|0558
|Kornmøl|0558
|Kornorm|0558
|Kornpuger|0558
|Kornrensemaskine|0558
|Kornrente|0558
|Kornrose|0558
|Kornrust|0558
|Korns Billedtelegrafi|0558
|Kornskatten|0558
|Kornsnudebillen|0558
|Kornspurv|0559
|Kornstad|0559
|Korntang|0559
|Kornvægt, hollandsk|0559
|Kornværling|0559
|Korografi|0559
|Korolenko, Vladimir Galaktionovitsch|0559
|Korolevets|0559
|Koromandel-Ibenholt|0559
|Koromandel-Kysten|0559
|Koronadit|0559
|Koroneia|0559
|Koroni|0559
|Koroni-Bugten|0559
|Koronis|0559
|Korop|0559
|Kororofa|0560
|Korosko|0560
|Korotojak|0560
|Korotscha|0560
|Korporal|0560
|Korporal|0560
|Korporalskab|0560
|Korporalstok|0560
|Korporation|0560
|korporlig|0560
|Korps|0560
|Korpsartilleri|0560
|korpulent, Korpulence|0560
|Korpus|0560
|Korrasion|0560
|Korrealobligation|0560-0561
|korrekt|0561
|Korrektion|0561
|Korrektionsstraffe|0561
|korrektiv|0561
|Korrektur ell. Korrekturaftryk|0561
|Korrelatforbrydelser|0561
|Korrelation|0561
|korrelativ|0561
|korrelative Ord ell. Korrelativer|0561
|Korrelativer|0561
|korrelativ Variabilitet|0561
|Korrespondance|0561
|Korrespondance-Princip|0561-0562
|Korrespondent|0562
|korrespondere|0562
|korresponderende Højder|0562
|korresponderende Reder|0562
|Korridor|0562
|Korridorsystem|0562
|Korridorvogn|0562
|korrigere|0562
|korrigerende Midler|0562
|Korrobori|0562
|Korrosion|0562
|korrumpere|0562
|Korruption|0562
|Kors|0562-0565
|Korsabad|0565
|Korsakoff's Psykose|0565
|Korsakræv|0565
|Korsar|0565
|Korsaren|0565-0566
|Korsbaandsforsendelse|0566
|Korsbanner|0566
|Korsben|0566
|Korsblomst|0566
|Korsblomstrede|0566-0567
|Korsbrødre|0567
|Korsbue|0567
|Kcrsbyrd|0567
|Korsbærtorn|0567
|Korschelt, Eugen|0567
|Korsedderkopper|0567
|Korseke|0567
|Korselitze|0567
|korse sig|0567-0568
|Korset (Stjernebillede)|0568
|Korset (Livstykke)|0568-0569
|korset Kors|0569
|Korsets Døtre|0569
|Korsets Ophøjelse|0569
|Korsfarer|0569
|Korsfisk|0569
|Korsflag|0569
|Korsfæstelse|0569
|Korsgang|0569
|Korsgevær|0569
|Korshavn|0569
|Korsherrer|0569
|Korsholm|0569-0570
|Korshus|0570
|Korshvælving|0570
|Korskirke|0570
|Korsknap|0570
|Korsmesse|0570
|Korsnæb|0570-0571
|Korsorden|0571
|Korsprøve|0571
|Korsrive|0571
|Korssten|0571
|Korssøstre|0571
|Korstogene|0571-0575
|Korstole|0575
|Korstrold|0575
|Korsved|0575
|Korsør|0575-0578
|Kort (se Landkort, Søkort og Spillekort)|0578
|Kort (tekn.)|0578
|Kortaandethed|0578
|Kortcelle|0578
|korteste Dag|0578
|korte Varer|0578
|kortgriflet|0578
|Korthion|0578
|Korthornsrace|0578
|Korthoveder|0578
|Korti|0578
|Kortin|0578
|Kortjeneste|0578
|Kortlæbe|0578
|Kortmaaling|0578-0579
|Kortone|0579
|Kortpapir|0579
|Kortprojektion|0579
|Kortrijk|0579
|Kortscheva|0579
|kort Sigt|0579
|Kortskaller|0579
|Kortskrift|0579
|Kortslagmaskine|0579
|Kortslutning|0579
|Kortsplidsning|0579
|kortstagsvis|0579
|Kortsynethed|0579
|Korttegning|0579
|kort Veksel|0579
|Korund|0579-0580
|Korupedion|0580
|Korvet|0580
|Korvey|0580
|Korvikar|0580
|Korybanter|0580
|Korydon|0580
|Koryfaios|0580
|Koryfodonter|0580
|Koryfæ|0580
|Korykiske Grotte|0580
|Korykos (Sæk med Sand)|0580
|Korykos (By)|0580
|Korytza|0580
|Korzeniowski, Józef|0581
|Kos|0581
|Kosakker|0581-0585
|Koschat, Thomas|0585
|koscher|0585
|Koschwitz, Eduard|0585
|Kosciuszko|0585
|Kosciuszko, Thadæus|0585-0586
|Kosegarten, Ludwig Theobul og Johann Gottfried Ludwig|0586
|Kosegarten, Wilhelm|0586
|Kosel|0586
|Koselez|0586-0587
|Koselsk|0587
|Kosh|0587
|Košice|0587
|Kosin|0587
|Koskinen, Yrjö-|0587
|Koskinomantik|0587
|Koskull, Anders Gustaf|0587
|Koslov|0587
|Koslovski, Michael Ivanovitsch|0587
|Kosmas fra Jerusalem|0587
|Kosmas Indikopleustes|0587
|Kosmas og Damianus|0587
|Kosmetik|0587-0588
|kosmetiske Midler|0588
|kosmisk|0588
|kosmisk Fysik|0588
|kosmisk Opgang og Nedgang|0588
|Kosmodemjansk|0588
|Kosmogoni|0588
|Kosmografi|0588
|Kosmoklor|0588
|Kosmologi|0588
|kosmologisk Bevis|0588
|Kosmopolit|0588
|kosmopolitisk|0588
|Kosmorama|0588
|Kosmos|0588
|Kosotræ|0588
|Kospat|0588
|Kossabeh|0588
|Kossak, Ernst|0588
|Kossak, Julius v. og Adalbert|0588
|Kosseir|0588
|Kossel, Albrecht|0588-0589
|Kossir|0589
|Kossogol|0589
|Kossovo|0589
|Kossuth, Ludvig og Frants|0589-0590
|Kossyra|0590
|Kossæer|0590
|Kost (fysiol.)|0590
|Kost (Søv.)|0590
|Kostajnica|0590
|Kostelyng|0590
|Kosten|0590
|Koster|0590
|Koster, Edvard Bernhard|0590
|Koster Rende|0590
|Kosterøerne|0590
|Kostheim|0590
|Kostic, Laza|0590
|Kostin-Shar|0591
|Kostniiz|0591
|Kost og Tæring|0591
|Kostomarov, Nikolaj Ivanovitsch|0591
|Kostpenge|0591
|Kostroma|0591-0592
|Kostume|0592
|Kostumebal|0592
|Kostumier|0592
|Kostær|0592
|Kosva|0592
|Koswig|0592
|Kosymre|0592
|Kotah|0592
|Kotarnin|0592
|Kotelet|0592
|Kotelnitsch|0592
|Koteri|0592
|Koteringsmetode|0592
|Koti|0592
|Kotillon|0592
|Kotinga|0592
|Kotka|0592
|Kotkarl|0592
|Kotlin|0592
|Kotljarevskij, Ivan Petrovitsch|0592-0593
|Koto|0593
|Kotoko|0593
|Kotonou|0593
|Kotor|0593
|Kotoschichin, Grigorij Karpovitsch|0593
|kotoyere|0593
|Kotri|0593
|Kotræ|0593
|Kotschkurov|0593
|Kotshan|0593
|Kotsh Behar|0593
|Kotshi|0593
|Kotshin|0593-0594
|Kotshinkina|0594
|Kottabos|0594
|Kottbus|0594
|Kotter|0594
|Kottiske Alper|0594
|Kottos|0594
|Kotur|0594
|Koturne|0594
|Kotyaïon|0594
|Kotyle|0594
|Kotys (kvindelig Guddom)|0594
|Kotys (thrakisk Fyrste)|0594
|Kotzebue, August Alexander von|0594
|Kotzebue, August Friedrich Ferdinand von|0594-0595
|Kotzebue, Otto von|0595
|Kotzebue, Wilhelm von|0596
|Kotzebue-Sund|0596
|Kotzenau|0596
|Kouda-Elven|0596
|Kous|0596
|Kovalevskij, Alexander|0596
|Kovalevskij, Georg|0596
|Kovalevskij, Sofie|0596
|Kovalevskij, Voldemar|0596-0597
|Kovalski, Marian|0597
|Kovariant|0597
|Kovdosero|0597
|Koveit|0597
|Kovel|0597
|Kovending|0597
|Kover|0597
|Kovirke|0597
|Kovno|0597
|Kovrov|0597
|Kovs|0597
|Kowalski-Wierusz, Alfred von|0597
|Kowitchan|0597
|Koyot|0597
|Kozani|0597
|Kozeluch, Leopold Anton|0598
|Koziebrodski, Władysław|0598
|Kozienice|0598
|Kozlov, Ivan Ivanovitsch|0598
|Kozmin|0598
|Koøje|0598
|Kraaka|0598
|Kraake|0598
|Kraakeboller|0598
|Kraakefod, Kraakefodfamilien|0598
|Kraakerøy|0598
|Kraakstad|0598-0599
|Kraal|0599
|Kraas|0599
|Krabastømmer|0599
|Krabat|0599
|Krabbe (ornamentale Blade)|0599
|Krabbe (tekn.)|0599
|Krabbe (danske Adelsslægter)|0599-0600
|Krabbe, Christoffer|0600-0602
|Krabbe, Harald|0602
|Krabbe, Oluf|0602
|Krabbe-Carisius, Hans|0602-0603
|Krabbedykker|0603
|Krabbeedderkopper|0603
|Krabbehund|0603
|Krabbekrigen|0603
|Krabber|0603-0606
|Krabbesholm|0606
|Krabettje|0606
|Krablit|0606
|Krach|0606
|Kradsere|0606-0607
|Kradsuld|0607
|Krafft, Adam|0607
|Krafft, David von|0607
|Krafft, Johann August|0607-0608
|Krafft, Johann Peter|0608
|Krafft, Per den Ældre og Yngre|0608
|Krafft-Ebing, Richard, Baron v.|0608-0609
|Krafla|0609
|Krafse|0609
|Kraft|0609-0610
|Kraft, Frederik Carl Julius|0610
|Kraft, Jens|0610
|Kraft, Jens Edvard|0610-0611
|Kraftenhed|0611
|Kraftfoder|0611
|Kraftfordeling|0611
|Kraftgas|0611-0621
|Kraftlinier|0621
|Kraftmaaler|0621
|Kraftmaskine|0621
|Krafto|0621
|Kraftoverførelse|0621-0622
|Kraftpar|0622
|Kraftpolygon|0622
|Kraftsamlere|0622
|Kraftstol|0622
|Krag|0622-0623
|Krag, Anders|0623
|Krag, Hans Hagerup|0623
|Krag, Hans Peter Schnitler|0623
|Krag, Niels|0623-0624
|Krag, Ole Herman Johannes|0624
|Krag, Peter Rasmus|0624
|Krag, Thomas Peter|0624-0625
|Krag, Vilhelm Andreas Wexels|0625
|Krage|0625
|Kragefod|0625
|Kragehul-Fundet|0625
|Kragehytte|0625
|Krageindianere|0625
|Kragejolle|0625
|Krageklo|0625-0626
|Kragenæs|0626
|Kragerø|0626
|Kragetorn|0626
|Kragetræer|0626
|Kragh, Johannes|0626
|Krag-Jørgensen's Gevær|0626
|Kragos|0626
|Kragsten|0626
|Kragujevač|0627
|Krah|0627
|Kraich|0627
|Krailsheim|0627
|Krain|0627
|Krajevskij, Andrej Aleksandrovitsch|0627
|Krajina|0627
|Krajova|0627
|Krak, Elias Christian Thorvald og Ove|0627
|Kraka|0627
|Krakatau|0627-0628
|Krakau|0628
|Krake (Hørytter)|0628
|Krake (Tilnavn m. v.)|0628
|krakeleret|0628
|Krakiler|0628
|Krakmandler|0628
|Krakov|0628-0629
|Krakowiak|0629
|Krákumál|0629-0630
|Kral (d. s. s. Kraal)|0630
|Kral (europ. Konger)|0630
|Kralingen|0630
|Kralové-dvůr Haandskriftet|0630
|Královské Vinohrady|0630
|Kralupy|0630
|Kram|0630
|Kramař, Karl|0630
|Krambambuli|0630
|Krambod|0630
|Kramer, Wilhelm|0630
|Krameria|0630
|Kramnesse-Gab|0630-0631
|Kramp, Johannes Lasenius|0631
|Krampe (sammenbøjet Metal)|0631
|Krampe (i Lægevidenskaben)|0631
|Krampedraaber|0631
|Krampelatter|0631
|Kramsfugl|0631
|Kramskoi, Ivan|0631
|Kran (Maskine)|0631-0635
|Kran (Sølvmønt)|0634
|Krananker|0634
|Kranaos|0634
|Kranbjælke|0634
|Kranbro|0634
|Krane|0634
|Kranidion|0634
|Kraniektomi|0634
|Kranioklast|0634 0637
|Kraniologi|0637
|Kraniometri|0637
|Kraniopagi|0637
|Kraniotabes|0637
|Kraniotomi|0637
|Kranium|0637
|Krankenheil|0637
|Krankevægter|0637
|Krannon|0637
|Krans|0637-0638
|Krans ell. Kransgesims|0638
|Krans (Søv.)|0638
|Kransarterier|0638
|Kransburre|0638
|Kransbørste|0638
|Kransgesims|0638
|Kransgrene|0638
|Kransnaale|0638
|kransstillet|0638
|Krantor|0638
|Krantz, Albert|0638-0639
|Krantz, Jean Baptist Sebastien|0639
|Krantz, Jules François Emil|0639
|krap (Søv.)|0639
|Krap (den rensede Rod af Krapplanten)|0639
|Krapf, Johannes Ludwig|0639-0640
|Krapfamilien|0640
|Krapina|0640
|Krapivna|0640
|Kraplak|0640
|Krapplanten|0640
|Krapotkin, Peter Alexejevitsch|0640-0641
|Krappurpur|0641
|Kraprødt|0641
|Krapyl|0641
|Krarup, Carl Emil|0641
|Krarup, Frederik Christian|0641-0642
|Krarup, Janus Balthazar|0642
|Krarup, Niels Bygom Christian|0642
|Krarup, Ove Thomas Nicolai|0642
|Krarup-Hansen, Johanne|0642
|Kraselæren|0642
|Krasicki, Ignacy|0642-0643
|Krasiński, Zygmunt|0643-0644
|Krasis|0644
|Krasnik|0644
|Krasno|0644
|Krásnohorská, Eliška|0644
|Krasnoijar, Krasnyi Jar|0644
|Krasnojarsk|0644
|Krasnoje Selo|0644
|Krasnokutsk|0644
|Krasno-Slobodsk|0644
|Krasnostav|0644
|Krasno-Ufimsk|0644
|Krasnovodsk|0644
|Krasnyi|0644
|Krasnyi Jar|0644
|Krasso-Szöreny|0645
|Kraszewski, Jósef Ignacy|0645
|Krater (Kar)|0645
|Krater (Aabning i en Vulkan)|0645-0646
|Krateros|0646
|Krates fra Athen|0646
|Krates fra Mallos|0646
|Kratinos|0646
|Kraton|0646
|Kratostat|0646
|Kratovo|0646
|Krats|0646
|Kratsnegl|0646
|Kratzenstein|0646
|Kratzenstein, Christian Gottlieb|0646
|Kraurit|0646
|Kraurosis|0646
|Kraus, Arnošt|0646-0647
|Kraus, Franz Xaver|0647
|Krause, Axel Emil|0647
|Krause, Ernst Ludwig|0647
|Krause, Heinrich|0647
|Krause, Karl Christian Fr.|0647
|Krause, Olivo|0647
|Krause, Wilhelm Leopold Christian|0647-0648
|Krauss, Gabriele|0648
|Kraval|0648
|Kravate|0648
|Krave (se Dragt og Halsklædning)|0648
|Krave (bot.)|0648
|Krave (Søv.)|0648
|Kraveben|0648
|Kravebjørn|0648
|Kravehaj|0648
|Kravel|0648
|kravelbygget|0648
|Kravestykke|0648
|Kravetrappe|0648
|Krawang|0648
|Kray|0648
|Kray, Paul|0648
|Krayenhoff, Cornelius Rudolf Theodor|0648
|K're|0649
|Kreas|0649
|Kreatin|0649
|Kreatinin|0649
|Kreationsteorien|0649
|Kreatur|0649
|Kreaturforsikring|0649-0650
|Kreaturstyrke|0650
|Krebs, Andreas Samuel|0650-0651
|Krebs, Frederik Christian|0651
|Krebs, Johanne Cathrine|0651
|Krebs, Karl|0651
|Krebs, Karl August|0651
|Krebsdyrene|0651-0659
|krebse|0659
|Krebseavl|0659
|Krebsebrik|0659
|Krebsefangst|0659
|Krebseklo|0659
|Krebsekurv|0659
|Krebsen|0659-0660
|Krebsepest|0660
|Krebsering|0660
|Krebseøjne|0660
|Kredens|0660-0661
|kredense|0661
|Kredit (i Bogholderiet)|0661
|Kredit (Tillid)|0661-0662
|Kreditaabning|0662
|Kreditanstalt|0662
|Kreditbank|0662
|Kreditbeviser|0662
|Kreditbrev|0662
|kreditere|0662
|Kreditforening|0662-0665
|Kreditforsikring|0665
|Kreditiv ell. Akkreditiv|0665
|Kreditiv (folkeretlig)|0665
|Kreditkasse|0665-0666
|Kreditkrænkelser|0666
|Kreditoplag|0666-0667
|Kreditor|0667
|Kreditorudvalg|0667
|Kreditpapir|0667
|Kreditreformforening|0667
|Kreditsalg|0667
|Kreds|0667-0668
|Kredsdag|0668
|Kredsforskydning|0668
|Kredslæge|0668
|Kredsløb|0668
|Kredsmøde|0668
|Kredsoberst|0668
|Kredsordning|0668
|Kredsudvalg|0668
|kreere|0668
|Krefeld|0668-0669
|Krefting, Axel Karelius|0669
|Krefting, Otto Carl Martin|0669
|Kreibitz|0669
|Kreidal, Augustus|0669-0670
|Kreidolf, Ernst|0670
|Kreisler, Fritz|0670
|Kreittmayr, Wigulaeus Xaver Anton Aloysius von|0670
|Kreittonit|0670
|Kreling, August von|0670
|Kremasterrefleks|0670
|Kremation|0670
|Krematorium|0670
|Kremenets|0670
|Krementschug|0670
|Krementz, Philipp|0670
|Kremer, Alfred von|0670-0671
|Kreml|0671
|Kremnitz|0671
|Kremnitz, Mite|0671
|Kremometer|0671
|Krempe|0671
|Krems|0671
|Kremser, Edvard|0671
|Kremserhvidt|0671
|Kremsier|0671
|Kremsmünster|0671
|krenelere|0671
|krenelerede Mure|0671
|Krenelering|0671
|Krennerit|0671
|Kreol|0671
|Kreolin|0672
|Kreolnegre|0672
|Kreon|0672
|Kreosol|0672
|Kreosot|0672
|Kreosotal ell. Kreosotkarbonat|0672
|Kreosotbusk|0672
|Krep|0672
|krepere|0672
|krepere|0672
|Krepflor|0672
|Krepidoma|0672
|Krepitation|0672
|Krepon|0672
|Kresilas|0672-0673
|Kresol|0673
|Kresolrødt|0673
|Krestovskij, V.|0673
|Krestovskij, Vsevolod Vladimirovitsch|0673
|Krestzy|0673
|Kresylalkohol|0673
|Kresylsyre|0673
|Kreta|0673-0676
|kretacisk|0676
|Kretikus|0676
|Kretinere|0676
|Kretinisme|0676-0677
|Kreti og Pleti|0677
|kretiske Tyr|0677
|kretiske Vers|0677
|Kretschmer, Edmund|0677
|Kretschmer, Paul W.|0677
|Kretzer, Max|0677
|Kretzschmar, Carl Eduard|0677
|Kretzschmar, Hermann|0677-0678
|Kretzschmer, Andrea Marie|0678
|Kretszchmer, Johann Hermann|0678
|Kreuger, Nils|0678
|Kreusa|0678-0679
|Kreuth|0679
|Kreutz, Heinrich|0679
|Kreutzer, Konradin|0679
|Kreutzer, Rodolphe|0679
|Kreutzer-Sonaten|0679
|Kreuzburg|0679
|Kreuzer|0679
|Kreuzlingen|0679
|Kreuzlipas|0679
|Kreuznach|0679-0680
|Kreyssig, Friedrich|0680
|K'ri|0680
|Kri|0680
|Kricket|0680
|krideret Papir|0680
|Kridt|0680
|Kridtformation|0680-0684
|Kridthus|0684
|Kridtpapir|0684
|Kridtpiber|0684
|Kridtsten|0684
|Krieger|0684-0685
|Krieger, Andreas Frederik|0685-0687
|Krieger, Johan Cornelius|0687
|Kriegers Flak|0687
|Kriehuber, Josef og Fritz|0687
|Kriens|0687
|Krig (folkeretlig)|0687-0690
|Krig (Søv.)|0690
|Krigen for Dronningens Rettigheder|0690
|Krigsakademi|0690
|Krigsartikler|0690
|Krigsassessor|0690
|Krigsberedskab|0690
|Krigsbesætning|0690
|Krigsbroer|0690
|Krigsbrug|0690
|Krigsbygningskunst|0690-0691
|Krigsbytte|0691
|Krigserklæring|0691
|Krigsfanger|0691-0692
|Krigsfiskal|0692
|Krigsflaade ell. Flaade|0692
|Krigsfod|0692
|Krigsforhør|0692
|Krigsfork ell. -gaffel|0692
|Krigsformation|0692
|Krigsforsikring|0692
|krigsførende Magt|0692-0693
|Krigsguder|0693
|Krigshavn|0693
|Krigsherre|0693
|Krigshistorie|0693
|Krigshofret|0693
|Krigshospitalskassen i Norge|0693
|Krigshunde|0693
|Krigskasse|0693
|Krigskommissær|0693
|Krigskonjunkturskatter|0693
|Krigskontrabande|0693
|Krigskontribution|0693
|Krigskunst|0693
|Krigslist|0693-0694
|Krigsmagten|0694
|Krigsmarch|0694
|Krigsmaskiner|0694
|Krigsmateriel|0694
|Krigsmedaille|0694
|Krigsministerium|0694
|Krigsmærker|0694
|Krigsmærs|0694
|Krigsomkostninger|0694-0695
|Krigspræmie|0695
|Krigspsykose|0695
|Krigsraab|0695
|Krigsraad|0695
|Krigsraad|0695
|Krigsret|0695
|Krigsræson|0695
|Krigssekretær|0695
|Krigsskade|0695-0696
|Krigsskat|0696
|Krigsskib ell. Orlogsskib|0696-0698
|Krigsskole|0698-0699
|Krigsskueplads|0699
|Krigsspil|0699
|Krigstilstand|0699
|Krigstjeneste|0699
|Krigstribun|0699
|Krigsvidenskab|0699
|Krik (Ladeplads)|0699
|Krik (Hest)|0700
|Krik (Indianer)|0700
|Krikand|0700
|Kriket|0700-0701
|Krikotracheotomi|0701
|Krillesyge|0701
|Krim|0701-0702
|Krim-Goter|0702
|Krimhild|0702
|Kriminalantropologi|0702-0704
|Kriminalasyl|0704
|Kriminaldommer|0704
|Kriminalist|0704
|Kriminalistik|0704
|kriminalistiske Skoler|0704-0705
|kriminalistisk Forening|0705
|Kriminalitet|0705
|Kriminalkammer|0705
|Kriminal- og Politiretten i Kjøbenhavn|0706
|Kriminalpatient|0706
|Kriminalpolitik|0706
|Kriminalproces|0706
|Kriminalpsykologi|0707
|Kriminalret|0707
|Kriminalsag|0707
|Kriminalsociologi|0707
|Kriminalstatistik|0707
|kriminel|0707
|kriminel Lavalder|0707
|Kriminologi|0707
|Krimisos|0707
|Krim-Krigen|0707-0709
|Krimmitschau|0709
|Krinagoras|0709
|Kringelbach, Georg Nicolai|0709
|Kringen|0710
|Kringla|0710
|Kringsjaa|0710
|Krinoidekalk|0710
|Krinoline|0710
|Kris|0711
|Krisa|0711
|Krise|0711
|Kriser|0711-0712
|Krishna|0712-0714
|Krishnagar|0714
|Krishna-Dvaipayana|0714
|Krisis|0714
|Krislejern|0714
|krispe ell. krisple|0714
|Kriss|0714
|Krissa|0714
|kristelig Arkæologi|0714-0715
|Kristelig Forening for unge Kvinder|0715
|Kristelig Forening for unge Mænd|0715-0716
|kristelig Kunst|0716-0717
|kristelig sociale Bevægelse|0717-0718
|kristelig Studenterbevægelse|0718
|Kristen|0718
|Kristendommen|0718-0721
|Kristenforfølgelse|0721-0722
|Kristenheden|0722
|Kristenret|0722
|Kristensen, Evald Tang|0722-0723
|Kristensen, Marius|0723
|Kristensen, William Brede|0723
|Kristiania|0723-0732
|Kristianiafjord|0732
|Kristianiaposten|0732
|Kristiania Stift|0732
|Kristianiaterritoriet|0732-0733
|Kristiania Universitet|0733
|Kristianopel|0733
|Kristians Amt|0733
|Kristiansand|0733-0734
|Kristiansand Stift|0734
|Kristiansen, V.|0734
|Kristianstad|0734-0735
|Kristianstads Len|0735
|Kristiansund|0735-0736
|Kristi Bloddraabe|0735
|Kristi Efterfølgelse|0735
|Kristi Himmelfart|0735
|Kristi Legemsfest|0735-0736
|Kristina Augusta|0736-0739
|Kristinehamn|0739
|Kristinestad|0739
|Kristinréttr|0739
|Kristkirke|0739
|Kristmaaned|0739
|Kristmesse|0739
|Kristnisaga|0739
|Kristofersen, Kristofer Lorentz Hornemann|0740
|Kristologi|0740-0742
|Kristpalme|0742
|Kristrup|0742
|Kristtorn|0742
|Kristtornfamilien|0742
|Kristus|0742
|Kristus-Billede|0742-0746
|Kristus-Monogrammer|0746
|Kristus-Orden|0746
|Kristus-Symboler|0746
|Krisuvigit|0746
|Krisuvik|0746
|Kriterium (Kendetegn)|0746
|Kriterium (ved Væddeløb)|0746-0747
|Kritheis|0747
|Kritias|0747
|Kriticisme|0747
|Kritik|0747-0748
|Kritiker, kritisk, kritisere|0748
|Kritios og Nesiotes|0748
|kritisk Alder|0748
|kritiske Dage|0748
|kritiske Data|0748
|Kriton|0748
|Kritschev|0748
|Krivina|0748
|Krivitscher|0748
|Krivoi Rog|0748
|Krivosije|0748
|Krizevci|0748
|Kro|0748
|Kroater|0748
|Kroatien-Slavonien|0748-0750
|kroatisk Litteratur og Sprog|0750
|kroatisk-slavonisk Militærgrænse|0750
|Krog|0750-0751
|Krog, Arnold Emil|0751
|Krog, Georgine Anna Sverdrup|0751-0752
|Krogen|0752
|Krogerup|0752
|Krogh, von|0752-0753
|Krogh, Andreas Jensen|0753
|Krogh, Bernhard Vilhelm Gustav|0753-0754
|Krogh, Ferdinand Christian Herman von|0754
|Krogh, Georg Frederik von|0754
|Krogh, Gerhard Christoph von|0754-0755
|Krogh, Mathias Bonsach|0755
|Krogh, Schack August Steenberg|0755-0756
|Kroghage|0756
|kroghaset|0756
|Krogh-Tontung, Knud Karl|0756-0757
|Krogius, Frans Ali Bruno|0757
|Krogk, Hendrik|0757
|Kroglaks|0757
|Kroglove|0757
|Krognaal|0757
|Krognos|0757
|Krognæb|0757-0758
|Krogspyd|0758
|Krogtand|0758
|Krogvig, Anders|0758
|Krogørred|0758
|Krogh, Christian (Jurist og Politiker)|0758-0759
|Krohg, Christian (Maler og Forfatter|0759-0760
|Krohg, Georg Anton|0760-0761
|Krogh, Oda|0761
|Krohg, Otto Theodor|0761
|Krohg, Per|0761
|Krohn, Frederik Christoffer|0761-0762
|Krohn, Georg Herman|0762
|Krohn, Henrik|0762
|Krohn, Ilmari|0762
|Krohn, Johan Jacob|0762
|Krohn, Julius Leopold Fredrik|0762-0763
|Krohn, Kaarle Leopold|0763
|Krohn, Michael|0763
|Krohn, Olaf|0763
|Krohn, Pietro Købke|0763
|Kroisos|0763-0764
|Kroja|0764
|Krokering|0764
|Kroket (Selskabsspil)|0764
|Kroket Stuvning)|0764
|Kroki|0764
|Krokkleven|0764
|Krokodilgavial|0764
|Krokodilleflod|0764
|Krokodiller|0764-0767
|Krokodilletaarer|0767
|Krokodillæder|0767
|Krokodilopolis|0767
|Krokodilvogter|0767
|Krokodiløgler|0767
|Krokoit|0767
|Krokonsyre|0767
|Krokydolit|0767
|Krolevez|0767
|Krom|0767-0768
|Kromalun|0768
|Kromammoniakforbindelser|0768
|Kromann, Kristian Frederik Vilhelm|0768-0769
|Kromater|0769
|Kromathidrose|0769
|Kromatik|0769
|Kromatin|0769
|kromatisk|0769
|kromatisk Polarisation|0769
|Kromatmetoderne|0769
|Kromatoforer|0769
|Kromatologi|0769
|Kromatoskop|0769
|Kromatrop|0769-0770
|Kromatypi|0770
|Krombronze|0770
|Krombrunt|0770
|Kromcinnober|0770
|Kromerts|0770
|Kromfluorid|0770
|Kromforbindelser|0770
|Kromforilteforbindelser|0770
|Kromforiltehydrat|0770
|Kromforklor|0770
|kromgarvet Læder|0770
|Kromgelatine|0770
|Kromglimmer|0770
|Kromgrønt|0770
|Kromgult|0770
|Kromhidrose|0770
|Kromhydroxyd|0770
|Kromhydroxydul|0770
|Kromi|0770
|Kromifluorid|0770
|Kromiforbindelser|0770
|Kromihydroxyd|0771
|Kromiklorid|0771
|Kromikromat|0771
|Kromilte|0771
|Krominitrat|0771
|Kromioxyd|0771
|Kromisalte|0771
|Kromisulfat|0771-0772
|Kromit|0772
|Kromitter.|0772
|Kromjernsten|0772
|Kromklorid|0772
|Kromkloryr|0772
|Kromlim|0772
|Kromnikkelstaal|0772
|Kromo (i Sammensætninger)|0772
|Kromo (se Kromoforbindelser)|0772
|Kromoforbindelser|0772
|Kromoforer|0772
|Kromofotografi|0772
|Kromofototerapi|0772
|Kromofototypi|0772
|Kromogener|0772
|Kromohydroxyd|0772
|Kromokker|0772
|Kromoklorid|0772
|Kromolit|0773
|Kromolitografi|0773
|Kromopapir|0773
|Kromoplaster|0773
|Kromorange|0773
|Kromosalte|0773
|Kromosfære|0773
|Kromoskop|0773
|Kromosom|0773
|Kromosulfat|0773
|Kromotypi|0773
|Kromotypografi|0773
|Kromoversyre|0773
|Kromoxyd|0773
|Kromoxydhydrat|0773
|Kromoxydsalte|0773
|Kromoxyklorid|0773
|Kromoxylografi|0773
|Kromozinkografi|0773
|Kromperoxyd|0773
|Kromrødt|0773
|Kromsalte|0773
|Kromsort (til Porcelænsmaling)|0773
|Kromsort (Uld- og Bomuldsfarve)|0773
|Kromstaal|0773
|Kromsulfat|0773
|kromsur Ammoniak|0773
|kromsur Baryt|0773
|kromsure Salte|0773
|kromsurt Blyilte|0773
|kromsurt Jerntveilte|0773
|kromsurt Kobber|0773
|kromsurt Kobberilte|0773
|kromsurt Kromtveilte|0773
|kromsurt Kvægsølvforilte|0773
|kromsurt Natron|0773
|kromsurt Sølvilte|0773
|kromsurt Zinkilte|0773
|Kromsyre|0773-0774
|Kromsyreanhydrid|0774
|Kromsyreforbindelser|0774
|Kromsyreklorider|0774
|Kromtetroxyd|0774
|Kromtrioxyd|0774
|Kromtveilte|0774
|Kromtveilteforbindelser|0774
|Kromtveiltehydrat|0774
|Kromtveiltesalte|0774
|Kromtveklor|0774
|Kromviolet|0774
|Kromylklorid|0774
|Kronach|0774
|Kronarbejde|0774
|Kronben|0774
|Kronberg, Joh. Julius|0775
|Kronblad|0775
|Kronbor|0775
|Kronborg|0775-0777
|Kronborg Amt|0777
|Krondue|0777
|Krondyr|0777
|Krone (Hovedprydelse)|0777-0779
|Krone (Møntnavn og Guldvægt)|0779
|Krone (bot.)|0779
|Krone (se Tonsur)|0779
|Krone (se Hov)|0779
|Krone (By i Polen)|0779
|Kronecker, Leopold|0779
|Kronedaler|0779-0780
|Kroneforhold|0780
|Kroneglas|0780
|kronemærket|0780
|Kronen|0780
|Kronen (to Stjernebilleder)|0780
|Kronenberg|0780
|Kroneorden|0780
|Kronfistel|0781
|Krongesims|0781
|Kronglas|0781
|Krongods|0781
|Kronhjort|0781
|Kronhjul|0781
|Kronia|0781
|Kronider|0781
|Kronik|0781
|Kroning|0781-0782
|kronisk|0782
|kroniske Hav|0782
|Kronjurist|0782
|Kronjuveler|0782-0783
|Kronjyder|0783
|Kronkoloni|0783
|Kronlande|0783
|Kronled|0783
|Kronlen|0783
|Kronløb|0783
|Kronløse|0783
|Krono|0783
|Kronoberg|0783
|Kronobergs Län|0783-0784
|Kronofogd|0784
|Kronograf|0784
|Kronograf ell. Kronoskop|0784-0785
|Kronogram|0785
|Kronologi|0785-0788
|kronologisk|0788
|Kronometer (se Ur)|0788
|Kronometer (Søv.)|0788
|Kronos|0788
|Kronoskop|0788
|Kronprins ell. Tronfølger|0788-0789
|Kronprinsens Øer|0789
|Kronragning|0789
|Kronregalier|0789
|Kronrust|0789
|Kronstadt (By i Rusland)|0789
|Kronstadt (rumænsk By og Komitat|0789
|Kronstadt-Bugt|0789
|Kronsyndikus.|0789-0790
|Kronthal|0790
|Krontrane|0790
|Kronvasal|0790
|Kronvidne|0790
|Kronværk|0790
|Kroonstad|0790
|Krop (Udvidningen af Skjoldbruskkirtlen)|0790
|Krop (Vaarsalat)|0790
|Kropotkin|0790
|Kroppert|0790
|Kropstykke|0790
|Krosno|0790
|Krossen|0790
|Krossfisk|0790
|Krossing, Niels Brock|0790
|Krossing, Nikolaj Ulrik|0790
|Krossing, Peter Caspar|0790
|Krosstensgrus og Krosstensler|0790
|Krossved|0790
|Krostork|0790
|Krotalon|0790
|Kroton|0790-0791
|Krotoschin|0791
|Krottendorf|0791
|Krouthén, Johan Fredrik|0791
|Kru|0791
|Krucifiks|0791-0792
|Kruditet|0793
|Krudt|0793-0797
|Krudtfabrik|0797
|Krudtfabrikation|0797
|Krudtgas|0797
|Krudthorn|0797
|Krudtkammer|0797
|Krudtmaal|0797
|Krudtmagasin|0797
|Krudtmølle|0797
|Krudtprøve|0797
|Krudtsammensværgelsen|0797-0798
|Krudtslam|0798
|Krudttaarn|0798
|Krudttræ|0798
|Krudtværk|0798
|Krueger, Carl Nicolaus Adalbert|0798
|Kruger, Stephanus Johannes Paul|0798-0799
|Krugit|0799
|Kruja|0799
|Krukenberg, Peter|0799
|krukkeformet|0799
|Krum, Jacob Daniel|0799
|Krumau|0799
|Krumbøjler|0799
|Krumhals|0799
|Krumholt|0799
|Krumholter|0799
|Krumhorn|0799
|Krumir|0799
|Krumkimede|0799-0800
|Krumkniv|0800
|Krummacher|0800
|Krummedige|0800
|krumme Flader|0800
|krumme Linier|0800
|krummet ell. krumt (Æg)|0800
|Krumning|0800-0801
|krumnæbbet Ryle|0801
|Krumpasser|0801
|Krumpen|0801-0802
|Krumsabel|0802
|Krumslutning|0802
|Krumstav|0802
|Krumtap|0802
|Krumtapaksel|0802
|Krumtapmekanismen|0802-0803
|Krumtømmer|0803
|Krup|0803-0804
|Krupa|0804
|Krupanj|0804
|Krupp, Alfred|0804-0805
|Kruppin|0805
|krupøs|0805
|Kruralarterien|0805
|Krurafnerven|0805
|Krus|0805
|Kruschevats|0805
|Kruschevo|0805
|Kruschka|0805
|Kruse|0805-0806
|Kruse, Carl Max|0806
|Kruse, Frederik Vinding|0806
|Kruse, Heinrich|0806
|Kruse, Jens William|0806-0807
|Kruse, Lars Andersen|0807
|Kruse, Laurids|0807
|Kruse, Otto Friedrich|0807
|Kruse, Ulrik Christian|0807
|Kruse, Vibeke|0807-0808
|Kruseduller|0808
|Kruseman, Cornelis og Jan Adam|0808
|Krusemynte|0808
|Krusenstern, Adam Johann von og Paul von|0808
|Krusesyge|0808
|Krusevac|0808
|Krusevo|0808
|Krushammer ell. Stokhammer|0809
|Krushjul|0809
|Kruskaal|0809
|Krusning|0809
|Kruspersille|0809
|Krustader|0809
|krustiske Instrumenter|0809
|Krybbe.|0809
|Krybbebiden|0809-0810
|Krybbebidergrime|0810
|Krybben (Krebsen)|0810
|Krybben (Jesus-Barnets)|0810
|Krybbønner|0810
|Krybdyr|0810-0817
|Krybefisk|0817
|krybende|0817
|Krybespor|0817
|Krybskytte.|0817
|Kryddereddike|0817
|Krydderier|0817
|Krydderiøerne|0817
|Kryddermynte|0817
|Kryddernelliker|0817
|Krydderpose|0817
|Kryddersild|0817
|Krydderurterne|0817-0818
|Kryddervin|0818
|Krüdener, Barbara Juliane, Baronesse von|0818
|Krüdener, Nikolaus Paulovitsch|0818
|krydrede Draaber|0818
|Kryds|0818
|Kryds (mus.)|0818
|Kryds (Søv.)|0818
|Krydsben|0818
|Krydsbestøvning|0819
|krydse (Søv.)|0819
|krydse (i Væddeløb)|0819
|Krydser|0819
|Krydseren|0819
|Krydsfartøj|0819
|Krydsforbandt|0819
|Krydsforhør|0819
|Krydsgalop|0819
|Krydsholt|0819
|Krydshoved|0819
|Krydshug|0819
|Krydshvælving|0819
|Krydslamhed|0819
|Krydsmast|0819
|Krydsmejsel|0819
|Krydsning|0819
|Krydsningssporskifte|0819
|Krydspejling|0819
|Krydsskæring|0819
|Krydsslag|0819
|Krydstoldvæsen|0820
|Krügell, Johan Adam|0820
|Krüger, C. N. A.|0820
|Krüger, Eduard|0820
|Krüger, Franz|0820-0821
|Krüger, Hans Andreasen|0821-0822
|Krüger, Karl Wilhelm|0822
|Krüger, Paul|0822
|Kryger, Simon|0822
|Kryger, S. J. P.|0822
|Krügersdorp|0822
|Krykje|0822
|Krykke|0822
|Krykkekors|0822
|Krykkelammelse|0822
|Krykketap|0823
|Krylov, Ivan Andrejevitsch|0823
|Krümmel, JohannGottfried Otto|0823
|krympe|0823
|Kryofin|0823
|Kryofor|0823
|Kryofyllit|0823
|Kryohydrater|0823-0824
|Kryokonit|0824
|Kryolit|0824
|Kryolitglas|0824
|Kryolitionit|0824
|Kryometer|0824
|Krypt|0824
|Krypteia|0824
|Kryptiker|0824
|Krypto|0824
|Kryptoftalmus|0825
|Kryptogamer|0825
|kryptogen|0825
|kryptogenetisk Infektion|0825
|Kryptograf|0825
|Kryptografi|0825
|Kryptokalvinisme|0825
|Kryptokatolicisme|0825
|kryptokrystallinsk|0825
|Krypton|0825
|kryptonym|0825
|Kryptopertit|0825
|Kryptorkisme|0825-0826
|kryptozoisk Gruppe|0826
|Krysalide|0826
|Krysanilin|0826
|Krysanthemum|0826
|Krysarobin|0826
|Kryslinger|0826
|kryso|0826
|Krysopras|0826
|Krystal|0826-0828
|Krystalakse|0828
|Krystaldannelse|0828
|Krystalelektricitet|0828
|Krystalformer|0828-0830
|Krystalfysik|0830
|Krystalglas|0830
|Krystalgruppe|0830
|Krystalhule|0830
|Krystalkemi|0830
|Krystalkutling|0830
|Krystalkælder|0830
|Krystaller (se Krystal)|0830
|Krystaller (bot.)|0830-0831
|Krystallin|0831
|Krystallinse|0831
|krystallinsk|0831
|krystallinske Skifere|0831
|Krystallisation|0832
|Krystallitter|0832
|Krystallografi|0832
|Krystalloider (Modsætning til Kolloider)|0832
|Krystalloider (bot.)|0832
|Krystallomantik|0832-0833
|Krystallometri|0833
|Krystallose|0833
|Krystalmagnetisme|0833
|Krystalmel|0833
|Krystaloptik|0833
|Krystalpaladset|0833
|Krystalponceau|0833
|Krystalskeletter|0833-0834
|Krystalsoda|0834
|Krystalstruktur|0834
|Krystalsystem|0834
|Krystalvand|0834
|Krystalviolet|0834
|Krystalvisioner|0834
|Kryzhanitsch, Jurij|0834
|Kræft|0834-0845
|Kræft (i Plantepatologien)|0845
|Kræfternes Parallelogram|0845
|Kræfters Sammensætning|0845
|Kræftkakeksi|0845
|Kræge|0845
|Krægerust|0845
|Krækkebær|0845
|Krækling|0845
|Kræklingfamilien|0845
|Kræm|0845
|Kræmer, Anders Robert v.|0845-0846
|Kræmmer|0846
|Kræmmerhus|0846
|krænge|0846
|Krængningsforsøg|0846
|Krængningsmaaler|0846
|Kraepelim, Emil|0846
|Kræts|0846
|Krøderen|0846
|Krødsherad|0846
|Krølhaar|0846
|Krølhaarslav|0847
|Krøllerne|0847
|Krølskur|0847
|Krønike|0847
|Krønike, Niels Svendsen|0847
|Krønikernes Bøger|0847-0848
|Krøs (Se Bughinde og Tarmkanal)|0848
|Krøs (Rende i Tøndestaver)|0848
|Krøsbær|0848
|Krøsus|0848
|Krøyer, Hans Ernst|0848
|Krøyer, Henrik Nikolai|0848-0849
|Krøyer, Peter Severin|0849-0850
|Kshattriya|0850
|Kshemendra|0850-0851
|kt.|0851
|Ktenodipteriner|0851
|Ktenoidskæl|0851
|Ktesias|0851
|Ktesibios|0851
|Ktesifon (Athener)|0851
|Ktesifon (By)|0851
|K'tib|0851
|Ktima|0851
|Kuando|0851
|Kuang-Hsu|0851
|Kuango|0851
|Kuangsi|0851
|Kuangtshoufu|0851
|Kuangtung|0851
|Kuara|0851
|Kuba|0852
|Kuba-Bast|0852
|Kuban|0852
|Kubango|0852
|Kuban-Omraadet|0852
|Kubatur|0852-0853
|Kubba|0853
|Kube ell. Kuge|0853
|Kubebeolie|0853
|Kubeber|0853
|Kubelik, Jan|0853
|Kubera|0853
|kubere|0853
|Kubetshi|0853
|Kubikenhed|0853
|Kubikindhold, Kubikmaal|0853
|Kubikrod|0853
|Kubiktabel|0853
|Kubiktal|0853
|Kubin, Alfred|0853
|Kubinskoje|0853
|kubisk|0853
|kubisk Krudt|0854
|kubisk Ligning|0854
|kubisk Salpeter|0854
|Kubisme|0854
|Kublai-Kan|0854
|Kubu|0854-0855
|Kubus|0855
|Kucha|0855
|Kuchinotsu|0855
|Kuči|0855
|Kúðafljót|0855
|Kudalur|0855
|Kudowa|0855
|Kudrun|0855
|Kuds|0855
|Kudu-Antilopen|0855
|Kueit|0855
|Kueitshou|0855
|Kuenen, Abraham|0855
|Kuenlyn|0855
|Kuf|0855
|Kufa|0856
|Kufferath, Maurice|0856
|Kuffertfisk|0856
|Kufije|0856
|kufiske Mønter|0856
|kufisk Skrift|0856
|Kufra|0856
|Kufstein|0856
|Kuftgari|0856
|kúgildi|0856-0857
|Kugle (mat. og Symbol for Jorden)|0857
|Kugle (se Skarp)|0857
|Kugleafsnit|0857
|Kugleakacie|0857
|Kuglearmbrøst|0857-0858
|Kuglebakterier|0858
|Kuglebane|0858
|Kuglebaneneg|0858-0859
|Kugleblaat|0859
|Kuglebælte|0859
|Kuglebæltedyr|0859
|Kuglecirkel|0859
|Kuglediorit|0859
|Kuglefang|0859
|Kuglefisk|0859
|Kugleflade|0859
|Kugleflint|0859
|Kugleform|0859
|Kuglegranit|0859
|Kuglekaktus|0859
|Kuglekalot|0859
|Kuglekrans|0859-0860
|Kuglelak|0860
|Kuglelav|0860
|Kugleled (lægev.)|0860
|Kugleled (tekn.)|0860
|Kugleleje|0860
|Kuglelyn|0860
|Kuglemølle|0860
|Kugleporfyr ell. Pyromerid|0860
|Kugleposten|0860-0861
|Kuglepunkt|0861
|Kugler, Franz|0861
|Kugler, Franz Xaver|0861
|Kugleramme|0861
|Kuglering ell. Tore|0861
|Kuglesandsten|0861
|Kuglesegment|0861
|Kuglesektor|0861
|Kugleskive|0861
|Kuglesonde|0861
|Kuglespil|0861-0863
|Kuglesprøjte|0863
|Kugletang|0863
|Kugletrykprøver|0863
|Kugletrækker|0863
|Kugletønde|0864
|Kugleudsnit|0864
|Kugleventil|0864
|Kuguar|0864
|Kuh-i-Baba|0864
|Kuh-i-Taftân|0864
|Kuhl, Herman, von|0864
|Kuhlau, Daniel Friedrich Rudolph|0864-0865
|Kuhn, Ernst W. Adalbert|0865
|Kuhn, Franz Felix Adalbert|0865
|Kuhn, Franz|0865-0866
|Kuhnau, Johann|0866
|Kuhreigen|0866
|Kuhstall|0866
|Kuilenburg|0866
|Kuilu|0866
|Kujavien|0866
|Kujon|0866
|Kujundschik|0866
|Kuk|0867
|Kuka|0867
|Kuki|0867
|Kukker|0867
|Kukkerbukser, Kukkerurt|0867
|Ku-Klux-Clan|0867
|Kukolnik, Nestor Vasiljevitsch|0867
|Kukuchoto|0867
|Kukuljević-Sakcinski, Ivan|0867-0868
|Kuku-Nor|0868
|Kukurbeta|0868
|Kul|0868-0869
|Kul (russ. Kornmaal)|0869
|Kula (Taarn/Bolig)|0869
|Kula (By i Jugoslavien)|0869
|Kulaly|0870
|Kulan|0870
|Kulangsu|0870
|kulant|0870
|Kulasekarapatnam|0870
|Kulbarga|0870
|Kulblende|0870
|Kulbrinter|0870
|Kulbækken|0870
|Kuld|0870
|Kuldamp|0870
|Kuldampforgiftning|0870
|Kulde|0870
|Kuldeblanding|0870-0871
|Kuldedød|0871
|Kuldeer|0871
|Kuldegrader|0871
|Kuldegysning|0871
|Kuldemaskine|0871
|Kuldepol|0871
|Kuldgravning|0871
|Kuldiga|0871
|Kuldioxyd|0871
|Kuldisulfid|0871
|Kuldlysning|0871
|Kuldsejl|0871
|kuldsejle|0871-0872
|Kuldsha|0872
|Kuldynamit|0872
|Kuldæer-Kirken|0872
|Kule|0872
|Kulegravning|0872
|Kuleli-Burgas|0872
|Kulevtscha|0872
|Kulfelt|0872
|Kulformation|0872
|Kulfotografi eller Pigmentfotografi|0872-0873
|kulførende|0873
|Kulgas|0873-0898
|kulholdig Skifer|0898
|Kulhul|0898
|Kulhydrater|0898-0899
|Kuli|0899
|Kulikan|0899-0900
|Kulikovo Polje|0900
|Kulilawanolie|0900
|Kulilte|0900
|Kulilteforgiftning|0900-0901
|kulinarisk|0901
|Kuling|0901
|Kulisch, Panteleimon Aleksandrovitsch|0901
|Kulisse (Maskindel)|0901
|Kulisse (Børsudtryk)|0901
|Kulisse (Teaterdekoration m. v.)|0901
|Kulissedør|0901
|Kulissehugst|0901-0902
|Kulissestyring|0902
|Kuljernsten|0902
|Kulkalk|0902
|Kulkasse|0902
|Kulkun|0902
|Kullaberg|0902
|Kullag|0902-0903
|Kulla Gunnarstorp|0903
|Kullak, Theodor og Adolf|0903
|Kullberg, Karl Anders|0903
|Kulle|0903
|Kulle, Nils Jakob og Henrik Axel m. fl.|0904
|Kulleje|0904
|Kullemölla-Mergel|0904
|Kullen|0904
|Kuller (se Torsk)|0904
|Kuller (Hjernesygdom)|0904
|kullet|0905
|Kullmann, Eduard Franz Ludwig|0905
|Kullosningsapparater|0905
|Kullosningskraner|0905 0907
|Kullæmper|0905
|Kulm (Aflejringer)|0905
|Kulm (Landsby i Böhmen)|0905-0906
|Kulm (Chelmo)|0906
|Kulmann, Elisabeth|0906
|Kulmbach|0906
|Kulmbach, Hans von|0906
|Kulmejse|0906
|Kulmile|0906
|Kulmination|0906 0909
|Kulmine|0909
|kulminere|0909
|Kulmonoxyd|0909
|Kulmsee|0909
|Kulmule|0909
|Kulmund|0909
|Kulna|0909
|Kuloi|0909
|Kulos|0909
|Kuloxyd|0909
|Kuloxydforgiftning|0909
|Kuloxydgas|0909
|Kuloxyklorid|0909
|Kuloxysulfid|0909
|Kulp|0909
|Kulpa|0909
|Kulpapir|0909
|Kulpetøj|0909
|Kulpol|0909
|Kulsandsten|0909
|Kulsbjerge|0909
|Kulsejl|0909
|Kulskifer|0909
|Kulso|0909
|Kulstaal|0909
|Kulstof|0909-0910
|Kulstofatom|0910
|Kulstofklorider|0910
|Kulstofoxyklorid|0910
|Kulstofoxysulfid|0910
|Kulstofstaal|0910
|Kulstoftetraklorid|0910
|Kulsukker|0910-0911
|Kulsulfid|0911
|kulsur Ammoniak|0911
|kulsur Baryt|0911
|kulsure Salte|0911
|kulsur Kalk|0911
|kulsur Magnesia|0911
|kulsur Strontian|0911
|kulsurt Blyilte|0911
|kulsurt Jernforilte|0911
|kulsurt Kali|0911
|kulsurt Kobberilte|0911
|kulsurt Koboltilte|0911
|kulsurt Natron|0911
|kulsurt Zinkilte|0911
|Kulsvier|0911
|Kulsviertro|0911
|Kulsvovl|0911
|Kulsyre|0911-0913
|Kulsyreassimilation|0913-0914
|Kulsyrebad|0914
|Kulsyreforgiftning|0914
|Kulsyrekilde|0914
|Kulsyrevand|0914
|Kulsystem|0914
|Kulsækken|0914
|Kultegning|0914
|Kultivator|0914
|kultivere|0914
|Kultjære|0914
|Kultraadslampe|0914
|Kultryk|0914
|Kultræ|0914-0915
|Kultur|0915-0917
|Kulturfolk|0917
|Kulturhistorie|0917-0921
|Kulturhistoriska Museet i Lund|0921
|Kulturkampen|0921
|Kulturlag|0921
|Kulturplan|0921
|Kulturplanter|0921-0923
|Kulturvidenskaber|0923
|Kultus|0923-0925
|Kultusministeriet|0925
|Kulugli|0925
|Kuluri|0925
|Kulør (Farve)|0925
|Kulør (Sukkerkulør)|0925
|Kum (i geografiske Egennavne)|0925
|Kum (By i Persien)|0925
|Kuma|0925
|Kumamoto|0925
|Kumaner|0925-0926
|Kumani|0926
|Kumanien|0926
|Kumaon|0926
|Kumara|0926
|Kumari|0926
|Kumassi|0926
|Kumbakonam|0926
|Kumbriske Bjerge|0926
|Kumir|0926
|Kum Kale|0926
|Kummeovne|0926
|Kummer, Ernst Edvard|0926
|Kummer, Friedrich August|0926
|Kumo|0926-0927
|Kumpan|0927
|Kumptapoh|0927
|Kumte|0927
|Kumtesele|0927
|Kumulation|0927-0928
|kumulativ|0928
|kumulere|0928
|Kumulitter|0928
|Kumunduros, Alexander|0928
|Kumyker|0928
|Kumys|0928
|Kunama|0928
|Kunao|0928
|Kunar|0928
|Kunashar|0929
|Kunaxa|0929
|Kunbum|0929
|Kun-bum|0929
|Kunde|0929
|Kundgørelse|0929
|Kundmann, Karl|0929
|Kundrovske Tatarer|0929
|Kundt, August Adolf Eduard Eberhardt|0929
|Kundt's Støvfigurer|0929
|Kunduriotis|0929
|Kundus|0929
|Kunersdorf|0929-0930
|Kunêtra|0930
|Kunfuda|0930
|Kung|0930
|Kung-fu-tse|0930-0931
|Kungsbacka|0931-0932
|Kungsholm|0932
|Kungsör|0932
|Kungtshang|0932
|Kungur|0932
|Kungälf|0932
|Kunia|0932
|Kunigunde|0932
|Kunjut|0932
|Kunkels|0932
|Kunowski, Albrecht von og Felix von|0932
|Kunsan|0932
|Kunst|0932-0934
|Kunstakademi|0934-0937
|Kunstbroderi|0937
|Kunstbronze|0937
|Kunstfejl|0937
|Kunstforeninger|0937-0939
|Kunstgær|0939
|Kunstgødning|0939
|Kunsthaandværk|0939
|Kunsthandel|0939
|Kunsthistorie|0939-0946
|Kunsthjul|0946
|kunstig Befrugtning|0946
|kunstige Blomster|0946
|kunstige Lemmer|0947-0948
|kunstig Ernæring|0948
|kunstige Tænder|0948-0949
|kunstig Horisont|0949
|kunstig Rugning|0949
|kunstigt Aandedræt|0949
|Kunstindustri|0949-0952
|Kunstindustrimuseer|0952
|Kunstindustriskoler|0952-0953
|Kunstkammeret|0953-0954
|Kunstkryds|0954
|Kunstmuseum|0954
|Kunstner-Eneret|0954
|Kunstnerret|0954-0956
|Kunstnertryk|0956
|Kunst- og Haandverks Skolen|0956
|Kunstord|0956
|Kunstost|0956-0957
|Kunstsamlinger|0957
|Kunstsilke|0957
|Kunstskakt|0957
|Kunstskole|0957
|Kunstsmør|0957
|Kunststøbning|0957
|Kunsttræ|0957
|Kunstudstillinger|0957-0959
|Kunstuld|0959
|Kunstvidenskab|0959
|Kún Szent Márton|0959
|Kunth, Karl Sigismund|0959
|Kunto|0959
|Kuntshang|0959
|Kuntøje|0959
|Kunzen, Friedrich Ludwig Æmilius|0959-0960
|Kuopio|0960
|Kup|0960
|Kupang|0960
|Kupe (se Jernbanevogne og Kupésystem)|0960
|Kupe (lille, helt lukket Vogn)|0960
|kupellere, Kupellation|0960
|Kupelwieser, Leopold|0960
|kupere|0960
|kuperet|0960-0961
|kuperet Hale|0961
|Kupering|0961
|Kupesystem|0961
|Kupetzky, Johann|0961
|Kupferdreh|0961
|Kupffer, Adolf Theodor|0961
|Kupiditet|0961
|Kupjanszk|0961
|Kuplet|0961
|Kupolovnen|0961-0962
|Kupon|0962
|Kuppel|0962-0963
|Kuppelgrave|0963-0964
|Kuppelhvælving|0964
|Kuppelkonstruktioner|0964-0965
|Kupriacetat|0965
|Kupriarsenit|0965
|Kupriborat|0965
|Kupridiaminhydroxyd|0965
|Kupridiaminsulfat|0965
|Kupriferrocyanid|0965-0966
|Kuprijodid|0966
|Kuprikarbonat|0966
|Kupriklorid|0966
|Kuprikromat|0966
|Kuprin, Alexander Ivanovitsch|0966
|Kuprinitrat|0966
|Kuprioxyd|0966-0967
|Kuprioxydammoniak|0967
|Kuprioxyklorid|0967
|Kuprisalte|0967
|Kuprisilikat|0967
|Kuprisulfat|0967
|Kuprisulfid|0967
|Kupritetraminhydroxyd|0968
|Kupritetraminsulfat|0968
|Kuprojodid|0968
|Kuproklorid|0968
|Kuprooxyd|0968
|Kuprosalte|0968
|Kuprosilikat|0968
|Kuprosulfid|0968
|Kur (helbredelse)|0968
|Kur (se Kura)|0968
|Kur (gøre K.)|0968
|Kura Flod i Ciskaukasien)|0968
|Kura (Flod i Transkaukasien)|0968-0969
|kurabel|0969
|Kurage|0969
|Kural|0969
|Kuramá|0969
|Kuranda, Ignaz|0969
|Kurander|0969
|Kuranko|0969
|Kurant|0969
|kurant|0970
|Kuratel|0970
|Kurator|0970
|Kuratorium|0970
|Kurban|0970
|Kurbariltræ|0970
|Kurdere|0970
|kurdisk Sprog|0970-0971
|Kurdistan|0971
|kure|0971
|Kure|0971
|Kuren|0971
|Kurer (finsk Folkestamme)|0971
|Kurer (Ilbud)|0971
|kurere|0971
|Kurertog|0971
|Kureter|0971
|Kureter|0971
|Kurfyrstehat|0971
|Kurfyrster|0971-0972
|Kurg|0972
|Kurgan|0972
|Kurganer|0972
|Kurgæst|0972
|Kurhessen|0972
|Kurhus|0972
|Kurialer|0972
|Kurialier|0972
|Kurialpræfekt|0972
|Kurialstemme|0972
|Kurialstil|0972
|Kurian-Murian-Øerne|0972
|Kurie|0972-0973
|Kurilerne|0973
|Kuriler-Strædet|0973
|Kurinsk|0973
|Kuriosa|0973
|Kuriositet|0973
|Kurisches Haff|0973-0974
|kuriøs|0974
|Kurkumagult|0974
|Kurkumin|0974
|Kurland|0974
|Kurmandsch|0974
|Kurmark|0974
|Kurmetode|0974
|Kurmysch|0975
|Kurnool|0975
|Kuroki, Tamemoto|0975
|Kuropatkin, Alexej Nikolajevitsch|0975-0976
|Kuro Shio|0976-0977
|Kurotrofos|0977
|Kurremölla-Feltet|0977
|Kurrentskrift|0977
|Kurs (Søv.)|0977
|Kurs (Penge, Veksler, Børspapirer)|0977-0978
|Kursachsen|0978
|kursere|0978
|Kursivskrift|0978
|Kursk|0978
|Kurskontrollør|0978
|Kursliste ell. Kursseddel|0978
|kursorisk|0978
|Kursseddel|0978
|Kursted|0978
|Kursus|0978-0979
|Kurtage|0979
|Kurtics|0979
|Kurtine|0979
|Kurtisan|0979
|Kurtoisi|0979
|Kurtsolari|0979
|Kurtz, Johann Heinrich|0979
|Kuru|0979
|kuruliske Stol|0979
|Kuruma|0979
|Kuruman|0979
|Kumme|0979
|Kurutscheschme|0979
|Kurv (bot.)|0979
|Kurv, give|0980
|Kurv (Pølse)|0980
|Kurvatur|0980
|Kurvblomstrede|0980-0981
|Kurvbold|0981-0982
|Kurvefletning|0982
|Kurvehanksbue|0982
|Kurvepil|0982
|Kurver|0982
|Kurvirke|0982
|Kurz, Heinrich|0982-0983
|Kurz, Hermann|0983
|Kurz, Isolde|0983
|Kurzbauer, Eduard|0983
|Kus|0983
|Kusch|0983-0984
|Kuschitter|0984
|Kushanerne|0984
|Kushantsu|0984
|Kushk-i-Nakhud|0984
|Kusije|0984
|Kusine|0984
|Kusken|0984-0985
|Kuskokvim|0985
|Kusma|0985
|Kusnezk|0985
|Kusnezki Alatau|0985
|Kussaie|0985
|Kusser, Joh. S.|0985
|Kussmaul, Adolf|0985
|Kussoblomster|0985
|Kussotræ|0985
|Kustendsche|0985
|Kustode|0985
|Kustodiev, Boris|0985
|Kustos|0985
|Kusu|0985
|Kutahia|0985
|Kutais (By i Transkaukasien)|0985
|Kutais (Guv. i Transkaukasien)|0985-0986
|Kutanreaktion|0986
|Kutei|0986
|Kut-el-amara|0986
|Kutenai|0986
|Kuteragummi|0986
|Kutha|0986
|Kuthein|0986
|Kutin|0986
|Kutlinger|0986-0988
|Kutlægger|0988
|Kutno|0988
|Kutschker, Johann Rudolph|0988
|Kutschke-Sangen|0988
|Kutschuk-Kainardschi|0988
|Kutsha|0988
|Kutsha-darja|0988
|Kutshan|0988
|Kutsh Behar|0988
|Kutshinotsu|0988
|Kutshun|0988
|Kutte|0988
|Kuttenberg|0988-0989
|Kutter eller Slup|0989
|Kutterbrig|0989
|Kutting|0989
|Kutu|0989
|Kutusov-Smolenskij, Michael Laurionovitsch Golenischtschew|0989
|Kuustö Slot|0989
|Kuutar|0989
|Kuvelering|0989
|Kuvera|0989
|Kuvert|0989-0990
|Kuvette|0990
|Kuvlunger|0990
|Kuvøse|0990
|Kuwa|0990
|Kux|0990
|Kuyper, Abraham|0991
|Kuytenbrouwer, Martinus Antonius|0991
|kVA|0991
|Kvaas|0991
|Kvabbe|0991
|Kvabso|0991
|Kvad ell. Kvæde|0991
|Kvadderis|0991
|Kvade|0991
|Kvaderformation|0991
|Kvadersandsten|0991
|Kvadersten|0991
|Kvadragesima|0991
|Kvadrans|0991
|Kvadrant (mat.)|0991
|Kvadrant (astronomisk Instrument)|0992
|Kvadrant (Instrument)|0992
|Kvadrantjern|0992
|Kvadrat (mat.)|0992
|Kvadrat (mus.)|0992
|Kvadrat (i typografi)|0992
|Kvadratalen|0992
|kvadratisk|0992
|kvadratisk Form|0992
|kvadratisk Ligning|0992
|Kvadratjern|0992
|Kvadratmaal|0992
|Kvadratrix|0992
#
#
