# salmonsen/2/14/Pages.lst
#
0001|titel
0002|blank
0003|titel
0004|blank
0005|i
0006|ii
0007|iii
0008|iv
0009|1
0010|2
0011|3
0012|4
0013|5
0014|6
0015|7
0016|8
0017|9
0018|10
0019|11
0020|12
0021|13
0022|14
0023|15
0024|16
0025|17
0026|18
0027|19
0028|20
0029|21
0030|22
0031|23
0032|24
0033|25
0034|26
0035|27
0036|28
0037|29
0038|30
0039|31
0040|32
0041|33
0042|34
0043|35
0044|36
0045|37
0046|38
0047|39
0048|40
0049|41
0050|42
0051|43
0052|44
0053|45
0054|46
0055|47
0056|48
0057|plansch
0058|blank
0059|49
0060|50
0061|51
0062|52
0063|53
0064|54
0065|55
0066|56
0067|57
0068|58
0069|59
0070|60
0071|61
0072|62
0073|63
0074|64
0075|65
0076|66
0077|plansch
0078|plansch
0079|67
0080|68
0081|69
0082|70
0083|plansch
0084|blank
0085|71
0086|72
0087|73
0088|74
0089|75
0090|76
0091|77
0092|78
0093|plansch
0094|plansch
0095|plansch
0096|plansch
0097|79
0098|80
0099|81
0100|82
0101|83
0102|84
0103|85
0104|86
0105|87
0106|88
0107|89
0108|90
0109|91
0110|92
0111|93
0112|94
0113|95
0114|96
0115|97
0116|98
0117|99
0118|100
0119|101
0120|102
0121|103
0122|104
0123|105
0124|106
0125|plansch
0126|blank
0127|107
0128|108
0129|109
0130|110
0131|111
0132|112
0133|113
0134|114
0135|115
0136|116
0137|117
0138|118
0139|119
0140|120
0141|121
0142|122
0143|123
0144|124
0145|125
0146|126
0147|127
0148|128
0149|129
0150|130
0151|131
0152|132
0153|133
0154|134
0155|135
0156|136
0157|137
0158|138
0159|139
0160|140
0161|141
0162|142
0163|143
0164|144
0165|145
0166|146
0167|147
0168|148
0169|149
0170|150
0171|151
0172|152
0173|153
0174|154
0175|155
0176|156
0177|157
0178|158
0179|159
0180|160
0181|161
0182|162
0183|163
0184|164
0185|165
0186|166
0187|167
0188|168
0189|169
0190|170
0191|171
0192|172
0193|173
0194|174
0195|175
0196|176
0197|177
0198|178
0199|179
0200|180
0201|181
0202|182
0203|183
0204|184
0205|185
0206|186
0207|187
0208|188
0209|189
0210|190
0211|191
0212|192
0213|193
0214|194
0215|blank
0216|plansch
0217|plansch
0218|blank
0219|195
0220|196
0221|197
0222|198
0223|199
0224|200
0225|201
0226|202
0227|203
0228|204
0229|205
0230|206
0231|207
0232|208
0233|209
0234|210
0235|211
0236|212
0237|213
0238|214
0239|215
0240|216
0241|217
0242|218
0243|219
0244|220
0245|221
0246|222
0247|223
0248|224
0249|225
0250|226
0251|227
0252|228
0253|229
0254|230
0255|231
0256|232
0257|233
0258|234
0259|235
0260|236
0261|237
0262|238
0263|239
0264|240
0265|241
0266|242
0267|243
0268|244
0269|245
0270|246
0271|247
0272|248
0273|249
0274|250
0275|251
0276|252
0277|253
0278|254
0279|255
0280|256
0281|257
0282|258
0283|259
0284|260
0285|261
0286|262
0287|263
0288|264
0289|265
0290|266
0291|267
0292|268
0293|269
0294|270
0295|271
0296|272
0297|273
0298|274
0299|275
0300|276
0301|277
0302|278
0303|279
0304|280
0305|281
0306|282
0307|283
0308|284
0309|285
0310|286
0311|287
0312|288
0313|289
0314|290
0315|291
0316|292
0317|293
0318|294
0319|295
0320|296
0321|297
0322|298
0323|299
0324|300
0325|301
0326|302
0327|303
0328|304
0329|305
0330|306
0331|307
0332|308
0333|309
0334|310
0335|311
0336|312
0337|313
0338|314
0339|315
0340|316
0341|317
0342|318
0343|319
0344|320
0345|321
0346|322
0347|323
0348|324
0349|325
0350|326
0351|327
0352|328
0353|329
0354|330
0355|331
0356|332
0357|333
0358|334
0359|335
0360|336
0361|337
0362|338
0363|339
0364|340
0365|341
0366|342
0367|343
0368|344
0369|345
0370|346
0371|347
0372|348
0373|349
0374|350
0375|351
0376|352
0377|353
0378|354
0379|355
0380|356
0381|357
0382|358
0383|359
0384|360
0385|361
0386|362
0387|363
0388|364
0389|365
0390|366
0391|367
0392|368
0393|369
0394|370
0395|371
0396|372
0397|373
0398|374
0399|375
0400|376
0401|377
0402|378
0403|plansch
0404|blank
0405|379
0406|380
0407|381
0408|382
0409|383
0410|384
0411|385
0412|386
0413|387
0414|388
0415|389
0416|390
0417|391
0418|392
0419|393
0420|394
0421|395
0422|396
0423|397
0424|398
0425|399
0426|400
0427|401
0428|402
0429|403
0430|404
0431|405
0432|406
0433|407
0434|408
0435|409
0436|410
0437|411
0438|412
0439|413
0440|414
0441|415
0442|416
0443|417
0444|418
0445|419
0446|420
0447|421
0448|422
0449|423
0450|424
0451|425
0452|426
0453|427
0454|428
0455|429
0456|430
0457|431
0458|432
0459|433
0460|434
0461|435
0462|436
0463|437
0464|438
0465|439
0466|440
0467|441
0468|442
0469|443
0470|444
0471|445
0472|446
0473|447
0474|448
0475|449
0476|450
0477|451
0478|452
0479|453
0480|454
0481|455
0482|456
0483|457
0484|458
0485|459
0486|460
0487|461
0488|462
0489|463
0490|464
0491|465
0492|466
0493|467
0494|468
0495|469
0496|470
0497|471
0498|472
0499|473
0500|474
0501|475
0502|476
0503|477
0504|478
0505|479
0506|480
0507|481
0508|482
0509|483
0510|484
0511|485
0512|486
0513|487
0514|488
0515|489
0516|490
0517|491
0518|492
0519|493
0520|494
0521|495
0522|496
0523|497
0524|498
0525|499
0526|500
0527|501
0528|502
0529|503
0530|504
0531|505
0532|506
0533|507
0534|508
0535|509
0536|510
0537|511
0538|512
0539|513
0540|514
0541|515
0542|516
0543|517
0544|518
0545|519
0546|520
0547|521
0548|522
0549|523
0550|524
0551|525
0552|526
0553|plansch
0554|plansch
0555|527
0556|528
0557|529
0558|530
0559|531
0560|532
0561|533
0562|534
0563|535
0564|536
0565|537
0566|538
0567|539
0568|540
0569|541
0570|542
0571|543
0572|544
0573|545
0574|546
0575|547
0576|548
0577|549
0578|550
0579|551
0580|552
0581|553
0582|554
0583|555
0584|556
0585|557
0586|558
0587|559
0588|560
0589|561
0590|562
0591|563
0592|564
0593|565
0594|566
0595|567
0596|568
0597|569
0598|570
0599|571
0600|572
0601|573
0602|574
0603|575
0604|576
0605|577
0606|578
0607|579
0608|580
0609|581
0610|582
0611|583
0612|584
0613|585
0614|586
0615|587
0616|588
0617|589
0618|590
0619|591
0620|592
0621|593
0622|594
0623|595
0624|596
0625|597
0626|598
0627|599
0628|600
0629|601
0630|602
0631|603
0632|604
0633|605
0634|606
0635|plansch
0636|blank
0637|607
0638|608
0639|609
0640|610
0641|611
0642|612
0643|613
0644|614
0645|615
0646|616
0647|617
0648|618
0649|619
0650|620
0651|621
0652|622
0653|623
0654|624
0655|625
0656|626
0657|627
0658|628
0659|629
0660|630
0661|631
0662|632
0663|633
0664|634
0665|635
0666|636
0667|637
0668|638
0669|639
0670|640
0671|641
0672|642
0673|643
0674|644
0675|645
0676|646
0677|647
0678|648
0679|649
0680|650
0681|651
0682|652
0683|653
0684|654
0685|655
0686|656
0687|657
0688|658
0689|659
0690|660
0691|661
0692|662
0693|663
0694|664
0695|665
0696|666
0697|667
0698|668
0699|669
0700|670
0701|671
0702|672
0703|673
0704|674
0705|675
0706|676
0707|677
0708|678
0709|679
0710|680
0711|681
0712|682
0713|683
0714|684
0715|685
0716|686
0717|687
0718|688
0719|689
0720|690
0721|691
0722|692
0723|693
0724|694
0725|695
0726|696
0727|697
0728|698
0729|karte
0730|karte
0731|699
0732|700
0733|701
0734|702
0735|703
0736|704
0737|705
0738|706
0739|707
0740|708
0741|709
0742|710
0743|711
0744|712
0745|713
0746|714
0747|715
0748|716
0749|717
0750|718
0751|719
0752|720
0753|721
0754|722
0755|723
0756|724
0757|725
0758|726
0759|727
0760|728
0761|729
0762|730
0763|731
0764|732
0765|733
0766|734
0767|735
0768|736
0769|737
0770|738
0771|739
0772|740
0773|741
0774|742
0775|743
0776|744
0777|745
0778|746
0779|747
0780|748
0781|749
0782|750
0783|751
0784|752
0785|753
0786|754
0787|755
0788|756
0789|757
0790|758
0791|759
0792|760
0793|761
0794|762
0795|763
0796|764
0797|765
0798|766
0799|767
0800|768
0801|769
0802|770
0803|771
0804|772
0805|773
0806|774
0807|775
0808|776
0809|777
0810|778
0811|779
0812|780
0813|781
0814|782
0815|783
0816|784
0817|785
0818|786
0819|787
0820|788
0821|789
0822|790
0823|791
0824|792
0825|793
0826|794
0827|795
0828|796
0829|797
0830|798
0831|799
0832|800
0833|801
0834|802
0835|803
0836|804
0837|805
0838|806
0839|807
0840|808
0841|809
0842|810
0843|811
0844|812
0845|813
0846|814
0847|815
0848|816
0849|817
0850|818
0851|819
0852|820
0853|821
0854|822
0855|823
0856|824
0857|825
0858|826
0859|827
0860|828
0861|829
0862|830
0863|831
0864|832
0865|833
0866|834
0867|835
0868|836
0869|837
0870|838
0871|839
0872|840
0873|841
0874|842
0875|843
0876|844
0877|845
0878|846
0879|847
0880|848
0881|849
0882|850
0883|851
0884|852
0885|853
0886|854
0887|855
0888|856
0889|857
0890|858
0891|859
0892|860
0893|861
0894|862
0895|863
0896|864
0897|865
0898|866
0899|867
0900|868
0901|869
0902|870
0903|871
0904|872
0905|873
0906|874
0907|plansch
0908|blank
0909|875
0910|876
0911|877
0912|878
0913|879
0914|880
0915|881
0916|882
0917|883
0918|884
0919|885
0920|886
0921|887
0922|888
0923|889
0924|890
0925|891
0926|892
0927|893
0928|894
0929|895
0930|896
0931|897
0932|898
0933|899
0934|900
0935|901
0936|902
0937|903
0938|904
0939|905
0940|906
0941|907
0942|908
0943|909
0944|910
0945|911
0946|912
0947|913
0948|914
0949|915
0950|916
0951|917
0952|918
0953|919
0954|920
0955|921
0956|922
0957|923
0958|924
0959|925
0960|926
0961|927
0962|928
0963|929
0964|930
0965|931
0966|932
0967|933
0968|934
0969|935
0970|936
0971|937
0972|938
0973|939
0974|940
0975|941
0976|942
0977|943
0978|944
0979|945
0980|946
0981|947
0982|948
0983|949
0984|950
0985|951
0986|952
0987|953
0988|954
0989|955
0990|956
0991|957
0992|958
0993|forkortelser
0994|ii
0995|illustrationer
0996|ii
0997|rettelser
0998|ii
