# salmonsen/2/9/Articles.lst
#
index|Titel og indhold|0001 0003
|Accentbetegnelse og Lydskrift|0005-0006
|Medarbejdere|0007-0008
|Forkortelser|0967-0968
|Fortegnelse over Illustrationer. Bind XIII|0969-0970
|Rettelser og Trykfejl|0971-0972
#
#
-|<h2>J</h2>|
|Jernbaneret|0009-0010
|Jernbanesignaler, se Signalvæsen (Jernbanernes)|0010
|Jernbaneskatter|0010
|Jernbaneskinner, se Jernbanner, II. A. c. Baneoverbygningen|0010
|Jernbaneskole|0010
|Jernbaneskyld|0010-0011
|Jernbanestation|0011
|Jernbanestatistik|0011
|Jernbanesubventioner|0011
|Jernbanetakster, se Jernbanetariffer|0011
|Jernbanetariffer|0011-0017
|Jernbanetelegraf, se Telegraf|0017
|Jernbanetid, se Zonetid|0017
|Jernbanetog|0017-0020
|Jernbanetropper|0020
|Jernbaneulykker|0020-0022
|Jernbaneunderbygning, se Jernbaner, II. A. b., Baneunderbygningen|0022
|Jernbanevogne|0022-0035
|Jernbarde, isl. Járnbarði|0035
|Jernberg, 1) August|0035
|Jernberg, 2) Olof|0035
|Jernbeton ell. armeret Beton|0035-0038
|Jernbjælker|0038
|Jernblaat, se Vivianit|0038
|Jernblaatryk, d. s. s. Cyanotypi|0038
|Jernblik|0038
|Jernblomster, se Aragonit|0038
|Jernbrev|0038
|Jernbroer, se Broer|0038
|Jernbromider|0038-0039
|Jernbromyre, Ferrobromid, se Jernbromider|0039
|Jernbrug, d. s. s. Jernværk|0039
|Jernbryllup|0039
|Jernbyrd, se Gudsdom|0039
|Jerncitrat, Ferricitrat|0039
|Jerncyanider|0039
|Jerndahl, Aron|0039
|Jerndobbeltilte, d. s. s. Jernmellemilte|0039
|Jerndorff, August Andreas|0039-0040
|Jerndorff, Just Ulrik|0040
|Jerndorff, Peter William|0040
|Jerndraaber|0040
|Jerne|0040
|Jernerts, se Jernmalme|0040
|Jernfløde|0040
|Jernforekomster|0040-0041
|Jernforilte, Ferrooxyd|0041
|Jernforiltesalte (Ferrosalte), se Jernsalte|0041
|Jernfosfater, Ferrofosfat|0041
|Jernfremstilling|0041-0044
|Jerngade, se Højovn|0044
|Jerngarn, Eisengarn|0044
|Jernglans (Blodstensmalm, Hæmatit, Rødjernsten)|0044-0045
|Jernglimmer, se Jernglans|0045
|Jerngnejs|0045
|Jernhammer|0045
|Jernhovedet, se Demir-Basch|0045
|Jernhydroxyd, Ferrihydroxyd, Jerntveiltehydrat|0045
|Jernhydroxydul, Ferrohydroxyd, se Jernhydroxyd|0045
|Jernhytte, d. s. s. Jernværk|0045
|Jernilte, se Jernforilte og Jerntveilte|0045
|Jernit, se Frijsenborg|0045
|Jernjodyre, Jernforjod, Ferrojodid, Jodjern|0045
|Jernkalksten|0045
|Jernkarbid|0045
|Jernkarbonat, Ferrokarbonat|0045
|Jernkis, d. s. s. Svovlkis|0045
|Jernkisel|0045
|Jernkit, se Kit|0045
|Jernklinker|0045
|Jernklorid, Ferriklorid, Jerntveklor|0045-0046
|Jernklorsyre, Jernforklor, Ferroklorid|0046
|Jernno|0046
|Jernko (ogsaa Jernkvæg, Jernfæ)|0046
|Jernkonstruktioner|0046-0048
|Jernkontoret|0048
|Jernkorset|0048
|Jernkrone, den lombardiske|0048
|Jernkulilte, d. s. s. Jernkuloxyd|0048
|Jernkuloxyd, Jernkarbonyl|0048
|Jernkulstoflegeringer|0048-0051
|Jernlak|0051
|Jernlaktat, mælkesurt Jernforilte, se Mælkesyre|0051
|Jernlegeringer|0051
|Jernler|0051
|Jernlersfliser, se Fliser|0051
|Jernlikør|0051
|Jernmalme (Jernertser)|0051-0052
|Jernmasken, Manden med|0052-0053
|Jernmellemilte, Jernoxyduloxyd, Ferroferrioxyd|0053
|Jernmønnie, se Engelskrødt|0053
|Jernnikkelkis, se Blende|0053
|Jernokker|0053
|Jernolie (Oleum, martis, Liqvor stypticus)|0053
|Jernoolit (oolitisk Jernmalm)|0053
|Jernopal, d. s. s. Jaspopal|0053
|Jernopløsning, dialyseret (Liqvor Ferri dialysati, Liqvor Ferri oxychlorati)|0053
|Jernoxyd, se Jerntveilte|0053
|Jernoxydsaccharat, d. s. s. Jernsukker|0053
|Jernoxydul, d. s. s. Jernforilte|0053
|Jernoxyduloxyd, d. s. s. Jernmellemilte|0053
|Jernoxydulsalte, d. s. s. Jernforiltesalte|0053
|Jernoxydulsulfat, Ferrosulfat, d. s. s. Jernvitriol|0053
|Jernpiller|0053
|Jernporten|0053
|Jern-Portlandcement|0053-0054
|Jernpræparater|0054-0055
|Jernprøve, se Jernprøvning og Gudsdomme|0055
|Jernprøvning|0055
|Jernpulver|0055
|Jernroser, se Jernglans|0055
|Jernsaccharat, se Jernsukker|0055
|Jernsafran, se jerntveilte|0055
|Jernsalte|0055
|Jernsaxe, Jættekvinde; d. s. s. Jarnsaxa|0055
|Jernside|0055
|Jernsirup, Jodjernsaft, se Jernpræparater|0055
|Jernskelfarve|0055
|Jernskjæg|0055-0056
|Jernskjæg, Edel|0056
|Jernskov, stor, uigennemtrængelig Skov, se Jernveden|0056
|Jernso|0056
|Jernsort, d. s. s. Grafit|0056
|Jernspat (Siderit, Spatjernsten)|0056
|Jernspurv (Accentor modularis), se Brunelle|0056
|Jernsten, d. s. s. Jernmalm|0056
|Jernstøberi|0056
|Jernsukker, Jernsaccharat (Oxydum ferricum saccharatum, Ferrum oxydatum saccharatum)|0057
|Jernsulfater|0057
|Jernsulfid, se Svovljern|0057
|Jernsulfureter, se Svovljern|0057
|Jernsvamp|0057
|Jernsyre|0057
|Jernsøjler|0057-0058
|Jerntab|0058
|Jerntinktur|0058
|Jerntraad|0058
|Jerntraadshegn|0058
|Jerntraadstove|0058-0059
|Jerntræ|0059
|Jerntveilte, Jernoxyd, Jernsesquioxyd, Ferrioxyd|0059-0060
|Jerntveiltesalte, se Jernsalte|0060
|Jerntæppe|0060
|Jernurt, se Verbena|0060
|Jernvande, se Mineralvande|0060
|Jernveden (gammeldansk: Jarnwith)|0060
|Jernvin, se Jernpræparater|0060
|Jernvinsten, se Jernpræparater|0060
|Jernvitriol, grøn Vitriol, svovlsurt Jernforilte, Ferrosulfat|0060
|Jernværk (sv. »Jernbruk«, tysk »Eisenhütte«)|0060-0061
|Jernzinkspat er jernholdig Zinkspat|0061
|Jeroboam, hebr. Jarobam|0061
|Jérôme, se Bonaparte, S. 627|0061
|Jerome, Jerome Klapka|0061
|Jerrold, Douglas William|0061
|Jerrold, William Blanchard|0061
|Jersey, normannisk Ø|0061
|Jersey, Trikotstof|0061
|Jersey City|0061
|Jerseykvæg, se Kvægracer|0062
|Jerseyshore, Jersey Shore|0062
|Jerseyville|0062
|Jersin, Jens Dinesen|0062
|Jerubbaal, se Gideon|0062
|Jerusalem|0062-0072
|Jerusalem, kristent Kongerige|0072-0073
|Jerusalems Kirke, se Swedenborg|0073
|Jerusalems Skomager, se Ahasverus|0073
|Jeruslan|0073
|Jervin|0073
|Jervis, John|0073
|Jesabel, se Izebel|0073
|Jesaja|0073-0074
|Jesd, Jesdegerd, se Jezd, Jezdegerd|0074
|Jeshil Irmak|0074
|Jesi, Romernes Æsis|0074
|Jesi, Samuele|0074
|Jesid, d. s. s. Jezid|0074
|Jesino, se Esino|0074
|Jeso (Jesso, jap. Hokkaido)|0074-0075
|Jespersen, Henrik Gamst|0075
|Jespersen, Jens Otto Harry|0075
|Jespersen, Jesper|0075
|Jespersen, Olfert|0076
|Jesreel|0076
|Jessen (von J.)|0076
|Jessen, Carl Arnold Edvin|0076-0077
|Jessen, Carl Vilhelm|0077
|Jessen, Franz Christopher von|0077
|Jessen, Jens|0077-0078
|Jessen, Johan Christian von|0078
|Jessen, Juliane Marie|0078
|Jessen, Thomas Balthasar von|0078-0079
|Jessen, Tycho|0079
|Jessen, Tycho Carl Wilhelm|0079
|Jessentuki|0079
|Jesso|0079
|Jessore|0079
|Jesuaterorden|0079
|Jesu Barndoms Bog|0079
|Jesu hellige Hjerte|0079
|Jesuiterorden|0079-0084
|Jesuiterstil|0084
|Jesuitinder|0084
|Jesus Kristus|0084-0096
|Jesus Sirach's Bog|0096
|Jet, se Gagat|0096
|Jetée|0096
|Jetée Trævler|0096
|Jeton|0096-0097
|Jetro|0097
|jettatore|0097
|Jetti-shar|0097
|Jetur|0097
|Jeu|0097
|Jeumont|0097
|jeunesse dorée|0097
|jeux floraux|0097
|Jevdokimov, Nikolai Ivannovitsch|0097
|Jever|0097
|Jevnaker|0097-0098
|Jevons, William Stanley|0098
|Jevpatorija|0098
|Jeypore|0099
|Jezd|0099
|Jezdegerd|0099
|Jezekit|0099
|Jezid|0099
|Jezider|0099-0100
|Jezirah|0100
|Jhansi|0100
|Jhelam|0100
|Jhering, Caspar Rudolph von|0100-0101
|Jibara|0101
|Jičin|0101
|Jiddisch|0101-0102
|Jig|0102
|Ji-Høng|0102-0103
|Jijona|0103
|Jildiz-Kiosk|0103
|Jimena de la Frontera|0103
|Jimenez|0103
|Jimenez, Franzisco de Cisneros|0103-0104
|Jimenez, Juan Ramón|0104
|Jimenez, Luis|0104
|Jimenez y Aranda, José|0104
|Jimmu-tenno|0104
|Jina'er|0104
|Jingoisme|0104
|Jinriksha|0104
|Jipe|0104
|Jirásek, Alois|0104-0105
|Jireček, Hermenegild og Josef og Konstantin|0105
|Jiron|0105
|Jisreel|0105
|Jiu-jitsu ell. ju-jutso|0105
|Jiulu|0105
|Jivaarit|0105
|Jo ell. Fiskejo|0105
|Joab|0105
|Joachaz|0105
|Joachim (Kurfyrster af Brandenburg)|0105-0106
|Joachim I|0106
|Joachim a Fiore|0106
|Joachim, Joseph|0106-0107
|Joachimsthal|0107
|Joachimsthaler|0107
|Joanes|0107
|Joanne, Adolphe-Laurent|0107
|João|0107
|Joas|0107
|Job|0107-0108
|Jobbé-Duval, Armand Marie Felix|0108
|Jobber|0108
|Jobi|0108
|Jobspost|0108
|Jochanan ben Zakkaj|0108
|Jochmus, August Giacomo|0108
|Jochumsson, Mattias|0108-0109
|Jockey|0109
|Jockeyklub|0109
|Jockeyridt|0109
|Jocrisse|0109
|jocus|0109
|Jod|0109-0110
|Jodammonium|0110
|Jodargyrit|0110
|Jodarsen|0110
|Jodaseptol|0110
|Jodater|0110
|Jodbaryum|0110
|Jodbly|0110
|Jodbrinte|0110
|Jodbrintesyre|0110
|Jodcinnober|0110
|Joddraaber|0110
|Jode|0110-0111
|Jodeksantem|0111
|Jodelle, Etienne de, Seigneur de Lymodin|0111
|Jodfluorescein|0111
|Jodforgiftning|0111
|Jodformyl|0111
|Jodfosfor|0111
|Jodhpur|0111
|Jodider|0111
|Jodipin|0111
|Jodisme|0111
|Jodit|0111
|Jodival|0111
|Jodjern|0111
|Jodjernpiller, Jodjernsaft|0111
|Jodjodkalium|0111-0112
|Jodkadmium|0112
|Jodkalium|0112
|Jodkaliumsalve|0112
|Jodklorider|0112
|Jodkobber|0112
|Jodkvægsølv|0112
|Jodkvælstof|0112
|Jodl, Friedrich|0112
|Jodlen|0112
|Jodmetaller|0112
|Jodmetyl|0112
|Jodnatrium|0112
|Jodobromit|0112
|Jodofan|0112
|Jodoform|0112-0113
|Jodoformforgiftning|0113
|Jodoformgaze|0113
|Jodoformin|0113
|Jodoformogen|0113
|Jodoigne|0113
|Jodol|0113
|Jodometri|0113
|Jodoniumbaser|0113
|Jodosobenzol|0113
|Jodosoforbindelser|0113
|Jodospongin|0113
|Jodothyrin|0113-0114
|Jodoversyre|0114
|Jodpræparater|0114
|Jodsalte|0114
|Jodsalve|0114
|Jodsnue|0114
|Jodsprit|0114
|Jodsvovl|0114
|Jodsyre|0114
|Jodsæbe|0114
|Jodsølv|0114
|Jodtal|0114
|Jodtinktur|0114
|Jodviolet|0114
|Jodyrit|0114
|Jodætyl|0114
|Joel|0114
|Joest|0114
|Joest, Wilhelm|0114
|Joffre, Joseph Jacques Césaire|0114-0115
|Jofur|0115
|Jogi|0115
|Jogurth|0115
|Johan (Forkortelse af Johannes)|0115
|Johan II (svensk Konge)|0115
|Johan I Sverkersson|0115
|Johan III (svensk Konge)|0115-0116
|Johan (Hertug af Östergötland)|0116
|Johan, Baptist Josef Fabian Sebastian|0116-0117
|Johan Cicero|0117
|Johan Georg|0117
|Johan Sigismund|0117
|Johan den Uforfærdede|0117
|Johan af Luxembourg|0118
|Johan af Gaunt|0118
|Johan II den Gode|0118
|Johan Adolf|0118
|Johan den Milde|0118-0119
|Johan Moritz|0119
|Johan Adolf|0119
|Johan Kasimir|0119-0120
|Johan Kasimir|0120
|Johan Sobiesky|0120
|Johan uden Land|0120-0121
|Johan (portug. Konger)|0121-0122
|Johan (sachsiske Kurfyrster)|0122
|Johan den Trofaste|0122
|Johan Frederik|0122
|Johan (Konge af Sachsen)|0122-0123
|Johan af Schwaben|0123
|Johan Nepomuk|0123
|Johanan|0123
|Johanne|0123
|Johanne af Navarra|0123
|Johanne den Vanvittige|0123-0124
|Johanne I|0124
|Johanne II|0124
|Johannes (Apostel- og Døbernavnet)|0124
|Johannes (en af Jesu Apostle)|0124-0125
|Johannes (byzantinske Kejsere)|0125-0126
|Johannes (Paver)|0126-0127
|Johannes (Hersker i Abessinien)|0127
|Johannes' Aabenbaring|0127-0129
|Johannesbrevene|0129-0130
|Johannesbrødtræ|0130
|Johannesburg|0130
|Johannes Chrysorrhoas|0130
|Johannes Dacus|0130
|Johannes Døberen|0130-0131
|Johannesen, Edvard Holm|0131
|Johannesen, Hans Christian|0131-0132
|Johannesevangeliet|0132-0135
|Johannes fra Antiocheia|0135
|Johannes fra Damaskus|0135
|Johannes fra Salisbury|0135-0136
|Johannes-Kristne|0136
|Johannes Magnus|0136
|Johannes Markus|0136
|Johannes Presbyter|0136
|Johannes Scottus Eriugena|0136
|Johannes Secundus|0136-0137
|Johannessen, Axel Theodor|0137
|Johannessen, Berndt Johan|0137
|Johanngeorgenstadt|0137
|Johannisberg|0137
|Johannit|0137
|Johanniterinder|0137
|Johanniterorden|0137-0139
|Johannitius|0139
|Johannot|0139
|Johannsen, Bertha Agnes Elise og Julius Ernst Christian|0139
|Johannsen, Fritz|0139
|Johannsen, Gustav Henrik Jøns|0139-0140
|Johannsen, Wilhelm Ludvig|0140-0141
|Johannsson, Johan|0141
|Johansen, Anders Cornelius|0141
|Johansen, David Monrad|0141
|Johansen, Edvard Sextus|0141
|Johansen, Frederik Hjalmar|0141-0142
|Johansen, Peter|0142
|Johansen, Viggo|0142
|Johanson, Arvid Klas William|0142
|Johanssen, Jan Christian|0142-0143
|Johansson, Karl Ferdinand|0143
|Johansson, Gustaf|0143
|Johk|0143
|John|0143
|John, Eugenie|0143
|John, Charles Edward St|0143
|John Bull|0143
|Johnit|0143
|John O'Groats House|0143
|Johnsen, Hjalmar|0143-0144
|Johnsen, Johan Christian|0144
|Johnsen, Oscar Albert|0144
|Johnsen, Peter Markus Gjøe Rosenkrantz|0144
|Johnson, Andrew|0144-0145
|Johnson, Eastman|0145
|Johnson, Edward Killingworth|0145
|Johnson, Frost|0145
|Johnson, Gisle Christian|0145-0147
|Johnson, Harry John|0147
|Johnson, Manuel John|0147
|Johnson, Samuel (eng. antikatolsk politisk Forf.)|0147
|Johnson, Samuel (eng. Forf.)|0147-0148
|Johnson, Samuel (nordamer. Religionshistoriker)|0148
|Johnsonburg|0148
|Johnson City|0148
|Johnsson, John William Schibbye|0148
|Johnston|0148
|Johnston, Albert Sidney|0148
|Johnston, Alexander|0149
|Johnston, Alexander-Keith|0149
|Johnston, George|0149
|Johnston, Harry Hamilton|0149
|Johnston, Joseph Eccleston|0149
|Johnston, Keith|0149
|Johnstone|0149
|Johnstone, Charles|0150
|Johnstown|0150
|Johnstrup, Johannes Frederik|0150
|Johnstrupit|0150
|Johor|0150
|Joigny|0150
|Joinville|0151
|Joinville, François Ferdinand, Fyrste af|0151
|Joinville, Jean|0151
|Joinville-Land|0151
|Jojada|0151
|Jojakim|0151-0152
|Jojakin|0152
|Jókai, Maurus|0152
|Jokebed|0152
|Joki|0152
|Jokkaitshi|0152
|Jokohama|0152
|Joktan|0152
|Jokum|0152
|Jol|0152
|Jol ell. Kvann-jol|0152
|Jola|0152
|Jólablót|0152
|Jolaferd ell. Jolaskreid|0152
|Joliet|0152
|Jolin, Johan Kristofer|0152-0153
|Jolle|0153
|Jollebom|0153
|Jolly, Julius (tysk Statsmand)|0153
|Jolly, Julius (tysk Sanskritist)|0153
|Jolly, Philipp Gustav von|0153
|Jolne|0153
|Jolof|0153
|Jolo-Øer|0153
|Joly's Farvefotograferingsmetode|0153
|Joly's Fotometer|0153
|Joma|0153
|Jomard, Edme François|0153-0154
|Jomfru|0154
|Jomfru (Brolæggerjomfru)|0154
|Jomfru (Søv.)|0154
|Jomfrubly|0154
|Jomfrubur|0154
|Jomfruen (Stjernetegn og Stjernebillede|0154
|Jomfruen (Bjerg)|0154
|Jomfruen i det grønne|0154
|Jomfrufødsel|0154
|Jomfruhaar|0154
|Jomfruhonning|0154
|Jomfrukam|0154
|Jomfrukloster|0154-0155
|Jomfrukolumner ell. Jomfrusats|0155
|Jomfruland|0155
|Jomfru Maria|0155
|Jomfru, Nøgen|0155
|Jomfruolie|0155
|Jomfrusild|0155
|Jomfrutale|0155
|Jomfrutrane|0155
|Jomfruvoks|0155
|Jomfruøerne|0155
|Jomini, Henry|0155-0156
|Jom kippur|0156
|Jommelli, Nicola|0156
|Jomsborg|0156-0157
|Jomsvikingadrapa|0157
|Jomsvikingasaga|0157
|Jomsvikinger|0157
|Jon|0157
|Jona eller Icolmkill|0157-0158
|Jona|0158
|Jón Arason|0158
|Jonas (se Jona)|0158
|Jonas (Biskop af Orléans)|0158
|Jonas, Emil Jacob|0158
|Jonas, Justus|0158
|Jónassen, Jónas (isl. Læge)|0158
|Jónassen, Jónas (isl. Digter og Præst)|0158
|Jonatan|0158-0159
|Jonathan Oldstyle|0159
|Jon Brynjulvssøn|0159
|Joncières, Felix Ludger Victorin de|0159
|Jonckbloet, Willem Jozet Andreas|0159
|Jondal|0159-0160
|Jón Einarsson|0160
|Jón Eiríksson|0160
|Jones, E. B.-|0160
|Jones, Harry David|0160
|Jones, Henry Arthur|0160
|Jones, Inigo|0160
|Jones, John Paul|0160
|Jones, Owen|0160
|Jones, Robert og Edward|0161
|Jones, Sidney|0161
|Jones, William|0161
|Jonesboro|0161
|Joneshjul|0161
|Jones Sound|0161
|Jonge, Johannes Cornelis de og Johan Karel Jacob de|0161
|Jonghe, Clement de|0161
|Jongkind, Johan Barthold|0161-0162
|Jongleur|0162
|Jon Hafthorssøn|0162
|Jón Halldórsson|0162
|jonisk (se ionisk)|0162
|Jonke|0162
|Jon Kuvlung|0162
|Jón Loptsson|0162-0163
|Jon Præst|0163-0164
|Jonquières, Frederik Lindam Gotfred|0164
|Jonquières, Henri Alexandre Antoine de Dompierre, de|0164
|Jonquières, Jean Philippe Ernest de|0165
|Jonquilla|0165
|Jon raude|0165
|Jónsbók|0165-0166
|Jonsok|0166
|Jonsokkolle|0166
|Jonson, Benjamin|0166
|Jónsson, Ari|0166-0167
|Jónsson, Arngrímur|0167
|Jónsson, Ásgeir|0167
|Jónsson, Björn|0167
|Jónsson, Björn à Skarðsá|0167
|Jónsson, Brynjólfur|0167
|Jónsson, Einar|0167-0168
|Jónsson, Eiríkur|0168
|Jónsson, Finnur|0168
|Jónsson, Finnur|0168-0169
|Jónsson, Gisli|0169
|Jónsson, Guðmundur|0169
|Jónsson, Halldór|0169
|Jónsson, Helgi|0169
|Jónsson, Hjálmar|0169
|Jónsson, Jón (isl. Præst)|0169
|Jónsson, Jón (islandsk og dansk Embedsmand)|0169-0170
|Jónsson, Jón (isl. Historiker)|0170
|Jónsson, Jón (isl. Historiker og Docent)|0170
|Jónsson, Kristján|0170
|Jónsson, Magnús|0170
|Jónsson, Olof|0170
|Jónsson, Páll|0171
|Jónsson, Steingrímur|0171
|Jonstrup|0171
|Jonvalturbine|0171
|Jonzac|0171
|Jonæsen, Søren|0171
|Jón Ögmundarson|0171
|Joplin|0171
|Joppe|0171
|Jora|0171
|Joram|0171
|Jorat|0172
|Jord (i nord. Mytologi)|0172
|Jord (se Jordbund og Jorden)|0172
|Jordaens, Jacob|0172
|Jordafgift|0172
|jordagtig|0172
|Jordakse|0172
|Jordan|0172-0173
|Jordan, Camille|0173
|Jordan, Marie Ennemond Camille|0173
|Jordan, Max|0173
|Jordan, Rudolf|0173
|Jordan, Sverre|0173
|Jordan, Sylvester|0173-0174
|Jordan, Wilhelm|0174
|Jordanalyse|0174-0175
|Jordanes|0175
|Jordanit|0175
|Jordarbejde|0175-0178
|Jordarter|0178
|Jordarter, alkaliske|0178
|Jordarter, sjældne|0178
|Jordbeg|0178
|Jordbeskrivelse|0178
|Jordblanding|0178
|Jordbonitering|0178
|Jordbor|0178
|Jordbrand|0178
|Jordbrug|0178
|Jordbrugskemi|0178-0179
|Jordbue|0179
|Jordbund|0179-0180
|Jordbundsbedømmelse|0180
|Jordbundslære (Pedologi)|0180
|Jordbælter (Zoner)|0180
|Jordbær (Fragaria L.)|0180-0182
|Jordbærkløver, se Kløver|0182
|Jordbærspinat (Blitum L.)|0182
|Jordbærtræ, se Arbutus|0182
|Jordbæræter, se Frugtætere|0182
|Jorddrot|0182
|Jorddue, se Duer, S. 488|0182
|Jorddyrkningsfondet|0182
|Jorde, Lars|0182
|Jordebog|0182-0183
|Jordebogsafgifter|0183
|Jordebogskasse|0183
|Jordebogsrettigheder|0183
|Jordegne|0183
|Jordegods|0183
|Jordemoder|0183-0184
|Jorden (terra)|0184-0187
|Jordfald|0187
|Jordfarver|0187
|Jordfjerne, se Apogæum|0187
|Jordforbedringsmidler|0187
|Jordfysik, se Geofysik|0187
|Jordfællesskab|0187-0192
|Jordfæstelse, se Begravelse|0192
|Jordglobus, se Globus|0192
|Jordgods, se Tobak|0192
|jordgravet Gods|0192
|Jordgøge, se Gøge|0192
|Jordhytte|0192
|Jordkabler, se Telegraf- og Telefonledningar|0192
|Jordklode, d. s. s. Jorden|0192
|Jordkobolt, d. s. s. Asbolan|0192
|Jordkrumning, se Jorden|0192
|Jordkrebs, se Faarekylling|0192
|Jordledning|0192
|Jordlopper (Haltica)|0192-0193
|Jordmagnetisme, se Magnetisme|0193
|Jordmandler, se Cyperus og Lathyrus|0193
|Jordmetaller, sjældne, se sjældne Jordarter|0193
|Jordmider (Trombidiidae)|0193
|Jordnære (Perigæum), se Apogæum|0193
|Jordnødder, se Lathyrus|0193
|Jordnødkager|0193
|Jordnødolie, Arakidolie|0193
|Jordnødplanten, se Arachis|0193
|Jordolie, se Petroleum|0193
|Jordpaakastelse|0193
|Jordplate, se Telegraf|0193
|Jordpyramide|0193
|Jordreform|0194-0196
|Jordrente|0197-0199
|Jordrotte, se Markmus|0199
|Jordrystelse, se Jordskælv|0199
|Jordrøg (Fumaria L.)|0199
|Jordrøgfamilien, se Valmuefamilien|0199
|Jordskok (helianthus tuberosus)|0199-0200
|Jordskorpen, se Jorden|0200
|Jordskred|0200
|Jordskud (bot.)|0200
|Jordskygge, se Maaneformørkelse|0200
|Jordskyld|0200
|Jordskælv|0200-0203
|Jordslag|0203
|Jordsmon, se Jordbund|0203
|Jordspisen (Geofagi)|0203
|Jordstjerne (Geaster Mich.)|0203
|Jordstrøm, elektrisk Strøm i Jorden|0203
|Jordstængel (bot.) d. s. s. Jordskud, se Skud|0203
|Jordstød, se Jordskælv|0203
|Jordsvale, se Svaler|0203
|Jordsvin (Orycteropus Geoffr.)|0203-0204
|Jordtemperatur|0204
|Jordtraad|0204
|Jordtryk|0204-0205
|Jordtunge (Geoglossum Pers.)|0205
|Jordvarme, se Jorden|0205
|Jordvoks, se Ozokerit|0205
|Jordværk|0205
|Joret, Charles|0205
|Joris, David|0205
|Joris, Pio|0205-0206
|Jorissen, Thomas Theodorus Hendrikus|0206
|Jorister, se Joris|0206
|Joritomo, Minamoto|0206
|Jornada|0206
|Jorsal, oldn. Jórsalir, gl dansk Jørsel, Ørselhjem|0206-0207
|Jórsalafari|0207
|Jort|0207
|Joruba|0207
|Jorullo|0207
|Jorvik|0207
|Josafat|0207
|Josafat's Dal|0207
|Josef (Jakob's Søn med Rachel)|0207
|Josef (Maria's Mand)|0207-0208
|Josef fra Arimathæa|0208
|Josef I|0208
|Josef II|0208-0210
|Josefina, Maximiliana Eugenia Napoleona|0210-0211
|Josefinisme|0211
|Josefitter|0211
|Josefos, Flavius|0211
|Josefs-Søstre, Skt|0211
|Josefstadt|0211
|Joseph, François du Tremblay|0211-0212
|Joséphine, Marie Joséphe Rose Tascher de la Pagerie|0212-0213
|Josephinit|0213
|Josephson, Ernst Abraham|0213
|Josephson, Jacob Axel|0213
|Josephson, Ludvig Oskar|0213-0214
|Josgad|0214
|Joshihito, Haru no Miya|0214
|Josias|0214
|Josias, Friedrich|0214
|Josija|0214-0215
|Jósika, Miklós|0215
|Josquin des Prés|0215
|Josselin|0215
|Jossot, Gustave Henri|0215
|Jost, Isaak Markus|0215
|Jostedal|0215-0216
|Josua|0216
|Jota (gr. Bogstav)|0216
|Jota (Nationaldans)|0216
|Jotam|0216
|Jothion|0216-0217
|Jotun|0217
|Jotunfjeldene|0217
|Jotunheim|0217
|Jotunheimen|0217
|Joubert, Barthélémy Cathérine|0217
|Joubert, Pieter|0217-0218
|Jouffroy, François|0218
|Jouffroy, Théodore Simon|0218
|Jougne, Col de|0218
|Joule|0218
|Joule, James Prescott|0218-0219
|Joules Lov|0219
|jour|0219
|Jourdan, Jean Baptiste|0219
|Jourde, François|0219
|jourhavende|0219
|journal|0219
|Journal|0219-0220
|Journal des Débats|0220
|Journal des Savants|0220
|Journalhovedbog|0220
|Journalist|0220
|Journalistforeninger|0220-0221
|Journal, Le|0221
|Journal officiel|0221
|Jouve|0221
|Jouvenet|0221-0222
|Joux, Val de|0222
|Jouy, Victor Joseph Étienne de|0222
|Jovanović, Jovan|0222
|Jovanovič, Stephan|0222
|Jovanovič, Vladimir|0222
|Jovellanos, Gaspar Melchor de|0222-0223
|jovial|0223
|Jovianus, Flavius|0223
|jovicentrisk|0223
|Jovilabium|0223
|Jovinian|0223
|Jovius|0223
|Joy, Albert Bruce|0223
|Joy, David|0223-0224
|Joyeuse, Anne de og Henri de|0224
|Joyeuse entrée|0224
|jr.|0224
|Juan|0224
|Juan da Fuca Stræde|0224
|Juan d'Austria|0224
|Juan del Norte|0224
|Juan Fernandez|0224-0225
|Juan Manuel, Don|0225
|Juan-shi-kai|0225
|Juárez|0225
|Juárez, Benito|0225-0226
|Juba (Flod)|0226
|Juba (Konger i Numidien)|0226
|Juba (lat. Metriker)|0226
|Jubal|0226
|Jubbulpore|0226
|Jubelaar ell. Afladsaar|0226-0227
|Jubilar, jubilere|0227
|Jubilate|0227
|Jubilus|0227
|Jubilæernes Bog|0227
|Jubilæum|0227
|Jubis|0227
|Jubæa|0227
|Júcar|0227
|Jucker|0227
|J. U. D.|0227
|Juda (israelitiske Stamme)|0227
|Juda (Makkabæer )|0227-0228
|Juda ha-Levi|0228
|Juda ha-nasi|0228
|Judaisme|0228
|Juda Rige|0228
|Judas (Jakob's Søn)|0228
|Judas (Jesu Broder)|0228
|Judas Barsabbas|0228
|Judas' Brev|0228-0229
|Judas Galilæeren|0229
|Judas Iskariot|0229
|Judas-Kys|0229
|Judaspenge|0229
|Judastræ|0229
|Judasøre|0229
|Judasøret|0229
|Judén, Jakob|0229-0230
|Judenburg|0230
|judex|0230
|Judic, Anna Marie Louise Damiens|0230
|Judica|0230
|Judicature acts|0230
|Judichær, Ole|0230-0231
|Judichær|0231
|judiciel|0231
|Judicium|0231
|Judikat|0231
|Judikathypotek|0231
|Judikatobligation|0231
|Judikatrenter|0231
|Judikatur|0231
|Judit|0231-0232
|Judit's Bog|0232
|Judson, Adoniram|0232
|Judæ, Leo|0232
|Judæa|0232-0233
|Juel|0233-0234
|Juel, Axel|0234
|Juel, Christian Sophus|0234
|Juel, Jens (dansk Statsmand)|0234-0236
|Juel, Jens (dansk Portrætmaler)|0236
|Juel, Just|0236
|Juel, Niels (dansk Admiral)|0236-0238
|Juel, Niels (norsk Søofficer)|0238-0239
|Juel, Povel|0239
|Juel, Teckla Violanta|0239
|Juel-Hansen, Erna|0239
|Juellinge|0239-0240
|Juell-Reimers, J.|0240
|Juel-Rysensteen|0240
|Juelsminde|0240
|Jue-tsji|0240
|Jug|0240
|jugere|0240
|jugerum|0240
|Juggernaut|0240
|Juglandaceæ|0240
|Juglandales|0240
|Juglans|0240
|Juglon|0240
|Jugor Shar|0240
|Jugoslavien|0240-0241
|Jugulares|0241
|Jugulum|0241
|jugum|0241
|Jugurtha|0241
|Juhani Aho|0241
|Juiz de Fora|0241
|Jujuber|0241
|Jujuy|0241-0242
|Juk|0242
|Jukagirer|0242
|Jukon|0242
|Jul|0242
|Julap|0242
|Julapium|0242
|Juleaftensfejden|0242-0243
|Julebuk ell. Julevætte|0243
|Julegalt|0243
|Julekage|0243
|Julemærker|0243
|Julemærket|0243
|Julep|0243
|Juleredsel|0243
|Julerose|0243
|Julestjerne|0243
|Julestue|0243
|Juletræ|0244
|Juleøen|0244
|Juli|0244
|Julia|0244
|Julia Domna|0244
|Julianehaab|0244-0245
|Juliane Marie|0245-0246
|Juliansk Aar|0246
|Juliansk Kalender|0246
|Juliansk Periode|0246
|Julianus, Flavius Claudius|0246-0247
|Julianus, Marcus Didius Severus|0247
|Julianus, Salvius|0247
|Julianus af Eclanum|0247
|Julianus Florentinus|0247
|Julias|0247
|Julidæ|0247
|JulienStanislas Aignan|0247
|Julienne, potage à la|0247
|Julier-Passet|0247
|Julikongedømmet|0247
|Julin|0247
|Juling|0247
|Julirevolutionen|0247
|Julis|0248
|Juliske Alper|0248
|Julius (gammelromersk Patricierslægt)|0248
|Julius (Paver)|0248
|Julius, Prins|0248
|Julius Africanus, Sextus|0248-0249
|Julius Valerius, Alexander Polemius|0249
|Jullien, Jean Lucien Adolphe|0249
|Jullundur|0249
|Julskov-Korset|0249
|Jul Sø|0249
|Julus|0249
|Jumala|0249
|Jumbe|0249
|Jumel|0249
|Jumet|0249
|Jumièges|0249
|Jumilla|0249
|Jummoo|0249
|Jumna|0249
|Jumpers|0249
|jun.|0249
|Juncaceæ|0249
|Juncaginaceæ|0249
|Junction City|0249
|Juncus|0249
|Jundt, Gustave Adolphe|0249-0250
|Jung, Alexander|0250
|Jung, Johan Heinrich|0250
|Jung, Théodore|0250
|Jung-Bunzlau|0250
|Junge, Joachim|0250
|jungere|0250
|Jungermannia|0250-0251
|Jungermanniaceæ|0251
|Jungersen, Frederik Olfert|0251
|Jungersen, Hector Frederik Estrup|0251
|Jungfrau|0251
|Junggrammatikerne|0252
|Junggreen, Jens Peter|0252-0253
|Junghuhn, Franz Wilhelm|0253
|Jungius, Joachim|0253
|Jungle|0253
|Junglu|0253
|Jungmand|0253
|Jungmann|0253-0254
|Jungner, Ernst Waldemar|0254
|Jungshoved|0254
|Jungstedt, Axel|0254
|Jungstedt-Reutersvärd, Mathilda Emilia Charlotta|0254
|Jung-Tsjeng|0254-0255
|Juni|0255
|Junigrundloven|0255
|Junimister|0255-0256
|Junin|0256
|Juniopstanden|0256
|junior|0256
|Juniperus|0256-0257
|Junius|0257
|Junius-Brevene|0257
|Junker|0257
|Junker, Wilhelm Johan|0257-0258
|Junkerdalen|0258
|Junkergylte|0258
|Junkerpartiet|0258
|junkoid|0258
|Junktur|0258
|Juno|0258-0259
|junonisk|0259
|Junot|0259-0260
|Junqueira Freire, Luis José|0260
|Junshi|0260
|Junta|0260
|Junta|0260
|Juon, Poul|0260
|Jupille|0260
|Jupiter|0260
|Juppiter (Guddom)|0260-0263
|Juppiter (alkymistisk Navn for Tin)|0263
|Juppiter (Planet)|0263-0265
|Jur|0265
|Jura (Flertalsformen af jur)|0265
|Jura (Dept)|0265
|Jura (Ø)|0265
|Jura (geol.)|0265
|Jurabjergene|0265-0266
|Juraformation|0266-0267
|Juraker|0267
|Juramentum|0267
|jura noscit curia|0267-0268
|jura quæsita|0268
|jurare in verba magistri|0268
|Juraschek, Franz von|0268
|Jura singulorum|0268
|Jurasystem|0268
|Jurat|0268
|juratorisk|0268
|Jurburg|0268
|jure|0268
|juridiske Fakultet, det|0268
|juridisk Eksamen|0268-0269
|juridisk Person|0269
|juridisk Skrivestue|0269
|Jurien de la Gravière, Jean Baptiste Edmond|0269-0270
|Jurieu, Pierre|0270
|Juring|0270
|jurisconsultus|0270
|jurisdictio|0270
|Jurisdiktion|0270
|Jurisdiktionschef|0270
|juris eller quasi-possessio|0270-0271
|Jurisprudens|0271
|Jurist|0271
|Juristeri|0271
|Juristmøder|0271
|Juristret|0271
|juris utriusque doctor|0271
|Jurjev|0271
|Jurjevez Povolski|0271
|Jurjev Polskij|0271
|Jurte|0271
|Juruá|0271
|Jury|0271
|jus|0271
|jus|0271
|jus abstinendi|0271
|jus accrescendi|0271
|jus acquisitum|0271
|jus ad rem|0271
|jus advocatiæ ecclesiasticæ|0271
|jus Aelianum|0271
|jus aequum|0271-0272
|jus angariæ|0272
|jus ascendendi|0272
|jus asyli|0272
|jus avocandi|0272
|jus canonicum|0272
|jus circa sacra|0272
|jus civile|0272
|jus civitatis|0272
|jus commercil|0272
|jus commune|0272
|jus compascui|0272
|jus connubii|0272
|jus deliberandi|0272
|jus de non appellando|0272
|jus de non evocando|0272
|jus detractus|0272
|jus devolutionis|0272
|jus divinum|0272
|jus dominii impetrandi|0272-0273
|jus eminens|0273
|jus episcopale|0273
|jus eundi in partes|0273
|jus Flavianum|0273
|jus gentium|0273-0274
|jus gladii|0274
|jus honorarium|0274
|jus honorum|0274
|jus humanum|0274
|jus imaginum|0274
|jus in re|0274
|jus in sacris|0274
|jusjurandum|0274
|jus Latii|0274
|jus liberorum|0274
|jus lignandi|0274
|jus majoratus|0274
|jus manuarium|0274
|jus naturale, j. naturæ|0274
|jus nonscriptum|0274
|jus obstagii|0274
|jus offerendi et succedendi|0275
|jus optionis|0275
|jus Papirianum|0275
|jus patronatus|0275
|jus poenitendi|0275
|jus pontificium|0275
|jus postliminii|0275
|jus practicandi|0275-0277
|jus primarum precum|0277
|jus primæ noctis|0277
|jus privatum|0277
|jus proponendi|0277
|jus protimeseos|0277
|jus prætorium|0277
|jus publicum|0277
|jus quæsitum|0277
|jus recadentiæ ell. revolutionis|0277
|jus reformandi|0277
|jus regium|0277
|jus repræsentationis|0277
|jus respondendi|0277
|jus retorsionis|0277
|jus Romanum|0277
|jus sacrum|0277-0278
|jus separationis|0278
|jus scriptum|0278
|Jussieu, Antoine Laurent de og Bernard de|0278-0279
|jus singulare|0279
|Jussion|0279
|jus speciale|0279
|jus strictum|0279
|Jussuf|0279
|jus suffragii|0279-0280
|Jussus|0280
|Just|0280
|justa causa|0280
|jus talionis|0280
|Justaucorps|0280
|Juste, Théodore|0280
|Justedalsbræen|0280
|justement|0280
|juste milieu|0280
|Justering|0280-0281
|Justerkammer|0281
|Justermester|0281
|Justertolerance|0281
|Justesen, H.|0281
|Justesen, Heinrich Emil Ferdinand|0281
|Justi, Ferdinand|0281
|Justi, Johann Heinrich Gottlob von|0281-0282
|Justi, Karl og Ludwig|0282
|Justice|0282
|justificere|0282
|Justifikationssag|0282
|justinianske Noveller|0282
|Justiniantis|0282
|Justinopolis|0282
|Justinus|0282-0283
|Justinus Febronius|0283
|Justinus, Marcus Junianus|0283
|Justinus Martyr|0283
|Justitia|0283
|Justitiarius|0283
|Justitiekansler|0283
|justitiel|0283
|Justitieombudsmand|0283-0284
|Justitieraader|0284
|justitium|0284
|Justits|0284
|Justitsbetjent|0284
|Justits- (og Politi-) departementet|0284
|Justitsdirektion|0284
|Justitsfond og Justitsfondafgift|0284
|Justitsforvaltning|0284
|Justitskasse|0284
|Justitskontor|0284
|Justitsminister og Justitsministerium|0284-0285
|Justitsmord|0285
|Justitspalads|0285
|Justitsprotokol|0285
|Justitsraad|0285
|Justitssager|0285
|Justitssekretær|0285
|Justitsstatistik|0285
|jus tollendi|0285
|justo tempore|0285
|justo titulo|0285
|jus transitus innoxii|0285
|justum et tenacem propositi virum|0285
|justum pretium|0285
|justus possessor|0285
|justus titulus|0285
|Justus van Gent|0285
|justæ nuptiæ|0285-0286
|Jusuf|0286
|Jusufzai|0286
|jus utrumque|0286
|jus vitæ et necis|0286
|jus vocandi|0287
|Jute|0287
|Jutegarn|0287
|Jutta (dansk Dronning)|0287
|Jutta (dansk Prinsesse)|0287
|Jutul|0287
|Jutulhugget|0287
|Juturna|0287
|Juul|0287-0288
|Juul, Asger|0288-0289
|Juv|0289
|juvantia|0289
|juvaviske Etage|0289
|Juvel|0289
|Juvelerkunst|0289
|Juvelvægt|0289
|Juvenalerne|0289
|Juvenalia|0289
|Juvenalis, Decimus Junius|0289-0290
|Juvencus|0290
|juvenil|0290
|juvenil (geol.)|0290
|Juventas|0290
|Juxtaposition|0290
|Jydepotter|0290
|Jyder|0290-0291
|Jyderup|0291-0292
|Jydetunge|0292
|Jülich|0292
|Jylland ell. Nørrejylland|0292-0295
|Jyllandsposten|0295
|Jymön|0295
|Jynling|0295
|Jynnan|0295-0296
|Jynnan|0296
|Jynovn|0296
|Jynx|0296
|Jyotisha|0296
|Jyotishka|0296
|Jürgensen, Christian|0296
|Jürgensen, Christopher Peter|0296
|Jürgensen, Fritz|0296-0297
|Jürgensen, Jørgen|0297
|Jürgensen, Urban|0297
|Jürgenson, Peter Ivanowitsch|0297
|Jyryk|0297
|Jyske Aas|0297
|Jyske Lov|0297-0298
|Jysk Folkeforening|0298
|jysk Hest|0298
|Jysk Kvæg|0298
|Jüterbog|0298
|Jæderen|0298-0299
|Jæger, vild|0299
|Jäger, Friedrich og Edvard|0299
|Jäger, Gustav (tysk Zoolog og Læge)|0299
|Jäger, Gustav (tysk Maler)|0299
|Jæger, Hans Henrik|0299-0300
|Jæger, Henrik Bernhard|0300
|Jäger, Hermann|0300
|Jæger, Oskar Gustav|0300-0301
|Jægere|0301
|Jägerhorn, Johan Anders|0301
|Jægerlatin|0301
|Jägerndorf|0301-0302
|Jægersborg|0302
|Jægersborg Dyrehave|0302
|Jægerspris|0302-0303
|Jægt|0303
|Jähns, Friedrich Wilhelm|0303
|Jællinge|0303-0304
|Jämtland|0304-0305
|Jämtlands Len|0305
|Jänicke, Johann|0305
|Järnbanebladet|0305
|Järnefelt, August Alexander og Arvid|0305-0306
|Järnefelt, Armas og Maikki|0306
|Järnefelt, Eero Nikolai|0306
|Jærnnætterne|0306
|Järnvägsmannasällskapet|0306-0307
|Jærpe|0307
|Järta, Hans|0307-0308
|Jærtegn|0308-0309
|Jærtegnspostil|0309
|Jærv|0309-0310
|Järvi, Toiso Henrik|0310
|Jætte ell. Jotun|0310-0311
|Jættegryder|0311
|Jættestuer|0311-0312
|Jævnbyrdighed|0312
|Jævndøgn|0312
|Jævndøgnspunkt|0312
|jævne|0312
|Jöcher, Christian Gottlieb|0312-0313
|Jødeabe ell. Satansabe|0313
|Jødebeg|0313
|Jøde, den evige|0313
|Jødefejden|0313
|Jødefolie|0313
|Jødegade|0313
|Jødeguld|0313
|Jødehat|0313
|Jødekirsebær|0313
|Jødekristne|0313-0314
|Jødeland|0314
|Jødemission|0314
|Jøder|0314-0325
|jødisk Litteratur|0325-0329
|Jöfraskinna|0329-0330
|Jøhnke, Ferdinand Henrik|0330
|Jøkel|0330
|Jøkelløb|0330
|Jökuldalur|0330
|Jökulfirðir|0330
|Jökulsá|0330-0331
|Jølsen, Ragnhild|0331
|Jølster|0331
|Jönköping|0331
|Jönköping Len|0332
|Jönsson, Bengt|0332
|Jörg, Johann Christian Gottfried|0332
|Jörg, Josef Edmund|0332
|Jørgen|0332
|Jørgen, Prins|0332
|Jørgen, Skt|0332
|Jørgensen, Adolf Ditlev|0332-0334
|Jørgensen, Alexander Eugen|0334
|Jørgensen, Alfred Peter Carlslund|0334
|Jørgensen, Alfred Theodor|0334
|Jørgensen, Bendt Søborg|0334-0335
|Jørgensen, Carl Thorvald|0335
|Jørgensen, Christian|0335-0336
|Jørgensen, Ellen Sophie Rasmine|0336
|Jørgensen, Emil Gustav Vilhelm|0336
|Jørgensen, Eugen|0336
|Jørgensen, J.|0336
|Jørgensen, Jens Johannes|0336-0337
|Jørgensen, Johan Jomtou|0337
|Jørgensen, Jørgen Georg|0337
|Jørgensen, Lorentz|0337-0338
|Jørgensen, Nicoline Thomasine Henriette|0338
|Jørgensen, Poul Johannes|0338
|Jørgensen, Sophus Mads|0338-0339
|Jørgensen, Sven|0339
|Jørgensen, Thorvald|0339
|Jørgensgaarde|0339
|Jørgen Ulrik, Don|0339
|Jörmunrekr|0339
|Jørstadmoen|0339
|Jösse Eriksson|0339-0340
|Jøssund|0340
|Jötunheim|0340
#
-|<h2>K</h2>|
|K|0341
|K (kem.)|0341
|ka|0341
|Kaa|0341
|Kaaba|0341-0342
|Kaabe|0342
|Kaabesnegl|0342
|Kaab ibn Zuhajr|0342
|Kaaden|0342
|Kaadner|0342
|Kaafjord|0342
|Kaag|0342
|Kaagerødsgruppen|0342
|Kaal|0342-0344
|Kaalaas, Baard Bastian Larsen|0344
|Kaalbrok|0344
|Kaalflue|0344
|Kaalorme|0344
|Kaalpalme|0344
|Kaalrabi|0344
|Kaalsommerfugl|0344
|Kaaltidsel|0344
|Kaalund|0344-0345
|Kaalund, Hans Vilhelm|0345
|Kaalund, Peter Erasmus Kristian|0345-0346
|Kaan-Albest, Heinrich|0346
|Kaar|0346
|Kaarde|0346
|Kaare|0346
|Kaaring|0346-0347
|Kaarsberg, Hans Sophus|0347
|Kaarsberg, Johannes Peder Friedenreich|0347
|Kaarta|0347
|Kaas (danske Adelsslægter)|0347-0348
|Kaas (Hovedgaard)|0348
|Kaas, Frederik Julius|0348-0349
|Kaas, Niels|0349
|Kaas, Ulrik|0349
|Kaas Bredning|0349
|Kab (Landsby)|0349-0350
|Kab (Oaser)|0350
|Kabale|0350
|Kabale (Kortspil)|0350
|Kabalia|0350
|Kabara|0350
|Kabarda|0350
|Kabardinere|0350
|Kabaret|0350
|Kabbala|0350-0351
|Kabbalist|0351
|Kabbeleje|0351-0352
|Kabel|0352
|Kabel, Adrian van d.|0352
|Kabelbaner|0352
|Kabelbro|0352
|Kabeldamper|0352
|Kabelgarn|0352
|Kabell, Ludvig Christian Brinck-Seidelin|0352
|Kabellaring|0352
|Kabellængde|0352
|Kabelrum|0352
|Kabelrør|0352-0353
|kabelslaaet|0353
|Kabeltov|0353
|Kabelvaag|0353
|Kab ibn Zuhajr|0353
|Kabiet|0353
|Kabinda|0353
|Kabinet|0353-0354
|Kabinet|0354
|Kabinetmaleri|0354
|Kabinetsformat|0354
|Kabinetsjustits|0354-0355
|Kabinetskammerherre|0355
|Kabinetsminister|0355
|Kabinetsordre|0355
|Kabinetsregering|0355
|Kabinetssekretær|0355
|Kabir|0355-0356
|Kabira|0356
|Kabirer|0356
|Kabirion|0356-0357
|kable|0357
|Kabliov ell. Kabliau|0357
|Kabriolet|0357
|Kabuds|0357
|Kabul (Flod)|0357
|Kabul (Hovedstad)|0357
|Kabylere|0357-0358
|Kabys|0358
|Kabysbestik|0358
|Kaccayana|0358
|Kachetien|0358
|Kacholong|0358
|Kačić-Miošić, Andrija|0358
|Kaçyapa|0358
|Kaczkowski, Zygmunt|0358
|Kadapah|0359
|Kadaritter|0359
|Kadaver|0359
|Kadaveralkaloid|0359
|Kaddisch|0359
|Kade, Otto|0359
|Kadelburg, Gustav|0359
|Kaden, Woldemar|0359
|Kadence|0359
|Kadesh|0359
|Kadesia|0359
|Kadet|0359-0360
|Kadetpartiet|0360
|Kadet Renden|0360
|Kadi|0360
|Kadiak|0360
|Kadidscha|0360
|Kadikjoi|0361
|Kâdir-billah|0361
|Kadjak|0361
|Kadjarer|0361
|Kadmeia|0361
|Kadmium|0361
|Kadmiumacetat|0361
|Kadmiumbromid|0361
|Kadmiumfosfat|0361
|Kadmiumgrønt|0361
|Kadmiumgult|0361
|Kadmiumhydroxyd|0361
|Kadmiumilte|0361
|Kadmiumjodid|0361
|Kadmiumkarbonat|0361
|Kadmiumklorid|0361
|Kadmiumlegeringer|0361-0362
|Kadmiumnitrat|0362
|Kadmiumoxyd|0362
|Kadmiumsalte|0362
|Kadmiumsulfat|0362
|Kadmiumsulfid|0362
|Kadmos|0362
|Kadphises|0362
|Kadr|0362
|Kadre|0362-0363
|Kadrejer|0363
|Kadreøvelse|0363
|Kadscharer|0363
|Kadu|0363
|kaducere|0363
|Kadyn|0363
|Kadytis|0363
|Kaërsutit|0363
|Kaf (Bjergkæde)|0363
|Kaf (se Kef)|0363
|Kafereus|0363
|Kaffa (se Feodosia)|0363
|Kaffa (Landskab)|0363
|Kaffa Stræde ell. Strædet ved Kertsh|0363
|Kaffe|0363-0366
|Kaffebønne|0366
|Kaffegarvesyre|0366
|Kaffegrums|0366
|Kaffehus|0366-0367
|Kaffein|0367-0368
|Kaffeinsyre|0368
|Kaffekat|0368
|Kaffepunch|0368
|Kafferbrød|0368
|Kaffere|0368
|Kafferkorn|0368
|Kafferokse|0368
|Kaffesort|0368
|Kaffesurrogat|0368
|Kaffesyre|0368
|Kaffetragant|0368
|Kaffetræ|0368
|Kaffraria|0368
|Kafir|0368
|Kafiristan|0368-0369
|Kafis|0369
|Kafka, Johan Nepomuk|0369
|Kafr|0369
|Kafr-ez-Zaijat|0369
|Kaftan|0369
|Kaftan, Julius Wilhelm Martin|0369
|Kaftan, Theodor Christian Heinrich|0369-0370
|Kaftor|0370
|Kafur|0370
|Kag|0370
|Kagal|0370
|Kagayán-Øerne|0370
|Kage|0370
|Kagera|0370
|Kagoshima|0370
|Kagstrygning|0370
|Kagu|0370
|Kaguang|0370
|Kaguar|0370
|Kagul|0370
|Kagylnyk|0370
|Kagysman|0370
|Kahan|0370
|Kahau|0370
|Kahir billah|0371
|Kahl, Ernst Petrus Wilhelm|0371
|Kahla|0371
|Kahlenberg|0371
|Kahn, Gustave|0371
|Kahn, Robert|0371
|Kahnis, Karl Friedrich August|0371
|Kahnjern|0371-0372
|Kaholmen|0372
|Kahtân|0372
|Kahul|0372
|Kahulaui|0372
|Kahyt|0372
|Kaiapoi|0372
|Kaieteur Faldet|0372
|Kaifas|0372
|Kaiføng|0372
|Kaik|0372
|Kaikias|0372
|Kailas|0372
|Kaimaner|0372-0373
|Kaimanfisk|0373
|Kaim-biamrillah|0373
|Kaimeni|0373
|Kâimmakam|0373
|Kain|0373
|Kaineus|0373
|Kainit|0373
|Kaïnitter|0373
|Kainsdorf|0373
|Kainsk|0373
|Kainz, Josef|0373-0374
|Kainz, Sara|0374
|Kaipara-Havn|0374
|Kaiping|0374
|Kaira|0374
|Kairamo, Alfred Oswald|0374
|Kairana|0374
|Kairin|0374
|Kairo|0374-0376
|Kairos|0376
|Kairvan|0376
|Kaisarieh|0376
|Kaiser, Frederik|0376
|Kaiser, Johan Vilhelm|0376-0377
|Kaiserfeld, Morits von|0377
|Kaiserslautern|0377
|Kaiserswerth|0377
|Kait Bey|0377
|Kaithal|0377
|Kaj|0377-0378
|Kajak|0378-0379
|Kajakangst|0379
|Kajanus, Robert|0379
|Kaje (Søv.)|0379
|Kaje (Fugl)|0379
|Kajell|0379
|Kajmur|0379-0381
|Kajoëtræ|0381
|Kak, Kako|0381
|Kakadu|0381
|Kakao|0381
|Kakaoblommer|0381
|Kakaobønner|0381
|Kakaofedt|0381
|Kakaolikør|0381
|Kakaopulver|0382
|Kakaosmør|0382
|Kakaote|0382
|Kakaotræ|0382
|Kakapo|0382
|Kakaralli|0382
|Kakardista|0382
|Kakeksi|0382
|Kakemono|0382
|Kakerlakker|0382
|Kaki|0382
|Kakia|0382
|Kakinada|0382
|Kakirif|0383
|Kakke, Aage|0383
|Kak-ke|0383
|Kakkel|0383
|Kakkelovn|0383
|Kako|0383
|Kakodoksi|0383
|Kakodyl|0383
|Kakodæmon|0383
|Kakofoni|0383
|Kakofrasi|0383
|Kakografi|0383
|Kakologi|0383
|Kakonda|0383
|Kakongo|0383
|Kakosmi|0383
|Kakosyntheton|0383
|Kakoxen|0383
|Kaktusdyrkning|0383
|Kaktusfamilien|0383-0386
|Kaktusskjoldlus|0384
|Kakuang|0384
|Kakuminaler|0384
|Kala|0384
|Kala|0384
|Kalaa (d. s. s. Kala)|0384
|Kalaa (By)|0384 0387
|Kalabaka|0387
|Kalabalik|0387
|Kalabarbønne|0387
|Kalabas, Kalabastræ|0387
|Kalabreser|0387
|Kalabrien|0387
|Kalade|0387
|Kalafat|0387
|Kalahari|0387-0388
|Kalain|0388
|Kalaïs og Zetes|0388
|Kalait|0388
|Kalakaua, David|0388
|Kalalek|0388
|Kalam (Teologi)|0388
|Kalam (Landskab)|0388
|Kalamaika|0388
|Kalamakion|0388
|Kalamander-Ibenholt|0388
|Kalamas|0388
|Kalamata|0388
|Kalamazoo|0388
|Kalamis|0388-0389
|Kalamita-Bugten|0389
|Kalamitet|0389
|Kaland|0389
|Kalanderlærke|0389
|Kalandring, Kalander|0389
|Kalandsbrødre ell. Kalander|0389
|Kalandhuse|0389
|Kalanos|0389
|Kalantan|0389
|Kalarasch|0389
|Kalas|0389
|Kalathos|0389
|Kalatsch|0389
|Kalau|0389
|Kalaureia|0389-0390
|Kalavryta|0390
|Kalazogamer|0390
|Kalazogami|0390
|Kalb, Charlotte von|0390
|Kalb, Johann|0390
|Kalbe|0390
|Kalbeck, Max|0390
|Kalcedon|0390
|Kalchas|0390-0391
|Kalchedon|0391
|Kalcination|0391
|Kalcit|0391
|Kalcium|0391
|Kalciumacetat|0391
|Kalciumbikarbonat|0391
|kalciumbisulfit|0391
|Kalciumbrinte|0391
|Kalciumcyanamid|0391
|Kalciumdikarbonat|0391
|Kalciumdisulfit|0391
|Kalciumfluorid|0391
|Kalciumfosfat|0391-0392
|Kalciumhydrid|0392
|Kalciumhydrosulfid|0392
|Kalciumhydrosulfit|0392
|Kalciumhydroxyd|0392
|Kalciumhypoklorit|0392
|Kalciumilte|0392
|Kalciumkarbid|0392
|Kalciumkarbonat|0392
|Kalciumklorid|0393
|Kalciumkromat|0393
|Kalciumnitrat|0393
|Kalciumnitrid|0393
|Kalciumoxalat|0393
|Kalciumoxyd|0393
|Kalciumpentasulfid|0393
|Kalciumperhydroxyd|0393
|Kalciumperoxyd|0393
|Kalciumpræparater|0393
|Kalciumsalte|0394
|Kalciumsilikat|0394
|Kalciumsulfat|0394
|Kalciumsulfhydrat|0394
|Kalciumsulfid|0394
|Kalciumsulfit|0394
|Kalciumsuperhydroxyd|0394
|Kalciumsuperoxyd|0394
|Kalckreuth, Friedrich Adolf|0394
|Kalckreuth, Stanislaus og Leopold von|0394-0395
|Kaldelse|0395
|Kald og Varsel|0395
|Kaldidalur|0395
|Kaldskapellan|0395
|Kaldsret|0395-0396
|Kaldæa|0396
|Kaldæer|0396-0397
|Kaldæisk|0397
|kaldæiske Kristne|0397
|Kale|0397
|Kaleb|0397
|Kalebas-Træ|0397
|Kaleche|0397
|Kaledonien|0397
|Kaledoniske Kanal|0397
|Kaleidofon|0397-0398
|Kaleidoskop|0398
|Kalem|0398
|Kalendariografi|0398
|Kalendarium|0398
|Kalender|0398-0404
|Kalendertegn|0404-0405
|Kalente|0405
|Kalenter|0405
|Kalergis, Demetrios|0405
|Kale Sultanie|0405
|Kalevala|0405-0406
|Kalevipoeg|0406
|Kalfaret|0406
|kalfatre|0406
|Kalff, Gerrit|0406
|Kalff, Wilhelm|0407
|Kalgan|0407
|Kalgoorlie|0407
|Kalgujef|0407
|Kalhaṇa|0407
|Kalhauge, Sophus Viggo Harald|0407
|Kali (Terning)|0407
|Kali (se Kaliumhydroxyd)|0407
|Kali (se Durgā)|0407
|Kalialun|0407
|Kaliân|0407
|Kaliaturtræ|0407
|Kaliber|0407
|Kalibrering|0407-0408
|Kalidasa|0408
|Kalide, Theodor Erdmann|0408
|Kalif|0408-0412
|Kalifatet|0412
|Kalifeldspat|0412
|Kalifornien|0412-0414
|Kalifornien (Halvø)|0414
|kaliforniske Havbugt|0414
|kaliforniske Vine|0414
|kalifornisk Trug|0414
|kalifornisk Vagtel|0414-0415
|Kalifornit|0415
|kalifri Alun|0415
|Kaliglimmer|0415
|Kalihydrat|0415
|Kaliko|0415
|Kalikut|0415
|Kalilah wa Dimnah|0415
|Kalilud|0415
|Kalinit|0415
|Kalinka, Walerian|0415
|Kaliofilit|0415
|Kalir|0415-0416
|Kalisalpeter|0416
|Kalisalte|0416
|Kalisch|0416
|Kalisch, David|0416
|Kalischer, Alfred|0416
|Kalisvovllever|0416
|Kalitvenskaja Staniza|0416
|Kalium|0416
|Kaliumacetat|0416
|Kaliumantimonat|0416
|Kaliumantimonyltartrat|0416
|Kaliumauricyanid|0416-0417
|Kaliumaurocyanid|0417
|Kaliumbikarbonat|0417
|Kaliumbikromat|0417
|Kaliumbisulfat|0417
|Kaliumbitartrat|0417
|Kaliumbromid|0417
|Kaliumcelle|0417
|Kaliumcyanat|0417
|Kaliumcyanid|0417
|Kaliumdikromat|0417
|Kaliumdisulfat|0417
|Kaliumditartrat|0417
|Kaliumferricyanid|0417
|Kaliumferrocyanid|0417-0418
|Kaliumfluorid|0418
|Kaliumguldcyanid|0418
|Kaliumguldcyanur|0418
|Kaliumhydrat|0418
|Kaliumhydrosulfid|0418
|Kaliumhydroxyd|0418
|Kaliumhypermanganat|0418
|Kaliumhyperoxyd|0418
|Kaliumhypoklorit|0418
|Kaliumjerncyanid|0418
|Kaliumjerncyanyre|0418
|Kaliumjodid|0418
|Kaliumjodidsalve|0418
|Kaliumkarbonat|0418-0419
|Kaliumklorat|0419-0420
|Kaliumklorid|0420
|Kaliumklorokromat|0420
|Kaliumkoboltinitrit|0420
|Kaliumkromalun|0420
|Kaliumkromat|0420
|Kaliumkromisulfat|0420
|Kaliummagniumkarbonat|0420
|Kaliummagniumsulfat|0420
|Kaliummanganat|0420
|Kaliummyronat|0420
|Kaliumnitrat|0420-0421
|Kaliumnitrit|0421
|Kaliumoverilte|0421
|Kaliumoxalat|0421
|Kaliumoxyd|0421
|Kaliumoxydhydrat|0421
|Kaliumpentasulfid|0421
|Kaliumperklorat|0421
|Kaliumpermanganat|0421
|Kaliumperoxyd|0421
|Kaliumpikrat|0421
|Kaliumplatinklorid|0421
|Kaliumpyrosulfat|0421
|Kaliumrhodanid|0421
|Kaliumsalte|0421
|Kaliumsiliciumfluorid|0421
|Kaliumsilikat|0421
|Kaliumsulfat|0421
|Kaliumsulfhydrat|0421
|Kaliumsulfid|0422
|Kaliumsulfuret|0422
|Kaliumsølvcyanid|0422
|Kalivandglas|0422
|Kalix-Elv|0422
|Kaliyuga|0422
|Kaljasin|0422
|Kaljub|0422
|Kaljubieh|0422
|Kalk (Kalciumoxyd)|0422-0424
|Kalk (By)|0424
|Kalk (Bæger)|0424
|Kalkalger|0424
|Kalkalper|0425
|Kalkandelen|0425
|Kalkant|0425
|Kalkar, Christian Andreas Hermann|0425
|Kalkar, Karl Otto Herman Tryde|0425-0426
|Kalk Bay|0426
|Kalkblaat|0426
|Kalkbreccie|0426
|Kalkbrenner, Christian og Friedrich Wilhelm Michael|0426
|Kalkbrud|0426
|Kalkbrænderi|0426
|Kalkbænk|0426
|Kalke|0426
|Kalkepidot|0426
|kalkere|0426
|Kalkfarver|0426
|Kalkfeldspat|0426
|kalkflyende Planter|0426-0427
|Kalkfyllit|0427
|Kalkglimmer|0427
|Kalkglimmerskifer|0427
|Kalkgrund|0427
|Kalkgrønt|0427
|Kalkgødning|0427
|Kalkharmotom|0427
|Kalkhydrat|0427
|Kalkinfarkt|0427
|Kalkkonglomerat|0427
|Kalkkonkrement|0427
|Kalkkromgult|0427
|Kalkkvælstof|0427
|Kalklerskifer|0427
|Kalkliniment|0427
|Kalklunge|0427
|Kalklys|0427
|Kalklæskning|0427
|Kalkmaleri|0427
|Kalkmel|0427
|Kalkmergel|0427
|Kalkmesotyp|0427
|Kalkmælk|0427
|Kalkmørtel|0428
|Kalko-|0428
|Kalkografi|0428
|Kalkoolit|0428
|Kalkotypi|0428
|Kalkovn|0428
|Kalkplanter|0428
|Kalkpræcipitat|0428
|Kalksalpeter|0428
|Kalksalte|0428
|Kalksandsten|0428-0429
|Kalksinter|0429
|Kalkspat|0429-0430
|Kalksten|0430
|Kalksvampe|0430
|Kalksvovllever|0430
|Kalktuf|0430-0431
|Kalkulation|0431
|kalkulatorisk Bevilling|0431
|Kalkuld|0431
|kalkulere|0431
|Kalkun|0431-0434
|Kalkuranit|0434
|Kalkutta|0434-0435
|Kalkutta-Hamp|0435
|Kalkvand|0435
|Kalkvolbortit|0435
|Kalkyle|0435
|Kall, Abraham|0435
|Kall, Arnesen-, Benedicte Martinette|0435
|Kalla|0435
|Kallait|0435
|Kállay, Benjamin v.|0435
|Kallebod|0435
|Kallehave|0435
|Kallenberg, Anders Hansson|0435
|Kallenberg, Ernst Anton|0435-0436
|Kallerup-Stenen|0436
|Kalli|0436
|Kallidromos|0436
|Kalligeneia|0436
|Kalligrafi|0436
|Kallikrates|0436
|Kallikratidas|0436
|Kallilogi|0436
|Kallimachos (Grammatiker og Digter)|0436
|Kallimachos (Billedhugger)|0436
|Kallinikos|0436
|Kallinos fra Efesos|0436-0437
|Kalliope|0437
|Kallipasta|0437
|Kallipolis|0437
|Kallippos|0437
|Kallipygos|0437
|Kallirrhoë|0437
|Kallisthenes|0437
|Kallisto|0437
|Kallistos|0437-0438
|Kallistratos|0438
|Kallitypi|0438
|Kalliwoda, Johannes Wenzeslaus|0438
|Kallmorgen, Friedrich|0438
|Kallon|0438
|Kallops|0438
|Kallositet|0438
|Kall-Rasmussen|0438
|Kallstenius, Gottfried Samuel Nikolaus|0438
|Kallun|0438
|Kallundborg|0438
|Kallus|0438-0439
|Kallynteria|0439
|Kalmank|0439
|Kalmar (Blæksprutter)|0439
|Kalmar (By)|0439-0440
|Kalmar-Krigen|0440
|Kalmar-Len|0440-0441
|Kalmar-Reces|0441
|Kalmar-Sund|0441
|Kalmar-Unionen|0441-0442
|Kalmer|0442
|kalmere|0442
|Kalmia|0442
|Kalmios|0442
|Kalmius|0442
|Kalmuk|0442
|Kalmukagat|0442
|Kalmukker|0442-0443
|Kalmus|0443
|Kalmus-Olie|0443
|Kalmus-Rod|0443
|Kálnoky, Gustav|0443
|Kalobiotik|0443
|Kalocsa|0443
|Kalogeros|0443
|Kalokagati|0443
|Kalomo|0443-0444
|Kalong|0444
|Kalorie|0444
|Kalorifère|0444
|Kalorik|0444
|Kalorimeter|0444-0445
|Kalorimetri|0446
|Kalorisering|0446
|kaloriske Maskiner|0446
|kalorisk Lampe|0446
|Kalot (mat.)|0446
|Kalot (Hue)|0446
|Kalottister|0446
|Kalotypi|0446
|Kalpa|0446
|Kalpadruma|0446
|Kalpak|0446
|Kalpasutra|0446
|Kalpe|0446
|Kalpi|0446
|Kalsø|0446
|Kaluga|0446-0447
|Kalugyér|0447
|Kalumni|0447
|Kalumnie-Ed|0447
|Kalunda|0447
|Kalundborg|0447-0449
|Kalundborg Fjord|0449
|Kaluschin|0449
|Kalusz|0449
|Kalv (ungt Hornkvæg)|0449
|Kalv (i Fiskeri)|0449
|Kalv (Søv.)|0449
|Kalv (lille Ø)|0449
|Kalv, Erland|0449
|Kalvariebjerg|0449-0450
|Kalvarya|0450
|kalve|0450
|Kalveboer|0450
|Kalvebostrand|0450
|Kalvefeber|0450
|Kalvehave|0450
|Kalveknæ|0450
|Kalvekrøs|0450
|Kalveløbe|0450
|Kalveskind|0450
|Kalviller|0450
|Kalvinister|0450
|Kalvis|0450
|Kalvskindet|0450
|Kalvø|0450
|Kalw|0450
|Kalwitz|0450
|Kalydon|0450
|kalydoniske Jagt|0450-0451
|Kalymmation|0451
|Kalymno|0451
|Kalypso|0451
|Kalyptrogen|0451
|Kalø (Ø)|0451
|Kalø (Borgruin)|0451
|Kam (Redskab)|0451
|Kam (tekn.)|0451
|Kama (Flod)|0451-0452
|Kama|0452
|Kamala|0452
|Kamaon|0452
|Kamaran|0452
|Kamares|0452-0453
|Kamarezit|0453
|Kamasutra|0453
|Kamazinzer|0453
|Kamban, Guðmundur|0453
|Kambiform|0453
|Kambing|0453
|Kambium|0453
|Kambo|0453
|Kambodja|0453-0454
|Kambregne|0454
|kambrisk Formation|0454-0455
|kambrisk System|0455
|Kambunke|0455
|Kambyses|0455
|Kamčik, Goljema Kamčija|0455
|kamdelt|0455
|Kameer|0455
|Kamehameha|0456
|Kameiros|0456
|Kameke, Georg Arnold Karl|0456
|Kamel (Drøvtygger)|0456-0458
|Kamel|0458
|Kamelfaar|0458
|Kamelgarn|0458
|Kamelged|0458
|Kamelhaar|0458
|Kamelhalsflue|0458
|Kamelia|0458
|Kameliadamen|0458
|Kamelot|0458
|Kamen (By i Preussen)|0458
|Kamen (By i det vestlige Sibirien)|0458
|Kamener|0458
|Kamenez Litovsk|0458
|Kamenez Podolskij|0458
|Kamenskaja|0458-0459
|Kamenz|0459
|Kamera|0459
|Kameralist|0459
|Kameralvidenskab|0459
|Kamerlingh Onnes, H.|0459
|Kamerun|0459
|Kamerunbjerget|0459
|Kames|0459-0460
|Kamfedt|0460
|Kamfen|0460
|Kamfer|0460-0461
|Kamferdraaber|0461
|Kamferliniment|0461
|Kamferolie|0461
|Kamfersalve|0461
|Kamferspiritus|0461
|Kamfersyre|0461
|Kamfertræ|0461
|Kamfin|0461
|Kamgarn|0461
|Kamgran|0461
|Kamgræs|0461
|Kamgylte|0461
|kamgællede Snegle|0461
|Kamhjul|0461
|Kamienski, Matthias|0461
|Kamiesch-Bugten|0461
|Kamil|0461
|Kamil Pasha|0461
|Kamille|0461-0462
|Kamille, Romersk|0462
|Kamilleolie|0462
|Kamillete|0462
|Kamillus|0462
|Kamimura|0462-0463
|Kamin|0463
|Kaministiquia|0463
|Kaminovn|0463
|Kamisarder|0463-0464
|Kamkultur|0464
|Kamløv|0464
|Kammer (aflukket Rum)|0464
|Kammer (et Værelse)|0464
|Kammer (i Skyts)|0464
|Kammer (Munderingskammer)|0464
|Kammer (Minekammer)|0464
|Kammeradvokat|0464
|Kammerassessor|0464
|Kammerat|0464
|Kammerdam|0464
|Kammerdus|0464
|Kammerfrøken|0464
|Kammergericht|0464-0465
|Kammerherre|0465
|Kammerjunker|0465
|Kammerjæger|0465
|Kammerkancelli|0465
|Kammerkollegium|0465
|Kammerladning|0465
|Kammermester|0465-0466
|Kammermusik|0466
|Kammermusiker, Kammersanger|0466
|Kammermusikforeningen|0466
|Kammerovne|0466
|Kammerpresse|0466
|Kammerraad|0466
|Kammerret|0466
|Kammersager|0466
|Kammersanger|0466
|Kammersee|0466
|Kammersekretær|0466-0467
|Kammerskriver|0467
|Kammersluse|0467
|Kammerspil|0467
|Kammersyre|0467
|Kammertone|0467
|Kammin|0467
|Kammuslinger|0467-0468
|Kamp (se Graasten)|0468
|Kamp (i norske Fjeldnavne)|0468
|Kamp, Jens|0468
|Kampagne|0468
|Kampagne (Søv.)|0468
|Kampaner|0468
|Kampanien|0468
|Kampechetræ|0468
|Kampen|0468
|Kampen, Jacob van|0468
|Kampen, Nicolaas Godfried van|0468
|Kampen for Tilværelsen|0468
|Kamperduin|0469
|kampere|0469
|Kamperline|0469
|Kampesten|0469
|Kampesæter|0469
|Kampf, Arthur|0469
|Kampfisk|0469
|Kamphøns|0469
|Kamphøvener, Bernhard Casper|0469
|Kampkrydser|0469
|Kamplege|0469
|Kampmann, Hack|0469
|Kampong|0469
|Kampot|0469
|Kampoy|0469
|Kampskib|0469
|Kamptulikon|0469
|Kamptz, Carl Christoph Albert Heinrich von|0470
|Kampulung|0470
|kampylotropt|0470
|Kamrat|0470
|Kamrotte|0470
|Kamrup|0470
|Kamtap|0470
|Kamthi|0470
|Kamtromle|0470
|Kamtræ|0470
|Kamtshadaler|0470-0471
|Kamtshadalske Hav|0471
|Kamtshatka|0471-0472
|Kamtshatka-Bæver|0472
|Kamuflage|0472
|Kamuld|0472
|Kamus|0472
|Kamvelle|0472
|Kamysch-Bugt|0472
|Kamyschin|0472
|Kamyschlov|0472
|Kamæleon|0472
|Kamæleoner|0472-0473
|Kan (Herre)|0473
|Kan (holl. Maal)|0473
|Kân|0473
|Kana|0473
|Kanaan|0473-0474
|Kanaanitter|0474
|Kanachos|0474
|Kanada|0474-0484
|Kanadahjort|0484
|Kanadin|0484
|kanadisk Balsam|0484
|kanadiske Søer|0485
|Kanadol|0485
|Kanagava|0485
|Kanake|0485
|Kanaker|0485
|Kanal|0485-0488
|Kanal (folkeretlig)|0488-0489
|Kanal (Anat.)|0489
|Kanala|0489
|Kanalbygning|0489
|Kanaldirektionen|0489
|Kanalen|0489-0490
|Kanalflader|0490
|Kanalhavn|0490
|Kanalisation|0490
|Kanalisation|0490
|Kanalisering|0490
|Kanalje|0491
|Kanalopvarmning|0491
|Kanalstraaler|0491-0497
|Kanaltold|0497-0498
|Kanaløer|0498
|Kanan|0498
|Kananor|0498
|Kanaoka, Kose|0498
|Kanape (Møbel)|0498
|Kanape (Smørrebrød/Bagværk)|0498
|Kanara|0498-0499
|Kanaresisk Sprog|0499
|Kanariefrø|0499
|Kanariefugl|0499-0500
|Kanarieglas|0500
|Kanariegræs|0500
|Kanarievine|0500
|Kanaris, Konstantin|0500
|Kanaster|0500
|Kanat|0500
|Kanatha|0500
|Kanaudj|0500
|Kanawha|0500
|Kanazava|0500
|Kancelli|0500-0505
|Kancellibygningen|0505
|Kancellideputeret|0505
|Kancellidirektør|0505
|Kancelliets Brevbøger|0505
|Kancelliforvalter|0505
|Kancelliherremand|0505-0506
|Kancellipræsident|0506
|Kancelllraad|0506
|Kancellisekretær|0506
|Kancellist|0506
|Kancellistil|0506
|Kanchanjanga|0506
|Kándahar|0506
|Kandalaksha-Bugt|0506
|Kandar|0506
|Kandaules|0506
|Kandavu|0506
|Kande (Beholder)|0506-0507
|Kande (Maal)|0507
|Kandebærer|0507
|Kandelaber|0507-0508
|Kandelabergran|0508
|Kander|0508
|Kander-Dal|0508
|Kandesh|0508
|Kandestederne|0508
|Kandestøber|0508
|Kandestøbermetal|0508
|Kandhia|0508
|Kandi|0508
|Kandia|0508
|Kandidat|0508
|Kandiltagh|0508
|Kandioter|0508
|Kandis|0508
|kandisere|0508
|Kandjur|0508-0509
|Kandy|0509
|Kane (se Slæde)|0509
|Kane (By i U. S. A.)|0509
|Kane, Elisha Kent|0509
|Kanea|0509
|Kane Bassin|0509
|Kaneforer|0509
|Kaneforinstitutionen|0509
|Kanel|0509-0510
|Kanelaldehyd|0510
|Kanelalkohol|0510
|Kanelblomster|0510
|Kanelbusk|0510
|Kaneldraaber|0510
|Kanelolie|0510
|Kanelsten|0510
|Kanelsyre|0510
|Kaneltræ|0510
|Kanelvand|0510
|Kanem|0510-0511
|Kanembu|0511
|Kaneon|0511
|Kanev|0511
|Kanevas|0511
|Kangaroo|0511
|Kangeang|0511
|Kang-hsi|0511
|Kang-ju-wei|0511-0512
|Kangombe|0512
|Kangra|0512
|Kangrikræft|0512
|Kanikov|0512
|Kanin|0512-0517
|Kanin (Halvø)|0517
|Kaninskind|0517
|Kanishka|0517
|Kanister|0517
|Kanizsa|0517-0518
|Kanja-Kumari|0518
|Kanjut|0518
|Kankakee|0518
|Kankan (By)|0518
|Kankan (Dans)|0518
|kankrinisk|0518
|kankroid|0518
|Kannanur|0518
|Kanne|0518
|Kanne, Søren Mikkelsen|0518
|Kannelurer|0518
|Kannevas|0518
|Kannibaler|0518
|Kannibalisme|0518
|Kannik|0518
|Kannubari|0518
|Kano (Fartøj)|0518
|Kano (By i Sudan)|0519
|Kanobin|0519
|Kanobos|0519
|Kano Monotobu|0519
|Kanon (d. s. s. canon)|0519
|Kanon (se Skriftsystemer)|0519
|Kanon (Skyts)|0519
|Kanon (se Bibel)|0519
|Kanon (musikalsk)|0519-0520
|Kanonade|0520
|Kanonbaad|0520
|Kanonbedækning|0520
|Kanonbrog|0520
|Kanonbænk|0520
|Kanonchaluppe|0520
|Kanoner|0520
|Kanonfabrikation|0520
|Kanonføde|0520
|Kanonicitet|0520
|Kanonikus|0520
|Kanonisation|0520
|kanonisere|0521
|kanonisk|0521
|kanonisk Alder|0521
|kanoniske Bøger|0521
|kanonisk Liv|0521
|kanonisk Ret|0521
|kanonisk Tid|0521
|Kanonisser|0521-0522
|Kanonister|0522
|Kanonjolle|0522
|Kanonmetal|0522
|Kanonport|0522
|Kanonslag|0522
|Kanonstøbning|0522
|Kanontaarn|0522-0523
|Kanontilvirkning|0523-0525
|Kanoper|0525
|kanopisk Dekret|0525-0526
|Kanopos|0526
|Kanopos-Stelen|0526
|Kanpur|0526
|Kansan-Stadiet|0526
|Kansas|0526
|Kansas-City|0526-0527
|Kansas River|0527
|Kansas-Sten|0527
|Kansk|0527
|Kansler|0527-0532
|Kanslerret|0532
|Kansu|0532
|Kansuwe|0532
|Kant|0532
|Kant, Immanuel|0532-0536
|Kantabrer|0536
|Kantabrien|0536
|Kantabriske Bjerge|0536
|Kantakuzenos|0536
|Kantar|0536
|Kantara|0536
|Kantarider|0536
|Kantate|0536
|Kantbæger|0536
|Kantbælg|0536
|Kantele|0537
|Kanteletar|0537
|Kantemir|0537
|Kantespant|0537
|Kantharideplaster|0537
|Kantharidesalve|0537
|Kantharos|0537
|kanthøvle|0537
|Kantille|0537
|Kantine|0537
|Kanton (Distrikt)|0537-0538
|Kanton (By i Kina)|0538
|Kantonalister|0538
|kantoneret|0538
|Kantonnement|0538
|Kantonnementsøvelser|0538
|Kantor|0539
|kantre|0539
|Kantshintshinga|0539
|Kantshou|0539
|Kantshoufu|0539
|kantsætte|0539
|Kanttræ|0539
|Kantusse|0539
|Kânûn|0539
|Kanuri|0539
|Kanykov|0539
|Kanyle|0539
|Kaolin|0539
|Kaolinsandsten|0539
|Kaos|0539
|kaotisk|0539
|Kap|0539
|kapabel|0539
|Kapacitet|0539-0540
|Kapacitet|0540
|Kapalika|0540
|Kapaneus|0540
|Kap Breton|0540
|Kap Cad|0540
|Kapdue|0540
|Kapel|0540
|Kapel (tekn.)|0540
|Kapel (mus.)|0540
|Kapellan|0540-0541
|Kapellan|0541
|Kapellbackarna|0541
|Kapelmester|0541
|Kapelmestermusik|0541
|Kapelmusikus|0541
|Kaper|0541
|Kaper, Ernst Christian|0541
|Kapergast|0541
|Kapernaum|0542
|Kapers|0542
|Kapersfamilien|0542
|Kap Farvel|0542
|Kapgummi|0542
|Kap Haïti|0542
|Kap Hatteras|0542
|Kap Hoorn|0542
|Kapidschi|0542
|kapillar|0542
|Kapillarelektricitet|0542
|Kapillarelektrometer|0542
|Kapillarer|0542
|Kapillaritet|0542-0543
|Kapillarkemi|0543
|Kapillærsirup|0544
|Kapital|0544-0545
|Kapital (se Bogbinderi)|0545
|Kapitalbogstaver|0545
|Kapital- eller Anlægssteg|0545-0546
|Kapitalisering|0546
|Kapitalisme|0546
|Kapitalist|0546
|kapitalistisk|0546
|Kapitalkonto|0546
|Kapitallinie|0546
|Kapitalrente|0546
|Kapitalrenteskatten|0546-0547
|Kapitalskat|0547
|Kapitalværdi|0547
|Kapitel (Afsnit)|0547
|Kapitel (se Domkapitel)|0547
|Kapitelstakst|0547-0548
|kapitolinske Høj|0548
|kapitolinske Ulvinde|0548
|Kapitulant|0548
|Kapitularier|0548
|Kapitulation|0548-0549
|Kapitulationer|0549-0550
|kapitulere|0550
|Kapitæl|0550
|Kapitæler|0550
|Kapivar|0550
|Kapkoloni|0550
|Kap-Komorin|0550
|Kaplak|0550
|Kapland|0550-0554
|Kaplege|0554
|Kapnist, Vasilij Vasiljevitsch|0554
|Kap Nord|0554
|Kapok|0554
|Kaponière|0554
|Kaposi, Moritz|0554
|Kaposvár|0554
|Kapp, Friedrich|0554
|Kapp, Julius|0554-0555
|Kappadokien|0555
|Kappe (Beklædning)|0555
|Kappe (Hud)|0555-0556
|Kappe (gl sv. Maal)|0556
|Kappe (i Bygningskunsten)|0556
|Kappe (Beskytte)|0556
|Kappe (Søv.)|0556
|Kappel|0556
|Kappeln|0556
|Kappemuskelen|0556
|Kappeorm|0556
|Kappeovn|0556
|Kapper, Siegfried|0556
|Kapperør|0556
|Kappeyne van de Copello, Jan|0556
|Kap Race|0556-0557
|Kaprice|0557
|Kaprifikation|0557
|Kaprifolium|0557
|Kaprinsyre|0557
|Kapriol|0557
|Kapronsyre|0557
|Kaprylsyre|0557
|Kapsali|0557
|kapsejse|0557
|Kapsel (anat.)|0557
|Kapsel (bot.)|0557
|Kapselbaand|0557
|Kapselbarometer|0557
|Kapsele|0557
|Kapselhjul|0557
|Kapselmaskine|0557-0558
|Kapselstær|0558
|Kaps jagende Hund|0558
|Kapsko|0558
|Kapskyer|0558
|Kapstad|0558-0559
|Kapsun|0559
|Kapsæd|0559
|Kaptajn|0559
|kaptatorisk|0559
|Kapteyn, Jacobus Cornelius|0559-0560
|Kaption|0560
|kaptiøs|0560
|Kaptromantik|0560
|Kaptschak|0560
|Kapu|0560
|Kapucineraber|0560
|Kapucinere|0560
|Kapucinerfugl|0560
|Kapucinerinder|0560
|Kapudan|0561
|Kapun|0561
|Kapunda|0561
|Kapurthala|0561
|kaput|0561
|Kap Verde|0561
|Kapverdiske Øer|0561
|Kapvine|0561
|Kapygua|0561
|Kapys|0561
|Kar (anat.)|0561
|Kar (bot.)|0561
|Kara (d. s. s. Karasu)|0561
|Kara (Flod)|0561
|Kara (i geografiske Egennavne)|0561
|Karabagh|0561
|Karabin|0561-0562
|Karabinierer|0562
|Karabinkrog|0562
|Karabugas|0562-0563
|Karachi|0563
|Karadagh|0563
|Karade|0563
|Karad ha-Fokia|0563
|Karadschitsch, Vuk Stefanović|0563-0564
|Karáffe|0564
|Karafto|0564
|Karagasser|0564
|Kara Georg|0564
|Karageorgević|0564
|Karaghatsch|0564
|Karagin|0564
|Karagola|0564
|Karagwe|0564
|Karagöz|0564
|Kara Halvdansdatter|0564
|Karahissar|0564
|Karaiber|0564
|Karaibfisk|0564
|Karaiskakis, Georgios|0564
|Karaitter|0564
|Karak|0564
|Karakal|0564
|Karakalpakker|0565
|Karakirgisere|0565
|Karakol|0565
|Karakorum (Residensstad)|0565
|Karakorum (Bjergkæde)|0565
|Karakoto|0565
|Karakter|0565-0569
|Karakter (Søv.)|0569
|Karakterdans|0569-0570
|karakterisere|0570
|Karakterrolle|0570
|Karakul|0570
|Karakum|0570
|Karakusch|0570
|Karaman|0570
|Karambol|0570
|karambolere|0570
|Karamel|0570
|Kara Mustafa|0570
|Karamzin, Nikolaj Michajlovitsch|0570-0571
|Karanos|0571
|Karantæne|0571
|Karantænedirektion|0571
|Karantænekommission|0571
|Karapanos, Konstantin|0571
|Karapapacher|0572
|Karasi|0572
|Karasjok|0572
|Karasoutsas, Joannes|0572
|Karasovski, Moritz|0572
|Karasu|0572
|Karasu-basar|0572
|Karat|0572
|Karatag|0572
|Karatassos|0572
|Karategin|0572
|Karatheodory, Alexander|0572-0573
|Karatlodder|0573
|Karatova|0573
|Karatschev|0573
|Karatshi|0573
|Karatsu|0573
|Karauli|0573
|Karavane|0573
|Karavanhandel|0573-0574
|Karavanserai|0574
|Karavanveje|0574
|Karavel|0574
|Karavelov, Ljuben|0574-0575
|Karavelov, Petko|0575
|Karaveria|0575
|Karaya|0575
|Karazin, Nikolaj Nikolajevitsch|0575
|Karbamid|0575
|Karbanil|0575
|Karbanilsyre|0575
|Karbazol|0575
|Karbider|0575-0576
|Karbidkul|0576
|Karbidkvælstof|0576
|Karbimid|0576
|Karbinol|0576
|Karbitz|0576
|Karbolforgiftning|0576
|Karbolgaze|0576
|Karbolineum|0576
|Karbololie|0576
|Karbolsyre|0576
|Karbolvand|0576
|Karbonade|0576
|Karbonat|0576
|Karbonater|0576
|Karbonformation|0576
|Karbonider|0576
|karbonisere|0576
|karboniske Formation eller System|0576
|Karbonit|0576
|Karbonsyrer|0576
|Karbonyl|0576
|Karbonylklorid|0577
|Karborund|0577
|Karborundum|0577
|Karbostyril|0577
|Karboxyl|0577
|Karbundt|0577
|Karbunkel (d. s. s. Karfunkel)|0577
|Karbunkel (Brandbyld)|0577
|Karburator|0577
|karbureret Vandgas|0577
|Karburering|0577
|Karbylaminer|0577-0578
|Karchesion|0578
|Karchi|0578
|Karcinom|0578
|Karcinosarkom|0578
|Karczag|0578
|Kardec, Allan|0578
|Kardemomme|0578
|Kardemommeplante|0578
|Kardhaki|0578
|Kardia|0578
|Kardialgi|0578
|Kardinal (Embede)|0578
|Kardinal (Drik)|0578
|Kardinal (Burfugl)|0578-0579
|Kardinaldyder|0579
|Kardinalhat|0579
|Kardinalpunkter|0579
|Kardinaltal|0579
|Kardiograf|0579
|Kardiogram|0579
|Kardioide|0579
|Kardioreksis|0579
|Kardiospasme|0579-0580
|Karditis|0580
|Karditsa|0580
|Kardo|0580
|Kardol|0580
|Kardorff, Wilhelm v.|0580
|Kardus|0580
|Karduspapir|0580
|Kardzag|0580
|Kardæsk|0580
|Kareborre|0580
|Karreborrefamilien|0580
|Karejning|0580
|Karelen|0580-0581
|Kareler|0581
|karelsk Sprog|0581
|Karen|0581
|Karener|0581
|Karenstid|0581
|Karer|0581
|karessere|0581
|Karet|0581
|Karethest|0581
|Karette|0581
|Karf|0581
|Karfolit|0581
|Karfunkel|0581
|Kargadør|0582
|Karg-Elert, Sigfrid|0582
|Kargopol|0582
|Kariber|0582
|Karien|0582
|Karikal|0582
|Karikatur|0582-0587
|karikere|0587
|Karin Mansdotter|0587
|Kariol|0587
|Karise|0587
|Kariske Hav|0587
|Kári Sölmundarson|0587
|Karitter|0587
|Kar-Kar|0587
|Karkaraly|0587
|Karkasse|0587
|Karkemis|0587-0588
|Karker|0588
|karkinitiske Bugt|0588
|Karkryptogamer|0588
|Karl|0588
|Karl af Rise|0588
|Karl den Danske|0588-0589
|Karl (dansk Prins)|0589
|Karl (Landgreve af Hassen-Kassel)|0589-0590
|Karl August|0590
|Karl Frederik|0590
|Karl (sv. Konger)|0590
|Karl Sverkersson|0590
|Karl Knutsson|0591
|Karl IX (sv. Konge)|0591-0593
|Karl (X) Gustaf (sv. Konge)|0593-0594
|Karl XI (sv. Konge)|0594-0597
|Karl XII (sv. Konge)|0597-0600
|Karl XIII (sv. og norsk Konge)|0600-0601
|Karl XIV Johan (sv. og norsk Konge)|0601-0603
|Karl XV (sv. og norsk Konge)|0603-0604
|Karl (svensk Prins)|0604
|Karl I (Konge af Storbritannien og Irland)|0604-0606
|Karl II (Konge af Storbritannien og Irland)|0606-0607
|Karl Edvard Stuart|0607
|Karl Martel|0607-0608
|Karl I den Store (fr. Konge og rom. Kejser)|0608-0610
|Karl II den Skaldede (Konge af Frankrig og rom. Kejser)|0610-0611
|Karl III den Enfoldige (Konge af Frankrig)|0611
|Karl IV den Smukke (Konge af Frankrig)|0611
|Karl den Tykke (Konge af Tyskland, romersk Kejser og Konge af Frankrig)|0611
|Karl V den Vise (Konge af Frankrig)|0611-0612
|Karl VI (Konge af Frankrig)|0612-0613
|Karl VII (Konge af Frankrig)|0613
|Karl VIII (Konge af Frankrig)|0613-0614
|Karl IX (Konge af Frankrig)|0614
|Karl X (Konge af Frankrig)|0614-0615
|Karl I (Konge i Spanien og tysk Kejser)|0615
|Karl II (Konge i Spanien)|0615
|Karl III (Konge i Spanien, Neapel og Sicilien)|0615-0616
|Karl IV (Konge i Spanien)|0616
|Karl (V, VI, VII) (Tronprætendenter i Spanien)|0616
|Karl Peter Ulrik|0616
|Karl I (tysk Kejser)|0616
|Karl II (tysk Kejser)|0616
|Karl III (tysk Kejser)|0616
|Karl IV (tysk Kejser)|0616
|Karl V (tysk Kejser)|0616-0617
|Karl VI (tysk Kejser)|0617-0618
|Karl VII (tysk Kejser)|0618
|Karl Frederik (Storhertug af Baden)|0618
|Karl Theodor Maximilian August (Prins af Bayern)|0618
|Karl Wilhelm Ferdinand (Hertug af Braunschweig Wolfenbüttel)|0618-0619
|Karl Frederik August Wilhelm (Hertug af Braunschweig)|0619
|Karl den Dristige (Hertug af Burgund)|0619-0620
|Karl III (Hertug af Lothringen)|0620
|Karl IV (Hertug af Lothringen)|0620
|Karl V (Hertug af Lothringen)|0620
|Karl Alexander (Prins af Lothringen)|0620
|Karl den Onde (Konge af Navarra)|0620-0621
|Karl I (Konge af Neapel)|0621
|Karl II (Konge af Neapel)|0621
|Karl III (Konge af Neapel)|0621
|Karl II (Hertug af Parma)|0621
|Karl III (Hertug af Parma)|0621
|Karl I (Konge af Portugal)|0621-0622
|Karl af Rumænien|0622
|Karl August (Storhertug af Sachsen-Weimar)|0622
|Karl Frederik (Storhertug af Sachsen-Weimar)|0622
|Karl Alexander (Storhertug af Sachsen-Weimar)|0622
|Karl Emanuel I (Konge af Sardinien)|0622
|Karl Emanuel II (Konge af Sardinien)|0622
|Karl Felix (Konge af Sardinien)|0622
|Karl Albert (Konge af Sardinien)|0622-0623
|Karl Emanuel den Store (Hertug af Savojen)|0623
|Karl I (Konge af Württemberg)|0623
|Karl Eugen (Hertug af Württemberg)|0623-0624
|Karl Frants Josef (Kejser af Østerrig og Konge af Ungarn)|0624
|Karl Ludwig Johann (Ærkehertug af Østerrig)|0624-0625
|Karl Ludwig (Ærkehertug af Østerrig)|0625
|Karlberg|0625
|Karl den XIII's Orden|0625
|Karlebotten|0625
|Karleby|0625
|Karlfeldt, Erik Axel|0625-0626
|Karli|0626
|Karlin|0626
|Karlin, Georg|0626
|Karlister|0626
|Karl Johans-förbundet|0626
|Karl Johansværn|0626
|Karl Jónsson|0626
|Karl-Magnus-Sagnene|0626-0627
|Karloman (Søn af Karl Martel)|0627
|Karloman (Konge af Frankrig)|0627
|Karloman (Konge af Tyskland)|0627
|Karlowa, Carl Franz Otto von|0627
|Karlowicz, Mieczyslav|0627
|Karlowitz|0627
|Karl-Sagnene|0627
|Karlsbad|0627-0628
|Karlsbad-Beslutningerne|0628
|Karlsbadersalt|0628
|Karlsborg|0628
|Karlsburg|0628
|Karlshamn|0628
|Karl's Hjerte|0628
|Karlskrona|0628-0629
|Karlskrona Len|0629
|Karls-Orden|0629
|Karlsruhe|0629
|Karlsson, Karl Henrik|0629
|Karlstad|0629-0630
|Karlstads Len|0630
|Karlstadt|0630
|Karlstadt, Andreas|0630
|Karlstein|0630
|Karlsten|0630
|Karlsvognen|0630
|Karlsöy|0630-0631
|Karm|0631
|Karma|0631
|Karman|0631
|Karmanaça|0631
|Karmanien|0631
|Karmarsch, Karl|0631
|Karmater|0631-0632
|Karmel|0632
|Karmelitter|0632
|Karmelittervand|0632
|Karmesin|0632
|Karmin|0632
|Karmindompap|0632
|Karminlak|0632
|Karminsyre|0632
|karmoisere|0632-0633
|Karmoisin|0633
|Karmøen|0633
|Karnabat|0633
|Karnajim|0633
|Karnak|0633
|Karnal|0633
|Karnap (Myggenet)|0633
|Karnap (Flække i Preussen)|0633
|Karnatik|0633
|Karnation|0633
|Karnaubapalme|0633
|Karnaubavoks|0633
|Karneades|0634
|Karneia|0634
|Karneol|0634
|Karneval|0634
|Karnifikation|0634
|Karnis|0634
|Karniske Alper|0634
|karniske Etage|0634
|Karnos|0634
|Karnul|0634-0635
|Karnuter|0635
|karnøfle|0635
|Karo|0635
|Karobin|0635
|Karobtræ|0635
|Karolin|0635
|Karoline (et Slags Billardspil)|0635
|Karoline (Dronning af Storbritannien)|0635-0636
|Karoline Maria (Dronning af Neapel og Sicilien)|0636
|Karoline|0636
|Karoline Charlotte Mariane (dansk Kronprinsesse)|0636
|Karoline Amalie|0636-0637
|Karoline Mathilde (dansk Dronning)|0637-0638
|Karolinenthal|0638
|Karolinger|0638
|Karolinska medico-kirurgiska institutet|0638
|Karolinske Bøger|0638
|Károly|0638
|Károlyi, Aloys|0638
|Karosse|0638
|Karotte|0638
|Karpatherne|0639-0640
|Karpathersandsten|0640
|Karpatho|0640
|Karpe|0640-0641
|Karpeavl|0641
|Karpedam|0642
|Karpefisk|0642-0644
|Karpehold|0644
|Karpekarusse|0644
|Karpel|0644
|Karpelaks ell. Tropelaks|0644
|Karpeles, Gustav|0644-0645
|Karpelus|0645
|Karpenisi|0645
|Karperyg|0645
|Karpesten|0645
|Karpetaner|0645
|Karpetunge|0645
|Karpholit|0645
|Karpinski, Alexandri Petrovič|0645
|Karpinski, Franciszek|0645
|Karplanter|0645
|Karpo|0645
|Karpogonie|0645
|Karpokrates|0645
|Karpospore|0645
|Karr, Alphonse|0645-0646
|Karraghen|0646
|Karre (Køretøj)|0646
|Karre (Fægtningsformation)|0646
|Karrebæk Fjord|0646
|Karrebæksminde|0646
|Karremaskine|0646
|Karrenfelder|0646
|Karreplov|0646
|karreret|0646
|Karrhæ|0646
|Karri|0647
|Karriere|0647
|Karronade|0647
|Karrooformationen|0647
|Karrosse|0647
|Karrosseri|0647
|Karrossier|0647
|Karrusel|0647
|Kars (Provins)|0647
|Kars (By)|0647
|Karsch, Anna Louise|0648
|Karschuni|0648
|Karse|0648
|Karse, Indisk|0648
|Karshi|0648
|Karst|0648
|Karstdannelse|0648
|Karsten, Gustav Karl Wilhelm Hermann|0648
|Karsten, Karl Johann Bernhard|0648
|Karsten, Ludvig|0648-0649
|Karstfænomener|0649-0650
|Karstlandskab|0650
|Karstreng|0650
|Karstrengskede|0650
|Karsvulst|0650
|Kartalinien|0650
|Karte (Kartning)|0650-0651
|Karte (postal Benævnelse)|0651
|Kartebolle|0651
|Kartebollefamilien|0651
|Kartegilde|0652
|Kartel|0652-0653
|Kartelkonventioner|0653
|Kartemaskine|0653
|kartesianske Djævel|0653
|Karteusere|0653
|Karthago|0653-0658
|Karthli|0658
|Karthveler|0658-0659
|Kartoffel|0659-0660
|Kartoffelbille|0660
|Kartoffeldansk|0660
|Kartoffelfuselolie|0660
|Kartoffellæggere|0660-0661
|Kartoffelmel|0661
|Kartoffeloptagere|0661
|Kartoffelsago|0661
|Kartoffelsirup|0661
|Kartoffelskimmel|0661
|Kartoffelskrællemaskine|0661
|Kartoffelstivelse|0661
|Kartoffelsvamp|0661
|Kartoffelsygdomme|0661
|Kartoffeltysker.|0661
|Kartograf|0661
|Kartografi|0661
|Kartogram|0661
|Kartomanti|0661
|Kartometri|0662
|Karton|0662
|Kartonage|0662
|kartonere|0662
|Kartonpapir|0662
|Kartotek|0662
|Kartouche|0662-0663
|Kartove|0663
|Karttikeya|0663
|Kartum|0663
|Kartæske|0663
|Karun (Flod)|0663
|Karun (se Kerun)|0663
|Karunkel|0663
|Karup|0663
|Karup, Johannes Ferdinand Georg|0663
|Karup Aa ell. Skive Aa|0663-0664
|Karusse|0664
|Karvakrol|0664
|Karvar|0664
|Karve|0664
|Karvesnit|0664
|Karvestok|0664
|Karwendel-Bjergene|0664
|Karwin|0664
|Karyatider|0664-0666
|Karyocerit|0666
|Karyokinese|0666
|Karyolyse|0666
|Karyopilit|0666
|Karyorrhexis|0666
|Karystos|0666
|Karæer|0666
|Kasalinsk|0666
|Kasan|0666-0667
|Kasanlik|0667
|Kasba|0667
|Kasbek|0667
|Kasbin|0667
|Kaschau|0667
|kaschere|0667
|Kaschin|0667
|Kaschna|0667
|Kascholong|0667
|Kascoforsikring|0667
|Kasein|0667
|Kaseinfarver|0667
|Kaseinkalk|0667
|Kaseinkit|0667
|Kaseinmaleri|0667
|Kaseinpapir|0667
|Kaseking|0667
|Kasemat|0667
|Kasematskib|0668
|Kasembe|0668
|Kaserne|0668-0670
|Kasernearrest|0670
|Kaserneskib|0670
|Kashan|0670
|Kashgar|0670
|Kashmir (britisk Vasalstat)|0670-0672
|Kashmir (Uld)|0672
|Kashmiret|0672
|Kashmir-Sjal|0672
|Kashmir-Uld|0672
|Kâsi-asker|0672
|Kasider|0672
|Kasikumuk|0672
|Kasimir (se Kashmir)|0672
|Kasimir (se Gasimur)|0672
|Kasimir (polske Konger)|0672-0673
|Kasimov|0673
|Kasino|0673
|Kasion|0673
|Kaskade|0673
|Kaskadebjergene|0673
|Kaskarillebark|0673
|Kaskelot|0673-0674
|Kasket|0674
|Kaskoforsikring|0674
|Kaskø|0674-0675
|Kasos|0675
|Kaspiske Hav|0675-0676
|Kaspiske Port|0676
|Kasprowicz, Jan|0676
|Kasr-el-Kebir|0676
|Kasrun|0676
|Kassab|0676
|Kassaforretning|0676
|Kassai|0676
|Kassala|0676
|Kassandra|0676
|Kassandrabugten|0676
|Kassandros|0676-0677
|Kassation (milit. Retssprog)|0677
|Kassation (udygtig til Krigstjeneste)|0677
|Kassation (jur.)|0677
|Kassationsret|0677
|kassatorisk Klausul|0677
|Kassava|0677-0678
|Kasse|0678
|Kassebetjent|0678
|Kassebog|0678
|Kasseeftersyn|0678
|Kasseforordning|0678
|Kasseinspektør|0678
|Kassekommissær|0678
|Kassekontrolør|0678
|Kassekredit|0678
|Kassel|0678
|Kasselaas|0678
|Kasselerbrunt|0678
|Kasselergrønt|0679
|Kasselergult|0679
|Kasselersort|0679
|Kassemangel|0679
|kassere|0679
|Kasserer|0679
|Kasserosiner|0679
|Kassesaldo|0679
|Kassette (Opbevaring)|0679
|Kassette (i Arkitekturen)|0679
|Kassie|0679
|Kassiepeia|0679-0680
|Kassimov|0680
|Kassinet|0680
|Kassiterider|0680
|Kassitter|0680
|Kassiterit|0680
|Kassplja|0680
|Kastagnetter|0680
|Kastalia|0680
|Kastaliske Kilde|0680
|Kastamboli|0680
|Kastamuni|0680
|Kastanie|0680
|Kastaniebrunt|0680
|Kaste|0680
|Kastebevægelse|0680-0682
|Kasteblok|0682
|Kasteende|0682
|kaste Kæp|0682
|Kastel (se Citadel)|0682
|Kastel (By i Hessen)|0682
|Kastelege|0682
|Kastellan|0682
|Kastemaskine|0682-0683
|Kasteruse|0683
|Kasteskyts|0683
|Kastestopper|0683
|kaste til|0683
|Kastetræ|0683
|Kastevind|0683
|kastilianske Kanal|0683
|Kastilianske Skillebjerge|0683
|Kastilien|0683-0684
|Kastner, Emmerich|0684
|Kastner, Jean George|0684
|Kastning (Abort og for tidlig Fødsel)|0684-0685
|Kastning (aftærsker Sæd|0685
|Kastning (Formændring)|0685
|Kastor (se Dioskurer)|0685
|Kastor|0685
|Kastoria|0685
|Kastorolie|0685
|Kastrat|0685
|Kastrati|0685
|Kastration ell. Kastrering|0685-0687
|Kastratsangere|0687
|Kastrering|0687
|Kastri|0687
|Kastriota, Georg|0687
|Kastro|0687
|Kastrop|0687
|Kastrup|0687
|Kastrup Knæ|0687
|Kasualisme|0687
|Kasualtaler|0687
|Kasuar|0687-0688
|kasubisk Sprog og Litteratur|0688
|Kasuistik|0688
|Kasus|0688-0689
|Kasvin|0689
|Kaszewski, Kazimierz|0689
|Kat|0689-0690
|Katablast|0690
|Katabothron|0690
|Katafalk|0690
|Katafora|0690
|Kataforese|0690
|Kataforese|0690
|Kataforit|0690
|Katafrakter|0690
|Katagamba|0690
|Katagum|0690
|Katakana|0690
|Katakaustika|0690
|Kataklysma|0690
|Kataklysme|0690
|Kataklysme- ell. Katastrofeteori|0690
|Katak-Mehal|0690
|Katakolon|0690-0691
|Katakomber|0691-0693
|Katakrese|0693
|katalansk (ell. katalonsk) Litteratur|0693-0695
|katalektisk Vers|0695
|Katalepsi|0695
|Katalexis|0695
|Katalog|0695-0697
|Katalonien|0697
|katalonsk Litteratur|0697
|Katalyse|0697-0698
|Katamenier|0698
|Katane|0698
|Katanga|0698
|Katanæs|0698
|Katapleit|0698
|Katapleksi|0698-0699
|kataplektisk|0699
|Katapult|0699
|Katarakt (Vandfald)|0699
|Katarakt (Apparat)|0699
|Katarina Månsdotter|0699
|Katarina (sv. Prinsesse)|0699-0700
|Katarina Jagellonica|0700
|Katarr|0700
|katarralsk Feber|0700
|Katastasis|0700
|Kataster|0700
|Katastrofe|0700
|Katastrofeteori|0700
|Katatoni|0700
|Katatypi|0700
|Katavothra-Bjergene|0700
|Katavothrer|0700
|Katchin|0700-0701
|Kate, Herman Frederik Carelten|0701
|Kate, Jan Jakob Lodewijk ten|0701
|Kate, Lambert ten|0701
|Katechin|0701
|Katechu|0701
|Katechugarvesyre|0701
|Katechupalme|0701
|Katechusyre|0701
|Kateder|0701
|Katedersocialisme|0701-0702
|Katedral|0702
|Katedralglas|0702
|Katedralkirke|0702
|Katedralskoler|0702
|Kat efter Mus|0702
|Kategori|0702
|Katekese|0702
|Kateket|0702-0703
|Kateketik|0703
|Katekisation, katekisere|0703
|Katekisme|0703-0704
|Katekumener|0704
|Katernberg|0704
|Katete|0704
|Kateter|0704
|Katetometer|0704
|kat' exochen|0704
|Katfoss|0704
|Kaṭha|0704
|Kathai|0704
|Kaṭhaka|0704-0705
|Katharer|0705
|Katharina (Helgeninder)|0705-0706
|Katharina (eng. Dronning)|0706
|Katharina af Aragonien|0706
|Katharina af Portugal|0706
|Katharina af Medici|0706-0707
|Katharina I Alexejevna|0707
|Katharina II Alexejevna|0707-0710
|Katharine Howard|0710
|Katharine Parr|0710
|Katharsis|0710
|Kathartika|0710
|Kathartiske Metode|0710
|Kathasaritsagara|0710
|Kathiawar|0710
|Kathlamba|0710
|Katholikon|0710
|Katholikos|0710
|Katholm|0710
|Katiangaolie|0710
|Katif|0710
|Kation|0710
|Katjeli|0710
|Katkov, Mikael Nikiforovitsch|0710-0711
|Katla|0711
|Katmandu|0711
|Kato, Taka-Akira|0711
|Katode|0711
|Katodestraaler|0711-0717
|Katoforit|0717
|Katolicisme|0717
|Katolikdage|0717
|katolsk-apostoliske Kirke|0717
|katolske Breve|0717-0718
|katolske Kirke|0718-0720
|katolske Majestæt|0720
|Katoptrik|0720
|Katoptromantik|0720
|Katost|0720
|Katostfamilien|0720
|Katrine|0720
|Katrineblommer|0720
|Katschalinskaja Staniza|0720
|Katschenzer|0720
|Katsena|0720
|Katsh|0720-0721
|Katshar|0721
|Katsh-Gandava|0721
|Katshi|0721
|Katsura, Taro|0721
|Kattak|0721
|Katte|0721-0725
|katte|0725
|Katte, Hans Hermann von|0725
|katteagtige Rovdyr|0725
|Kattebjørne|0725
|Kattefod|0725
|Kattefritte|0725
|Kattefugl|0725
|Kattegat|0725-0727
|Katteguld|0727
|Kattehaj|0727
|Kattehale|0727
|Kattehalefamilien|0727
|Kattehoveder|0727
|Kattekløver|0727
|Kattemaki|0727
|Katten af Tønden, slaa|0727
|Katter|0727-0728
|Kattesafir|0728
|Katteskind|0728
|Katteskæg|0728
|Kattesølv|0728
|Kattetrappe|0728
|Katteurt|0728
|Katteøjesten|0728
|Kattowitz|0728
|Katty Kurgan|0728
|Katugle|0728
|Katun|0728
|Katunja-Søjler|0728
|Katunpapir|0728
|Katuntrykkeri|0728
|Katwijk Afvandingssluse|0728
|Katyayana|0729
|Katzbach|0729
|Katzenjammer|0729
|Kauai|0729
|Kauar|0729
|Kauberskifer|0729
|Kaudervælsk|0729
|Kauer, Ferdinand|0729
|Kaufbeuren|0729
|Kauffmann, Angelika|0729-0730
|Kauffmann, Heinrich August Theodor|0730
|Kauffmann, Hermann og Hugo|0730-0731
|Kauffmann, Vilhelm Frederik Ludvig|0731
|Kaufman, Asmus|0731
|Kaufmann, Carl Richard Johannes|0731-0732
|Kaufmann, Konstantin Petrovitsch|0732
|Kaufmann, Richard von|0732
|Kaufmann, Walter|0732
|Kaukasien|0732-0734
|kaukasiske Distrikt|0734
|kaukasiske Folk|0734
|kaukasiske Mur|0734
|kaukasiske Race|0735
|kaukasiske Sprog|0735
|Kaukasus|0735-0736
|Kaukauna|0736
|Kaula|0736
|Kaulbach, Friedrich|0736
|Kaulbach, Friedrich August von|0736-0737
|Kaulbach, Hermann|0737
|Kaulbach, Wilhelm von|0737-0738
|Kaulbars, Alexander Vasiljevitsch|0738
|Kaulom|0738
|Kaulun|0738
|Kaulung|0738
|Kaun, Hugo|0738
|Kauna|0738
|Kaunitz, Wenzel Anton|0738
|Kaunos|0738
|Kaupanger|0738-0739
|Kaupert, Gustav|0739
|Kauri|0739
|Kaurikopal|0739
|Kaurin, Edvard|0739
|Kaurin, Jens Matthias Pram|0739
|kausal|0739
|Kausalitet|0739
|Kausativ ell. Faktitiv|0739-0740
|Kauscher|0740
|Kauschning|0740
|Kaushitaki|0740
|Kaustik|0740
|kaustisk|0740
|Kaustobiolitter|0740
|Kautel|0740
|Kautelarjurisprudens|0740
|Kauterisation|0740
|Kautilya|0740
|Kaution|0740-0742
|Kautionsforsikring|0742
|Kautokeino|0743
|Kautschuk|0743
|Kautsjuk|0743-0745
|Kautsjukfernis|0745
|Kautsjukplaster|0745
|Kautsjuktræ|0745
|Kautsky|0745-0746
|Kautzsch, Emil Friedrich|0746
|Kav|0746
|Kaval|0746
|Kavaler (Herre)|0746
|Kavaler (i Befæstningskunsten)|0746
|Kavaleri|0746
|Kavalierperspektiv|0746
|Kavalkade|0746
|Kavalla|0746
|Kavanagh, Julia|0746
|Kavarna|0746
|Kavas|0746
|Kavate|0746
|Kavatine|0746-0747
|Kavdlunak|0747
|kavere|0747
|Kaverne|0747
|kavernøst Væv|0747
|Kavi|0747
|Kaviar|0747
|Kavier|0747-0748
|Kavirondo|0748
|Kavitet|0748
|Kavli, Arne Texnes|0748
|Kavring|0748
|Kavvadias, Panagiotes|0748
|Kavya|0748
|Kawa|0748
|Kaweri|0748
|Kayenbergh, Marie Émile Albert|0748
|Kayser, Emanuel|0748
|Kayser, Harald Hartvig|0748-0749
|Kayser, Karl Johan Henrik|0749
|Kayserling, Meyer|0749
|Kaystros|0749
|Kazak Luganskij|0749
|Kazanlyk|0749-0750
|Kazanpasset|0750
|Kazanskaja|0750
|Kazarer|0750
|Kazerun|0750
|Kazike|0750
|Kazimierz|0750
|Kazinczy, Ferenc|0750
|Kazwin|0750
|Kazwini|0750
|Kea|0750
|Kean, Charles John|0750
|Kean, Edmond|0750-0751
|Kearney (By i Nebraska, U. S. A.)|0751
|Kearney (By i New Jersey, U. S. A.)|0751
|Kearsley|0751
|Keats, John|0751-0753
|Kebbi|0753
|Kebes|0753
|Kebir|0753
|Keble, John|0753
|Kebnekaise|0753
|Kecskemét|0753
|Kedabek|0753
|Kedah|0753
|Kedar|0753
|Kedel|0753
|Kedeldal|0753
|Kedelfang|0753
|Kedelfarvetryk|0753
|Kedelflikker|0753
|Kedelform|0753
|Kedelhus|0753
|kedelig|0753-0754
|Kedelplader|0754
|Kedelsmedie|0754
|Kedelsten|0754
|Kedesher|0754
|Kediri|0754
|Kediv|0754
|Kedorlaomer|0754
|Kedron|0754
|Kedsomhed|0755
|Kedu|0755
|Keduscha|0755
|Keel|0755
|Keeler, James Edward|0755
|Keeling-Øer|0755
|Keene|0755
|Keene, Charles Samuel|0755
|Keenes Cement|0755
|Keewatin|0755-0756
|Kef|0756
|Kefalalgi|0756
|Kefalika|0756
|Kefallenia|0756
|Kefalografi|0756
|Kefalokele|0756
|Kefalometer|0756
|Kefalos|0756
|Kefalotomi|0756
|Kefalothryptor|0756
|Kefalotribe|0756-0757
|Kefalæmatom|0757
|Kefeus|0757
|Keffeje|0757
|Keffi|0757
|Kefil|0757
|Kefir|0757
|Kefisodotos|0757-0758
|Kefissos|0758
|Keflavík|0758
|Kefr|0758
|Keg|0758
|Kegle (mat.)|0758
|Kegle (se Skriftsystemer)|0758
|Kegleflade|0758
|Keglehjul|0758
|Keglenæb|0758
|Kegler|0758
|Keglesnegle|0758
|Keglesnit|0758-0759
|Keglesnitsflader|0759
|Keglespejl|0759
|Keglespil|0759
|Kegnæs|0759
|Kehl (d. s. s. Kel)|0759
|Kehl (By)|0759
|kehle|0759
|Kehraus|0759
|Kehren, Joseph|0759
|Keiat ell. Tikul|0759-0760
|Keighley|0760
|Keijser, Th. de|0760
|Keil, Gottfried Theodor Heinrich|0760
|Keil, Karl|0760
|Keila|0760
|Keilhau, Baltazar Mathias|0760
|Keilhauit|0760
|Keilir|0760
|Keim, Franz|0760
|Keim, Karl Theodor|0760-0761
|Keirincx, Alexander|0761
|Keiser, Reinhard|0761
|Keith|0761
|Keith, G. E.|0761
|Keith, George|0761
|Keith, Jakob|0761
|Keith, Robert Murray|0761-0762
|Keithlys|0762
|Keitloa|0762
|Keitum|0762
|Kei-Øer|0762
|Kejser|0762
|Kejserblaat|0762
|Kejserfisk|0762
|Kejsergarde|0762
|Kejsergrønt|0762
|Kejsergult|0762
|Kejserhat|0762
|Kejserkanal|0762-0763
|Kejserkrone|0763
|Kejserkultus|0763
|Kejsermønter|0763-0764
|Kejserret|0764
|Kejserrødt|0764
|Kejsersagnet|0764-0765
|Kejsersnit|0765
|Kejsersort|0765
|Kejsersvamp|0765
|Kejser Vilhelm's Kanal|0765
|Kejser Vilhelm's Øer|0765
|Kejserørn|0765
|Kejthaandethed|0765-0766
|Kekchi|0766
|Kekrops|0766
|Keksholm|0766
|Kekule, August|0766-0767
|Kekule v. Strádonitz R.|0767
|Kel|0767
|Kel|0767
|Kela|0767
|Kelainai|0767
|Kelaino|0767
|Kelantan|0767
|Kelat|0767
|Kelat-i-Ghilsai|0767
|kele|0767
|Keleos|0767
|Kelerashi|0767
|Kéler Béla|0767
|Keleti, Gustav Frederik|0767
|Keleti, Karl|0767-0768
|Kelheim|0768
|Kelims|0768
|Keling's Øer|0768
|Kellaway|0768
|Kellen, David van der|0768
|Kellen, Jan Philip van der|0768
|Keller, Albert von|0768
|Keller, Augustin|0768
|Keller, Christian|0768
|Keller, Émile|0769
|Keller, Ferdinand|0769
|Keller, Ferdinand|0769
|Keller, Franz og Joseph von|0769
|Keller, Friedrich Ludwig|0769
|Keller, Gerard|0769
|Keller, Gottfried|0769-0770
|Keller, Helen|0770
|Keller, Johan|0770
|Keller, Johan Christopher Henrik Rummelhoff|0770-0771
|Keller, Sophie Helene Henriette|0771
|Kellermann, Bernhard|0771
|Kellermann, Caroline Vilhelmine og Christian Laurentz|0771
|Kellermann, François Christophe de og François Étienne de|0771-0772
|Kellermann, Olaus Christian|0772
|Kellerwand|0772
|Kellet, Henry|0772
|Kellet-Stræde|0772
|Kelley, Edgar|0772
|Kellgren, Abraham Herman August|0772
|Kellgren, Johan Henrik|0773
|Kellinghusen|0773
|Kellner|0773
|Kells|0773
|Keloid|0773
|Kelong|0773
|Kelotomi|0773
|Kelp|0773-0774
|Kelso|0774
|Kelter|0774-0775
|Keltiberer|0775
|keltiske Kirke|0775
|keltiske Sprog.|0775-0778
|keltisk Litteratur|0778-0779
|Keltma|0779
|Keltomani|0779
|Keltring|0779
|Kelung|0779
|Kelvin|0779
|Kelvin, Lord|0779-0780
|Kelyfit|0780
|Kem|0780
|Kemalpashazadeh|0780
|Kemangeh|0780
|Kemble|0780
|Kemble, Charles|0780-0781
|Kemble, Frances Anna|0781
|Kemble, John Mitchell|0781
|Kemble, John Philip|0781
|Kemény, Siegmund|0781-0782
|Kemi (om Grundstofferne)|0782-0789
|Kemi (By)|0789
|Kemiatri|0789
|Kemi-Elv|0789
|Kemigrafi|0789
|Kemikalier|0789
|kemisk Analyse|0789
|Kemiskbrunt|0789
|kemiske Elementer|0789
|kemiske Forbindelser|0789
|kemiske Formler|0789
|kemiske Laboratorier|0789
|kemiske Ligninger|0789
|kemiske Straaler|0789
|kemiske Tegn|0789
|kemisk Fyrtøj|0789
|kemisk Industri|0789-0790
|kemisk Proces|0790
|kemisk Renhed|0790
|Kemiskrødt|0790
|kemisk Slægtskab|0790
|kemisk Teknologi|0790
|kemisk Vask|0790
|Kemitypi|0790
|Kemmern|0790
|Kemosh|0790
|Kemotaksis|0790
|Kemotropisme|0790-0791
|Kemp, Johan Gottfried|0791
|Kemp, Johannes Theodosius van der|0791
|Kempe, Frans Kristoffer|0791
|Kempe, Poul Pedersen|0791
|Kempelen, Wolfgang von|0792
|Kempen|0792
|Kempeneer, P. d.|0792
|Kempenland|0792
|Kemper, Jeronimo de Bosch-|0792
|Kempf, Paul|0792
|Kempis|0792
|Kempno|0792
|Kempston|0792
|Kempten|0792
|Ken|0792
|Kenai|0792
|Kendal|0792
|Kendallville|0792
|Kendelse|0792
|Kendeord|0792
|Kending|0792
|Kendingssignal|0792-0793
|kendt Mand|0793
|Keneh|0793
|Kengka|0793
|Kenia|0793
|Kenilworth|0793
|Kenitter|0793
|Kenmare|0793
|Kennan, George|0793
|Kennebec|0793
|Kennebunk|0793
|Kennedy, John Pendleton|0793
|Kennedy, William|0793
|Kennedya|0793-0794
|Kennedy-Kanalen|0794
|Kenneh|0794
|Kennelsport|0794
|Kennemerland|0794
|Kennet|0794
|Kenngott, Gustav Adolf|0794
|Kennicott, Benjamin|0794
|Kenninger|0794-0795
|Kennington|0795
|Kenosha|0795
|Kenotaf|0795
|Kenotikere og Kryptikere|0795-0796
|Kensett, John Frederick|0796
|Kensington|0796
|Kensington Museum|0796-0797
|Kent (Shire)|0797
|Kent (By i U. S. A.)|0797
|Kent (eng. Jarle- og Hertugtitel)|0797
|Kent, Georg|0797
|Kent, James|0797-0798
|Kent, William|0798
|Kentauren|0798
|Kentaurer|0798-0799
|Kentia|0799
|kentisk Terne|0799
|Kenton|0799
|Kentrolit|0799
|Kentucky|0799
|Kentucky coffee-tree|0799
|Kentucky Derby|0800
|Kentucky River|0800
|Kenyon, Sir Frederic George|0800
|Keokuk|0800
|Keos|0800
|Kepi|0800
|Kepler, Johannes|0800-0802
|Keplers Love|0802
|Keplers Problem|0802
|Keporkak|0802
|Kepotaf|0802
|Keppel, Augustus|0802
|Keppler, Joseph|0803
|Ker|0803
|Kerabau ell. Karbau|0803
|Kerak|0803
|Keramik|0803
|Keramografik|0803
|Keramohalit|0803
|Keran|0803
|Kerargyrit|0803
|Kerasen|0803
|Kerasus|0803
|Keraterpeton|0803
|Keratin|0803
|Keratitis|0803
|Keratocele|0803
|Keratofyr|0803-0804
|Keratoglobus|0804
|Keratoiritis|0804
|Keratokonus|0804
|Keratomalaci|0804
|Keratomykose|0804
|Keratonyxis|0804
|Keratoplastik|0804
|Keratoskop|0804
|Keratoskopi|0804
|Kératry, Auguste Hilarion de og Émile de K.|0804
|Keraunia|0804
|Keraunion|0805
|Kerbela|0805
|Kerberos|0805
|Kercha|0805
|Kerckhoven, Peter Frans van|0805
|Kerdassah|0805
|Kerdrel, Audren de|0805
|Keren|0805
|Kerensk|0805
|Kerensky, Alexander Fedorovitsch|0805-0806
|Kerer|0806
|Keretj|0806
|Kerguelen|0806
|Kerguelen, Yves Joseph de|0806
|Keri ell. K'ri|0806
|Kerim Pasha|0806
|Kerinthos|0806
|Kerion Celsi|0806
|Kerka|0806
|Kerke|0806-0807
|Kerkoper|0807
|Kerkrade|0807
|Kerkring'ske Klapper|0807
|Kerkuk|0807
|Kerkyon|0807
|Kerkyra (Datter af Flodguden Asopos)|0807
|Kerkyra (se Korfu)|0807
|Kerlaugar|0807
|Kerlingarfjöll|0807
|Kermadec-Øer|0807
|Kerman|0807
|Kermanshah|0807
|Kermes|0807
|Kermes ell. Kirmes|0807
|Kermesbær|0807
|Kermesit|0807
|Kermeskorn|0807
|Kermes minerale|0807
|Kermesskjoldlus|0807
|Kermineh|0807
|Kern, Heinrich|0807-0808
|Kern, Johann Conrad|0808
|Kerne (bot.)|0808
|Kerne (tekn.)|0808
|Kerne ell. Kerneved|0808
|Kerne|0808-0810
|Kernebider|0810
|Kernedeling|0810
|Kerneforstening|0810
|Kernefrugt|0810
|Kernefrugtfamilien|0810-0811
|Kernekasse|0811
|Kernekløft|0811
|Kernemælk|0811
|Kerner, Andreas Justinus|0811
|Kerner, Anton Joseph, Ritter v. Marilaun|0811-0812
|Kerneskygge|0812
|Kernestivere|0812
|Kernestøbning|0812
|Kernestøtter|0812
|Kernesvampe|0812
|Kernesvamplaver|0812
|Kerneved|0812
|Kerneæltere|0812
|Kernigs Symptom|0812
|Kernkamp, Gerhard Wilhelm|0812
|Kerografi|0812
|Kéroualle, Louise de|0812
|Kerr, John|0812-0813
|Kerria|0813
|Kerry|0813
|Kerry-Kræg|0813
|Kersantit|0813
|Kerschensteiner, Georg|0813
|Kersej|0813
|Kersseboom, Willem|0813-0814
|Kerte|0814
|Kertsch|0814
|Keruber|0814
|Kerularios, Michael|0814
|Kerun ell. Karun|0814
|Kervbøjeprøve|0815
|Kervslagprøver|0815
|Kervyn de Lettenhove|0815
|Kerykeion|0815
|kerynitiske Hind|0815
|Keryx|0815
|Kesanlyk|0815
|Keser|0815
|Keshan|0815
|Kesho|0815
|Kesje|0815
|Kesmark|0815
|Kesrie|0815
|Kessel, van (flamsk Kunstnerfamilie)|0815-0816
|Kessel, Johan van|0816
|Kesseldorf|0816
|Kessel-Loo|0816
|Kessels, Matthias|0816
|Kesslerloch|0816
|Kesslerske Fluater|0816
|Kesso|0816
|Kesteven|0816
|Keswick|0816
|Keswick-Konferencerne|0816-0817
|Keszthely|0817
|Ket|0817
|Ketel, Cornelis|0817
|Ketgeeolie|0817
|Ketib|0817
|Ketil|0817
|Ketilbjörn Ketilsson|0817
|Ketil Flatnef|0817
|Ketil Hæng|0817
|Ketil Jæmte|0817
|Ketil Kalf|0817
|Ketilsson, Magnús|0817-0818
|Keto|0818
|Ketonalkoholer|0818
|Ketoner|0818
|Ketonsyrer|0818
|Ketoser|0818
|Ketschwayo|0818
|Ketser|0818
|Ketta|0818
|Kette|0818
|Ketteler, Klemens von|0818
|Ketteler, Wilhelm Emmanuel, Friherre von|0818-0819
|Kettering|0819
|Kettilmundsson, Mattias|0819
|Kettwig|0819
|Ketu|0819
|Ketubim|0819
|Kety|0819
|Ketzin|0819
|Keudell, Robert von|0819
|Keuper|0819
|Kevelaer|0819
|Kewanee|0819
|Keweenawan|0819
|Kew Gardens|0819-0820
|Kexél, Olof|0820
|Kexholm|0820
|Key, Ellen Karolina Sofia|0820
|Key, Ernst Axel Henrik|0820
|Key, Karl Fredrik Edvin Emil|0821
|Key, Lieven de|0821
|Key Biscayne bay|0821
|Keyport|0821
|Keyser, Hendrik Corneliszoon de|0821
|Keyser, Hilda Elisabeth|0821
|Keyser, Jakob Rudolf|0821-0822
|Keyser, Nicaise de|0822
|Keyser, Thomas de|0822-0823
|Keyserling, Eduard von|0823
|Key West|0823
|Keyx|0823
|K. F. U. K.|0823
|K. F. U. M.|0823
|kg|0823
|kgm|0823
|Khaibar-Pas|0823
|Khairabad|0823
|Khairagarh|0823
|Khairpur|0823
|Khakan|0823
|Khaki (Stof)|0823
|Khaki|0823
|Khalibi|0823
|Kham|0823-0824
|Khambat|0824
|Khamgaon|0824
|Khamti|0824
|Khan|0824
|Khandesh|0824
|Khandshar|0824
|Khandwa|0824
|Khanikoff|0824
|Khanpur|0824
|Kharbin|0824
|Kharoshti ell. Kharisti|0824
|Khartli|0824
|Khartum|0824
|Khasi|0824
|Khasia-Bjergene|0824-0825
|Khasi and Jaintia Hills|0825
|Khatmandu|0825
|Khatsi|0825
|Khediv|0825
|Kheri|0825
|Khevenhüller, Ludwig Andreas|0825
|Khmer|0825
|Khnopff, Fernand|0825-0826
|Khnubis|0826
|Khoi-Khoin|0826
|Khomair|0826
|Khond|0826
|Khorsabad|0826
|Khou|0826
|Khuen-Héderváry, Karl|0826
|Khulna|0826
|Khurja|0826
|Khutu|0826
|Khyber Pas|0826
|Kiabookah|0826
|Kiachta|0826
|Kiakiang|0826
|Kiaking|0826
|Kiama|0826
|Kiamari|0826
|Kiamil Pasha|0826-0827
|Kiang (Vildæsel)|0827
|Kiang (d. s. s. Flod)|0827
|Kiang (se Kijen)|0827
|Kiangsi|0827
|Kiangsu|0827
|Kiangtshau|0827
|Kiaotshou|0827
|Kiar|0827
|Kiastolit|0827
|Kiatsheu|0827
|Kiautshou|0827
|Kibdelofan|0827
|Kiberg|0827
|Kibitka|0827-0828
|Kibla|0828
|Kibo|0828
|Kibris|0828
|Kibyra|0828
|Kibæk|0828
|Kickapu|0828
|Kid|0828
|Kidang|0828
|Kidd, Benjamin|0828
|Kidde, Harald Henrik Sager og Astrid Margrethe|0828-0829
|Kidderminster|0829
|Kidderminster-Tæpper|0829
|Kiddusch|0829
|Kidduschin|0829
|Kiderlen-Wächter, Alfred v.|0829
|Kido, Koin eller Takajoshi|0829
|Kidron|0829
|Kidsgrove|0829
|Kidskind|0829
|Kidwelly|0829
|Kiel|0829-0830
|Kiel, Friedrich|0830-0831
|Kielce|0831
|Kieldrup, Anton Edvard|0831
|Kieler, Laura Anna Sophie Müller|0831
|Kieler Fjord|0831
|Kieler Omslag|0831
|Kieler-Sprotten|0831
|Kielhorn, Lorenz Franz|0831-0832
|Kielland, Alexander Lange|0832-0833
|Kielland, Axel Christian Zetlitz|0833
|Kielland, Gabriel|0833
|Kielland, Jens Zetlitz Monrad|0833
|Kielland, Jens Zetlitz|0833
|Kielland, Kitty Lange|0833-0834
|Kielland, Valentin Axel|0834
|Kielland Torkildsen, Nicolai|0834
|Kiellerup, Theodor Julius|0834-0835
|Kielmannsegg, Johann Adolf Keilman von|0835
|Kienlung, kin. Kejser|0835-0836
|Kienzl, Wilhelm|0836
|Kiepert, 1) Heinrich|0836
|Kiepert, 2) Richard|0836
|Kierkegaard, Peter Christian|0836-0837
|Kierkegaard, Søren Aabye|0837-0845
|Kierulf (Kierulff), Slægt, se Kjærulf|0845
|Kierulf, Christian Thorvald|0845
|Kierulf, Otto Richard|0845-0846
|Kiesel, Conrad|0846
|Kieserit, et Mineral|0846
|Kiesewetter, Raphael Georg (adlet under Navnet von Wiesenbrunn)|0846
|Kiesling, Leopold|0846
|Kiev, se Kijev|0846
|Kifti, se Ibn al Kifti|0846
|Kighoste, Tussis convulsiva ell. Pertussis|0846-0847
|Kighostebacil|0847
|Kihlmann, A. O., se Kairamo|0847
|Kijas, se Fikh|0847
|Kijev, Kiev, polsk Kijow, Guv. i Lillerusland, Ukraine|0847
|Kijev, Ukraines Hovedstad|0847-0848
|Kikerært, se Cicer|0848
|Kikkert|0848-0852
|Kikkertsigte|0852
|Kikoner|0852
|Kiks, se Biskuit|0852
|Kilare, metrisk Flademaal, 1000 Are (Ar)|0852
|Kilauea|0852
|Kilbarchan|0852
|Kilbeggan|0852
|Kilbirnie|0852
|Kilbrennan Sund|0852
|Kildal, Birger|0852-0853
|Kildal, Peter Daniel Baade Wind|0853
|Kildal, Peter Wessel Wind|0853-0854
|Kildare|0854
|Kilde|0854
|Kildedyrkelse|0854-0855
|Kildekalk|0855
|Kildekritik|0855
|Kildekultus|0855
|Kildemarked|0855
|Kildemos|0855
|Kildenymfer|0855
|Kilder, hellige|0856
|Kilderejser|0856
|Kilderkin|0856
|Kildeskriftkommissionen|0856
|Kildevand|0856
|Kildreren|0856
|Kile|0856
|Kilebenet|0856
|Kilebæger|0856
|Kilegang|0856
|Kilehaler|0856
|Kilehjul|0856
|Kilemekanisme|0856
|Kilepresse|0856
|Kileramme ell. Slutteramme|0856
|Kileskrift|0857-0862
|Kilespade|0863
|Kileudsnit|0863
|Kilia|0863
|Kilian|0863
|Kilian|0863
|Kiliar|0863
|Kilikien|0863
|Kilim|0863
|Kilima-Ndsharo|0863-0864
|Kilkee|0864
|Kilkenny|0864
|Killala|0864
|Kiilaloe|0864
|Killarney|0864
|Killas|0864
|Killiecrankie|0864
|Killing|0864
|Killingly|0864
|Killis|0864
|Kilmainham|0864
|Kilmarnock|0864
|Kilmore|0864
|Kilo|0865
|Kiloampère|0865
|Kilogram|0865
|Kilogramkalorie|0865
|Kilogrammeter|0865
|Kiloliter|0865
|Kilometer, en|0865
|Kilovoltampère|0865
|Kilowatt|0865
|Kilowatttime|0865
|Kilpatrick|0865
|kilre|0865
|Kilrush|0865
|Kilsyth|0865
|Kilt|0865
|Kilung|0865
|Kilwa|0865-0866
|Kilwa (se Schirwa)|0866
|Kilwinning|0866
|Kim (bio.)|0866
|Kim (bot.)|0866
|Kiman-el-Metanah|0866
|Kimara|0866
|Kimawensi|0866
|Kimberley (se Diamant)|0866
|Kimberley (By i Sydafrika)|0866
|Kimberley, John Wodehouse,, Jarl|0866-0867
|Kimblad|0867
|Kimchi|0867
|Kimepitel|0867
|Kimknop|0867
|Kimløg|0867
|Kimmeridge|0867
|Kimmerier|0867
|Kimming|0867
|Kimmingdaling|0867
|Kimolo|0867
|Kimon|0867
|Kimono|0868
|Kimplante|0868
|Kimplasma|0868
|Kimplet|0868
|Kimpolung|0868
|Kimra|0868
|Kimrod|0868
|Kimskimmel|0868
|Kimstængel|0868-0869
|Kimsæk (Embryosæk)|0869
|Kimtraad (bot.)|0869
|Kimære (fr. chimère)|0869
|Kin (King)|0869
|Kina|0869-0906
-|Terrainforhold|0869-0871 0873-0874
-|Klima|0871-0872
-|Plantevækst|0872
-|Dyreverden|0875
-|Befolkning|0875-0876
-|Finansvæsen|0876
-|Handel og Skibsfart|0876-0878
-|Andre Næringsveje|0878-0879
-|Hær og Søværn|0879-0880
-|Mønt, Maal og Vægt|0880
-|Statsforfatning|0880
-|Samlede Fremstillinger af K., Rejser etc.|0880-0881
-|Kultur|0881-0882
-|Religion|0882-0883
-|Sprog|0883-0885
-|Litteratur|0885-0891
-|Kunst|0891-0894
-|Historie|0894-0906
-|I. Oldtid indtil 249 f. Kr.|0894-0895
-|II. Kina som samlet Rige under Dynastierne Tsin og Han (249 f. Kr.-220 e. Kr.)|0895
-|III. Opløsningstiden. Dynastierne Tang 618-907 og Sung 960-1279|0895-0896
-|IV. Mongol-Dynastiet Juan 1280-1368 og Ming-Dynastiet 1368-1644|0896
-|V. Mantshudømmets Storhedstid 1644-1820|0896-0897
-|VI. Sammenstødene med Europa og Taipingoprøret (1820-65)|0897-0899
-|VII. Modstand mod Reformforsøgene (1865-1900)|0900-0901
-|VIII. Reformerne og Republikkens Indførelse (1901-12)|0901-0904
-|IX. K. som Republik|0904-0906
-|Litt.|0906
|Kina-Alkaloider, se Kinabaser|0906
|Kina-Bark (cortex chinæ)|0906-0907
|Kina-Baser, Kina-Alkaloider|0907-0908
|Kina-Blaat, se Vandblaat|0908
|Kina Dekokt|0908
|Kinadon|0908
|Kina-Draaber, sammensatte Roboransdraaber|0908
|Kina-Garvsyre|0908
|Kinagræs, se Boehmeria|0908
|Kina-Grønt, Lo-Kao|0908
|Kinaldin, α-Metylkinolin|0908
|Kina-Rødt|0908
|Kinase|0908
|Kina-Stræde (China strait)|0908
|Kina-Syre, Tetraoxyhexahydrobenzoesyre|0908
|Kina-Sølv|0908
|Kina-Tinktur, d. s. s. Kinadraaber|0908
|Kinatræ, se Cinchona|0908
|Kina-Vin|0908
|Kincardine|0908
|Kincardineshire|0908
|Kince, se Lystfiskeri|0908
|Kinch, Jakob Frederik|0908-0909
|Kinch, Karl Frederik|0909
|Kinck, Hans Ernst|0909
|Kind (gena)|0909-0910
|Kindbenet|0910
|Kindborg, 1) John Ludvig|0910
|Kindborg, 2) Hedvig Emilia, f. Erdman|0910
|Kinderpulver (tysk), Børnepulver|0910
|Kindi, 1) Abn Jusuf Jakub|0910
|Kindi, 2) Abu Umar al-K.|0910
|Kindkæde, se Hovedtøj|0910
|Kindtand, se Tænder|0910
|Kineas (Cineas)|0910
|Kineit, et Sprængstof|0910
|Kinematik og Kinetik (gr.)|0910
|Kinematograf|0910-0911
|Kinematografi, levende Billeder, se Kinematograf|0911
|Kinematokolormetoden|0911
|Kinematoskop, d. s. s. Kinematograf|0911
|Kineschma|0911
|Kinesere, se Kina|0911
|Kinesergult, en Slags gul Okker|0911
|Kinesias|0911
|kinesiske Hav|0911
|kinesiske Kartofler, se Dioscoreaceæ|0911
|kinesiske Mur|0911
|kinesiske Oldsager|0911-0912
|kinesisk-japanske Krig 1894-95|0912-0914
|kinesisk Porcelæn|0914-0915
|Kinesiskrødt, d. s. s. Cinnober (Svovlkvægsølv)|0915
|kinesisk Skrift|0915-0917
|kinesisk Tusk, se Tusk|0917
|kinesisk Voks, se Voks|0917
|Kinetik, se Kinematik|0917
|kinetisk|0917
|kinetisk Teori|0917-0924
|Kinetograf|0924
|Kinetoskop|0924
|King, Tsin ell. Fu|0924
|King, Clarence|0924
|King, John Locke|0924-0925
|Kingani|0925
|King-George-Island|0925
|King-George-Sound|0925
|Kinghorn|0925
|Kingia|0925
|King Island|0925
|Kinglake, Alexander William|0925
|Kingo, Thomas Hansen|0925-0927
|Kings Bench|0927
|Kingsbridge|0927
|King's (Queen's) Chambers|0927
|King's County|0927
|Kingsley, Charles|0927-0928
|Kingsley, Henry|0928
|King's Lynn|0928
|Kings-mill-Øer|0928
|King's Norton|0928
|King Sound|0928
|Kingston (Byer i Kanada og U. S. A.)|0928-0929
|Kingston (Hovedstad paa den britiske Ø St Vincent)|0929
|Kingston (Hovedstad paa den britiske Ø Jamaica)|0929
|Kingston, Elisabeth Chudleigh|0929
|Kingston Lacy|0929
|Kingston on Thames|0929
|Kingston's Ventil|0929
|Kingston upon Hull|0929
|Kingstown|0929
|Kingswood|0929
|Kingtetjin|0929
|Kington|0929
|King Williams Town|0929
|Kinin|0929-0930
|Kinipitu|0930
|Kinizarin|0930-0931
|Kinkaju|0931
|Kinkel, Johann Gottfried og Johanna|0931
|Kinker|0931
|Kinmansson, Helfrid|0931
|Kinn|0931-0932
|Kinnamos, Johannes|0932
|Kinnarodden|0932
|Kinnekulle|0932-0933
|Kinnereth|0933
|Kinnor|0933
|Kino|0933
|Kinoidindraaber|0933
|Kinolin|0933
|Kinolinfarvestoffer|0933
|Kinolinkarbonsyrer|0933
|Kinon|0933-0934
|Kinoner|0934
|Kinosol|0934
|Kinotropin|0934
|Kinross|0934
|Kinrossshire|0934
|Kinsale|0934
|Kinsarvik|0934
|Kinsbergen, Jan Hendrik van|0934
|Kinston|0934
|Kintampo|0934
|Kintar|0934
|Kintshou|0934
|Kintyre|0935
|Kinver|0935
|Kinyras|0935
|Kinzig|0935
|Kinzigit|0935
|Kió|0935
|Kioko|0935
|Kiolit|0935
|Kionga|0935
|Kios|0935
|Kiosk|0935
|Kioto|0935
|Kiowa|0935-0936
|Kiper|0936
|Kipling, Rudyard|0936-0937
|kippe|0937
|Kippinge Kilde|0937
|Kipp's Apparat|0937
|Kiprensky, Orest Adamovitsch|0937
|kipret|0937
|Kips|0937
|Kiptschak|0937
|Kirat|0937
|Kirby, John Joshua|0937
|Kirch, Gotfried|0937
|Kirchbach, Frank|0937
|Kirchbach, Hugo Ewald|0937-0938
|Kirchbach, Wolfgang|0938
|Kirchberg|0938
|Kircher, Athanasius|0938
|Kirchhain|0938
|Kirchheim unter Teck|0938
|Kirchheiner, Johan Frederik|0938
|Kirchhoff, Alfred|0938-0939
|Kirchhoff, Gustav Robert|0939
|Kirchhoff, Johann Wilhelm Adolf|0939
|Kirchhoff's Love|0939
|Kirchhörde|0939
|Kirchmann, Julius Hermann von|0939
|Kirchner, Theodor|0939-0940
|Kirejevskij, Ivan Vasiljevitsch|0940
|Kirejevskij, Peter Vasiljevitsch|0940
|Kirensk|0940
|Kirgisere|0940-0941
|Kirgisersteppen|0941-0942
|kirgisisk Steppehøne|0942
|Kirillov|0942
|Kirin|0942
|Kirk, Ole Christian Christensen|0942
|Kirkburton|0942
|Kirkby-Kendal|0942
|Kirkby-Lonsdale|0942
|Kirkby-Stephen|0942
|Kirkcaldy|0942
|Kirkcudbright|0943
|Kirkcudbrightshire|0943
|Kirke (Herrens Hus)|0943-0946
|Kirke (Troldkvinde)|0946-0947
|Kirkeaar|0947
|Kirkebakke|0947
|Kirkebetjente|0947-0948
|Kirkebod|0948
|Kirkebygningskunst|0948
|Kirkebø|0948-0949
|Kirkebøger ell. Ministerialbøger|0949
|Kirkedag|0949
|Kirkedepartement|0949-0950
|Kirkeejer|0950
|Kirkefoged|0950
|Kirkefond|0950
|Kirkeforfatning|0950-0952
|Kirkeforsamling|0952
|Kirkeforstanderskab|0952
|Kirkefred|0952
|Kirkefædre|0952-0953
|Kirkegaarde|0953-0954
|Kirkegangskoners Indledelse|0954
|Kirkegods|0954
|Kirkehal|0954
|Kirkehistorie|0954-0955
|Kirkehoveri|0955
|Kirke-Hvalsø|0955
|Kirkeindvielse|0955
|Kirkeinspektion|0955
|Kirkejorder|0955
|Kirkekar|0955
|Kirkeklokker|0955
|Kirkeknipling|0955
|Kirkekollegium|0955
|Kirkekommissioner|0955-0957
|Kirkekoncert|0957
|Kirkekøb|0957
|Kirkelig Forening for Indre Mission|0957
|Kirkeligt Raad|0957
|Kirkeligt Udvalg|0957-0958
|Kirkelov|0958
|Kirkelovgivning|0958
|Kirkelysepenge|0958-0959
|Kirkelysning|0959
|Kirkelærer|0959
|Kirkemagt|0959
|Kirkeministeriet|0959
|Kirkemusik|0959-0961
|Kirkemøder|0961
|Kirkenes|0961
|Kirkens Band|0961
|Kirkens Vadmel|0961
|Kirkenævn|0961
|Kirke- og Undervisningsministeriet|0961
|Kirkeordinans|0961
|Kirkeparade|0961
|Kirkepatron|0961
|Kirkeprotokoller|0961-0962
|Kirkeprovins|0962
|Kirkeraad|0962
|Kirkeran|0962
|Kirkeret|0962-0966
|Kirkeritualet|0966
|Kirkesang|0966
|Kirkesanger|0966
|Kirkesion|0966
|Kirkeskat|0966
#
#
#
