# salmonsen/2/13/Pages.lst
#
0001|titel
0002|blank
0003|titel
0004|blank
0005|i
0006|ii
0007|iii
0008|iv
0009|1
0010|2
0011|3
0012|4
0013|5
0014|6
0015|7
0016|8
0017|9
0018|10
0019|11
0020|12
0021|13
0022|14
0023|15
0024|16
0025|17
0026|18
0027|19
0028|20
0029|21
0030|22
0031|23
0032|24
0033|25
0034|26
0035|27
0036|28
0037|29
0038|30
0039|31
0040|32
0041|33
0042|34
0043|35
0044|36
0045|37
0046|38
0047|39
0048|40
0049|41
0050|42
0051|43
0052|44
0053|45
0054|46
0055|47
0056|48
0057|49
0058|50
0059|51
0060|52
0061|53
0062|54
0063|55
0064|56
0065|57
0066|58
0067|59
0068|60
0069|61
0070|62
0071|63
0072|64
0073|65
0074|66
0075|67
0076|68
0077|69
0078|70
0079|71
0080|72
0081|73
0082|74
0083|75
0084|76
0085|77
0086|78
0087|79
0088|80
0089|81
0090|82
0091|83
0092|84
0093|85
0094|86
0095|87
0096|88
0097|89
0098|90
0099|91
0100|92
0101|93
0102|94
0103|95
0104|96
0105|97
0106|98
0107|99
0108|100
0109|101
0110|102
0111|103
0112|104
0113|105
0114|106
0115|107
0116|108
0117|109
0118|110
0119|111
0120|112
0121|113
0122|114
0123|115
0124|116
0125|117
0126|118
0127|119
0128|120
0129|121
0130|122
0131|123
0132|124
0133|125
0134|126
0135|127
0136|128
0137|129
0138|130
0139|131
0140|132
0141|133
0142|134
0143|135
0144|136
0145|137
0146|138
0147|139
0148|140
0149|141
0150|142
0151|143
0152|144
0153|145
0154|146
0155|147
0156|148
0157|149
0158|150
0159|151
0160|152
0161|153
0162|154
0163|155
0164|156
0165|157
0166|158
0167|159
0168|160
0169|161
0170|162
0171|163
0172|164
0173|165
0174|166
0175|167
0176|168
0177|169
0178|170
0179|171
0180|172
0181|173
0182|174
0183|175
0184|176
0185|177
0186|178
0187|179
0188|180
0189|181
0190|182
0191|183
0192|184
0193|185
0194|186
0195|187
0196|188
0197|189
0198|190
0199|191
0200|192
0201|193
0202|194
0203|195
0204|196
0205|197
0206|198
0207|199
0208|200
0209|201
0210|202
0211|203
0212|204
0213|205
0214|206
0215|207
0216|208
0217|209
0218|210
0219|211
0220|212
0221|213
0222|214
0223|215
0224|216
0225|217
0226|218
0227|219
0228|220
0229|221
0230|222
0231|223
0232|224
0233|225
0234|226
0235|227
0236|228
0237|229
0238|230
0239|231
0240|232
0241|233
0242|234
0243|235
0244|236
0245|237
0246|238
0247|239
0248|240
0249|241
0250|242
0251|243
0252|244
0253|245
0254|246
0255|247
0256|248
0257|249
0258|250
0259|251
0260|252
0261|253
0262|254
0263|255
0264|256
0265|257
0266|258
0267|259
0268|260
0269|261
0270|262
0271|263
0272|264
0273|265
0274|266
0275|267
0276|268
0277|269
0278|270
0279|271
0280|272
0281|273
0282|274
0283|275
0284|276
0285|277
0286|278
0287|279
0288|280
0289|281
0290|282
0291|283
0292|284
0293|plansch
0294|blank
0295|285
0296|286
0297|287
0298|288
0299|289
0300|290
0301|291
0302|292
0303|293
0304|294
0305|295
0306|296
0307|297
0308|298
0309|299
0310|300
0311|301
0312|302
0313|303
0314|304
0315|305
0316|306
0317|307
0318|308
0319|309
0320|310
0321|311
0322|312
0323|313
0324|314
0325|315
0326|316
0327|317
0328|318
0329|319
0330|320
0331|321
0332|322
0333|323
0334|324
0335|325
0336|326
0337|327
0338|328
0339|329
0340|330
0341|331
0342|332
0343|333
0344|334
0345|335
0346|336
0347|337
0348|338
0349|339
0350|340
0351|341
0352|342
0353|343
0354|344
0355|345
0356|346
0357|347
0358|348
0359|349
0360|350
0361|351
0362|352
0363|353
0364|354
0365|355
0366|356
0367|357
0368|358
0369|359
0370|360
0371|361
0372|362
0373|363
0374|364
0375|365
0376|366
0377|367
0378|368
0379|369
0380|370
0381|371
0382|372
0383|373
0384|374
0385|plansch
0386|plansch
0387|375
0388|376
0389|377
0390|378
0391|379
0392|380
0393|381
0394|382
0395|383
0396|384
0397|385
0398|386
0399|387
0400|388
0401|389
0402|390
0403|391
0404|392
0405|393
0406|394
0407|395
0408|396
0409|397
0410|398
0411|399
0412|400
0413|401
0414|402
0415|403
0416|404
0417|405
0418|406
0419|407
0420|408
0421|409
0422|410
0423|411
0424|412
0425|413
0426|414
0427|415
0428|416
0429|417
0430|418
0431|419
0432|420
0433|421
0434|422
0435|423
0436|424
0437|425
0438|426
0439|427
0440|428
0441|429
0442|430
0443|431
0444|432
0445|433
0446|434
0447|435
0448|436
0449|437
0450|438
0451|439
0452|440
0453|441
0454|442
0455|443
0456|444
0457|445
0458|446
0459|447
0460|448
0461|449
0462|450
0463|451
0464|452
0465|453
0466|454
0467|455
0468|456
0469|457
0470|458
0471|459
0472|460
0473|461
0474|462
0475|463
0476|464
0477|465
0478|466
0479|467
0480|468
0481|469
0482|470
0483|471
0484|472
0485|473
0486|474
0487|475
0488|476
0489|477
0490|478
0491|479
0492|480
0493|481
0494|482
0495|483
0496|484
0497|485
0498|486
0499|487
0500|488
0501|489
0502|490
0503|491
0504|492
0505|493
0506|494
0507|495
0508|496
0509|497
0510|498
0511|499
0512|500
0513|501
0514|502
0515|plansch
0516|plansch
0517|503
0518|504
0519|505
0520|506
0521|507
0522|508
0523|509
0524|510
0525|511
0526|512
0527|513
0528|514
0529|515
0530|516
0531|517
0532|518
0533|519
0534|520
0535|521
0536|522
0537|523
0538|524
0539|525
0540|526
0541|527
0542|528
0543|529
0544|530
0545|531
0546|532
0547|533
0548|534
0549|535
0550|536
0551|537
0552|538
0553|539
0554|540
0555|541
0556|542
0557|543
0558|544
0559|545
0560|546
0561|547
0562|548
0563|549
0564|550
0565|551
0566|552
0567|553
0568|554
0569|555
0570|556
0571|557
0572|558
0573|559
0574|560
0575|561
0576|562
0577|563
0578|564
0579|565
0580|566
0581|567
0582|568
0583|569
0584|570
0585|571
0586|572
0587|573
0588|574
0589|575
0590|576
0591|577
0592|578
0593|579
0594|580
0595|581
0596|582
0597|583
0598|584
0599|585
0600|586
0601|587
0602|588
0603|589
0604|590
0605|591
0606|592
0607|593
0608|594
0609|595
0610|596
0611|597
0612|598
0613|599
0614|600
0615|601
0616|602
0617|603
0618|604
0619|605
0620|606
0621|607
0622|608
0623|609
0624|610
0625|611
0626|612
0627|613
0628|614
0629|615
0630|616
0631|617
0632|618
0633|619
0634|620
0635|621
0636|622
0637|623
0638|624
0639|625
0640|626
0641|627
0642|628
0643|629
0644|630
0645|631
0646|632
0647|633
0648|634
0649|635
0650|636
0651|637
0652|638
0653|639
0654|640
0655|641
0656|642
0657|643
0658|644
0659|645
0660|646
0661|647
0662|648
0663|649
0664|650
0665|651
0666|652
0667|653
0668|654
0669|655
0670|656
0671|657
0672|658
0673|659
0674|660
0675|661
0676|662
0677|663
0678|664
0679|665
0680|666
0681|667
0682|668
0683|669
0684|670
0685|671
0686|672
0687|673
0688|674
0689|675
0690|676
0691|677
0692|678
0693|679
0694|680
0695|681
0696|682
0697|683
0698|684
0699|685
0700|686
0701|687
0702|688
0703|689
0704|690
0705|691
0706|692
0707|693
0708|694
0709|695
0710|696
0711|697
0712|698
0713|699
0714|700
0715|701
0716|702
0717|703
0718|704
0719|705
0720|706
0721|707
0722|708
0723|plansch
0724|blank
0725|709
0726|710
0727|711
0728|712
0729|713
0730|714
0731|715
0732|716
0733|717
0734|718
0735|719
0736|720
0737|721
0738|722
0739|723
0740|724
0741|725
0742|726
0743|727
0744|728
0745|729
0746|730
0747|731
0748|732
0749|733
0750|734
0751|735
0752|736
0753|737
0754|738
0755|739
0756|740
0757|741
0758|742
0759|743
0760|744
0761|745
0762|746
0763|747
0764|748
0765|749
0766|750
0767|751
0768|752
0769|753
0770|754
0771|755
0772|756
0773|757
0774|758
0775|759
0776|760
0777|761
0778|762
0779|763
0780|764
0781|765
0782|766
0783|767
0784|768
0785|769
0786|770
0787|771
0788|772
0789|773
0790|774
0791|775
0792|776
0793|777
0794|778
0795|779
0796|780
0797|781
0798|782
0799|783
0800|784
0801|785
0802|786
0803|787
0804|788
0805|789
0806|790
0807|791
0808|792
0809|793
0810|794
0811|795
0812|796
0813|797
0814|798
0815|799
0816|800
0817|801
0818|802
0819|803
0820|804
0821|805
0822|806
0823|807
0824|808
0825|809
0826|810
0827|811
0828|812
0829|813
0830|814
0831|815
0832|816
0833|817
0834|818
0835|819
0836|820
0837|821
0838|822
0839|823
0840|824
0841|825
0842|826
0843|827
0844|828
0845|829
0846|830
0847|831
0848|832
0849|833
0850|834
0851|835
0852|836
0853|837
0854|838
0855|839
0856|840
0857|841
0858|842
0859|843
0860|844
0861|845
0862|846
0863|847
0864|848
0865|849
0866|850
0867|851
0868|852
0869|853
0870|854
0871|855
0872|856
0873|Karte
0874|Karte
0875|857
0876|858
0877|859
0878|860
0879|861
0880|862
0881|863
0882|864
0883|865
0884|866
0885|867
0886|868
0887|869
0888|870
0889|871
0890|872
0891|873
0892|874
0893|875
0894|876
0895|877
0896|878
0897|879
0898|880
0899|881
0900|882
0901|883
0902|884
0903|885
0904|886
0905|887
0906|888
0907|889
0908|890
0909|891
0910|892
0911|893
0912|894
0913|895
0914|896
0915|897
0916|898
0917|899
0918|900
0919|901
0920|902
0921|903
0922|904
0923|905
0924|906
0925|907
0926|908
0927|909
0928|910
0929|911
0930|912
0931|913
0932|914
0933|915
0934|916
0935|917
0936|918
0937|919
0938|920
0939|921
0940|922
0941|923
0942|924
0943|925
0944|926
0945|927
0946|928
0947|929
0948|930
0949|931
0950|932
0951|933
0952|934
0953|935
0954|936
0955|937
0956|938
0957|939
0958|940
0959|941
0960|942
0961|943
0962|944
0963|945
0964|946
0965|947
0966|948
0967|forkortelser
0968|ii
0969|illustrationer
0970|ii
0971|rettelser
0972|ii
