# salmonsen/2/23/Pages.lst
#
0001|titel
0002|blank
0003|titel
0004|blank
0005|i
0006|ii
0007|iii
0008|iv
0009|1
0010|2
0011|3
0012|4
0013|5
0014|6
0015|7
0016|8
0017|9
0018|10
0019|11
0020|12
0021|13
0022|14
0023|15
0024|16
0025|17
0026|18
0027|19
0028|20
0029|21
0030|22
0031|23
0032|24
0033|25
0034|26
0035|27
0036|28
0037|29
0038|30
0039|31
0040|32
0041|33
0042|34
0043|35
0044|36
0045|37
0046|38
0047|39
0048|40
0049|41
0050|42
0051|43
0052|44
0053|45
0054|46
0055|47
0056|48
0057|49
0058|50
0059|51
0060|52
0061|53
0062|54
0063|55
0064|56
0065|57
0066|58
0067|59
0068|60
0069|61
0070|62
0071|63
0072|64
0073|65
0074|66
0075|67
0076|68
0077|69
0078|70
0079|71
0080|72
0081|73
0082|74
0083|75
0084|76
0085|77
0086|78
0087|79
0088|80
0089|81
0090|82
0091|83
0092|84
0093|85
0094|86
0095|87
0096|88
0097|89
0098|90
0099|91
0100|92
0101|93
0102|94
0103|95
0104|96
0105|97
0106|98
0107|Plansch
0108|Blank
0109|99
0110|100
0111|101
0112|102
0113|103
0114|104
0115|105
0116|106
0117|107
0118|108
0119|109
0120|110
0121|111
0122|112
0123|113
0124|114
0125|115
0126|116
0127|117
0128|118
0129|119
0130|120
0131|121
0132|122
0133|123
0134|124
0135|125
0136|126
0137|127
0138|128
0139|129
0140|130
0141|131
0142|132
0143|133
0144|134
0145|135
0146|136
0147|137
0148|138
0149|139
0150|140
0151|141
0152|142
0153|143
0154|144
0155|145
0156|146
0157|147
0158|148
0159|149
0160|150
0161|151
0162|152
0163|153
0164|154
0165|155
0166|156
0167|157
0168|158
0169|159
0170|160
0171|161
0172|162
0173|163
0174|164
0175|165
0176|166
0177|167
0178|168
0179|169
0180|170
0181|171
0182|172
0183|173
0184|174
0185|175
0186|176
0187|177
0188|178
0189|179
0190|180
0191|181
0192|182
0193|183
0194|184
0195|185
0196|186
0197|187
0198|188
0199|189
0200|190
0201|191
0202|192
0203|193
0204|194
0205|195
0206|196
0207|197
0208|198
0209|199
0210|200
0211|201
0212|202
0213|203
0214|204
0215|205
0216|206
0217|207
0218|208
0219|209
0220|210
0221|211
0222|212
0223|213
0224|214
0225|215
0226|216
0227|217
0228|218
0229|219
0230|220
0231|221
0232|222
0233|223
0234|224
0235|225
0236|226
0237|227
0238|228
0239|229
0240|230
0241|231
0242|232
0243|233
0244|234
0245|235
0246|236
0247|237
0248|238
0249|239
0250|240
0251|241
0252|242
0253|243
0254|244
0255|245
0256|246
0257|247
0258|248
0259|249
0260|250
0261|251
0262|252
0263|253
0264|254
0265|255
0266|256
0267|Plansch
0268|Blank
0269|257
0270|258
0271|259
0272|260
0273|261
0274|262
0275|263
0276|264
0277|265
0278|266
0279|267
0280|268
0281|269
0282|270
0283|271
0284|272
0285|273
0286|274
0287|275
0288|276
0289|277
0290|278
0291|279
0292|280
0293|281
0294|282
0295|283
0296|284
0297|285
0298|286
0299|287
0300|288
0301|289
0302|290
0303|291
0304|292
0305|293
0306|294
0307|295
0308|296
0309|297
0310|298
0311|299
0312|300
0313|301
0314|302
0315|303
0316|304
0317|305
0318|306
0319|307
0320|308
0321|309
0322|310
0323|311
0324|312
0325|313
0326|314
0327|315
0328|316
0329|317
0330|318
0331|319
0332|320
0333|321
0334|322
0335|323
0336|324
0337|325
0338|326
0339|327
0340|328
0341|329
0342|330
0343|331
0344|332
0345|333
0346|334
0347|335
0348|336
0349|337
0350|338
0351|339
0352|340
0353|341
0354|342
0355|343
0356|344
0357|345
0358|346
0359|347
0360|348
0361|349
0362|350
0363|351
0364|352
0365|Karte
0366|Karte
0367|353
0368|354
0369|355
0370|356
0371|357
0372|358
0373|359
0374|360
0375|361
0376|362
0377|363
0378|364
0379|365
0380|366
0381|367
0382|368
0383|369
0384|370
0385|371
0386|372
0387|373
0388|374
0389|375
0390|376
0391|377
0392|378
0393|379
0394|380
0395|381
0396|382
0397|383
0398|384
0399|385
0400|386
0401|387
0402|388
0403|389
0404|390
0405|391
0406|392
0407|393
0408|394
0409|395
0410|396
0411|397
0412|398
0413|399
0414|400
0415|401
0416|402
0417|403
0418|404
0419|405
0420|406
0421|407
0422|408
0423|409
0424|410
0425|411
0426|412
0427|413
0428|414
0429|415
0430|416
0431|417
0432|418
0433|419
0434|420
0435|421
0436|422
0437|423
0438|424
0439|425
0440|426
0441|427
0442|428
0443|429
0444|430
0445|431
0446|432
0447|433
0448|434
0449|435
0450|436
0451|437
0452|438
0453|439
0454|440
0455|441
0456|442
0457|443
0458|444
0459|445
0460|446
0461|447
0462|448
0463|449
0464|450
0465|451
0466|452
0467|453
0468|454
0469|455
0470|456
0471|457
0472|458
0473|459
0474|460
0475|461
0476|462
0477|463
0478|464
0479|465
0480|466
0481|467
0482|468
0483|469
0484|470
0485|471
0486|472
0487|473
0488|474
0489|475
0490|476
0491|477
0492|478
0493|479
0494|480
0495|481
0496|482
0497|483
0498|484
0499|485
0500|486
0501|487
0502|488
0503|489
0504|490
0505|Plansch
0506|Plansch
0507|491
0508|492
0509|493
0510|494
0511|495
0512|496
0513|497
0514|498
0515|499
0516|500
0517|501
0518|502
0519|503
0520|504
0521|505
0522|506
0523|507
0524|508
0525|509
0526|510
0527|511
0528|512
0529|513
0530|514
0531|515
0532|516
0533|517
0534|518
0535|519
0536|520
0537|521
0538|522
0539|523
0540|524
0541|525
0542|526
0543|527
0544|528
0545|529
0546|530
0547|531
0548|532
0549|533
0550|534
0551|535
0552|536
0553|537
0554|538
0555|539
0556|540
0557|541
0558|542
0559|543
0560|544
0561|545
0562|546
0563|547
0564|548
0565|549
0566|550
0567|551
0568|552
0569|553
0570|554
0571|555
0572|556
0573|557
0574|558
0575|559
0576|560
0577|561
0578|562
0579|563
0580|564
0581|565
0582|566
0583|567
0584|568
0585|569
0586|570
0587|571
0588|572
0589|573
0590|574
0591|575
0592|576
0593|577
0594|578
0595|579
0596|580
0597|581
0598|582
0599|583
0600|584
0601|585
0602|586
0603|587
0604|588
0605|589
0606|590
0607|591
0608|592
0609|593
0610|594
0611|595
0612|596
0613|597
0614|598
0615|599
0616|600
0617|601
0618|602
0619|603
0620|604
0621|605
0622|606
0623|607
0624|608
0625|609
0626|610
0627|611
0628|612
0629|613
0630|614
0631|615
0632|616
0633|617
0634|618
0635|619
0636|620
0637|621
0638|622
0639|623
0640|624
0641|625
0642|626
0643|627
0644|628
0645|629
0646|630
0647|631
0648|632
0649|633
0650|634
0651|635
0652|636
0653|637
0654|638
0655|639
0656|640
0657|641
0658|642
0659|643
0660|644
0661|645
0662|646
0663|647
0664|648
0665|649
0666|650
0667|651
0668|652
0669|653
0670|654
0671|655
0672|656
0673|657
0674|658
0675|659
0676|660
0677|661
0678|662
0679|663
0680|664
0681|665
0682|666
0683|667
0684|668
0685|669
0686|670
0687|671
0688|672
0689|673
0690|674
0691|675
0692|676
0693|677
0694|678
0695|679
0696|680
0697|681
0698|682
0699|683
0700|684
0701|685
0702|686
0703|687
0704|688
0705|Karte
0706|Blank
0707|Karte
0708|Blank
0709|689
0710|690
0711|691
0712|692
0713|693
0714|694
0715|695
0716|696
0717|697
0718|698
0719|699
0720|700
0721|701
0722|702
0723|703
0724|704
0725|705
0726|706
0727|707
0728|708
0729|709
0730|710
0731|711
0732|712
0733|713
0734|714
0735|715
0736|716
0737|717
0738|718
0739|719
0740|720
0741|721
0742|722
0743|723
0744|724
0745|725
0746|726
0747|727
0748|728
0749|729
0750|730
0751|731
0752|732
0753|733
0754|734
0755|735
0756|736
0757|737
0758|738
0759|739
0760|740
0761|741
0762|742
0763|743
0764|744
0765|745
0766|746
0767|747
0768|748
0769|749
0770|750
0771|751
0772|752
0773|753
0774|754
0775|755
0776|756
0777|757
0778|758
0779|759
0780|760
0781|761
0782|762
0783|763
0784|764
0785|765
0786|766
0787|767
0788|768
0789|769
0790|770
0791|771
0792|772
0793|773
0794|774
0795|775
0796|776
0797|777
0798|778
0799|779
0800|780
0801|781
0802|782
0803|783
0804|784
0805|785
0806|786
0807|787
0808|788
0809|789
0810|790
0811|791
0812|792
0813|793
0814|794
0815|795
0816|796
0817|797
0818|798
0819|799
0820|800
0821|801
0822|802
0823|803
0824|804
0825|805
0826|806
0827|807
0828|808
0829|809
0830|810
0831|811
0832|812
0833|813
0834|814
0835|815
0836|816
0837|817
0838|818
0839|819
0840|820
0841|821
0842|822
0843|823
0844|824
0845|825
0846|826
0847|827
0848|828
0849|829
0850|830
0851|831
0852|832
0853|833
0854|834
0855|835
0856|836
0857|837
0858|838
0859|839
0860|840
0861|841
0862|842
0863|843
0864|844
0865|845
0866|846
0867|847
0868|848
0869|Karte
0870|Karte
0871|849
0872|850
0873|851
0874|852
0875|853
0876|854
0877|855
0878|856
0879|857
0880|858
0881|859
0882|860
0883|861
0884|862
0885|863
0886|864
0887|865
0888|866
0889|867
0890|868
0891|869
0892|870
0893|871
0894|872
0895|873
0896|874
0897|875
0898|876
0899|877
0900|878
0901|879
0902|880
0903|881
0904|882
0905|883
0906|884
0907|885
0908|886
0909|887
0910|888
0911|889
0912|890
0913|891
0914|892
0915|893
0916|894
0917|895
0918|896
0919|897
0920|898
0921|899
0922|900
0923|901
0924|902
0925|903
0926|904
0927|905
0928|906
0929|907
0930|908
0931|909
0932|910
0933|911
0934|912
0935|913
0936|914
0937|915
0938|916
0939|917
0940|918
0941|919
0942|920
0943|921
0944|922
0945|923
0946|924
0947|925
0948|926
0949|927
0950|928
0951|929
0952|930
0953|931
0954|932
0955|933
0956|934
0957|935
0958|936
0959|937
0960|938
0961|939
0962|940
0963|941
0964|942
0965|943
0966|944
0967|945
0968|946
0969|947
0970|948
0971|949
0972|950
0973|951
0974|952
0975|953
0976|954
0977|955
0978|956
0979|957
0980|958
0981|959
0982|960
0983|961
0984|962
0985|963
0986|964
0987|965
0988|966
0989|967
0990|968
0991|969
0992|970
0993|971
0994|972
0995|973
0996|974
0997|975
0998|976
0999|977
1000|978
1001|979
1002|980
1003|981
1004|982
1005|983
1006|984
1007|985
1008|986
1009|987
1010|988
1011|989
1012|990
1013|991
1014|992
1015|993
1016|994
1017|995
1018|996
1019|997
1020|998
1021|999
1022|1000
1023|1001
1024|1002
1025|1003
1026|1004
1027|1005
1028|1006
1029|1007
1030|1008
1031|1009
1032|1010
1033|1011
1034|1012
1035|1013
1036|1014
1037|1015
1038|1016
1039|1017
1040|1018
1041|1019
1042|1020
1043|1021
1044|1022
1045|1023
1046|1024
1047|1025
1048|1026
1049|1027
1050|1028
1051|1029
1052|1030
1053|1031
1054|1032
1055|1033
1056|1034
1057|1035
1058|1036
1059|1037
1060|1038
1061|1039
1062|1040
1063|Karte
1064|Karte
1065|1041
1066|1042
1067|1043
1068|1044
1069|1045
1070|1046
1071|1047
1072|1048
1073|1049
1074|1050
1075|1051
1076|1052
1077|1053
1078|1054
1079|1055
1080|1056
1081|1057
1082|1058
1083|1059
1084|1060
1085|1061
1086|1062
1087|1063
1088|1064
1089|1065
1090|1066
1091|1067
1092|1068
1093|1069
1094|1070
1095|1071
1096|1072
1097|1073
1098|1074
1099|1075
1100|1076
1101|1077
1102|1078
1103|1079
1104|1080
1105|1081
1106|1082
1107|1083
1108|1084
1109|1085
1110|1086
1111|illustrationer
1112|ii
1113|rettelser
