# salmonsen/26/Pages.lst
#
0001|smudstitel
0002|(blank)
0003|titelside
0004|(blank)
0005|iii
0006|(blank)
0007|v
0008|vi
0009|1
0010|2
0011|3
0012|4
0013|5
0014|6
0015|7
0016|8
0017|9
0018|10
0019|11
0020|12
0021|13
0022|14
0023|15
0024|16
0025|17
0026|18
0027|19
0028|20
0029|21
0030|22
0031|23
0032|24
0033|Politisk Oversigtskort over Afrika
0034|(blank)
0035|25
0036|26
0037|27
0038|28
0039|29
0040|30
0041|31
0042|32
0043|33
0044|34
0045|35
0046|36
0047|37
0048|38
0049|39
0050|40
0051|41
0052|42
0053|43
0054|44
0055|45
0056|46
0057|47
0058|48
0059|49
0060|50
0061|51
0062|52
0063|53
0064|54
0065|55
0066|56
0067|57
0068|58
0069|59
0070|60
0071|61
0072|62
0073|63
0074|64
0075|65
0076|66
0077|67
0078|68
0079|69
0080|70
0081|71
0082|72
0083|73
0084|74
0085|Politisk Oversigtskort over Asien
0086|(blank)
0087|75
0088|76
0089|77
0090|78
0091|79
0092|80
0093|81
0094|82
0095|83
0096|84
0097|85
0098|86
0099|Babylonien I
0100|Babylonien II
0101|87
0102|88
0103|89
0104|90
0105|91
0106|92
0107|Politisk Oversigtskort over Balkan-Halvøen
0108|(blank)
0109|93
0110|94
0111|95
0112|96
0113|97
0114|98
0115|99
0116|100
0117|101
0118|102
0119|103
0120|104
0121|105
0122|106
0123|107
0124|108
0125|Belgien
0126|(blank)
0127|109
0128|110
0129|111
0130|112
0131|113
0132|114
0133|115
0134|116
0135|117
0136|118
0137|119
0138|120
0139|121
0140|122
0141|123
0142|124
0143|125
0144|126
0145|127
0146|128
0147|129
0148|130
0149|131
0150|132
0151|133
0152|134
0153|135
0154|136
0155|137
0156|138
0157|139
0158|140
0159|141
0160|142
0161|143
0162|144
0163|145
0164|146
0165|147
0166|148
0167|149
0168|150
0169|151
0170|152
0171|153
0172|154
0173|155
0174|156
0175|157
0176|158
0177|159
0178|160
0179|161
0180|162
0181|163
0182|164
0183|165
0184|166
0185|167
0186|168
0187|169
0188|170
0189|171
0190|172
0191|173
0192|174
0193|175
0194|176
0195|177
0196|178
0197|179
0198|180
0199|181
0200|182
0201|183
0202|184
0203|185
0204|186
0205|187
0206|188
0207|189
0208|190
0209|191
0210|192
0211|193
0212|194
0213|195
0214|196
0215|197
0216|198
0217|199
0218|200
0219|201
0220|202
0221|203
0222|204
0223|205
0224|206
0225|207
0226|208
0227|209
0228|210
0229|211
0230|212
0231|213
0232|214
0233|215
0234|216
0235|217
0236|218
0237|219
0238|220
0239|221
0240|222
0241|223
0242|224
0243|225
0244|226
0245|227
0246|228
0247|229
0248|230
0249|231
0250|232
0251|233
0252|234
0253|235
0254|236
0255|237
0256|238
0257|239
0258|240
0259|241
0260|242
0261|243
0262|244
0263|245
0264|246
0265|247
0266|248
0267|Danmark. Samfærdselskort
0268|(blank)
0269|249
0270|250
0271|251
0272|252
0273|253
0274|254
0275|255
0276|256
0277|257
0278|258
0279|259
0280|260
0281|261
0282|262
0283|263
0284|264
0285|265
0286|266
0287|267
0288|268
0289|269
0290|270
0291|271
0292|272
0293|273
0294|274
0295|275
0296|276
0297|277
0298|278
0299|279
0300|280
0301|281
0302|282
0303|283
0304|284
0305|285
0306|286
0307|287
0308|288
0309|289
0310|290
0311|291
0312|292
0313|293
0314|294
0315|295
0316|296
0317|297
0318|298
0319|299
0320|300
0321|301
0322|302
0323|303
0324|304
0325|305
0326|306
0327|307
0328|308
0329|309
0330|310
0331|311
0332|312
0333|313
0334|314
0335|315
0336|316
0337|317
0338|318
0339|319
0340|320
0341|321
0342|322
0343|323
0344|324
0345|325
0346|326
0347|327
0348|328
0349|329
0350|330
0351|331
0352|332
0353|333
0354|334
0355|335
0356|336
0357|337
0358|338
0359|339
0360|340
0361|341
0362|342
0363|343
0364|344
0365|345
0366|346
0367|347
0368|348
0369|349
0370|350
0371|351
0372|352
0373|353
0374|354
0375|355
0376|356
0377|357
0378|358
0379|359
0380|360
0381|Flyvemaskiner. I
0382|Flyvemaskiner. II
0383|361
0384|362
0385|363
0386|364
0387|365
0388|366
0389|367
0390|368
0391|369
0392|370
0393|371
0394|372
0395|373
0396|374
0397|375
0398|376
0399|377
0400|378
0401|379
0402|380
0403|381
0404|382
0405|383
0406|384
0407|385
0408|386
0409|387
0410|388
0411|389
0412|390
0413|391
0414|392
0415|393
0416|394
0417|395
0418|396
0419|397
0420|398
0421|399
0422|400
0423|401
0424|402
0425|403
0426|404
0427|405
0428|406
0429|407
0430|408
0431|409
0432|410
0433|411
0434|412
0435|413
0436|414
0437|415
0438|416
0439|417
0440|418
0441|419
0442|420
0443|421
0444|422
0445|423
0446|424
0447|425
0448|426
0449|427
0450|428
0451|429
0452|430
0453|431
0454|432
0455|433
0456|434
0457|435
0458|436
0459|437
0460|438
0461|439
0462|440
0463|Grønland
0464|(blank)
0465|441
0466|442
0467|443
0468|444
0469|445
0470|446
0471|447
0472|448
0473|449
0474|450
0475|451
0476|452
0477|453
0478|454
0479|455
0480|456
0481|457
0482|458
0483|459
0484|460
0485|461
0486|462
0487|463
0488|464
0489|465
0490|466
0491|467
0492|468
0493|469
0494|470
0495|471
0496|472
0497|473
0498|474
0499|475
0500|476
0501|477
0502|478
0503|479
0504|480
0505|481
0506|482
0507|483
0508|484
0509|485
0510|486
0511|487
0512|488
0513|489
0514|490
0515|491
0516|492
0517|493
0518|494
0519|495
0520|496
0521|497
0522|498
0523|499
0524|500
0525|501
0526|502
0527|503
0528|504
0529|505
0530|506
0531|507
0532|508
0533|509
0534|510
0535|511
0536|512
0537|513
0538|514
0539|515
0540|516
0541|517
0542|518
0543|519
0544|520
0545|521
0546|522
0547|523
0548|524
0549|525
0550|526
0551|527
0552|528
0553|529
0554|530
0555|531
0556|532
0557|533
0558|534
0559|535
0560|536
0561|537
0562|538
0563|539
0564|540
0565|541
0566|542
0567|543
0568|544
0569|545
0570|546
0571|547
0572|548
0573|549
0574|550
0575|551
0576|552
0577|553
0578|554
0579|555
0580|556
0581|557
0582|558
0583|559
0584|560
0585|561
0586|562
0587|563
0588|564
0589|565
0590|566
0591|567
0592|568
0593|569
0594|570
0595|571
0596|572
0597|573
0598|574
0599|575
0600|576
0601|577
0602|578
0603|579
0604|580
0605|581
0606|582
0607|583
0608|584
0609|585
0610|586
0611|587
0612|588
0613|589
0614|590
0615|591
0616|592
0617|593
0618|594
0619|595
0620|596
0621|597
0622|598
0623|599
0624|600
0625|601
0626|602
0627|603
0628|604
0629|605
0630|606
0631|607
0632|608
0633|609
0634|610
0635|611
0636|612
0637|613
0638|614
0639|615
0640|616
0641|617
0642|618
0643|619
0644|620
0645|621
0646|622
0647|623
0648|624
0649|625
0650|626
0651|627
0652|628
0653|629
0654|630
0655|631
0656|632
0657|633
0658|634
0659|635
0660|636
0661|637
0662|638
0663|639
0664|640
0665|641
0666|642
0667|643
0668|644
0669|645
0670|646
0671|647
0672|648
0673|649
0674|650
0675|651
0676|652
0677|653
0678|654
0679|655
0680|656
0681|657
0682|658
0683|659
0684|660
0685|661
0686|662
0687|663
0688|664
0689|665
0690|666
0691|667
0692|668
0693|669
0694|670
0695|671
0696|672
0697|673
0698|674
0699|675
0700|676
0701|677
0702|678
0703|679
0704|680
0705|Lufttrafik. I
0706|Lufttrafik. II
0707|681
0708|682
0709|683
0710|684
0711|685
0712|686
0713|687
0714|688
0715|689
0716|690
0717|691
0718|692
0719|693
0720|694
0721|695
0722|696
0723|697
0724|698
0725|699
0726|700
0727|701
0728|702
0729|703
0730|704
0731|705
0732|706
0733|707
0734|708
0735|709
0736|710
0737|711
0738|712
0739|713
0740|714
0741|715
0742|716
0743|717
0744|718
0745|719
0746|720
0747|721
0748|722
0749|723
0750|724
0751|725
0752|726
0753|727
0754|728
0755|729
0756|730
0757|731
0758|732
0759|733
0760|734
0761|735
0762|736
0763|737
0764|738
0765|739
0766|740
0767|741
0768|742
0769|743
0770|744
0771|745
0772|746
0773|747
0774|748
0775|749
0776|750
0777|751
0778|752
0779|753
0780|754
0781|755
0782|756
0783|757
0784|758
0785|759
0786|760
0787|761
0788|762
0789|763
0790|764
0791|765
0792|766
0793|767
0794|768
0795|769
0796|770
0797|771
0798|772
0799|773
0800|774
0801|775
0802|776
0803|777
0804|778
0805|779
0806|780
0807|781
0808|782
0809|783
0810|784
0811|785
0812|786
0813|787
0814|788
0815|789
0816|790
0817|791
0818|792
0819|793
0820|794
0821|795
0822|796
0823|797
0824|798
0825|799
0826|800
0827|801
0828|802
0829|803
0830|804
0831|805
0832|806
0833|807
0834|808
0835|809
0836|810
0837|811
0838|812
0839|813
0840|814
0841|815
0842|816
0843|817
0844|818
0845|819
0846|820
0847|821
0848|822
0849|823
0850|824
0851|825
0852|826
0853|827
0854|828
0855|829
0856|830
0857|831
0858|832
0859|833
0860|834
0861|835
0862|836
0863|837
0864|838
0865|839
0866|840
0867|Oslo. I
0868|Oslo. II
0869|841
0870|842
0871|843
0872|844
0873|845
0874|846
0875|847
0876|848
0877|849
0878|850
0879|851
0880|852
0881|853
0882|854
0883|855
0884|856
0885|857
0886|858
0887|859
0888|860
0889|861
0890|862
0891|863
0892|864
0893|865
0894|866
0895|867
0896|868
0897|869
0898|870
0899|871
0900|872
0901|873
0902|874
0903|875
0904|876
0905|877
0906|878
0907|879
0908|880
0909|881
0910|882
0911|883
0912|884
0913|885
0914|886
0915|887
0916|888
0917|889
0918|890
0919|891
0920|892
0921|893
0922|894
0923|895
0924|896
0925|897
0926|898
0927|899
0928|900
0929|901
0930|902
0931|903
0932|904
0933|905
0934|906
0935|907
0936|908
0937|909
0938|910
0939|911
0940|912
0941|913
0942|914
0943|915
0944|916
0945|917
0946|918
0947|919
0948|920
0949|921
0950|922
0951|923
0952|924
0953|925
0954|926
0955|927
0956|928
0957|929
0958|930
0959|931
0960|932
0961|933
0962|934
0963|935
0964|936
0965|937
0966|938
0967|939
0968|940
0969|941
0970|942
0971|943
0972|944
0973|945
0974|946
0975|947
0976|948
0977|949
0978|950
0979|951
0980|952
0981|953
0982|954
0983|955
0984|956
0985|957
0986|958
0987|959
0988|960
0989|961
0990|962
0991|963
0992|964
0993|965
0994|966
0995|967
0996|968
0997|969
0998|970
0999|971
1000|972
1001|973
1002|974
1003|975
1004|976
1005|977
1006|978
1007|979
1008|980
1009|981
1010|982
1011|983
1012|984
1013|985
1014|986
1015|987
1016|988
1017|989
1018|990
1019|991
1020|992
1021|993
1022|994
1023|995
1024|996
1025|997
1026|998
1027|999
1028|1000
1029|Politisk Kort over Sydamerika
1030|(blank)
1031|1001
1032|1002
1033|1003
1034|1004
1035|1005
1036|1006
1037|1007
1038|1008
1039|1009
1040|1010
1041|1011
1042|1012
1043|1013
1044|1014
1045|1015
1046|1016
1047|1017
1048|1018
1049|1019
1050|1020
1051|1021
1052|1022
1053|1023
1054|1024
1055|1025
1056|1026
1057|1027
1058|1028
1059|1029
1060|1030
1061|1031
1062|1032
1063|1033
1064|1034
1065|1035
1066|1036
1067|1037
1068|1038
1069|1039
1070|1040
1071|1041
1072|1042
1073|1043
1074|1044
1075|1045
1076|1046
1077|1047
1078|1048
1079|1049
1080|1050
1081|1051
1082|1052
1083|1053
1084|1054
1085|1055
1086|1056
1087|1057
1088|1058
1089|1059
1090|1060
1091|1061
1092|1062
1093|1063
1094|1064
1095|1065
1096|1066
1097|1067
1098|1068
1099|1069
1100|1070
1101|1071
1102|1072
1103|1073
1104|1074
1105|1075
1106|1076
1107|1077
1108|1078
1109|1079
1110|1080
1111|1081
1112|1082
1113|1083
1114|1084
1115|1085
1116|1086
1117|1087
1118|1088
1119|1089
1120|1090
1121|1091
1122|1092
1123|1093
1124|1094
1125|1095
1126|1096
1127|1097
1128|1098
1129|1099
1130|1100
1131|1101
1132|1102
1133|1103
1134|1104
#
#
