# salmonsen/2/10/Pages.lst
#
0001|blank
0002|blank
0003|titel
0004|blank
0005|titel
0006|blank
0007|i
0008|ii
0009|iii
0010|iv
0011|1
0012|2
0013|3
0014|4
0015|5
0016|6
0017|7
0018|8
0019|9
0020|10
0021|11
0022|12
0023|13
0024|14
0025|15
0026|16
0027|17
0028|18
0029|19
0030|20
0031|21
0032|22
0033|23
0034|24
0035|25
0036|26
0037|27
0038|28
0039|29
0040|30
0041|31
0042|32
0043|33
0044|34
0045|35
0046|36
0047|37
0048|38
0049|39
0050|40
0051|41
0052|42
0053|43
0054|44
0055|45
0056|46
0057|47
0058|48
0059|49
0060|50
0061|51
0062|52
0063|53
0064|54
0065|55
0066|56
0067|57
0068|58
0069|59
0070|60
0071|61
0072|62
0073|63
0074|64
0075|65
0076|66
0077|67
0078|68
0079|69
0080|70
0081|71
0082|72
0083|plansch
0084|plansch
0085|plansch
0086|plansch
0087|plansch
0088|plansch
0089|73
0090|74
0091|75
0092|76
0093|77
0094|78
0095|79
0096|80
0097|81
0098|82
0099|83
0100|84
0101|85
0102|86
0103|87
0104|88
0105|89
0106|90
0107|91
0108|92
0109|93
0110|94
0111|95
0112|96
0113|97
0114|98
0115|99
0116|100
0117|101
0118|102
0119|103
0120|104
0121|105
0122|106
0123|107
0124|108
0125|109
0126|110
0127|111
0128|112
0129|113
0130|114
0131|115
0132|116
0133|117
0134|118
0135|119
0136|120
0137|121
0138|122
0139|123
0140|124
0141|125
0142|126
0143|127
0144|128
0145|129
0146|130
0147|131
0148|132
0149|133
0150|134
0151|135
0152|136
0153|137
0154|138
0155|139
0156|140
0157|141
0158|142
0159|143
0160|144
0161|145
0162|146
0163|147
0164|148
0165|149
0166|150
0167|151
0168|152
0169|153
0170|154
0171|155
0172|156
0173|157
0174|158
0175|159
0176|160
0177|161
0178|162
0179|163
0180|164
0181|165
0182|166
0183|167
0184|168
0185|169
0186|170
0187|171
0188|172
0189|173
0190|174
0191|175
0192|176
0193|177
0194|178
0195|179
0196|180
0197|181
0198|182
0199|183
0200|184
0201|185
0202|186
0203|187
0204|188
0205|189
0206|190
0207|191
0208|192
0209|193
0210|194
0211|195
0212|196
0213|197
0214|198
0215|199
0216|200
0217|201
0218|202
0219|203
0220|204
0221|205
0222|206
0223|207
0224|208
0225|Plansch
0226|Blank
0227|209
0228|210
0229|211
0230|212
0231|213
0232|214
0233|215
0234|216
0235|217
0236|218
0237|219
0238|220
0239|221
0240|222
0241|223
0242|224
0243|225
0244|226
0245|227
0246|228
0247|229
0248|230
0249|231
0250|232
0251|233
0252|234
0253|235
0254|236
0255|237
0256|238
0257|239
0258|240
0259|241
0260|242
0261|243
0262|244
0263|245
0264|246
0265|247
0266|248
0267|249
0268|250
0269|251
0270|252
0271|253
0272|254
0273|255
0274|256
0275|257
0276|258
0277|259
0278|260
0279|261
0280|262
0281|263
0282|264
0283|265
0284|266
0285|267
0286|268
0287|269
0288|270
0289|271
0290|272
0291|273
0292|274
0293|275
0294|276
0295|277
0296|278
0297|279
0298|280
0299|281
0300|282
0301|283
0302|284
0303|285
0304|286
0305|287
0306|288
0307|karte
0308|blank
0309|289
0310|290
0311|291
0312|292
0313|293
0314|294
0315|295
0316|296
0317|297
0318|298
0319|299
0320|300
0321|301
0322|302
0323|303
0324|304
0325|305
0326|306
0327|307
0328|308
0329|309
0330|310
0331|311
0332|312
0333|313
0334|314
0335|315
0336|316
0337|317
0338|318
0339|319
0340|320
0341|321
0342|322
0343|323
0344|324
0345|325
0346|326
0347|327
0348|328
0349|329
0350|330
0351|331
0352|332
0353|333
0354|334
0355|335
0356|336
0357|337
0358|338
0359|339
0360|340
0361|341
0362|342
0363|343
0364|344
0365|345
0366|346
0367|347
0368|348
0369|349
0370|350
0371|351
0372|352
0373|353
0374|354
0375|355
0376|356
0377|357
0378|358
0379|359
0380|360
0381|361
0382|362
0383|363
0384|364
0385|365
0386|366
0387|367
0388|368
0389|369
0390|370
0391|371
0392|372
0393|373
0394|374
0395|375
0396|376
0397|377
0398|378
0399|379
0400|380
0401|381
0402|382
0403|383
0404|384
0405|385
0406|386
0407|387
0408|388
0409|389
0410|390
0411|391
0412|392
0413|393
0414|394
0415|395
0416|396
0417|397
0418|398
0419|399
0420|400
0421|401
0422|402
0423|403
0424|404
0425|405
0426|406
0427|407
0428|408
0429|409
0430|410
0431|411
0432|412
0433|413
0434|414
0435|415
0436|416
0437|plansch
0438|blank
0439|417
0440|418
0441|419
0442|420
0443|421
0444|422
0445|423
0446|424
0447|425
0448|426
0449|427
0450|428
0451|429
0452|430
0453|431
0454|432
0455|433
0456|434
0457|435
0458|436
0459|437
0460|438
0461|439
0462|440
0463|441
0464|442
0465|443
0466|444
0467|445
0468|446
0469|447
0470|448
0471|449
0472|450
0473|451
0474|452
0475|453
0476|454
0477|455
0478|456
0479|457
0480|458
0481|459
0482|460
0483|461
0484|462
0485|463
0486|464
0487|465
0488|466
0489|467
0490|468
0491|469
0492|470
0493|471
0494|472
0495|473
0496|474
0497|475
0498|476
0499|477
0500|478
0501|479
0502|480
0503|481
0504|482
0505|483
0506|484
0507|485
0508|486
0509|487
0510|488
0511|489
0512|490
0513|491
0514|492
0515|493
0516|494
0517|495
0518|496
0519|497
0520|498
0521|499
0522|500
0523|501
0524|502
0525|503
0526|504
0527|505
0528|506
0529|507
0530|508
0531|509
0532|510
0533|511
0534|512
0535|513
0536|514
0537|515
0538|516
0539|517
0540|518
0541|519
0542|520
0543|521
0544|522
0545|523
0546|524
0547|525
0548|526
0549|527
0550|528
0551|529
0552|530
0553|531
0554|532
0555|533
0556|534
0557|535
0558|536
0559|537
0560|538
0561|539
0562|540
0563|541
0564|542
0565|543
0566|544
0567|545
0568|546
0569|547
0570|548
0571|549
0572|550
0573|551
0574|552
0575|553
0576|554
0577|555
0578|556
0579|557
0580|558
0581|559
0582|560
0583|561
0584|562
0585|563
0586|564
0587|565
0588|566
0589|567
0590|568
0591|569
0592|570
0593|571
0594|572
0595|573
0596|574
0597|575
0598|576
0599|577
0600|578
0601|579
0602|580
0603|581
0604|582
0605|583
0606|584
0607|585
0608|586
0609|587
0610|588
0611|589
0612|590
0613|591
0614|592
0615|593
0616|594
0617|595
0618|596
0619|597
0620|598
0621|599
0622|600
0623|601
0624|602
0625|603
0626|604
0627|605
0628|606
0629|607
0630|608
0631|609
0632|610
0633|611
0634|612
0635|613
0636|614
0637|615
0638|616
0639|617
0640|618
0641|619
0642|620
0643|621
0644|622
0645|623
0646|624
0647|625
0648|626
0649|627
0650|628
0651|629
0652|630
0653|631
0654|632
0655|633
0656|634
0657|635
0658|636
0659|637
0660|638
0661|639
0662|640
0663|641
0664|642
0665|643
0666|644
0667|645
0668|646
0669|647
0670|648
0671|649
0672|650
0673|651
0674|652
0675|653
0676|654
0677|655
0678|656
0679|657
0680|658
0681|659
0682|660
0683|661
0684|662
0685|663
0686|664
0687|665
0688|666
0689|667
0690|668
0691|669
0692|670
0693|671
0694|672
0695|673
0696|674
0697|675
0698|676
0699|677
0700|678
0701|679
0702|680
0703|681
0704|682
0705|683
0706|684
0707|685
0708|686
0709|687
0710|688
0711|689
0712|690
0713|691
0714|692
0715|693
0716|694
0717|695
0718|696
0719|697
0720|698
0721|699
0722|700
0723|701
0724|702
0725|703
0726|704
0727|705
0728|706
0729|707
0730|708
0731|709
0732|710
0733|711
0734|712
0735|713
0736|714
0737|715
0738|716
0739|717
0740|718
0741|719
0742|720
0743|721
0744|722
0745|723
0746|724
0747|725
0748|726
0749|727
0750|728
0751|729
0752|730
0753|731
0754|732
0755|733
0756|734
0757|735
0758|736
0759|737
0760|738
0761|739
0762|740
0763|741
0764|742
0765|743
0766|744
0767|745
0768|746
0769|747
0770|748
0771|749
0772|750
0773|751
0774|752
0775|753
0776|754
0777|755
0778|756
0779|757
0780|758
0781|759
0782|760
0783|761
0784|762
0785|763
0786|764
0787|765
0788|766
0789|767
0790|768
0791|769
0792|770
0793|771
0794|772
0795|773
0796|774
0797|775
0798|776
0799|777
0800|778
0801|779
0802|780
0803|781
0804|782
0805|783
0806|784
0807|785
0808|786
0809|787
0810|788
0811|789
0812|790
0813|791
0814|792
0815|793
0816|794
0817|795
0818|796
0819|797
0820|798
0821|799
0822|800
0823|801
0824|802
0825|803
0826|804
0827|805
0828|806
0829|807
0830|808
0831|809
0832|810
0833|811
0834|812
0835|813
0836|814
0837|815
0838|816
0839|817
0840|818
0841|819
0842|820
0843|821
0844|822
0845|823
0846|824
0847|825
0848|826
0849|827
0850|828
0851|829
0852|830
0853|831
0854|832
0855|833
0856|834
0857|835
0858|836
0859|837
0860|838
0861|839
0862|840
0863|841
0864|842
0865|843
0866|844
0867|845
0868|846
0869|847
0870|848
0871|849
0872|850
0873|851
0874|852
0875|853
0876|854
0877|855
0878|856
0879|857
0880|858
0881|859
0882|860
0883|861
0884|862
0885|863
0886|864
0887|865
0888|866
0889|867
0890|868
0891|869
0892|870
0893|871
0894|872
0895|873
0896|874
0897|875
0898|876
0899|877
0900|878
0901|879
0902|880
0903|881
0904|882
0905|883
0906|884
0907|885
0908|886
0909|887
0910|888
0911|889
0912|890
0913|891
0914|892
0915|893
0916|894
0917|895
0918|896
0919|897
0920|898
0921|899
0922|900
0923|901
0924|902
0925|903
0926|904
0927|905
0928|906
0929|907
0930|908
0931|909
0932|910
0933|911
0934|912
0935|913
0936|914
0937|915
0938|916
0939|917
0940|918
0941|919
0942|920
0943|921
0944|922
0945|923
0946|924
0947|925
0948|926
0949|927
0950|928
0951|929
0952|930
0953|931
0954|932
0955|933
0956|934
0957|935
0958|936
0959|937
0960|938
0961|939
0962|940
0963|941
0964|942
0965|943
0966|944
0967|945
0968|946
0969|947
0970|948
0971|illustrationer
0972|ii
0973|rettelser
0974|ii
0975|blank
0976|blank
