# salmonsen/2/21/Pages.lst
#
0001|titel
0002|blank
0003|titel
0004|blank
0005|i
0006|ii
0007|iii
0008|iv
0009|1
0010|2
0011|3
0012|4
0013|5
0014|6
0015|7
0016|8
0017|9
0018|10
0019|11
0020|12
0021|13
0022|14
0023|15
0024|16
0025|17
0026|18
0027|19
0028|20
0029|21
0030|22
0031|23
0032|24
0033|25
0034|26
0035|27
0036|28
0037|29
0038|30
0039|31
0040|32
0041|33
0042|34
0043|35
0044|36
0045|37
0046|38
0047|39
0048|40
0049|41
0050|42
0051|43
0052|44
0053|45
0054|46
0055|47
0056|48
0057|49
0058|50
0059|51
0060|52
0061|53
0062|54
0063|55
0064|56
0065|57
0066|58
0067|59
0068|60
0069|61
0070|62
0071|63
0072|64
0073|65
0074|66
0075|67
0076|68
0077|69
0078|70
0079|71
0080|72
0081|73
0082|74
0083|75
0084|76
0085|77
0086|78
0087|79
0088|80
0089|81
0090|82
0091|83
0092|84
0093|85
0094|86
0095|87
0096|88
0097|89
0098|90
0099|91
0100|92
0101|Reykjavik (Kort)
0102|blank
0103|93
0104|94
0105|95
0106|96
0107|97
0108|98
0109|99
0110|100
0111|101
0112|102
0113|103
0114|104
0115|105
0116|106
0117|107
0118|108
0119|109
0120|110
0121|111
0122|112
0123|113
0124|114
0125|115
0126|116
0127|117
0128|118
0129|119
0130|120
0131|121
0132|122
0133|123
0134|124
0135|125
0136|126
0137|127
0138|128
0139|129
0140|130
0141|131
0142|132
0143|133
0144|134
0145|135
0146|136
0147|137
0148|138
0149|139
0150|140
0151|141
0152|142
0153|143
0154|144
0155|145
0156|146
0157|147
0158|148
0159|149
0160|150
0161|151
0162|152
0163|153
0164|154
0165|155
0166|156
0167|157
0168|158
0169|159
0170|160
0171|161
0172|162
0173|163
0174|164
0175|165
0176|166
0177|167
0178|168
0179|169
0180|170
0181|171
0182|172
0183|173
0184|174
0185|175
0186|176
0187|177
0188|178
0189|179
0190|180
0191|181
0192|182
0193|183
0194|184
0195|185
0196|186
0197|187
0198|188
0199|189
0200|190
0201|191
0202|192
0203|193
0204|194
0205|195
0206|196
0207|197
0208|198
0209|199
0210|200
0211|201
0212|202
0213|Ringe
0214|blank
0215|203
0216|204
0217|205
0218|206
0219|207
0220|208
0221|209
0222|210
0223|211
0224|212
0225|213
0226|214
0227|215
0228|216
0229|217
0230|218
0231|219
0232|220
0233|221
0234|222
0235|223
0236|224
0237|225
0238|226
0239|227
0240|228
0241|229
0242|230
0243|231
0244|232
0245|233
0246|234
0247|235
0248|236
0249|237
0250|238
0251|239
0252|240
0253|241
0254|242
0255|243
0256|244
0257|245
0258|246
0259|247
0260|248
0261|249
0262|250
0263|251
0264|252
0265|253
0266|254
0267|255
0268|256
0269|257
0270|258
0271|259
0272|260
0273|261
0274|262
0275|263
0276|264
0277|265
0278|266
0279|267
0280|268
0281|269
0282|270
0283|271
0284|272
0285|Rodfrugter
0286|Rodfrugter
0287|273
0288|274
0289|275
0290|276
0291|277
0292|278
0293|279
0294|280
0295|281
0296|282
0297|283
0298|284
0299|285
0300|286
0301|287
0302|288
0303|289
0304|290
0305|291
0306|292
0307|293
0308|294
0309|295
0310|296
0311|297
0312|298
0313|299
0314|300
0315|301
0316|302
0317|303
0318|304
0319|Rom (Kort)
0320|Rom (Kort)
0321|305
0322|306
0323|307
0324|308
0325|309
0326|310
0327|311
0328|312
0329|313
0330|314
0331|315
0332|316
0333|317
0334|318
0335|319
0336|320
0337|321
0338|322
0339|323
0340|324
0341|325
0342|326
0343|327
0344|328
0345|329
0346|330
0347|331
0348|332
0349|333
0350|334
0351|335
0352|336
0353|337
0354|338
0355|339
0356|340
0357|341
0358|342
0359|343
0360|344
0361|Romerrigets Vækst (Kort)
0362|blank
0363|345
0364|346
0365|347
0366|348
0367|349
0368|350
0369|351
0370|352
0371|353
0372|354
0373|355
0374|356
0375|357
0376|358
0377|359
0378|360
0379|361
0380|362
0381|363
0382|364
0383|365
0384|366
0385|367
0386|368
0387|369
0388|370
0389|371
0390|372
0391|Roser 1
0392|Roser 2
0393|373
0394|374
0395|375
0396|376
0397|377
0398|378
0399|379
0400|380
0401|381
0402|382
0403|383
0404|384
0405|385
0406|386
0407|387
0408|388
0409|389
0410|390
0411|391
0412|392
0413|393
0414|394
0415|395
0416|396
0417|397
0418|398
0419|399
0420|400
0421|401
0422|402
0423|403
0424|404
0425|405
0426|406
0427|407
0428|408
0429|409
0430|410
0431|411
0432|412
0433|413
0434|414
0435|415
0436|416
0437|417
0438|418
0439|419
0440|420
0441|421
0442|422
0443|423
0444|424
0445|425
0446|426
0447|427
0448|428
0449|429
0450|430
0451|431
0452|432
0453|433
0454|434
0455|435
0456|436
0457|437
0458|438
0459|439
0460|440
0461|441
0462|442
0463|443
0464|444
0465|445
0466|446
0467|447
0468|448
0469|449
0470|450
0471|451
0472|452
0473|453
0474|454
0475|455
0476|456
0477|Rovdyr I
0478|Rovdyr I
0479|Rovdyr II
0480|blank
0481|457
0482|458
0483|Rovfugle
0484|blank
0485|459
0486|460
0487|461
0488|462
0489|463
0490|464
0491|465
0492|466
0493|467
0494|468
0495|469
0496|470
0497|471
0498|472
0499|473
0500|474
0501|475
0502|476
0503|477
0504|478
0505|479
0506|480
0507|481
0508|482
0509|483
0510|484
0511|485
0512|486
0513|487
0514|488
0515|489
0516|490
0517|491
0518|492
0519|493
0520|494
0521|495
0522|496
0523|497
0524|498
0525|499
0526|500
0527|501
0528|502
0529|503
0530|504
0531|505
0532|506
0533|507
0534|508
0535|509
0536|510
0537|511
0538|512
0539|513
0540|514
0541|515
0542|516
0543|517
0544|518
0545|519
0546|520
0547|521
0548|522
0549|523
0550|524
0551|525
0552|526
0553|527
0554|528
0555|529
0556|530
0557|531
0558|532
0559|533
0560|534
0561|535
0562|536
0563|Rusland
0564|Rusland
0565|537
0566|538
0567|539
0568|540
0569|541
0570|542
0571|543
0572|544
0573|545
0574|546
0575|547
0576|548
0577|549
0578|550
0579|551
0580|552
0581|553
0582|554
0583|555
0584|556
0585|557
0586|558
0587|559
0588|560
0589|561
0590|562
0591|563
0592|564
0593|565
0594|566
0595|567
0596|568
0597|569
0598|570
0599|571
0600|572
0601|573
0602|574
0603|575
0604|576
0605|577
0606|578
0607|579
0608|580
0609|581
0610|582
0611|583
0612|584
0613|585
0614|586
0615|587
0616|588
0617|589
0618|590
0619|591
0620|592
0621|593
0622|594
0623|595
0624|596
0625|597
0626|598
0627|599
0628|600
0629|601
0630|602
0631|603
0632|604
0633|605
0634|606
0635|607
0636|608
0637|609
0638|610
0639|611
0640|612
0641|613
0642|614
0643|615
0644|616
0645|617
0646|618
0647|619
0648|620
0649|621
0650|622
0651|623
0652|624
0653|625
0654|626
0655|627
0656|628
0657|629
0658|630
0659|631
0660|632
0661|633
0662|634
0663|635
0664|636
0665|637
0666|638
0667|639
0668|640
0669|641
0670|642
0671|643
0672|644
0673|645
0674|646
0675|647
0676|648
0677|649
0678|650
0679|651
0680|652
0681|653
0682|654
0683|655
0684|656
0685|657
0686|658
0687|659
0688|660
0689|661
0690|662
0691|663
0692|664
0693|665
0694|666
0695|667
0696|668
0697|669
0698|670
0699|671
0700|672
0701|673
0702|674
0703|675
0704|676
0705|677
0706|678
0707|679
0708|680
0709|681
0710|682
0711|683
0712|684
0713|685
0714|686
0715|687
0716|688
0717|689
0718|690
0719|691
0720|692
0721|plansch
0722|plansch
0723|693
0724|694
0725|695
0726|696
0727|697
0728|698
0729|699
0730|700
0731|701
0732|702
0733|703
0734|704
0735|705
0736|706
0737|707
0738|708
0739|709
0740|710
0741|711
0742|712
0743|713
0744|714
0745|715
0746|716
0747|717
0748|718
0749|719
0750|720
0751|721
0752|722
0753|723
0754|724
0755|725
0756|726
0757|727
0758|728
0759|729
0760|730
0761|731
0762|732
0763|733
0764|734
0765|735
0766|736
0767|737
0768|738
0769|739
0770|740
0771|741
0772|742
0773|743
0774|744
0775|745
0776|746
0777|747
0778|748
0779|749
0780|750
0781|751
0782|752
0783|753
0784|754
0785|755
0786|756
0787|757
0788|758
0789|759
0790|760
0791|761
0792|762
0793|763
0794|764
0795|765
0796|766
0797|767
0798|768
0799|769
0800|770
0801|771
0802|772
0803|773
0804|774
0805|775
0806|776
0807|777
0808|778
0809|779
0810|780
0811|781
0812|782
0813|783
0814|784
0815|785
0816|786
0817|787
0818|788
0819|789
0820|790
0821|791
0822|792
0823|793
0824|794
0825|795
0826|796
0827|797
0828|798
0829|799
0830|800
0831|801
0832|802
0833|803
0834|804
0835|805
0836|806
0837|807
0838|808
0839|809
0840|810
0841|811
0842|812
0843|813
0844|814
0845|815
0846|816
0847|817
0848|818
0849|819
0850|820
0851|821
0852|822
0853|823
0854|824
0855|825
0856|826
0857|827
0858|828
0859|829
0860|830
0861|831
0862|832
0863|833
0864|834
0865|835
0866|836
0867|837
0868|838
0869|839
0870|840
0871|841
0872|842
0873|843
0874|844
0875|845
0876|846
0877|847
0878|848
0879|849
0880|850
0881|851
0882|852
0883|853
0884|854
0885|855
0886|856
0887|857
0888|858
0889|859
0890|860
0891|861
0892|862
0893|863
0894|864
0895|865
0896|866
0897|867
0898|868
0899|869
0900|870
0901|871
0902|872
0903|873
0904|874
0905|875
0906|876
0907|877
0908|878
0909|879
0910|880
0911|881
0912|882
0913|883
0914|884
0915|885
0916|886
0917|887
0918|888
0919|889
0920|890
0921|891
0922|892
0923|893
0924|894
0925|895
0926|896
0927|897
0928|898
0929|899
0930|900
0931|901
0932|902
0933|903
0934|904
0935|905
0936|906
0937|907
0938|908
0939|909
0940|910
0941|911
0942|912
0943|913
0944|914
0945|915
0946|916
0947|917
0948|918
0949|Sangfugle
0950|Sangfugle
0951|919
0952|920
0953|921
0954|922
0955|923
0956|924
0957|925
0958|926
0959|927
0960|928
0961|929
0962|930
0963|931
0964|932
0965|933
0966|934
0967|935
0968|936
0969|937
0970|938
0971|939
0972|940
0973|941
0974|942
0975|943
0976|944
0977|945
0978|946
0979|947
0980|948
0981|949
0982|950
0983|951
0984|952
0985|953
0986|954
0987|955
0988|956
0989|957
0990|958
0991|959
0992|960
0993|961
0994|962
0995|963
0996|964
0997|965
0998|966
0999|967
1000|968
1001|969
1002|970
1003|971
1004|972
1005|973
1006|974
1007|975
1008|976
1009|977
1010|978
1011|979
1012|980
1013|981
1014|982
1015|983
1016|984
1017|985
1018|986
1019|987
1020|988
1021|989
1022|990
1023|991
1024|992
1025|993
1026|994
1027|995
1028|996
1029|997
1030|998
1031|999
1032|1000
1033|1001
1034|1002
1035|1003
1036|1004
1037|1005
1038|1006
1039|1007
1040|1008
1041|1009
1042|1010
1043|1011
1044|1012
1045|1013
1046|1014
1047|1015
1048|1016
1049|1017
1050|1018
1051|1019
1052|1020
1053|1021
1054|1022
1055|1023
1056|1024
1057|1025
1058|1026
1059|1027
1060|1028
1061|1029
1062|1030
1063|1031
1064|1032
1065|1033
1066|1034
1067|1035
1068|1036
1069|1037
1070|1038
1071|1039
1072|1040
1073|1041
1074|1042
1075|1043
1076|1044
1077|1045
1078|1046
1079|1047
1080|1048
1081|1049
1082|1050
1083|1051
1084|1052
1085|1053
1086|1054
1087|1055
1088|1056
1089|1057
1090|1058
1091|1059
1092|1060
1093|1061
1094|1062
1095|1063
1096|1064
1097|1065
1098|1066
1099|1067
1100|1068
1101|1069
1102|1070
1103|1071
1104|1072
1105|1073
1106|1074
1107|1075
1108|1076
1109|1077
1110|1078
1111|1079
1112|1080
1113|1081
1114|1082
1115|1083
1116|1084
1117|1085
1118|1086
1119|1087
1120|1088
1121|1089
1122|1090
1123|1091
1124|1092
1125|1093
1126|1094
1127|1095
1128|1096
1129|1097
1130|1098
1131|1099
1132|1100
1133|1101
1134|1102
1135|1103
1136|1104
1137|1105
1138|1106
1139|1107
#
#
#
