salmonsen/2/1/Pages/0011.txt:<h1>A</h1>
salmonsen/2/2/Pages/0009.txt:<h1>A</h1>
salmonsen/2/2/Pages/0481.txt:<h1>B</h1>
salmonsen/2/3/Pages/0009.txt:<h1>B</h1>
salmonsen/2/4/Pages/0009.txt:<h1>B</h1>
salmonsen/2/4/Pages/0508.txt:<h1>C</h1>
salmonsen/2/5/Pages/0009.txt:<h1>C</h1>
salmonsen/2/5/Pages/0409.txt:<h1>D</h1>
salmonsen/2/6/Pages/0009.txt:<h1>D</h1></chapter>
salmonsen/2/6/Pages/0705.txt:<h1>E</h1></chapter>
salmonsen/2/7/Pages/0009.txt:<h1>E</h1>
salmonsen/2/7/Pages/0649.txt:<h1>I</h1>
salmonsen/2/7/Pages/0664.txt:<h1>F</h1>
salmonsen/2/8/Pages/0011.txt:<h1>F</h1>
salmonsen/2/9/Pages/0012.txt:<h1>F</h1>
salmonsen/2/10/Pages/0011.txt:<h1>G</h1>
salmonsen/2/10/Pages/0580.txt:<h1>H</h1>
salmonsen/2/11/Pages/0009.txt:<h1>H</h1>
salmonsen/2/12/Pages/0009.txt:<h1>H</h1>
salmonsen/2/12/Pages/0176.txt:<b><h1>I</h1></b>
salmonsen/2/12/Pages/0751.txt:<b><h1>J</h1></b>
salmonsen/2/13/Pages/0009.txt:<h1>J</h1>
salmonsen/2/13/Pages/0341.txt:<h1>K</h1>
salmonsen/2/14/Pages/0009.txt:<h1>K</h1>
salmonsen/2/15/Pages/0009.txt:<h1>K</h1>
salmonsen/2/15/Pages/0201.txt:<h1>L</h1>
salmonsen/2/16/Pages/0013.txt:<h1>L</h1>
salmonsen/2/16/Pages/0307.txt:<h1>M</h1>
salmonsen/2/17/Pages/0013.txt:<h1>M</h1>
salmonsen/2/17/Pages/0637.txt:<h1>N</h1>
salmonsen/2/18/Pages/0011.txt:<b><h1>N</h1></b>
salmonsen/2/18/Pages/0391.txt:<h1>O</h1>
salmonsen/2/18/Pages/0772.txt:<h1>P</h1>
salmonsen/2/19/Pages/0011.txt:<b><h1>P</h1></b>
salmonsen/2/19/Pages/0798.txt:<h1>Q</h1>
salmonsen/2/19/Pages/0824.txt:<h1>R</h1>
salmonsen/2/20/Pages/0009.txt:<h1>R</h1>
salmonsen/2/21/Pages/0009.txt:<h1>S</h1>
salmonsen/2/22/Pages/0009.txt:<h1>S</h1>
salmonsen/2/23/Pages/0009.txt:<h1>T</h1>
salmonsen/2/24/Pages/0009.txt:<h1>T</h1>
salmonsen/2/24/Pages/0149.txt:<h1>U</h1>
salmonsen/2/24/Pages/0376.txt:<h1>V</h1> og <h1>W</h1>
salmonsen/2/25/Pages/0009.txt:<h1>V</h1> og <h1>W</h1>
salmonsen/2/25/Pages/0517.txt:<h1>X</h1>
salmonsen/2/25/Pages/0525.txt:<h1>Y</h1>
salmonsen/2/25/Pages/0571.txt:<h1>Z</h1>
salmonsen/2/25/Pages/0681.txt:<h1>Æ</h1>
salmonsen/2/25/Pages/0813.txt:<h1>Ø</h1>
salmonsen/2/26/Pages/0009.txt:<h1>A</h1>
salmonsen/2/26/Pages/0097.txt:<h1>B</h1>
salmonsen/2/26/Pages/0208.txt:<h1>C</h1>
salmonsen/2/26/Pages/0242.txt:<h1>D</h1>
salmonsen/2/26/Pages/0310.txt:<h1>E</h1>
salmonsen/2/26/Pages/0428.txt:<h1>G</h1>
salmonsen/2/26/Pages/0475.txt:<h1>H</h1>
salmonsen/2/26/Pages/0543.txt:<h1>I</h1>
salmonsen/2/26/Pages/0568.txt:<h1>J</h1>
salmonsen/2/26/Pages/0597.txt:<h1>K</h1>
salmonsen/2/26/Pages/0664.txt:<h1>L</h1>
salmonsen/2/26/Pages/0718.txt:<h1>M</h1>
salmonsen/2/26/Pages/0780.txt:<h1>N</h1>
salmonsen/2/26/Pages/0850.txt:<h1>O</h1>
salmonsen/2/26/Pages/0876.txt:<h1>P</h1>
salmonsen/2/26/Pages/0920.txt:<h1>Q</h1>
salmonsen/2/26/Pages/0922.txt:<h1>R</h1>
salmonsen/2/26/Pages/0957.txt:<h1>S</h1>
salmonsen/2/26/Pages/1038.txt:<h1>T</h1>
salmonsen/2/26/Pages/1078.txt:<h1>U</h1>
salmonsen/2/26/Pages/1088.txt:<h1>V</h1> og <h1>W</h1>
salmonsen/2/26/Pages/1114.txt:<h1>X</h1>
salmonsen/2/26/Pages/1115.txt:<h1>Y</h1>
salmonsen/2/26/Pages/1117.txt:<h1>Z</h1>
salmonsen/2/26/Pages/1119.txt:<h1>Æ</h1>
salmonsen/2/26/Pages/1123.txt:<h1>Ø</h1>
