<chapter name="Forkortelser">
<h1>FORKORTELSER</h1>.

<table>
<td>a<td c>betyder<td>Ar (Flademaal)
<td>Aarg<td c>—<td>Aargang.
<td>Aarh.<td c>—<td>Aarhundrede.
<td>Adj.<td c>—<td>Adjektiv
<td>admin.<td c>—<td>administrativt.
<td>Adv.<td c>—<td>Adverbium.
<td>Afb.<td c>—<td>Afbildning.
<td>Afh.<td c>—<td>Afhandling.
<td>Akk.<td c>—<td>Akkussativ.
<td>Alm., alm.<td c>—<td>Almindelighed. almindelig.
<td>amer.<td c>—<td>amerikansk.
<td>anat.<td c>—<td>anatomisk.
<td>ang.<td c>—<td>angaaende.
<td>anon.<td c>—<td>anonymt.
<td>Anrd.<td c>—<td>Anordning.
<td>Apr.<td c>—<td>April.
<td>arab.<td c>—<td>arabisk.
<td>aritm.<td c>—<td>aritmetisk.
<td>arkæol.<td c>—<td>arkæologisk.
<td>Art.<td c>—<td>Artikel.
<td>astron.<td c>—<td>astronomisk.
<td>Atm.<td c>—<td>Atmosfære.
<td>Aug.<td c>—<td>August.
<td>bab.<td c>—<td>babylonisk.
<td>Bd<td c>—<td>Bind.
<td>bearb.<td c>—<td>bearbejdet.
<td>Beg.<td c>—<td>Begyndelsen.
<td>belg.<td c>—<td>belgisk.
<td>Bet.<td c>—<td>Betydning.
<td>bib.<td c>—<td>bibelsk.
<td>Biogr.<td c>—<td>Biografi.
<td>biol.<td c>—<td>biologisk.
<td>bl.<td c>—<td>blandt.
<td>bl. a.<td c>—<td>blandt andet.
<td>bl. fl.<td c>—<td>blandt flere.
<td>bot.<td c>—<td>botanisk.
<td>Br.<td c>—<td>Brev.
<td>br.<td c>—<td>bred.
<td>bras.<td c>—<td>brasiliansk.
<td>bøhm.<td c>—<td>bøhmisk.
<td>C.<td c>—<td>Celsius.
<td>c.<td c>—<td>circa..
<td>cg<td c>—<td>Centigram.
<td>cl<td c>—<td>Centiliter.
<td>cm<td c>—<td>Centimeter.
<td>cm<sup>2</sup><td c>—<td>Kvadratcentimeter.
<td>cm<sup>3</sup><td c>—<td>Kubikcentimeter.
<td>d.<td c>—<td>død.
<td>da.<td c>—<td>dansk.
<td>dag<td c>—<td>Dekagram.
<td>dgl.<td c>—<td>daglig.
<td>dal<td c>—<td>Dekaliter.
<td>dam<td c>—<td>Dekameter.
<td>Dat.<td c>betyder<td>Dativ.
<td>d. e.<td c>—<td>det er.
<td>Dept<td c>—<td>Departement.
<td>desl.<td c>—<td>deslige.
<td>dg<td c>—<td>Decigram.
<td>Decbr<td c>—<td>December.
<td>dl<td c>—<td>Deciliter.
<td>dm<td c>—<td>Decimeter.
<td>dm<sup>2</sup><td c>—<td>Kvadratdecimeter.
<td>dm<sup>3</sup><td c>—<td>Kubikdecimeter.
<td>Dr.<td c>—<td>Doktor.
<td>dram.<td c>—<td>dramatisk.
<td>d. s. s.<td c>—<td>det samme som
<td>D. L.<td c>—<td>Danske Lov
<td>Doll.<td c>—<td>Dollars.
<td>d. v. s.<td c>—<td>det vil sige.
<td>d. y.<td c>—<td>den yngre.
<td>d. æ.<td c>—<td>den ældre.
<td>e. Kr.<td c>—<td>efter Christus.
<td>Eftm.<td c>—<td>Eftermiddag.
<td>egl.<td c>—<td>egentlig.
<td>ekskl.<td c>—<td>eksklusive.
<td>e. l.<td c>—<td>eller lignende.
<td>ell.<td c>—<td>eller.
<td>eng.<td c>—<td>engelsk.
<td>etc.<td c>—<td>et cetera.
<td>etn.<td c>—<td>etnologisk.
<td>etnogr.<td c>—<td>etnografisk.
<td>europ.<td c>—<td>europæisk.
<td>f.<td c>—<td>født.
<td>Fam.<td c>—<td>Familie.
<td>farm.<td c>—<td>farmakologisk.
<td>f. Kr.<td c>—<td>før Christus.
<td>Febr<td c>—<td>Februar.
<td>f. Eks.<td c>—<td>for Eksempel.
<td>fem.<td c>—<td>femininum.
<td>ff.<td c>—<td>og følgende (Sider, Paragraffer etc.).
<td>Fig.<td c>—<td>Figur.
<td>filos.<td c>—<td>filosofisk.
<td>fl.<td c>—<td>flere.
<td>flg.<td c>—<td>følgende.
<td>fl. St.<td c>—<td>flere Steder.
<td>folkl.<td c>—<td>folkloristisk.
<td>folkr.<td c>—<td>folkeretlig.
<td>foreg.<td c>—<td>foregaaende.
<td>Forf.<td c>—<td>Forfatter.
<td>fork.<td c>—<td>forkortet
<td>Form.<td c>—<td>Formiddag
<td>forsk.<td c>—<td>forskellig.
<td>forst.<td c>—<td>forstørret.
<td>fot.<td c>—<td>fotografisk.
<td>fr.<td c>—<td>fransk.
<td>frc.<td c>—<td>francs.
<td>Frd.<td c>betyder<td>Forordning.
<td>f. T.<td c>—<td>for Tiden.
<td>Ft.<td c>—<td>Flertal.
<td>fys.<td c>—<td>fysisk.
<td>fysiol.<td c>—<td>fysiologisk.
<td>Gen.<td c>—<td>Genetiv.
<td>geogr.<td c>—<td>geografisk.
<td>geol.<td c>—<td>geologisk.
<td>geom.<td c>—<td>geometrisk.
<td>gl<td c>—<td>gammel.
<td>gr.<td c>—<td>græsk.
<td>Gramm.<td c>—<td>Grammatik.
<td>gramm.<td c>—<td>grammatikalsk.
<td>g<td c>—<td>Gram.
<td>Grl.<td c>—<td>Grundlov.
<td>Grw.<td c>—<td>Greenwich.
<td>Guv.<td c>—<td>Guvernement.
<td>Gymn.<td c>—<td>Gymnastik.
<td>ha<td c>—<td>Hektar.
<td>hebr.<td c>—<td>hebræisk.
<td>henh.<td c>—<td>henholdsvis.
<td>her.<td c>—<td>heraldisk.
<td>hg<td c>—<td>Hektogram.
<td>hist.<td c>—<td>historisk.
<td>H. K.<td c>—<td>Hestes Kraft.
<td>hl<td c>—<td>Hektoliter.
<td>hm<td c>—<td>Hektometer
<td>holl.<td c>—<td>hollandsk.
<td>hydr.<td c>—<td>hydrografisk.
<td>hyg.<td c>—<td>hygiejnisk.
<td>ibd.<td c>—<td>ibidem (lat.) ɔ: paa samme Sted.
<td>ind.<td c>—<td>indisk.
<td>Indb.<td c>—<td>Indbyggere.
<td>inkl.<td c>—<td>inklusive.
<td>irl.<td c>—<td>irlandsk.
<td>isl.<td c>—<td>islandsk.
<td>i St. f.<td c>—<td>i Stedet for
<td>ital.<td c>—<td>italiensk.
<td>Jan.<td c>—<td>Januar.
<td>jap.<td c>—<td>Japanesisk.
<td>jur.<td c>—<td>juridisk.
<td>jfr<td c>—<td>jævnfør.
<td>Kap.<td c>—<td>Kapitel.
<td>kat.<td c>—<td>katolsk.
<td>Kbhvn<td c>—<td>Kjøbenhavn.
<td>kem.<td c>—<td>kemisk.
<td>kin.<td c>—<td>kinesisk.
<td>kir.<td c>—<td>kirurgisk.
<td>kg<td c>—<td>Kilogram.
<td>km<td c>—<td>Kilometer.
<td>km<sup>2</sup><td c>—<td>Kvadratkilometer.
<td>kgl.<td c>—<td>kongelig.
<td>Kr.<td c>—<td>Kroner.
</table>
<table>
<td>Kria<td c>betyder<td>Kristiania.
<td>Kundg.<td c>—<td>Kundgørelse.
<td>kur.<td c>—<td>kurant.
<td>L.<td c>—<td>Lov.
<td>l<td c>—<td>Liter.
<td>lat.<td c>—<td>latinsk.
<td>lgn.<td c>—<td>lignende.
<td>Litt.<td c>—<td>Litteratur.
<td>log.<td c>—<td>logisk.
<td>L. St.<td c>—<td>Pund Sterling.
<td>luth.<td c>—<td>lutheransk.
<td>m<td c>—<td>Meter.
<td>m. a. O.<td c>—<td>med andre Ord
<td>m<sup>2</sup><td c>—<td>Kvadratmeter.
<td>m<sup>3</sup><td c>—<td>Kubikmeter.
<td>magy.<td c>—<td>magyarisk.
<td>mask.<td c>—<td>maskulinum.
<td>mat.<td c>—<td>matematisk.
<td>med.<td c>—<td>medicinsk.
<td>mek.<td c>—<td>mekanisk.
<td>meteor.<td c>—<td>meteorologisk.
<td>m. fl.<td c>—<td>med flere.
<td>m. fl. St.<td c>—<td>med flere Steder.
<td>mg<td c>—<td>Milligram.
<td>m. H. t.<td c>—<td>med Hensyn til
<td>Mill.<td c>—<td>Million.
<td>mm<td c>—<td>Millimeter.
<td>mm<sup>2</sup><td c>—<td>Kvadratmillimeter.
<td>mm<sup>3</sup><td c>—<td>Kubikmillimeter.
<td>milit.<td c>—<td>militær.
<td>Min.<td c>—<td>Minut.
<td>miner.<td c>—<td>mineralogisk.
<td>m. m.<td c>—<td>med mere.
<td>mrm<td c>—<td>Metermil.
<td>mus.<td c>—<td>musikalsk.
<td>m. v.<td c>—<td>med videre.
<td>mytol.<td c>—<td>mytologisk.
<td>N.<td c>—<td>Nord.
<td>N. Br.<td c>—<td>nordlig Bredde.
<td>Ndf.<td c>—<td>nedenfor.
<td>Nedenn.<td c>—<td>nedennævnte.
<td>neutr.<td c>—<td>neutrum.
<td>N. f.<td c>—<td>Nord for.
<td>N. L.<td c>—<td>Norske Lov.
<td>no.<td c>—<td>norsk.
<td>nord.<td c>—<td>nordisk.
<td>Novbr<td c>—<td>November.
<td>nuv.<td c>—<td>nuværende.
<td>O.<td c>—<td>Ord.
<td>o. a.<td c>—<td>og andre.
<td>o. a. St.<td c>—<td>og andre Steder.
<td>o. desl.<td c>—<td>og deslige.
<td>o. f.<td c>—<td>og følgende.
<td>o. fl.<td c>—<td>og flere.
<td>o. fl. l.<td c>—<td>og flere lignende.
<td>o. H.<td c>betyder<td>over Havet.
<td>Oktbr<td c>—<td>Oktober.
<td>o. l.<td c>—<td>og lignende.
<td>o. m.<td c>—<td>og mere.
<td>o. m. a.<td c>—<td>og mange andre.
<td>omarb.<td c>—<td>omarbejdet.
<td>omkr.<td c>—<td>omkring.
<td>omtr.<td c>—<td>omtrent.
<td>Opl.<td c>—<td>Oplag.
<td>opr.<td c>—<td>oprindelig.
<td>o. s. fr.<td c>—<td>og saa fremdeles.
<td>o. s. v.<td c>—<td>og saa videre.
<td>ovf.<td c>—<td>ovenfor.
<td>ovenn.<td c>—<td>ovennævnte
<td>overf.<td c>—<td>overført.
<td>overs.<td c>—<td>oversat.
<td>p. a.<td c>—<td>pro anno.
<td>patol.<td c>—<td>patologisk.
<td>%<td c>—<td>pro Cent.
<td>Pd<td c>—<td>Pund.
<td>pers.<td c>—<td>persisk.
<td>p. Gr. a.<td c>—<td>paa Grund af
<td>Plur.<td c>—<td>Pluralis (Flertal).
<td>pol.<td c>—<td>polsk.
<td>‰<td c>—<td>pro Mille.
<td>portug.<td c>—<td>portugisisk.
<td>Prof.<td c>—<td>Professor.
<td>Prov.<td c>—<td>Provins.
<td>psyk.<td c>—<td>psykologisk.
<td>pæd.<td c>—<td>pædagogisk.
<td>R.<td c>—<td>Reaumur.
<td>Rdl.<td c>—<td>Rigsdaler.
<td>Reg. T.<td c>—<td>Register—Ton.
<td>Reskr.<td c>—<td>Reskript.
<td>Resol.<td c>—<td>Resolution.
<td>resp.<td c>—<td>respektive.
<td>ret.<td c>—<td>retorisk.
<td>retsv.<td c>—<td>retsvidenskabelig.
<td>Rk.<td c>—<td>Række.
<td>Rm.<td c>—<td>Reichsmark.
<td>rom.<td c>—<td>romersk.
<td>rum.<td c>—<td>rumænsk.
<td>russ.<td c>—<td>russisk.
<td>S.<td c>—<td>Syd.
<td>s. A.<td c>—<td>samme Aar.
<td>s. Br.<td c>—<td>sydlig Bredde.
<td>s. d.<td c>—<td>se denne (dette).
<td>s. D.<td c>—<td>samme Dag.
<td>Sek.<td c>—<td>Sekund(er).
<td>Septbr<td c>—<td>September.
<td>serb.<td c>—<td>serbisk.
<td>S. f.<td c>betyder<td>Syd for.
<td>sh.<td c>—<td>shillings.
<td>Sing.<td c>—<td>Singularis (Enkelttal).
<td>sko.<td c>—<td>skotsk.
<td>Skr.<td c>—<td>Skrift, Skrivelse.
<td>Skr<td c>—<td>Skrifter.
<td>Skrt<td c>—<td>sandskrit.
<td>Skt<td c>—<td>Sankt.
<td>slav.<td c>—<td>slavisk.
<td>Slutn.<td c>—<td>Slutning.
<td>Sm.<td c>—<td>Sømil.
<td>smlg.<td c>—<td>sammenlign.
<td>smst.<td c>—<td>sammesteds.
<td>sp.<td c>—<td>spansk.
<td>spc.<td c>—<td>specielt.
<td>sprogv.<td c>—<td>sprogvidenskabelig.
<td>St<td c>—<td>Saint.
<td>St.<td c>—<td>Sted, Steder.
<td>stat.<td c>—<td>statistisk.
<td>statsv.<td c>—<td>statsvidenskabelig.
<td>Sthlm<td c>—<td>Stockholm.
<td>Stk.<td c>—<td>Stykke.
<td>Strfr.<td c>—<td>Strafret.
<td>Subst.<td c>—<td>Substantiv.
<td>Suppl.<td c>—<td>Supplement.
<td>sv.<td c>—<td>svensk.
<td>syr.<td c>—<td>syrisk.
<td>Søv.<td c>—<td>Søvæsen.
<td>t<td c>—<td>Tons.
<td>Td.<td c>—<td>Tønde.
<td>Tdr<td c>—<td>Tønder.
<td>T. Dr.<td c>—<td>Tons Drægtighed.
<td>tekn.<td c>—<td>teknisk.
<td>Temp.<td c>—<td>Temperatur.
<td>Tidsskr.<td c>—<td>Tidsskrift.
<td>tr.<td c>—<td>trykt.
<td>tsch.<td c>—<td>tschechisk.
<td>tyrk.<td c>—<td>tyrkisk.
<td>udg.<td c>—<td>udgivet.
<td>undt.<td c>—<td>undtagen.
<td>ung.<td c>—<td>ungarsk.
<td>Univ.<td c>—<td>Universitet.
<td>V.<td c>—<td>Vest.
<td>vedk.<td c>—<td>vedkommende.
<td>V. f.<td c>—<td>Vest for.
<td>v. L.<td c>—<td>vestlig Længde.
<td>zool.<td c>—<td>zoologisk.
<td>ægypt.<td c>—<td>ægyptisk.
<td>Ø.<td c>—<td>Øst.
<td>Ø. f.<td c>—<td>Øst for.
<td>ø. L.<td c>—<td>østlig Længde.
<td>Ø.<td c>—<td>Øre.
<td>♂<td c>—<td>Han.
<td>♀<td c>—<td>Hun.
</table>
</chapter>
<chapter name="Forkortelser">
FORKORTELSER.
<table>
<td>a<td c>betyder<td>Ar (Flademaal)
<td>Aarg<td c>—<td>Aargang
<td>Aarh.<td c>—<td>Aarhundrede
<td>Adj.<td c>—<td>Adjektiv
<td>admin.<td c>—<td>administrativt
<td>Adv.<td c>—<td>Adverbium
<td>Afb.<td c>—<td>Afbildning
<td>Afh.<td c>—<td>Afhandling
<td>Akk.<td c>—<td>Akkussativ
<td>Alm., alm.<td c>—<td>Almindelighed, almindelig
<td>amer.<td c>—<td>amerikansk
<td>anat.<td c>—<td>anatomisk
<td>ang.<td c>—<td>angaaende
<td>anon.<td c>—<td>anonymt
<td>Anrd.<td c>—<td>Anordning
<td>Apr.<td c>—<td>April
<td>arab.<td c>—<td>arabisk
<td>aritm.<td c>—<td>aritmetisk
<td>arkæol.<td c>—<td>arkæologisk
<td>Art.<td c>—<td>Artikel
<td>astron.<td c>—<td>astronomisk
<td>Atm.<td c>—<td>Atmosfære
<td>Aug.<td c>—<td>August
<td>bab.<td c>—<td>babylonisk
<td>Bd<td c>—<td>Bind
<td>bearb.<td c>—<td>bearbejdet
<td>Beg.<td c>—<td>Begyndelsen
<td>belg.<td c>—<td>belgisk
<td>Bet.<td c>—<td>Betydning
<td>bib.<td c>—<td>bibelsk
<td>Biogr.<td c>—<td>Biografi
<td>biol.<td c>—<td>biologisk
<td>bl.<td c>—<td>blandt
<td>bl. a.<td c>—<td>blandt andet
<td>bl. fl.<td c>—<td>blandt flere
<td>bot.<td c>—<td>botanisk
<td>Br.<td c>—<td>Brev
<td>br.<td c>—<td>bred
<td>bras.<td c>—<td>brasiliansk
<td>bøhm.<td c>—<td>bøhmisk
<td>C.<td c>—<td>Celsius
<td>c.<td c>—<td>circa.
<td>cg<td c>—<td>Centigram
<td>cl<td c>—<td>Centiliter
<td>cm<td c>—<td>Centimeter
<td>cm<sup>2</sup><td c>—<td>Kvadratcentimeter
<td>cm<sup>3</sup><td c>—<td>Kubikcentimeter
<td>d.<td c>—<td>død
<td>da.<td c>—<td>dansk
<td>dag<td c>—<td>Dekagram
<td>dgl.<td c>—<td>daglig
<td>dal<td c>—<td>Dekaliter
<td>dam<td c>—<td>Dekameter
<td>Dat.<td c>—<td>Dativ
<td>d. e.<td c>betyder<td>det er
<td>Dept<td c>—<td>Departement
<td>desl.<td c>—<td>deslige
<td>dg<td c>—<td>Decigram
<td>Decbr<td c>—<td>December
<td>dl .<td c>—<td>Deciliter
<td>dm<td c>—<td>Decimeter
<td>dm<sub>2</sub><td c>—<td>Kvadratdecimeter
<td>dm<sup>3</sup><td c>—<td>Kubikdecimeter
<td>Dr.<td c>—<td>Doktor
<td>dram.<td c>—<td>dramatisk
<td>d. s. s.<td c>—<td>det samme som
<td>D. L.<td c>—<td>Danske Lov
<td>Doll.<td c>—<td>Dollars
<td>d. v. s.<td c>—<td>det vil sige
<td>d. y.<td c>—<td>den yngre
<td>d. æ.<td c>—<td>den ældre
<td>e. Kr.<td c>—<td>efter Kristus
<td>Eftm.<td c>—<td>Eftermiddag
<td>egl.<td c>—<td>egentlig
<td>ekskl.<td c>—<td>eksklusive
<td>e. l.<td c>—<td>eller lignende
<td>ell.<td c>—<td>eller
<td>eng.<td c>—<td>engelsk
<td>etc.<td c>—<td>et cetera
<td>etn.<td c>—<td>etnologisk
<td>europ.<td c>—<td>europæisk
<td>f.<td c>—<td>født
<td>Fam.<td c>—<td>Familie
<td>farm.<td c>—<td>farmakologisk
<td>f. Kr.<td c>—<td>før Kristus
<td>Febr<td c>—<td>Februar
<td>f. Eks.<td c>—<td>for Eksempel
<td>fem.<td c>—<td>femininum
<td>ff.<td c>—<td>og følgende (Sider, Paragraffer etc.)
<td>Fig.<td c>—<td>Figur
<td>filos.<td c>—<td>filosofisk
<td>fl.<td c>—<td>flere
<td>flg.<td c>—<td>følgende
<td>fl. St.<td c>—<td>flere Steder
<td>folkl.<td c>—<td>folkloristisk
<td>folkr.<td c>—<td>folkeretlig
<td>foreg.<td c>—<td>foregaaende
<td>Forf.<td c>—<td>Forfatter
<td>fork.<td c>—<td>forkortet
<td>Form.<td c>—<td>Formiddag
<td>forsk.<td c>—<td>forskellig
<td>forst.<td c>—<td>forstørret
<td>fot.<td c>—<td>fotografisk
<td>fr.<td c>—<td>fransk
<td>frc.<td c>—<td>francs
<td>Frd.<td c>—<td>Forordning
<td>f. T.<td c>—<td>for Tiden
<td>Ft.<td c>betyder<td>Flertal
<td>fys.<td c>—<td>fysisk
<td>fysiol.<td c>—<td>fysiologisk
<td>Gen.<td c>—<td>Genetiv
<td>geogr.<td c>—<td>geografisk
<td>geol.<td c>—<td>geologisk
<td>geom.<td c>—<td>geometrisk
<td>gl<td c>—<td>gammel
<td>gr.<td c>—<td>græsk
<td>Gramm.<td c>—<td>Grammatik
<td>gramm.<td c>—<td>grammatikalsk
<td>g<td c>—<td>Gram
<td>Grl.<td c>—<td>Grundlov
<td>Grw.<td c>—<td>Greenwich
<td>Guv.<td c>—<td>Guvernement
<td>Gymn.<td c>—<td>Gymnastik
<td>ha<td c>—<td>Hektar
<td>hebr.<td c>—<td>hebraisk
<td>henh.<td c>—<td>henholdsvis
<td>her.<td c>—<td>heraldisk
<td>hg<td c>—<td>Hektogram
<td>hist.<td c>—<td>historisk
<td>H. K.<td c>—<td>Hestes Kraft
<td>hl<td c>—<td>Hektoliter
<td>hm<td c>—<td>Hektometer
<td>holl.<td c>—<td>hollandsk
<td>hydr.<td c>—<td>hydrografisk
<td>hyg.<td c>—<td>hygiejnisk
<td>ibd.<td c>—<td>ibidem (lat.) ɔ: paa samme Sted
<td>iflg.<td c>—<td>ifølge
<td>i H. t.<td c>—<td>i Henhold til
<td>ind.<td c>—<td>indisk
<td>Indb.<td c>—<td>Indbyggere
<td>inkl.<td c>—<td>inklusive
<td>irl.<td c>—<td>irlandsk
<td>isl.<td c>—<td>islandsk
<td>i St. f.<td c>—<td>i Stedet for
<td>ital.<td c>—<td>italiensk
<td>Jan.<td c>—<td>Januar
<td>jap.<td c>—<td>japanesisk
<td>jur.<td c>—<td>juridisk
<td>jfr<td c>—<td>jævnfør
<td>Kap.<td c>—<td>Kapitel
<td>kat.<td c>—<td>katolsk
<td>Kbhvn<td c>—<td>Kjøbenhavn
<td>kem.<td c>—<td>kemisk
<td>kin.<td c>—<td>kinesisk
<td>kir.<td c>—<td>kirurgisk
<td>kg<td c>—<td>Kilogram
<td>km<td c>—<td>Kilometer
<td>km<sup>2</sup><td c>—<td>Kvadratkilometer
<td>kgl.<td c>—<td>kongelig
<td>Kr.<td c>—<td>Kroner
<td>Kria<td c>—<td>Kristiania
<td>Kundg.<td c>—<td>Kundgørelse
</table>
<table>
<td>kur.<td c>betyder<td>kurant
<td>L.<td c>—<td>Lov
<td>l<td c>—<td>Liter
<td>lat.<td c>—<td>latinsk
<td>lgn.<td c>—<td>lignende
<td>Litt.<td c>—<td>Litteratur
<td>log.<td c>—<td>logisk
<td>L. St.<td c>—<td>Pund Sterling
<td>luth.<td c>—<td>lutheransk
<td>m<td c>—<td>Meter
<td>m. a. O.<td c>—<td>med andre Ord
<td>m<sup>2</sup><td c>—<td>Kvadratmeter
<td>m<sup>3</sup><td c>—<td>Kubikmeter
<td>magy.<td c>—<td>magyarisk
<td>mask.<td c>—<td>maskulinum
<td>mat.<td c>—<td>matematisk
<td>med.<td c>—<td>medicinsk
<td>mek.<td c>—<td>mekanisk
<td>meteor.<td c>—<td>meteorologisk
<td>m. fl.<td c>—<td>med flere
<td>m. fl. St.<td c>—<td>med flere Steder
<td>mg<td c>—<td>Milligram
<td>m. H. t.<td c>—<td>med Hensyn til
<td>Mill.<td c>—<td>Million
<td>mm<td c>—<td>Millimeter
<td>mm<sup>2</sup><td c>—<td>Kvadratmillimeter
<td>mm<sup>3</sup><td c>—<td>Kubikmillimeter
<td>milit.<td c>—<td>militær
<td>Min.<td c>—<td>Minut
<td>miner.<td c>—<td>mineralogisk
<td>m. m.<td c>—<td>med mere
<td>mrm<td c>—<td>Metermil
<td>mus.<td c>—<td>musikalsk
<td>m. v.<td c>—<td>med videre
<td>mytol.<td c>—<td>mytologisk
<td>N.<td c>—<td>Nord
<td>n. Br.<td c>—<td>nordlig Bredde
<td>ndf.<td c>—<td>nedenfor
<td>nedenn.<td c>—<td>nedennævnte
<td>neutr.<td c>—<td>neutrum
<td>N. f.<td c>—<td>Nord for
<td>N. L.<td c>—<td>Norske Lov
<td>no.<td c>—<td>norsk
<td>nord.<td c>—<td>nordisk
<td>Novbr<td c>—<td>November
<td>nuv.<td c>—<td>nuværende
<td>O.<td c>—<td>Ord
<td>o. a.<td c>—<td>og andre
<td>o. a. St.<td c>—<td>og andre Steder
<td>o. desl.<td c>—<td>og deslige
<td>o. f.<td c>—<td>og følgende
<td>o. fl.<td c>—<td>og flere
<td>o. fl. l.<td c>—<td>og flere lignende
<td>o. H.<td c>betyder<td>over Havet
<td>Oktbr<td c>—<td>Oktober
<td>o. l.<td c>—<td>og lignende
<td>o. m.<td c>—<td>og mere
<td>o. m. a.<td c>—<td>og mange andre
<td>omarb.<td c>—<td>omarbejdet
<td>omkr.<td c>—<td>omkring
<td>omtr.<td c>—<td>omtrent
<td>Opl.<td c>—<td>Oplag
<td>opr.<td c>—<td>oprindelig
<td>o. s. fr.<td c>—<td>og saa fremdeles
<td>o. s. v.<td c>—<td>og saa videre
<td>ovf.<td c>—<td>ovenfor
<td>ovenn.<td c>—<td>ovennævnte
<td>overf.<td c>—<td>overført
<td>overs.<td c>—<td>oversat
<td>p. a.<td c>—<td>pro anno
<td>patol.<td c>—<td>patologisk
<td>%<td c>—<td>pro Cent
<td>Pd<td c>—<td>Pund
<td>pers.<td c>—<td>persisk
<td>p. Gr. a.<td c>—<td>paa Grund af
<td>Plur.<td c>—<td>Pluralis (Flertal)
<td>pol.<td c>—<td>polsk
<td>‰<td c>—<td>pro Mille
<td>portug.<td c>—<td>portugisisk
<td>preuss.<td c>—<td>preussisk
<td>Prof.<td c>—<td>Professor
<td>Prov.<td c>—<td>Provins
<td>psyk.<td c>—<td>psykologisk
<td>pæd.<td c>—<td>pædagogisk
<td>R.<td c>—<td>Reamur
<td>Rdl.<td c>—<td>Rigsdaler
<td>Reg. T.<td c>—<td>Register—Ton
<td>Reskr.<td c>—<td>Reskript
<td>Resol.<td c>—<td>Resolution
<td>resp.<td c>—<td>respektive
<td>ret.<td c>—<td>retorisk
<td>retsv.<td c>—<td>retsvidenskabelig
<td>Rk.<td c>—<td>Række
<td>Rm.<td c>—<td>Reichsmark
<td>rom.<td c>—<td>romersk
<td>rum.<td c>—<td>rumænsk
<td>russ.<td c>—<td>russisk
<td>S.<td c>—<td>Syd
<td>s. A.<td c>—<td>samme Aar
<td>s. Br.<td c>—<td>sydlig Bredde
<td>s. d.<td c>—<td>se denne (dette)
<td>s. D.<td c>—<td>samme Dag
<td>Sek.<td c>—<td>Sekund(er)
<td>Septbr<td c>—<td>September
<td>serb.<td c>—<td>serbisk
<td>S. f.<td c>—<td>Syd for
<td>sh.<td c>—<td>shillings
<td>Sing.<td c>betyder<td>Singularis (Enkelttal)
<td>sko.<td c>—<td>skotsk
<td>Skr.<td c>—<td>Skrift, Skrivelse
<td>Skr<td c>—<td>Skrifter
<td>skrt.<td c>—<td>sandskrit
<td>Skt<td c>—<td>Sankt
<td>slav.<td c>—<td>slavisk
<td>Slutn.<td c>—<td>Slutning
<td>Sm.<td c>—<td>Sømil
<td>smlg.<td c>—<td>sammenlign
<td>smst.<td c>—<td>sammesteds
<td>S. N.<td c>—<td>samme Navn
<td>sp.<td c>—<td>spansk
<td>spc.<td c>—<td>specielt
<td>sprogv.<td c>—<td>sprogvidenskabelig
<td>St<td c>—<td>Saint
<td>St.<td c>—<td>Sted, Steder
<td>stat.<td c>—<td>statistisk
<td>statsv.<td c>—<td>statsvidenskabelig
<td>Sthlm<td c>—<td>Stockholm
<td>Stk.<td c>—<td>Stykke
<td>Strfr.<td c>—<td>Strafret
<td>Subst.<td c>—<td>Substantiv
<td>Suppl.<td c>—<td>Supplement
<td>sv.<td c>—<td>svensk
<td>syr.<td c>—<td>syrisk
<td>Søv.<td c>—<td>Søvæsen
<td>t<td c>—<td>Tons
<td>Td.<td c>—<td>Tønde
<td>Tdr<td c>—<td>Tønder
<td>T. Dr.<td c>—<td>Tons Drægtighed
<td>tekn.<td c>—<td>teknisk
<td>Temp.<td c>—<td>Temperatur
<td>Tidsskr.<td c>—<td>Tidsskrift
<td>tr.<td c>—<td>trykt
<td>tschk.<td c>—<td>tschekkisk
<td>tyrk.<td c>—<td>tyrkisk
<td>udg.<td c>—<td>udgivet
<td>undt.<td c>—<td>undtagen
<td>ung.<td c>—<td>ungarsk
<td>Univ.<td c>—<td>Universitet
<td>V.<td c>—<td>Vest
<td>vedk<td c>—<td>vedkommende
<td>V. f.<td c>—<td>Vest for
<td>v. L.<td c>—<td>vestlig Længde
<td>zool.<td c>—<td>zoologisk
<td>ægypt.<td c>—<td>ægyptisk
<td>Ø.<td c>—<td>Øst
<td>Ø. f.<td c>—<td>øst for
<td>ø. L.<td c>—<td>østlig Længde
<td>Ø.<td c>—<td>Øre
<td>♂<td c>—<td>Han
<td>♀<td c>—<td>Hun
</table>
</chapter>
<chapter name="Forkortelser">
<sp>FORKORTELSER</sp>.
<table>
<td>a<td c>betyder<td>Ar (Flademaal)
<td>Aarg<td c>—<td>Aargang
<td>Aarh.<td c>—<td>Aarhundrede
<td>Adj.<td c>—<td>Adjektiv
<td>admin.<td c>—<td>administrativt
<td>Adv.<td c>—<td>Adverbium
<td>Afb.<td c>—<td>Afbildning
<td>Afh.<td c>—<td>Afhandling
<td>Akk.<td c>—<td>Akkussativ
<td>Alm., alm.<td c>—<td>Almindelighed, almindelig
<td>amer.<td c>—<td>amerikansk
<td>anat.<td c>—<td>anatomisk
<td>ang.<td c>—<td>angaaende
<td>anon.<td c>—<td>anonymt
<td>Anrd.<td c>—<td>Anordning
<td>Apr.<td c>—<td>April
<td>arab.<td c>—<td>arabisk
<td>aritm.<td c>—<td>aritmetisk
<td>arkæol.<td c>—<td>arkæologisk
<td>Art.<td c>—<td>Artikel
<td>ass.<td c>—<td>assyrisk
<td>astron.<td c>—<td>astronomisk
<td>Atm.<td c>—<td>Atmosfære
<td>Aug.<td c>—<td>August
<td>bab.<td c>—<td>babylonisk
<td>Bd<td c>—<td>Bind
<td>bearb.<td c>—<td>bearbejdet
<td>Beg.<td c>—<td>Begyndelsen
<td>belg.<td c>—<td>belgisk
<td>Bet.<td c>—<td>Betydning
<td>bib.<td c>—<td>bibelsk
<td>Biogr.<td c>—<td>Biografi
<td>biol.<td c>—<td>biologisk
<td>bl.<td c>—<td>blandt
<td>bl. a.<td c>—<td>blandt andet
<td>bl. fl.<td c>—<td>blandt flere
<td>bot.<td c>—<td>botanisk
<td>Br.<td c>—<td>Brev
<td>br.<td c>—<td>bred
<td>bras.<td c>—<td>brasiliansk
<td>bøhm.<td c>—<td>bøhmisk
<td>C.<td c>—<td>Celsius
<td>c.<td c>—<td>circa.
<td>cg<td c>—<td>Centigram
<td>cl<td c>—<td>Centiliter
<td>cm<td c>—<td>Centimeter
<td>cm<sup>2</sup><td c>—<td>Kvadratcentimeter
<td>cm<sup>3</sup><td c>—<td>Kubikcentimeter
<td>d.<td c>—<td>død
<td>da.<td c>—<td>dansk
<td>dag<td c>—<td>Dekagram
<td>dgl.<td c>—<td>daglig
<td>dal<td c>—<td>Dekaliter
<td>dam<td c>—<td>Dekameter
<td>Dat.<td c>betyder<td>Dativ
<td>d. e.<td c>—<td>det er
<td>Dept<td c>—<td>Departement
<td>desl.<td c>—<td>deslige
<td>dg<td c>—<td>Decigram
<td>Decbr<td c>—<td>December
<td>dl<td c>—<td>Deciliter
<td>dm<td c>—<td>Decimeter
<td>dm<sub>2</sub><td c>—<td>Kvadratdecimeter
<td>dm<sup>3</sup><td c>—<td>Kubikdecimeter
<td>Dr.<td c>—<td>Doktor
<td>dram.<td c>—<td>dramatisk
<td>d. s. s.<td c>—<td>det samme som
<td>D. L.<td c>—<td>Danske Lov
<td>Doll.<td c>—<td>Dollars
<td>d. v. s.<td c>—<td>det vil sige
<td>d. y.<td c>—<td>den yngre
<td>d. æ.<td c>—<td>den ældre
<td>e. Kr.<td c>—<td>efter Kristus
<td>Eftm.<td c>—<td>Eftermiddag
<td>egl.<td c>—<td>egentlig
<td>ekskl.<td c>—<td>eksklusive
<td>e. l.<td c>—<td>eller lignende
<td>ell.<td c>—<td>eller
<td>eng.<td c>—<td>engelsk
<td>etc.<td c>—<td>et cetera
<td>etn.<td c>—<td>etnologisk
<td>europ.<td c>—<td>europæisk
<td>f.<td c>—<td>født
<td>Fam.<td c>—<td>Familie
<td>farm.<td c>—<td>farmakologisk
<td>f. Kr.<td c>—<td>før Kristus
<td>Febr<td c>—<td>Februar
<td>f. Eks.<td c>—<td>for Eksempel
<td>fem.<td c>—<td>femininum
<td>ff.<td c>—<td>og følgende (Sider, Paragraffer etc.)
<td>Fig.<td c>—<td>Figur
<td>filos.<td c>—<td>filosofisk
<td>fl.<td c>—<td>flere
<td>flg.<td c>—<td>følgende
<td>fl. St.<td c>—<td>flere Steder
<td>folkl.<td c>—<td>folkloristisk
<td>folkr.<td c>—<td>folkeretlig
<td>foreg.<td c>—<td>foregaaende
<td>Forf.<td c>—<td>Forfatter
<td>fork.<td c>—<td>forkortet
<td>Form.<td c>—<td>Formiddag
<td>forsk.<td c>—<td>forskellig
<td>forst.<td c>—<td>forstørret
<td>fot.<td c>—<td>fotografisk
<td>fr.<td c>—<td>fransk
<td>frc.<td c>—<td>francs
<td>Frd.<td c>—<td>Forordning
<td>f. T.<td c>betyder<td>for Tiden
<td>Ft.<td c>—<td>Flertal
<td>fys.<td c>—<td>fysisk
<td>fysiol.<td c>—<td>fysiologisk
<td>Gen.<td c>—<td>Genetiv
<td>geogr.<td c>—<td>geografisk
<td>geol.<td c>—<td>geologisk
<td>geom.<td c>—<td>geometrisk
<td>gl<td c>—<td>gammel
<td>gr.<td c>—<td>græsk
<td>Gramm.<td c>—<td>Grammatik
<td>gramm.<td c>—<td>grammatikalsk
<td>g<td c>—<td>Gram
<td>Grl.<td c>—<td>Grundlov
<td>Grw.<td c>—<td>Greenwich
<td>Guv.<td c>—<td>Guvernement
<td>Gymn.<td c>—<td>Gymnastik
<td>ha<td c>—<td>Hektar
<td>hebr.<td c>—<td>hebraisk
<td>henh.<td c>—<td>henholdsvis
<td>her.<td c>—<td>heraldisk
<td>hg<td c>—<td>Hektogram
<td>hist.<td c>—<td>historisk
<td>H. K.<td c>—<td>Hestes Kraft
<td>hl<td c>—<td>Hektoliter
<td>hm<td c>—<td>Hektometer
<td>holl.<td c>—<td>hollandsk
<td>hydr.<td c>—<td>hydrografisk
<td>hyg.<td c>—<td>hygiejnisk
<td>ibd.<td c>—<td>ibidem (lat.) ɔ:paa samme Sted
<td>iflg.<td c>—<td>ifølge
<td>i H. t.<td c>—<td>i Henhold til
<td>ind.<td c>—<td>indisk
<td>Indb.<td c>—<td>Indbyggere
<td>inkl.<td c>—<td>inklusive
<td>intern.<td c>—<td>international
<td>irl.<td c>—<td>irlandsk
<td>isl.<td c>—<td>islandsk
<td>i St. f.<td c>—<td>i Stedet for
<td>ital.<td c>—<td>italiensk
<td>Jan.<td c>—<td>Januar
<td>jap.<td c>—<td>japanesisk
<td>jur.<td c>—<td>juridisk
<td>jfr<td c>—<td>jævnfør
<td>Kap.<td c>—<td>Kapitel
<td>kat.<td c>—<td>katolsk
<td>Kbhvn<td c>—<td>Kjøbenhavn
<td>kem.<td c>—<td>kemisk
<td>kin.<td c>—<td>kinesisk
<td>kir.<td c>—<td>kirurgisk
<td>kg<td c>—<td>Kilogram
<td>km<td c>—<td>Kilometer
<td>km<sup>2</sup><td c>—<td>Kvadratkilometer
<td>kgl.<td c>—<td>kongelig
<td>Kr.<td c>—<td>Kroner
</table>
<table>
<td>Kria<td c>betyder<td>Kristiania
<td>Kundg.<td c>—<td>Kundgørelse
<td>kur.<td c>—<td>kurant
<td>L.<td c>—<td>Lov
<td>l<td c>—<td>Liter
<td>lat.<td c>—<td>latinsk
<td>lgn.<td c>—<td>lignende
<td>Litt.<td c>—<td>Litteratur
<td>log.<td c>—<td>logisk
<td>£<td c>—<td>Pund Sterling
<td>luth.<td c>—<td>lutheransk
<td>m<td c>—<td>Meter
<td>m. a. O.<td c>—<td>med andre Ord
<td>m<sup>2</sup><td c>—<td>Kvadratmeter
<td>m<sup>3</sup><td c>—<td>Kubikmeter
<td>magy.<td c>—<td>magyarisk
<td>mask.<td c>—<td>maskulinum
<td>mat.<td c>—<td>matematisk
<td>med.<td c>—<td>medicinsk
<td>mek.<td c>—<td>mekanisk
<td>meteor.<td c>—<td>meteorologisk
<td>m. fl.<td c>—<td>med flere
<td>m. fl. St.<td c>—<td>med flere Steder
<td>mg<td c>—<td>Milligram
<td>m. H. t.<td c>—<td>med Hensyn til
<td>Mill.<td c>—<td>Million
<td>mm<td c>—<td>Millimeter
<td>mm<sup>2</sup><td c>—<td>Kvadratmillimeter
<td>mm<sup>3</sup><td c>—<td>Kubikmillimeter
<td>milit.<td c>—<td>militær
<td>Min.<td c>—<td>Minut
<td>miner.<td c>—<td>mineralogisk
<td>m. m.<td c>—<td>med mere
<td>mrm<td c>—<td>Metermil
<td>mus.<td c>—<td>musikalsk
<td>Mus.<td c>—<td>Museet
<td>m. v.<td c>—<td>med videre
<td>mytol.<td c>—<td>mytologisk
<td>N.<td c>—<td>Nord
<td>n. Br.<td c>—<td>nordlig Bredde
<td>ndf.<td c>—<td>nedenfor
<td>nedenn.<td c>—<td>nedennævnte
<td>neutr.<td c>—<td>neutrum
<td>N. f.<td c>—<td>Nord for
<td>N. L.<td c>—<td>Norske Lov
<td>no.<td c>—<td>norsk
<td>nord.<td c>—<td>nordisk
<td>Novbr<td c>—<td>November
<td>nuv.<td c>—<td>nuværende
<td>O.<td c>—<td>Ord
<td>o. a.<td c>—<td>og andre
<td>o. a. St.<td c>—<td>og andre Steder
<td>o. desl.<td c>—<td>og deslige
<td>o. f.<td c>—<td>og følgende
<td>o. fl.<td c>—<td>og flere
<td>o. fl. l.<td c>—<td>og flere lignende
<td>o. H.<td c>betyder<td>over Havet
<td>Oktbr<td c>—<td>Oktober
<td>o. l.<td c>—<td>og lignende
<td>o. m.<td c>—<td>og mere
<td>o. m. a.<td c>—<td>og mange andre
<td>omarb.<td c>—<td>omarbejdet
<td>omkr.<td c>—<td>omkring
<td>omtr.<td c>—<td>omtrent
<td>Opl.<td c>—<td>Oplag
<td>opr.<td c>—<td>oprindelig
<td>o. s. fr.<td c>—<td>og saa fremdeles
<td>o. s. v.<td c>—<td>og saa videre
<td>ovf.<td c>—<td>ovenfor
<td>ovenn.<td c>—<td>ovennævnte
<td>overf.<td c>—<td>overført
<td>overs.<td c>—<td>oversat
<td>Overs.<td c>—<td>Oversættelse
<td>p. Gr. a.<td c>—<td>paa Grund af
<td>p. a.<td c>—<td>pro anno
<td>patol.<td c>—<td>patologisk
<td>%<td c>—<td>pro Cent
<td>Pd<td c>—<td>Pund
<td>pers.<td c>—<td>persisk
<td>Plur.<td c>—<td>Pluralis (Flertal)
<td>pol.<td c>—<td>polsk
<td>‰<td c>—<td>pro Mille
<td>portug.<td c>—<td>portugisisk
<td>preuss.<td c>—<td>preussisk
<td>Prof.<td c>—<td>Professor
<td>Prov.<td c>—<td>Provins
<td>psyk.<td c>—<td>psykologisk
<td>pæd.<td c>—<td>pædagogisk
<td>R.<td c>—<td>Reaumur
<td>Rdl.<td c>—<td>Rigsdaler
<td>Reg. T.<td c>—<td>Register—Ton
<td>Reskr.<td c>—<td>Reskript
<td>Resol.<td c>—<td>Resolution
<td>resp.<td c>—<td>respektive
<td>ret.<td c>—<td>retorisk
<td>retsv.<td c>—<td>retsvidenskabelig.
<td>R. af Dbg.<td c>—<td>Ridder af Dannebrog
<td>R. af Elef.<td c>—<td>Ridder af Elefanten
<td>Rk.<td c>—<td>Række
<td>Rm.<td c>—<td>Reichsmark
<td>rom.<td c>—<td>romersk
<td>rum.<td c>—<td>rumænsk
<td>russ.<td c>—<td>russisk
<td>S.<td c>—<td>Syd.
<td>s. A.<td c>—<td>samme Aar
<td>s. Br.<td c>—<td>sydlig Bredde
<td>s. d.<td c>—<td>se denne (dette)
<td>s. D.<td c>—<td>samme Dag
<td>Sek.<td c>—<td>Sekund(er)
<td>Septbr<td c>—<td>September
<td>serb.<td c>—<td>serbisk
<td>S. f.<td c>betyder<td>Syd for
<td>sh.<td c>—<td>shillings
<td>Sing.<td c>—<td>Singularis (Enkelttal)
<td>sko.<td c>—<td>skotsk
<td>Skr.<td c>—<td>Skrift, Skrivelse
<td>Skr<td c>—<td>Skrifter
<td>skrt.<td c>—<td>sanskrit
<td>Skt<td c>—<td>Sankt
<td>slav.<td c>—<td>slavisk
<td>Slutn.<td c>—<td>Slutning
<td>Sm.<td c>—<td>Sømil
<td>smlg.<td c>—<td>sammenlign
<td>smst.<td c>—<td>sammesteds
<td>s. N.<td c>—<td>samme Navn
<td>sp.<td c>—<td>spansk
<td>spc.<td c>—<td>specielt
<td>sprogv.<td c>—<td>sprogvidenskabelig
<td>St<td c>—<td>Saint
<td>St.<td c>—<td>Sted, Steder.
<td>stat.<td c>—<td>statistisk
<td>statsv.<td c>—<td>statsvidenskabelig
<td>Sthlm<td c>—<td>Stockholm
<td>Stk.<td c>—<td>Stykke
<td>Strfr.<td c>—<td>Strafret
<td>Subst.<td c>—<td>Substantiv
<td>Suppl.<td c>—<td>Supplement
<td>sv.<td c>—<td>svensk
<td>syr.<td c>—<td>syrisk
<td>Søv.<td c>—<td>Søvæsen
<td>t<td c>—<td>Tons
<td>Td.<td c>—<td>Tønde
<td>Tdr<td c>—<td>Tønder
<td>T. Dr.<td c>—<td>Tons Drægtighed
<td>tekn.<td c>—<td>teknisk
<td>Temp.<td c>—<td>Temperatur
<td>Tidsskr.<td c>—<td>Tidsskrift
<td>tr.<td c>—<td>trykt
<td>tschk.<td c>—<td>tschekkisk
<td>tyrk.<td c>—<td>tyrkisk
<td>udg.<td c>—<td>udgivet
<td>undt.<td c>—<td>undtagen
<td>ung.<td c>—<td>ungarsk
<td>Univ.<td c>—<td>Universitet
<td>V.<td c>—<td>Vest
<td>vedk.<td c>—<td>vedkommende
<td>V. f.<td c>—<td>Vest for
<td>v. L.<td c>—<td>vestlig Længde
<td>zool.<td c>—<td>zoologisk
<td>ægypt.<td c>—<td>ægyptisk
<td>østerr.<td c>—<td>østerrigsk
<td>Ø.<td c>—<td>Øst
<td>Ø. f.<td c>—<td>øst for
<td>ø. L.<td c>—<td>østlig Længde
<td>Ø.<td c>—<td>Øre
<td>♂<td c>—<td>Han
<td>♀<td c>—<td>Hun
</table>
</chapter>
<h1>FORKORTELSER</h1>.

<table>
<td>a<td c>betyder<td>Ar (Flademaal)
<td>Aarg<td c>—<td>Aargang
<td>Aarh.<td c>—<td>Aarhundrede
<td>Adj.<td c>—<td>Adjektiv
<td>admin.<td c>—<td>administrativt
<td>Adv.<td c>—<td>Adverbium
<td>Afb.<td c>—<td>Afbildning
<td>Afh.<td c>—<td>Afhandling
<td>Akk.<td c>—<td>Akkussativ
<td>Alm., alm.<td c>—<td>Almindelighed almindelig
<td>amer.<td c>—<td>amerikansk
<td>anat.<td c>—<td>anatomisk
<td>ang.<td c>—<td>angaaende
<td>anon.<td c>—<td>anonymt
<td>Anrd.<td c>—<td>Anordning
<td>Apr.<td c>—<td>April
<td>arab.<td c>—<td>arabisk
<td>aritm.<td c>—<td>aritmetisk
<td>arkæol.<td c>—<td>arkæologisk
<td>Arrond.<td c>—<td>Arrondissement
<td>Art.<td c>—<td>Artikel
<td>ass.<td c>—<td>assyrisk
<td>astron.<td c>—<td>astronomisk
<td>Atm.<td c>—<td>Atmosfære
<td>Aug.<td c>—<td>August
<td>bab.<td c>—<td>babylonisk
<td>Bd<td c>—<td>Bind
<td>bearb.<td c>—<td>bearbejdet
<td>Beg.<td c>—<td>Begyndelsen
<td>belg.<td c>—<td>belgisk
<td>Bet.<td c>—<td>Betydning
<td>bib.<td c>—<td>bibelsk
<td>Biogr.<td c>—<td>Biografi
<td>biol.<td c>—<td>biologisk
<td>bl.<td c>—<td>blandt
<td>bl. a.<td c>—<td>blandt andet
<td>bl. fl.<td c>—<td>blandt flere
<td>bot.<td c>—<td>botanisk
<td>Br.<td c>—<td>Brev
<td>br.<td c>—<td>bred
<td>bras.<td c>—<td>brasiliansk
<td>bøhm.<td c>—<td>bøhmisk
<td>C.<td c>—<td>Celsius
<td>c.<td c>—<td>circa.
<td>cg<td c>—<td>Centigram
<td>cl<td c>—<td>Centiliter
<td>cm<td c>—<td>Centimeter
<td>cm<sup>2</sup><td c>—<td>Kvadratcentimeter
<td>cm<sup>3</sup><td c>—<td>Kubikcentimeter
<td>d.<td c>—<td>død
<td>da.<td c>—<td>dansk
<td>dag<td c>—<td>Dekagram
<td>dgl.<td c>—<td>daglig
<td>dal<td c>—<td>Dekaliter
<td>dam<td c>—<td>Dekameter
<td>Dat.<td c>betyder<td>Dativ
<td>d. e.<td c>—<td>det er
<td>Dept<td c>—<td>Departement
<td>desl.<td c>—<td>deslige
<td>dg<td c>—<td>Decigram
<td>Decbr<td c>—<td>December
<td>dl<td c>—<td>Deciliter
<td>dm<td c>—<td>Decimeter
<td>dm<sup>2</sup><td c>—<td>Kvadratdecimeter
<td>dm<sup>3</sup><td c>—<td>Kubikdecimeter
<td>Dr.<td c>—<td>Doktor
<td>dram.<td c>—<td>dramatisk
<td>d. s. s.<td c>—<td>det samme som
<td>D. L.<td c>—<td>Danske Lov
<td>Doll.<td c>—<td>Dollars
<td>d. v. s.<td c>—<td>det vil sige
<td>d. y.<td c>—<td>den yngre
<td>d. æ.<td c>—<td>den ældre
<td>e. Kr.<td c>—<td>efter Kristus
<td>Eftm.<td c>—<td>Eftermiddag
<td>egl.<td c>—<td>egentlig
<td>ekskl.<td c>—<td>eksklusive
<td>e. l.<td c>—<td>eller lignende
<td>ell.<td c>—<td>eller
<td>eng.<td c>—<td>engelsk
<td>etc.<td c>—<td>et cetera
<td>etn.<td c>—<td>etnologisk
<td>etnogr.<td c>—<td>etnografisk
<td>europ.<td c>—<td>europæisk
<td>f.<td c>—<td>født
<td>Fam.<td c>—<td>Familie
<td>farm.<td c>—<td>farmakologisk
<td>f. Kr.<td c>—<td>før Kristus
<td>Febr<td c>—<td>Februar
<td>f. Eks.<td c>—<td>for Eksempel
<td>fem.<td c>—<td>femininum
<td>ff.<td c>—<td>og følgende (Sider, Paragraffer etc.)
<td>fhv.<td c>—<td>forhenværende
<td>Fig.<td c>—<td>Figur
<td>filos.<td c>—<td>filosofisk
<td>fl.<td c>—<td>flere
<td>flg.<td c>—<td>følgende
<td>fl. St.<td c>—<td>flere Steder
<td>folkl.<td c>—<td>folkloristisk
<td>folkr.<td c>—<td>folkeretlig
<td>foreg.<td c>—<td>foregaaende
<td>Forf.<td c>—<td>Forfatter
<td>fork.<td c>—<td>forkortet
<td>Form.<td c>—<td>Formiddag
<td>forsk.<td c>—<td>forskellig
<td>forst.<td c>—<td>forstørret
<td>fot.<td c>—<td>fotografisk
<td>fr.<td c>—<td>fransk
<td>frc.<td c>—<td>francs
<td>Frd.<td c>betyder<td>Forordning
<td>f. T.<td c>—<td>for Tiden
<td>Ft.<td c>—<td>Flertal
<td>fys.<td c>—<td>fysisk
<td>fysiol.<td c>—<td>fysiologisk
<td>Gen.<td c>—<td>Genetiv
<td>geogr.<td c>—<td>geografisk
<td>geol.<td c>—<td>geologisk
<td>geom.<td c>—<td>geometrisk
<td>gl<td c>—<td>gammel
<td>gr.<td c>—<td>græsk
<td>Gramm.<td c>—<td>Grammatik
<td>gramm.<td c>—<td>grammatikalsk
<td>g<td c>—<td>Gram
<td>Grl.<td c>—<td>Grundlov
<td>Grw.<td c>—<td>Greenwich
<td>Guv.<td c>—<td>Guvernement
<td>Gymn.<td c>—<td>Gymnastik
<td>ha<td c>—<td>Hektar
<td>hebr.<td c>—<td>hebraisk
<td>henh.<td c>—<td>henholdsvis
<td>her.<td c>—<td>heraldisk
<td>hg<td c>—<td>Hektogram
<td>hist.<td c>—<td>historisk
<td>H. K.<td c>—<td>Hestes Kraft
<td>hl<td c>—<td>Hektoliter
<td>hm<td c>—<td>Hektometer
<td>holl.<td c>—<td>hollandsk
<td>hydr.<td c>—<td>hydrografisk
<td>hyg.<td c>—<td>hygiejnisk
<td>ibd.<td c>—<td>ibidem (lat.) ɔ: paa samme Sted
<td>iflg.<td c>—<td>ifølge
<td>i H. t.<td c>—<td>i Henhold til
<td>ind.<td c>—<td>indisk
<td>Indb.<td c>—<td>Indbyggere
<td>inkl.<td c>—<td>inklusive
<td>intern.<td c>—<td>international
<td>irl.<td c>—<td>irlandsk
<td>isl.<td c>—<td>islandsk
<td>i St. f.<td c>—<td>i Stedet for
<td>ital.<td c>—<td>italiensk
<td>Jan.<td c>—<td>Januar
<td>jap.<td c>—<td>Japanesisk
<td>jur.<td c>—<td>juridisk
<td>jfr<td c>—<td>jævnfør
<td>Kap.<td c>—<td>Kapitel
<td>kat.<td c>—<td>katolsk
<td>Kbhvn<td c>—<td>Kjøbenhavn
<td>kem.<td c>—<td>kemisk
<td>kin.<td c>—<td>kinesisk
<td>kir.<td c>—<td>kirurgisk
<td>kg<td c>—<td>Kilogram
<td>km<td c>—<td>Kilometer
<td>km<sup>2</sup><td c>—<td>Kvadratkilometer
<td>kgl.<td c>—<td>kongelig
<td>Kr.<td c>—<td>Kroner
</table>
<table>
<td>Kria<td c>betyder<td>Kristiania
<td>Kundg.<td c>—<td>Kundgørelse
<td>kur.<td c>—<td>kurant
<td>L.<td c>—<td>Lov
<td>l<td c>—<td>Liter
<td>lat.<td c>—<td>latinsk
<td>lgn.<td c>—<td>lignende
<td>Litt.<td c>—<td>Litteratur
<td>log.<td c>—<td>logisk
<td>£<td c>—<td>Pund Sterling
<td>luth.<td c>—<td>lutheransk
<td>m<td c>—<td>Meter
<td>m. a. O.<td c>—<td>med andre Ord
<td>m<sup>2</sup><td c>—<td>Kvadratmeter
<td>m<sup>3</sup><td c>—<td>Kubikmeter
<td>magy.<td c>—<td>magyarisk
<td>mask.<td c>—<td>maskulinum
<td>mat.<td c>—<td>matematisk
<td>med.<td c>—<td>medicinsk
<td>mek.<td c>—<td>mekanisk
<td>meteor.<td c>—<td>meteorologisk
<td>m. fl.<td c>—<td>med flere
<td>m. fl. St.<td c>—<td>med flere Steder
<td>mg<td c>—<td>Milligram
<td>m. H. t.<td c>—<td>med Hensyn til
<td>Mill.<td c>—<td>Million
<td>mm<td c>—<td>Millimeter
<td>mm<sup>2</sup><td c>—<td>Kvadratmillimeter
<td>mm<sup>3</sup><td c>—<td>Kubikmillimeter
<td>milit.<td c>—<td>militær
<td>Min.<td c>—<td>Minut
<td>miner.<td c>—<td>mineralogisk
<td>m. m.<td c>—<td>med mere
<td>mrm<td c>—<td>Metermil
<td>mus.<td c>—<td>musikalsk
<td>Mus.<td c>—<td>Museet
<td>m. v.<td c>—<td>med videre
<td>mytol.<td c>—<td>mytologisk
<td>N.<td c>—<td>Nord
<td>N. Br.<td c>—<td>nordlig Bredde
<td>Ndf.<td c>—<td>nedenfor
<td>Nedenn.<td c>—<td>nedennævnte
<td>neutr.<td c>—<td>neutrum
<td>N. f.<td c>—<td>Nord for
<td>N. L.<td c>—<td>Norske Lov
<td>no.<td c>—<td>norsk
<td>nord.<td c>—<td>nordisk
<td>Novbr<td c>—<td>November
<td>nuv.<td c>—<td>nuværende
<td>O.<td c>—<td>Ord
<td>o. a.<td c>—<td>og andre
<td>o. a. St.<td c>—<td>og andre Steder
<td>o. desl.<td c>—<td>og deslige
<td>o. f.<td c>—<td>og følgende
<td>o. fl.<td c>—<td>og flere
<td>o. fl. l.<td c>—<td>og flere lignende
<td>o. H.<td c>betyder<td>over Havet
<td>Oktbr<td c>—<td>Oktober
<td>o. l.<td c>—<td>og lignende
<td>o. m.<td c>—<td>og mere
<td>o. m. a.<td c>—<td>og mange andre
<td>omarb.<td c>—<td>omarbejdet
<td>omkr.<td c>—<td>omkring
<td>omtr.<td c>—<td>omtrent
<td>Opl.<td c>—<td>Oplag
<td>opr.<td c>—<td>oprindelig
<td>o. s. fr.<td c>—<td>og saa fremdeles
<td>o. s. v.<td c>—<td>og saa videre
<td>ovf.<td c>—<td>ovenfor
<td>ovenn.<td c>—<td>ovennævnte
<td>overf.<td c>—<td>overført
<td>overs.<td c>—<td>oversat
<td>Overs.<td c>—<td>Oversættelse
<td>p. Gr. a.<td c>—<td>paa Grund af
<td>p. a.<td c>—<td>pro anno
<td>patol.<td c>—<td>patologisk
<td>%<td c>—<td>pro Cent
<td>Pd<td c>—<td>Pund
<td>pers.<td c>—<td>persisk
<td>Plur.<td c>—<td>Pluralis (Flertal).
<td>pol.<td c>—<td>polsk
<td>‰<td c>—<td>pro Mille
<td>portug.<td c>—<td>portugisisk
<td>preuss.<td c>—<td>preussisk
<td>Prof.<td c>—<td>Professor
<td>Prov.<td c>—<td>Provins
<td>psyk.<td c>—<td>psykologisk
<td>pæd.<td c>—<td>pædagogisk
<td>R.<td c>—<td>Reaumur
<td>Rdl.<td c>—<td>Rigsdaler
<td>Reg. T.<td c>—<td>Register—Ton
<td>Reskr.<td c>—<td>Reskript
<td>Resol.<td c>—<td>Resolution
<td>resp.<td c>—<td>respektive
<td>ret.<td c>—<td>retorisk
<td>retsv.<td c>—<td>retsvidenskabelig
<td>R. af Dbg.<td c>—<td>Ridder af Dannebrog
<td>R. af Elef.<td c>—<td>Ridder af Elefanten
<td>Rk.<td c>—<td>Række
<td>Rm.<td c>—<td>Reichsmark
<td>rom.<td c>—<td>romersk
<td>rum.<td c>—<td>rumænsk
<td>russ.<td c>—<td>russisk
<td>S.<td c>—<td>Syd.
<td>s. A.<td c>—<td>samme Aar
<td>s. Br.<td c>—<td>sydlig Bredde
<td>s. d.<td c>—<td>se denne (dette)
<td>s. D.<td c>—<td>samme Dag
<td>Sek.<td c>—<td>Sekund(er)
<td>Septbr<td c>—<td>September
<td>serb.<td c>—<td>serbisk
<td>S. f.<td c>betyder<td>Syd for
<td>sh.<td c>—<td>shillings
<td>Sing.<td c>—<td>Singularis (Enkelttal)
<td>sko.<td c>—<td>skotsk
<td>Skr.<td c>—<td>Skrift, Skrivelse
<td>Skr<td c>—<td>Skrifter
<td>Skrt<td c>—<td>Sanskrit
<td>Skt<td c>—<td>Sankt
<td>slav.<td c>—<td>slavisk
<td>Slutn.<td c>—<td>Slutning
<td>Sm.<td c>—<td>Sømil
<td>smlg.<td c>—<td>sammenlign
<td>smst.<td c>—<td>sammesteds
<td>s. N.<td c>—<td>samme Navn
<td>sp.<td c>—<td>spansk
<td>spc.<td c>—<td>specielt
<td>sprogv.<td c>—<td>sprogvidenskabelig
<td>St<td c>—<td>Saint
<td>St.<td c>—<td>Sted, Steder
<td>stat.<td c>—<td>statistisk
<td>statsv.<td c>—<td>statsvidenskabelig
<td>Sthlm<td c>—<td>Stockholm
<td>Stk.<td c>—<td>Stykke
<td>Strfr.<td c>—<td>Strafret
<td>Subst.<td c>—<td>Substantiv
<td>Suppl.<td c>—<td>Supplement
<td>sv.<td c>—<td>svensk
<td>syr.<td c>—<td>syrisk
<td>Søv.<td c>—<td>Søvæsen
<td>t<td c>—<td>Tons
<td>Td.<td c>—<td>Tønde
<td>Tdr<td c>—<td>Tønder
<td>T. Dr.<td c>—<td>Tons Drægtighed
<td>tekn.<td c>—<td>teknisk
<td>Temp.<td c>—<td>Temperatur
<td>Tidsskr.<td c>—<td>Tidsskrift
<td>tr.<td c>—<td>trykt
<td>tsch.<td c>—<td>tschechisk
<td>tyrk.<td c>—<td>tyrkisk
<td>udg.<td c>—<td>udgivet
<td>undt.<td c>—<td>undtagen
<td>ung.<td c>—<td>ungarsk
<td>Univ.<td c>—<td>Universitet
<td>V.<td c>—<td>Vest
<td>vedk.<td c>—<td>vedkommende
<td>V. f.<td c>—<td>Vest for
<td>v. L.<td c>—<td>vestlig Længde
<td>zool.<td c>—<td>zoologisk
<td>ægypt.<td c>—<td>ægyptisk
<td>østerr.<td c>—<td>østerrigsk
<td>Ø.<td c>—<td>Øst
<td>Ø. f.<td c>—<td>Øst for
<td>ø. L.<td c>—<td>østlig Længde
<td>Ø.<td c>—<td>Øre
<td>♂<td c>—<td>Han
<td>♀<td c>—<td>Hun
</table>
<chapter name="Forkortelser">
<h1>FORKORTELSER.</h1>
<table>
<td>a<td>betyder<td>Ar (Flademaal)
<td>Aarg<td c>—<td>Aargang
<td>Aarh.<td c>—<td>Aarhundrede
<td>Adj.<td c>—<td>Adjektiv
<td>admin.<td c>—<td>administrativt
<td>Adv.<td c>—<td>Adverbium
<td>Afb.<td c>—<td>Afbildning
<td>Afh.<td c>—<td>Afhandling
<td>Akk.<td c>—<td>Akkussativ
<td>Alm., alm.<td c>—<td>Almindelighed, almindelig
<td>amer.<td c>—<td>amerikansk
<td>anat.<td c>—<td>anatomisk
<td>ang.<td c>—<td>angaaende
<td>anon.<td c>—<td>anonymt
<td>Anrd.<td c>—<td>Anordning
<td>Apr.<td c>—<td>April
<td>arab.<td c>—<td>arabisk
<td>aritm.<td c>—<td>aritmetisk
<td>arkæol.<td c>—<td>arkæologisk
<td>Arrond.<td c>—<td>Arrondissement
<td>Art.<td c>—<td>Artikel
<td>ass.<td c>—<td>assyrisk
<td>astron.<td c>—<td>astronomisk
<td>Atm.<td c>—<td>Atmosfære
<td>Aug.<td c>—<td>August
<td>bab.<td c>—<td>babylonisk
<td>Bd<td c>—<td>Bind
<td>bearb.<td c>—<td>bearbejdet
<td>Beg.<td c>—<td>Begyndelsen
<td>belg.<td c>—<td>belgisk
<td>Bet.<td c>—<td>Betydning
<td>bib.<td c>—<td>bibelsk
<td>Biogr.<td c>—<td>Biografi
<td>biol.<td c>—<td>biologisk
<td>bl.<td c>—<td>blandt
<td>bl. a.<td c>—<td>blandt andet
<td>bl. fl.<td c>—<td>blandt flere
<td>bot.<td c>—<td>botanisk
<td>Br.<td c>—<td>Brev
<td>br.<td c>—<td>bred
<td>bras.<td c>—<td>brasiliansk
<td>bøhm.<td c>—<td>bøhmisk
<td>C.<td c>—<td>Celsius
<td>c.<td c>—<td>circa.
<td>cg<td c>—<td>Centigram
<td>cl<td c>—<td>Centiliter
<td>cm<td c>—<td>Centimeter
<td>cm<sup>2</sup><td c>—<td>Kvadratcentimeter
<td>cm<sup>3</sup><td c>—<td>Kubikcentimeter
<td>d.<td c>—<td>død
<td>da.<td c>—<td>dansk
<td>dag<td c>—<td>Dekagram
<td>dgl.<td c>—<td>daglig
<td>dal<td c>—<td>Dekaliter
<td>dam<td c>—<td>Dekameter
<td>Dat.<td>betyder<td>Dativ
<td>d. e.<td c>—<td>det er
<td>Dept<td c>—<td>Departement
<td>desl.<td c>—<td>deslige
<td>dg<td c>—<td>Decigram
<td>Decbr<td c>—<td>December
<td>dl<td c>—<td>Deciliter
<td>dm<td c>—<td>Decimeter
<td>dm<sup>2</sup><td c>—<td>Kvadratdecimeter
<td>dm<sup>3</sup><td c>—<td>Kubikdecimeter
<td>Dr.<td c>—<td>Doktor
<td>dram.<td c>—<td>dramatisk
<td>d. s. s.<td c>—<td>det samme som
<td>D. L.<td c>—<td>Danske Lov
<td>Doll.<td c>—<td>Dollars
<td>d. v. s.<td c>—<td>det vil sige
<td>d. y.<td c>—<td>den yngre
<td>d. æ.<td c>—<td>den ældre
<td>e. Kr.<td c>—<td>efter Kristus
<td>Eftm.<td c>—<td>Eftermiddag
<td>egl.<td c>—<td>egentlig
<td>ekskl.<td c>—<td>eksklusive
<td>e. l.<td c>—<td>eller lignende
<td>ell.<td c>—<td>eller
<td>eng.<td c>—<td>engelsk
<td>etc.<td c>—<td>et cetera
<td>etn.<td c>—<td>etnologisk
<td>etnogr.<td c>—<td>etnografisk
<td>europ.<td c>—<td>europæisk
<td>f.<td c>—<td>født
<td>Fam.<td c>—<td>Familie
<td>farm.<td c>—<td>farmakologisk
<td>f. Kr.<td c>—<td>før Kristus
<td>Febr<td c>—<td>Februar
<td>f. Eks.<td c>—<td>for Eksempel
<td>fem.<td c>—<td>femininum
<td>ff.<td c>—<td>og følgende (Sider, Paragraffer etc.)
<td>fhv.<td c>—<td>forhenværende
<td>Fig.<td c>—<td>Figur
<td>filos.<td c>—<td>filosofisk
<td>fl.<td c>—<td>flere
<td>flg.<td c>—<td>følgende
<td>fl. St.<td c>—<td>flere Steder
<td>folkl.<td c>—<td>folkloristisk
<td>folkr.<td c>—<td>folkeretlig
<td>foreg.<td c>—<td>foregaaende
<td>Forf.<td c>—<td>Forfatter
<td>fork.<td c>—<td>forkortet
<td>Form.<td c>—<td>Formiddag
<td>forsk.<td c>—<td>forskellig
<td>forst.<td c>—<td>forstørret
<td>fot.<td c>—<td>fotografisk
<td>fr.<td c>—<td>fransk
<td>frc.<td c>—<td>francs
<td>Frd.<td>betyder<td>Forordning
<td>f. T.<td c>—<td>for Tiden
<td>Ft.<td c>—<td>Flertal
<td>fys.<td c>—<td>fysisk
<td>fysiol.<td c>—<td>fysiologisk
<td>Gen.<td c>—<td>Genetiv
<td>geogr.<td c>—<td>geografisk
<td>geol.<td c>—<td>geologisk
<td>geom.<td c>—<td>geometrisk
<td>gl<td c>—<td>gammel
<td>gr.<td c>—<td>græsk
<td>Gramm.<td c>—<td>Grammatik
<td>gramm.<td c>—<td>grammatikalsk
<td>g<td c>—<td>Gram
<td>Grl.<td c>—<td>Grundlov
<td>Grw.<td c>—<td>Greenwich
<td>Guv.<td c>—<td>Guvernement
<td>Gymn.<td c>—<td>Gymnastik
<td>ha<td c>—<td>Hektar
<td>hebr.<td c>—<td>hebraisk
<td>henh.<td c>—<td>henholdsvis
<td>her.<td c>—<td>heraldisk
<td>hg<td c>—<td>Hektogram
<td>hist.<td c>—<td>historisk
<td>H. K.<td c>—<td>Hestes Kraft
<td>hl<td c>—<td>Hektoliter
<td>hm<td c>—<td>Hektometer
<td>holl.<td c>—<td>hollandsk
<td>hydr.<td c>—<td>hydrografisk
<td>hyg.<td c>—<td>hygiejnisk
<td>ibd.<td c>—<td>ibidem (lat.) ɔ: paa samme Sted
<td>iflg.<td c>—<td>ifølge
<td>i H. t.<td c>—<td>i Henhold til
<td>ind.<td c>—<td>indisk
<td>Indb.<td c>—<td>Indbyggere
<td>inkl.<td c>—<td>inklusive
<td>intern.<td c>—<td>international
<td>irl.<td c>—<td>irlandsk
<td>isl.<td c>—<td>islandsk
<td>i St. f.<td c>—<td>i Stedet for
<td>ital.<td c>—<td>italiensk
<td>Jan.<td c>—<td>Januar
<td>jap.<td c>—<td>japanesisk
<td>jur.<td c>—<td>juridisk
<td>jfr<td c>—<td>jævnfør
<td>Kap.<td c>—<td>Kapitel
<td>kat.<td c>—<td>katolsk
<td>Kbhvn<td c>—<td>Kjøbenhavn
<td>kem.<td c>—<td>kemisk
<td>kin.<td c>—<td>kinesisk
<td>kir.<td c>—<td>kirurgisk
<td>kg<td c>—<td>Kilogram
<td>km<td c>—<td>Kilometer
<td>km<sup>2</sup><td c>—<td>Kvadratkilometer
<td>kgl.<td c>—<td>kongelig
<td>Kr<td c>—<td>Kroner
</table>
<table>
<td>Kria<td>betyder<td>Kristiania
<td>Kundg.<td c>—<td>Kundgørelse
<td>kur.<td c>—<td>kurant
<td>L.<td c>—<td>Lov
<td>l<td c>—<td>Liter
<td>lat.<td c>—<td>latinsk
<td>lgn.<td c>—<td>lignende
<td>Litt.<td c>—<td>Litteratur
<td>log.<td c>—<td>logisk
<td>£ St.<td c>—<td>Pund Sterling
<td>luth.<td c>—<td>lutheransk
<td>m<td c>—<td>Meter
<td>m. a. O.<td c>—<td>med andre Ord
<td>m<sup>2</sup><td c>—<td>Kvadratmeter
<td>m<sup>3</sup><td c>—<td>Kubikmeter
<td>magy.<td c>—<td>magyarisk
<td>mask.<td c>—<td>maskulinum
<td>mat.<td c>—<td>matematisk
<td>med.<td c>—<td>medicinsk
<td>mek.<td c>—<td>mekanisk
<td>meteor.<td c>—<td>meteorologisk
<td>m. fl.<td c>—<td>med flere
<td>m. fl. St.<td c>—<td>med flere Steder
<td>mg<td c>—<td>Milligram
<td>m. H. t.<td c>—<td>med Hensyn til
<td>Mill.<td c>—<td>Million
<td>m.—lat.<td c>—<td>Middelalderslatin
<td>mm<td c>—<td>Millimeter
<td>mm<sup>2</sup><td c>—<td>Kvadratmillimeter
<td>mm<sup>3</sup><td c>—<td>Kubikmillimeter
<td>milit.<td c>—<td>militær
<td>Min.<td c>—<td>Minut
<td>miner.<td c>—<td>mineralogisk
<td>m. m.<td c>—<td>med mere
<td>mrm<td c>—<td>Metermil
<td>mus.<td c>—<td>musikalsk
<td>Mus.<td c>—<td>Museet
<td>m. v.<td c>—<td>med videre
<td>mytol.<td c>—<td>mytologisk
<td>N.<td c>—<td>Nord
<td>n. Br.<td c>—<td>nordlig Bredde
<td>ndf.<td c>—<td>nedenfor
<td>nedenn.<td c>—<td>nedennævnte
<td>neutr.<td c>—<td>neutrum
<td>N. f.<td c>—<td>Nord for
<td>N. L.<td c>—<td>Norske Lov
<td>no.<td c>—<td>norsk
<td>nord.<td c>—<td>nordisk
<td>Novbr<td c>—<td>November
<td>nuv.<td c>—<td>nuværende
<td>O.<td c>—<td>Ord
<td>o. a.<td c>—<td>og andre
<td>o. a. St.<td c>—<td>og andre Steder
<td>o. desl.<td c>—<td>og deslige
<td>o. f.<td c>—<td>og følgende
<td>o. fl.<td c>—<td>og flere
<td>o. fl. l.<td>betyder<td>og flere lignende
<td>o. H.<td c>—<td>over Havet
<td>Oktbr<td c>—<td>Oktober
<td>o. l.<td c>—<td>og lignende
<td>o. m.<td c>—<td>og mere
<td>o. m. a.<td c>—<td>og mange andre
<td>omarb.<td c>—<td>omarbejdet
<td>omkr.<td c>—<td>omkring
<td>omtr.<td c>—<td>omtrent
<td>Opl.<td c>—<td>Oplag
<td>opr.<td c>—<td>oprindelig
<td>o. s. fr.<td c>—<td>og saa fremdeles
<td>o. s. v.<td c>—<td>og saa videre
<td>ovf.<td c>—<td>ovenfor
<td>ovenn.<td c>—<td>ovennævnte
<td>overf.<td c>—<td>overført
<td>overs.<td c>—<td>oversat
<td>Overs.<td c>—<td>Oversættelse
<td>p. a.<td c>—<td>pro anno
<td>patol.<td c>—<td>patologisk
<td>%<td c>—<td>pro Cent
<td>Pd<td c>—<td>Pund
<td>pers.<td c>—<td>persisk
<td>p. Gr. a.<td c>—<td>paa Grund af
<td>Plur.<td c>—<td>Pluralis (Flertal)
<td>pol.<td c>—<td>polsk
<td>‰<td c>—<td>pro Mille
<td>portug.<td c>—<td>portugisisk
<td>preuss.<td c>—<td>preussisk
<td>Prof.<td c>—<td>Professor
<td>Prov.<td c>—<td>Provins
<td>psyk.<td c>—<td>psykologisk
<td>pæd.<td c>—<td>pædagogisk
<td>R.<td c>—<td>Reaumur
<td>Rdl.<td c>—<td>Rigsdaler
<td>Reg. T.<td c>—<td>Register—Ton
<td>Reskr.<td c>—<td>Reskript
<td>Resol.<td c>—<td>Resolution
<td>resp.<td c>—<td>respektive
<td>ret.<td c>—<td>retorisk
<td>retsv.<td c>—<td>retsvidenskabelig
<td>R. af Dbg.<td c>—<td>Ridder af Dannebrog
<td>R. af Elef.<td c>—<td>Ridder af Elefanten
<td>Rk.<td c>—<td>Række
<td>Rm.<td c>—<td>Reichsmark
<td>rom.<td c>—<td>romersk
<td>rum.<td c>—<td>rumænsk
<td>russ.<td c>—<td>russisk
<td>S.<td c>—<td>Syd
<td>s. A.<td c>—<td>samme Aar
<td>s. a.<td c>—<td>sine anno
<td>s. Br.<td c>—<td>sydlig Bredde
<td>s. d.<td c>—<td>se denne (dette)
<td>s. D.<td c>—<td>samme Dag
<td>Sek.<td c>—<td>Sekund(er)
<td>Septbr<td c>—<td>September
<td>serb.<td c>—<td>serbisk
<td>S. f.<td>betyder<td>Syd for
<td>sh.<td c>—<td>shillings
<td>Sing.<td c>—<td>Singularis (Enkelttal)
<td>sko.<td c>—<td>skotsk
<td>Skr.<td c>—<td>Skrift, Skrivelse
<td>Skr<td c>—<td>Skrifter
<td>Skrt<td c>—<td>Sanskrit
<td>Skt<td c>—<td>Sankt
<td>slav.<td c>—<td>slavisk
<td>Slutn.<td c>—<td>Slutning
<td>Sm.<td c>—<td>Sømil
<td>smlg.<td c>—<td>sammenlign
<td>smst.<td c>—<td>sammesteds
<td>s. N.<td c>—<td>samme Navn
<td>sp.<td c>—<td>spansk
<td>spc.<td c>—<td>specielt
<td>sprogv.<td c>—<td>sprogvidenskabelig
<td>St<td c>—<td>Saint
<td>St.<td c>—<td>Sted, Steder
<td>stat.<td c>—<td>statistisk
<td>statsv.<td c>—<td>statsvidenskabelig
<td>Sthlm<td c>—<td>Stockholm
<td>Stk.<td c>—<td>Stykke
<td>Strfr.<td c>—<td>Strafret
<td>Subst.<td c>—<td>Substantiv
<td>Suppl.<td c>—<td>Supplement
<td>sv.<td c>—<td>svensk
<td>syr.<td c>—<td>syrisk
<td>Søv.<td c>—<td>Søvæsen
<td>t<td c>—<td>Tons
<td>Td.<td c>—<td>Tønde
<td>Tdr<td c>—<td>Tønder
<td>T. Dr.<td c>—<td>Tons Drægtighed
<td>tekn.<td c>—<td>teknisk
<td>Temp.<td c>—<td>Temperatur
<td>Tidsskr.<td c>—<td>Tidsskrift
<td>tr.<td c>—<td>trykt
<td>tschk.<td c>—<td>tschekkisk
<td>tyrk.<td c>—<td>tyrkisk
<td>u. A.<td c>—<td>uden Aarsangivelse
<td>udg.<td c>—<td>udgivet
<td>undt.<td c>—<td>undtagen
<td>ung.<td c>—<td>ungarsk
<td>Univ.<td c>—<td>Universitet
<td>V.<td c>—<td>Vest
<td>vedk.<td c>—<td>vedkommende
<td>V. f.<td c>—<td>Vest for
<td>v. L.<td c>—<td>vestlig Længde
<td>zool.<td c>—<td>zoologisk
<td>ægypt.<td c>—<td>ægyptisk
<td>Ø.<td c>—<td>Øst
<td>Ø. f.<td c>—<td>Øst for
<td>ø. L.<td c>—<td>østlig Længde
<td>Ø.<td c>—<td>Øre
<td>østerr.<td c>—<td>østerrigsk
<td>♂<td c>—<td>Han
<td>♀<td c>—<td>Han
</table>
</chapter>
