<ən>: 3698
<ər>: 2786
<a.>: 2289
<↱b>: 2129
<a^>: 1999
<-'>: 1877
<tə>: 1770
<t∫>: 1737
<ri>: 1681
<. >: 1617
<^i>: 1556
<-↱>: 1480
<in>: 1427
<'k>: 1399
<i.>: 1370
<.ə>: 1354
<'s>: 1320
<ra>: 1289
<.r>: 1264
<an>: 1246
<'t>: 1243
<st>: 1236
<də>: 1234
<ka>: 1224
<'r>: 1224
<a↱>: 1185
<'d>: 1118
<'h>: 1116
<sə>: 1092
<↱a>: 1074
<ar>: 1060
<↱n>: 1028
<'∫>: 1003
<it>: 998
<ær>: 962
<nt>: 961
<kə>: 944
<å.>: 925
<ma>: 912
<£i>: 911
<↱m>: 905
<u.>: 900
<ts>: 897
<el>: 887
<br>: 880
<↱t>: 878
<^u>: 876
<nd>: 875
<'m>: 868
<ei>: 863
<bə>: 856
<dз>: 852
<'g>: 847
<la>: 843
<ta>: 829
<fr>: 822
<sk>: 808
<↱k>: 807
<o.>: 796
<i£>: 777
<al>: 774
<en>: 768
<ba>: 753
<a'>: 752
<nə>: 752
<e.>: 750
<re>: 745
<'p>: 745
<gə>: 739
<l.>: 714
<∫i>: 713
< e>: 711
<'v>: 709
<∫a>: 709
<ll>: 708
<ti>: 707
<bæ>: 706
<ni>: 703
<ou>: 698
<mə>: 677
<rå>: 671
<↱s>: 670
<rə>: 670
<a->: 669
<år>: 667
<'£>: 659
<ə->: 657
<n->: 656
<si>: 647
<i↱>: 646
<kå>: 640
<i'>: 637
<↱r>: 632
<.n>: 623
<æ.>: 623
<vi>: 622
<na>: 622
<ns>: 618
<da>: 611
<ki>: 607
<is>: 606
<↱f>: 601
<va>: 601
<mi>: 599
<r.>: 596
<'l>: 596
<æl>: 593
<sa>: 592
<ha>: 590
<, >: 579
<əl>: 571
<ə£>: 568
<.s>: 565
<.t>: 565
<aŋ>: 555
<ån>: 551
<li>: 541
<jə>: 540
<r->: 536
<↱l>: 532
<nj>: 530
<ət>: 526
<lə>: 525
<tr>: 524
<.£>: 524
<gr>: 516
<'f>: 515
<.d>: 512
<i->: 510
<må>: 501
<∫t>: 501
<ik>: 501
<'n>: 491
<le>: 490
<be>: 490
<t->: 487
<r↱>: 480
<bi>: 474
<sj>: 464
<ræ>: 462
< ->: 457
<bå>: 457
<ə'>: 456
<fə>: 455
<↱d>: 452
<∫e>: 450
<£ə>: 449
<wa>: 443
<ja>: 440
<ə.>: 438
<di>: 438
<rt>: 436
<∫æ>: 433
<rk>: 431
<id>: 431
<bu>: 429
<s->: 427
<ro>: 425
<əm>: 421
<-d>: 419
<än>: 415
<er>: 413
<at>: 402
<və>: 396
<'b>: 396
<e'>: 395
<iŋ>: 395
<əd>: 388
<'w>: 385
<æn>: 382
<ga>: 376
<.g>: 374
<£a>: 372
< '>: 369
<pa>: 364
<ak>: 360
<å↱>: 359
<tæ>: 355
<nå>: 352
<ne>: 352
<.l>: 348
<e£>: 347
<d->: 346
<bo>: 344
<kr>: 342
<et>: 341
<æt>: 341
<r'>: 340
<il>: 333
<å^>: 332
<∫ə>: 331
<iə>: 328
<əs>: 328
<ko>: 327
<ks>: 327
<zə>: 325
<te>: 325
<få>: 324
<am>: 324
<.b>: 320
<.k>: 319
<ju>: 318
<ål>: 317
<im>: 316
< f>: 316
< ↱>: 316
<de>: 313
<as>: 312
<me>: 309
<fi>: 306
<ŋə>: 304
<dr>: 302
<læ>: 300
<næ>: 298
<sæ>: 297
<£e>: 297
<ng>: 296
<tå>: 290
<jæ>: 290
<lj>: 289
<pə>: 289
<på>: 289
<je>: 288
<åt>: 287
<rn>: 286
<↱v>: 284
<ã'>: 281
<un>: 279
<ək>: 279
<.z>: 279
<pi>: 278
<£å>: 278
<å'>: 276
<£d>: 276
<rs>: 275
<lt>: 272
<'e>: 271
<зi>: 269
<se>: 269
<då>: 268
<ur>: 268
<åk>: 267
<i∫>: 267
<l->: 266
<ŋk>: 264
<u↱>: 262
<eŋ>: 261
<**>: 260
<ru>: 259
<.m>: 258
<nb>: 258
<å£>: 257
<↱g>: 257
<e↱>: 256
<g.>: 255
<rã>: 254
<u'>: 253
<k£>: 250
<væ>: 250
<ə↱>: 249
<or>: 246
<hå>: 245
<'j>: 245
<n'>: 244
<ø.>: 244
<mæ>: 243
<'z>: 243
<åf>: 241
<↱p>: 240
<ås>: 239
<wi>: 238
<nz>: 238
<.->: 237
<o↱>: 237
<^y>: 236
<fa>: 235
<ã.>: 235
<y.>: 235
<æ^>: 234
<æs>: 233
<wå>: 232
<ve>: 230
<no>: 229
<mo>: 228
<əb>: 228
<to>: 227
<æ->: 225
<ä£>: 225
<ir>: 225
<ku>: 224
<зa>: 223
<on>: 219
<gå>: 217
<kä>: 217
<↱ä>: 217
<ã↱>: 217
<£ä>: 215
<e->: 213
<lå>: 212
<зe>: 211
<he>: 210
<ut>: 209
<æ↱>: 209
<t.>: 209
<u£>: 207
<ek>: 207
<.f>: 205
<-s>: 204
<pr>: 204
<lã>: 203
<æk>: 203
<rj>: 203
<'з>: 202
<es>: 202
<u->: 201
<iv>: 201
<k->: 198
< b>: 198
<'a>: 197
<ŋs>: 197
<k >: 196
<us>: 196
<ke>: 192
<ji>: 192
<kæ>: 191
<-l>: 190
<£->: 189
<↱j>: 188
<så>: 186
<ud>: 186
<iæ>: 186
<n↱>: 185
<ed>: 185
<'æ>: 185
<ho>: 184
<.∫>: 184
<gi>: 184
<o->: 184
<o'>: 184
<ie>: 183
<we>: 182
<'å>: 181
<fl>: 180
<-a>: 179
<kl>: 178
<lo>: 178
<åŋ>: 177
<ia>: 176
<aj>: 175
<åm>: 173
<bl>: 173
<æ'>: 173
<dæ>: 172
<b£>: 172
<fæ>: 172
<£t>: 171
<ã->: 169
<gu>: 167
<n)>: 167
<a£>: 167
<-t>: 166
<r >: 166
<mb>: 165
<.з>: 164
<∫å>: 163
<rd>: 162
<äm>: 162
<.v>: 162
<bä>: 161
<£z>: 160
<za>: 158
<ö->: 158
<rg>: 157
<mǡ>: 157
<(n>: 156
<tu>: 155
<↱∫>: 155
<jå>: 155
<n∫>: 155
<iz>: 155
<ə(>: 153
<sp>: 152
<зå>: 152
<-k>: 152
<ge>: 150
<zi>: 149
<pe>: 149
<ld>: 149
<uə>: 149
<hæ>: 146
<hä>: 146
<-m>: 145
<ðə>: 145
<↱z>: 144
<so>: 144
<∫o>: 144
<ad>: 143
<ə,>: 143
<rö>: 142
<rä>: 142
<əz>: 140
<är>: 139
<mã>: 138
<fe>: 138
<'o>: 137
<z->: 137
<.i>: 136
<a´>: 136
<зæ>: 135
<do>: 135
<-f>: 134
<ig>: 132
<ip>: 132
<-p>: 131
<äk>: 131
<a∫>: 130
<pæ>: 130
<po>: 130
<u∫>: 129
<əþ>: 128
<mu>: 127
<ät>: 127
<rm>: 126
<'i>: 126
<mä>: 125
<-b>: 125
<£s>: 125
<y'>: 124
<.a>: 124
<ol>: 123
<ai>: 123
<£o>: 123
<l↱>: 123
<uk>: 122
<pu>: 122
<dö>: 121
<n >: 121
<dy>: 119
<-ə>: 119
<jo>: 119
<åv>: 118
<y↱>: 118
<зo>: 118
<av>: 117
<∫->: 117
<em>: 117
<wə>: 117
<ag>: 116
<tj>: 116
<ŋg>: 116
<mø>: 114
<ö'>: 114
<m->: 114
<sb>: 113
<dz>: 113
<ls>: 113
<lu>: 113
<ŋt>: 112
<ib>: 112
<kt>: 112
<´->: 112
<s£>: 111
<r∫>: 111
<∫u>: 111
<ry>: 110
<uz>: 110
<åd>: 109
<by>: 109
<nh>: 109
<əg>: 109
<å∫>: 108
<fu>: 108
<rl>: 107
<wu>: 106
<vå>: 105
<if>: 105
<əv>: 104
<rb>: 103
<æ£>: 103
<au>: 102
<ul>: 102
<af>: 102
<↱£>: 101
<lm>: 101
<go>: 101
<£b>: 101
<↱к>: 100
<fs>: 99
<∫v>: 98
<pl>: 98
<åj>: 98
<lö>: 98
<gæ>: 98
<∫m>: 98
< m>: 98
<hi>: 98
<зu>: 97
<↱å>: 97
<↱w>: 97
<bj>: 96
<.p>: 96
<-i>: 95
<ap>: 95
<-∫>: 94
<æm>: 94
<t£>: 94
<æŋ>: 93
<mp>: 93
<io>: 92
<äs>: 92
<↱з>: 91
<ab>: 91
<ö↱>: 91
<ev>: 91
<åə>: 91
<ze>: 91
<äd>: 90
<l'>: 90
<£u>: 90
<fo>: 89
<yt>: 89
<rз>: 89
<-ð>: 89
<åp>: 88
<'ə>: 88
<∫ã>: 87
<ǡ↱>: 87
<rø>: 87
<ty>: 87
<e∫>: 87
<sã>: 86
<-r>: 86
<rf>: 86
<kw>: 86
<gl>: 86
<кa>: 85
< d>: 84
<wæ>: 84
<um>: 84
<ö.>: 83
<ys>: 83
<i >: 82
<ə >: 82
<↱h>: 82
< a>: 82
<ms>: 81
<ly>: 81
<sm>: 80
<tn>: 80
<æ∫>: 79
<æf>: 79
< k>: 79
<ŋ↱>: 78
<f£>: 78
<-g>: 78
<∫ø>: 78
<tä>: 78
<dj>: 77
<äŋ>: 76
<zb>: 76
<hə>: 76
< p>: 75
<.j>: 75
<sv>: 75
<s'>: 75
<å->: 74
<£f>: 74
<∫k>: 74
<d£>: 74
<åb>: 73
<su>: 73
<vo>: 73
<mz>: 73
<nk>: 73
<dã>: 72
<ŋ->: 72
<yr>: 72
<sy>: 72
<åg>: 71
<əf>: 71
<aə>: 71
<lb>: 71
<m(>: 71
<£k>: 70
<ij>: 70
<nf>: 70
<p£>: 69
<tl>: 69
<ds>: 69
<g£>: 69
<tã>: 68
<sl>: 68
<∫ö>: 68
<ŋ'>: 68
<e´>: 67
<lø>: 67
<kã>: 66
<зã>: 66
<ef>: 65
<v->: 65
<ug>: 65
<eg>: 64
<sä>: 64
<eb>: 64
<zæ>: 64
<öl>: 64
<lk>: 64
<∫p>: 64
<£æ>: 63
<∫ä>: 63
<∫l>: 63
<£m>: 62
<dw>: 62
<зə>: 62
<øl>: 62
<j'>: 62
<-ã>: 61
<´r>: 61
<j->: 61
<£v>: 60
<↱e>: 60
<os>: 60
<äb>: 59
<s↱>: 59
<-з>: 59
<iå>: 59
<ö^>: 59
<£ >: 59
< s>: 59
<kn>: 58
<bă>: 58
<ä↱>: 58
<nu>: 58
<t >: 58
<£'>: 58
<əp>: 58
<∫n>: 57
<du>: 57
<þə>: 57
<rv>: 56
<d.>: 56
<nv>: 56
<hu>: 56
<ǡ->: 56
<øn>: 56
<´g>: 56
<æj>: 55
<p.>: 55
<i,>: 55
<að>: 54
<sh>: 54
< g>: 54
<øt>: 53
<.o>: 53
<om>: 53
<ør>: 53
<-v>: 53
<*s>: 53
<*d>: 52
<£j>: 52
<z£>: 52
<my>: 52
<*k>: 52
<e*>: 52
<-*>: 52
<a >: 52
<*g>: 52
<þ->: 52
<æg>: 51
<nw>: 51
<?)>: 50
<bø>: 49
<əw>: 49
<ub>: 49
<ə∫>: 49
<ðæ>: 49
<sn>: 49
<vj>: 49
<ör>: 48
<jã>: 48
<kø>: 48
<gw>: 48
<ot>: 48
<vã>: 47
<∫r>: 47
<iu>: 47
<(t>: 47
<ui>: 47
< r>: 47
<.↱>: 46
<-£>: 46
<ft>: 46
<n,>: 46
<t)>: 46
<k'>: 46
<.ð>: 46
<; >: 46
<£↱>: 45
<gä>: 45
<↱æ>: 45
<rw>: 45
<mă>: 45
<-e>: 45
<y->: 45
<yl>: 44
<uf>: 44
<æv>: 44
<↱i>: 44
<aк>: 44
<-->: 44
<tö>: 44
<'ä>: 44
<pä>: 44
<tk>: 43
<vr>: 43
<pf>: 43
<up>: 43
<zå>: 43
<iø>: 43
<: >: 43
<зy>: 43
<n(>: 43
< t>: 43
<'u>: 43
<ep>: 43
<ez>: 42
<əh>: 42
<dä>: 42
<bw>: 42
<-æ>: 42
< ã>: 42
<sf>: 42
<.þ>: 42
<jø>: 42
<ŋ,>: 42
<p)>: 42
<кå>: 41
<ps>: 41
<(p>: 41
<ä∫>: 41
<dn>: 41
<.'>: 41
<oŋ>: 41
<lw>: 41
<t,>: 41
<- >: 41
<∫y>: 41
<k∫>: 40
<u´>: 40
<k.>: 40
< (>: 40
<og>: 40
< n>: 40
<t↱>: 39
<yn>: 39
<)s>: 39
<bǡ>: 39
<nö>: 39
<n£>: 39
<-n>: 38
<´ə>: 38
<↱þ>: 38
<-å>: 38
<з->: 38
<ky>: 38
<m.>: 38
<uþ>: 38
<zo>: 38
<tf>: 38
<rp>: 37
<jǡ>: 37
<m↱>: 37
<js>: 37
<jö>: 37
<æi>: 37
<m'>: 37
<r?>: 37
<-h>: 37
<fy>: 37
<tm>: 36
<ãt>: 36
<sw>: 36
<nä>: 36
<ä^>: 36
<æp>: 36
<äv>: 35
<f->: 35
<ăn>: 35
<eK>: 35
<ǡt>: 35
<o´>: 35
<kh>: 35
<zv>: 35
<'þ>: 35
<lg>: 35
<tw>: 35
<bö>: 34
<bã>: 34
<ny>: 34
< ∫>: 34
<hw>: 34
<gs>: 34
<zw>: 34
<-,>: 34
<az>: 34
<æ~>: 34
<nm>: 34
<yi>: 34
<rh>: 34
<äp>: 33
<i´>: 33
<yk>: 33
<r,>: 33
<þa>: 33
<ok>: 33
<iþ>: 33
<r£>: 32
<dl>: 32
<mj>: 32
<pã>: 32
<äg>: 32
<.e>: 32
<-?>: 31
<aa>: 31
<æu>: 31
<g->: 31
<£w>: 31
<-o>: 31
<iã>: 31
<th>: 31
<lǡ>: 30
<uv>: 30
<n.>: 30
<кə>: 30
<зö>: 30
<-w>: 30
<зw>: 30
<lf>: 30
<o∫>: 30
<hø>: 30
<od>: 30
<ãb>: 30
<ða>: 30
<ln>: 30
<kv>: 30
<ið>: 29
<lv>: 29
<s.>: 29
<l∫>: 29
<åz>: 29
<þi>: 29
<hö>: 29
<zd>: 29
<aw>: 29
<∫'>: 29
<nr>: 29
<əa>: 29
<d >: 29
<pj>: 28
<iw>: 28
<sø>: 28
<t'>: 28
<fä>: 28
<*t>: 28
< o>: 28
<sǡ>: 28
<v£>: 28
<ŋz>: 27
<dm>: 27
<äþ>: 27
<fǡ>: 27
<eþ>: 27
<)∫>: 27
<oa>: 27
<ðå>: 27
< ä>: 27
<£g>: 26
<ə)>: 26
<)t>: 26
<kj>: 26
<vä>: 26
<i:>: 26
<æd>: 26
<rǡ>: 26
<gn>: 26
<ră>: 26
<m >: 26
<*ſ>: 26
<ſu>: 26
<ø'>: 26
<(d>: 26
<øk>: 25
<sö>: 25
<ði>: 25
<Kt>: 25
<lh>: 24
<kö>: 24
<tv>: 24
<ãd>: 24
<ov>: 24
<k↱>: 24
<d)>: 24
<(ə>: 24
<ăi>: 24
<ãp>: 24
<yd>: 24
<tb>: 24
<z >: 24
<zu>: 24
<↱ð>: 24
<øs>: 24
<sd>: 23
<´s>: 23
<pn>: 23
<s)>: 23
<yz>: 23
<rк>: 23
<ah>: 23
<n´>: 23
<zt>: 23
<зä>: 23
<∫w>: 23
<iк>: 23
<yə>: 23
<£p>: 23
<iз>: 22
<ä'>: 22
<nã>: 22
<s,>: 22
<y∫>: 22
<nø>: 22
<pt>: 22
<aз>: 22
<fj>: 22
<km>: 22
<jd>: 22
<p->: 22
<)b>: 22
<þæ>: 22
<ök>: 22
<py>: 22
<p∫>: 22
<s >: 22
<ua>: 22
<gã>: 21
<´t>: 21
<α.>: 21
<æz>: 21
<öt>: 21
<ðu>: 21
<e >: 21
<ăr>: 21
<ob>: 21
<i?>: 21
<mö>: 21
<vu>: 21
<uз>: 21
<-u>: 21
<кæ>: 21
<uæ>: 21
<↱o>: 21
<Kə>: 21
<.å>: 20
<uк>: 20
<)->: 20
<'ö>: 20
<ø↱>: 20
<)r>: 20
<.h>: 20
<aþ>: 20
<op>: 20
<öj>: 20
<ăk>: 20
< l>: 20
<i(>: 20
<mw>: 20
<zã>: 20
<db>: 20
<(s>: 19
<nl>: 19
< ?>: 19
<∫b>: 19
<mt>: 19
<кi>: 19
<lǣ>: 19
<åþ>: 19
<æк>: 19
< v>: 19
<.(>: 18
<jm>: 18
<bs>: 18
<(?>: 18
<n?>: 18
<ǣ->: 18
<u >: 18
<þå>: 18
<lp>: 18
<e,>: 18
<tǡ>: 17
<ãs>: 17
<dø>: 17
<gö>: 17
<öm>: 17
<ăt>: 17
<ym>: 17
<iǡ>: 17
<ø->: 17
< з>: 17
<ŋb>: 17
<əð>: 17
<ăm>: 17
<əŋ>: 17
<hy>: 17
<åi>: 17
<iǣ>: 17
<kɑ>: 17
<sǣ>: 17
<äf>: 17
<(.>: 17
<´n>: 17
<jy>: 16
<∫↱>: 16
<a,>: 16
<d'>: 16
<oz>: 16
<m∫>: 16
<rǣ>: 16
<jt>: 16
<uj>: 16
<ǣ↱>: 16
< i>: 16
<)m>: 16
<gj>: 16
<£n>: 16
<ih>: 16
<gø>: 16
<£r>: 16
<.w>: 16
<l,>: 15
<£)>: 15
<eð>: 15
<.u>: 15
<dh>: 15
<(e>: 15
<æз>: 15
<zf>: 15
<(£>: 15
<uŋ>: 15
<)£>: 15
<dv>: 15
<mf>: 15
<ös>: 15
<l >: 15
<ŋd>: 15
<ãg>: 15
<d↱>: 15
<'ð>: 15
<fö>: 15
<eз>: 15
<kǡ>: 15
<æð>: 15
<'ø>: 15
<rz>: 15
<з'>: 15
<z↱>: 15
< h>: 15
<åð>: 15
<gy>: 15
<tø>: 15
<зn>: 15
<m£>: 15
<æþ>: 15
<uå>: 15
<of>: 14
<eк>: 14
<∫j>: 14
<j↱>: 14
<s?>: 14
<^l>: 14
<(b>: 14
<yf>: 14
<bz>: 14
<-;>: 14
<ss>: 14
<g >: 14
<gă>: 14
<jn>: 14
<s(>: 14
<к->: 14
<´a>: 14
<df>: 14
<k,>: 14
<vw>: 13
<vn>: 13
<i)>: 13
<ɑ.>: 13
<∫f>: 13
<u^>: 13
<åк>: 13
<vl>: 13
<.æ>: 13
<ø∫>: 13
<bα>: 13
<wã>: 13
<ød>: 13
<ŋh>: 13
<ŋ£>: 13
<m´>: 13
<zm>: 13
<yb>: 13
<ăs>: 13
<-j>: 13
<кt>: 13
<uð>: 12
<ɑn>: 12
<jl>: 12
<åw>: 12
<oə>: 12
<ŋ´>: 12
<lz>: 12
<vy>: 12
<ej>: 12
<ãn>: 12
<öv>: 12
<pw>: 12
<(k>: 12
<b)>: 12
<£,>: 12
<kb>: 12
<mn>: 12
<fø>: 12
<h->: 12
<hj>: 12
<np>: 12
<æb>: 12
<i^>: 11
<∫ >: 11
<æə>: 11
<кn>: 11
<кo>: 11
<dă>: 11
<h^>: 11
<ön>: 11
<^a>: 11
<nǡ>: 11
<ea>: 11
<ŋ∫>: 11
<.)>: 11
<ðö>: 11
<lä>: 11
<iK>: 11
<uh>: 11
<a?>: 11
<bǣ>: 11
<vö>: 11
< å>: 11
<кr>: 11
<)ə>: 11
< £>: 11
<öp>: 11
<uo>: 11
<øp>: 11
<þä>: 11
<zn>: 10
<tg>: 10
<'y>: 10
<s∫>: 10
<þe>: 10
<з >: 10
<ö∫>: 10
<£(>: 10
<gz>: 10
<äl>: 10
<tǣ>: 10
<pö>: 10
<ăŋ>: 10
<k)>: 10
<ŋf>: 10
<ðe>: 10
<ɑ£>: 10
<sк>: 10
< ə>: 10
<gt>: 10
<mr>: 10
<fk>: 10
<ii>: 10
<ðr>: 10
<kf>: 10
<dg>: 10
<æK>: 10
<j´>: 10
<∫s>: 10
<g'>: 10
<↱u>: 10
<nк>: 10
<vø>: 10
<(i>: 10
<md>: 10
<fn>: 10
<jk>: 10
<yp>: 10
<fã>: 10
<øg>: 10
<yg>: 9
<dǡ>: 9
<'ã>: 9
<h)>: 9
<zø>: 9
<(->: 9
<)↱>: 9
<зø>: 9
<ã,>: 9
<j)>: 9
<rK>: 9
<(h>: 9
<ø^>: 9
<pø>: 9
<rð>: 9
<dǣ>: 9
<zö>: 9
<ãk>: 9
<aκ>: 9
<wo>: 9
<∫£>: 9
<£ă>: 9
<d∫>: 9
<ä->: 9
<зr>: 9
<)з>: 9
<dk>: 9
<´l>: 9
<þ >: 9
< w>: 9
<(j>: 9
<nþ>: 9
<sg>: 9
<ml>: 9
<þw>: 9
<v.>: 8
<зt>: 8
<b.>: 8
<åa>: 8
<æw>: 8
<)u>: 8
<â.>: 8
<b->: 8
<a(>: 8
<õn>: 8
<v↱>: 8
<o,>: 8
<ø£>: 8
<-z>: 8
<'->: 8
<þ'>: 8
<t?>: 8
<.:>: 8
<øm>: 8
<æo>: 8
<wr>: 8
<sr>: 8
<fâ>: 8
<∫h>: 8
<r(>: 8
<eu>: 8
<ə?>: 8
<ŋl>: 8
<åз>: 8
<d,>: 8
<vǣ>: 8
<gd>: 8
<кs>: 8
<ǡm>: 8
<зj>: 8
<p'>: 8
<κt>: 8
<)z>: 8
<кe>: 8
<ă£>: 8
<)k>: 8
<ǡ.>: 8
<-ä>: 7
<-y>: 7
<ǡ,>: 7
<&i>: 7
< j>: 7
<↱(>: 7
<l)>: 7
<e(>: 7
<ãr>: 7
<(l>: 7
<yŋ>: 7
<ŋ.>: 7
< æ>: 7
<∫.>: 7
<∫?>: 7
<jä>: 7
<↱ǡ>: 7
<æ(>: 7
<ŋw>: 7
<кh>: 7
<zj>: 7
<ch>: 7
<f↱>: 7
<ð->: 7
<κə>: 7
<yк>: 7
<øb>: 7
<ä.>: 7
<.к>: 7
<øj>: 7
<o >: 7
<f'>: 7
<rɑ>: 7
<кu>: 7
<i;>: 7
<yæ>: 7
<å(>: 7
<↱'>: 7
<p↱>: 7
<ă↱>: 6
<ə;>: 6
<þk>: 6
<j,>: 6
<o(>: 6
<o£>: 6
<aå>: 6
<^s>: 6
<hâ>: 6
<d3>: 6
<jv>: 6
<mõ>: 6
<vz>: 6
<αn>: 6
<£ö>: 6
<',>: 6
<ãf>: 6
<£?>: 6
<öf>: 6
<kẵ>: 6
<f.>: 6
<pk>: 6
<^z>: 6
<.?>: 6
<eh>: 6
<ya>: 6
<wǣ>: 6
<bn>: 6
<k?>: 6
<'(>: 6
<äz>: 6
<bd>: 6
<nŋ>: 6
<u(>: 6
<ŋv>: 6
<hr>: 6
<ue>: 6
<m,>: 6
<£ø>: 6
<зm>: 6
<f∫>: 6
<nă>: 6
<l´>: 6
<zy>: 6
<зd>: 6
<kp>: 6
<∫ǡ>: 6
<ŋ(>: 6
< 1>: 6
<tp>: 6
<p >: 6
<j >: 6
<þ↱>: 6
<dα>: 6
<f >: 6
<ŋp>: 6
<v'>: 6
<ăf>: 6
<mh>: 5
<к↱>: 5
<),>: 5
<b(>: 5
<ǡs>: 5
<ăg>: 5
<ǣ.>: 5
<ǡf>: 5
<uc>: 5
<α->: 5
<ðø>: 5
<lr>: 5
<£þ>: 5
<jp>: 5
<əj>: 5
<)h>: 5
<∫,>: 5
<vd>: 5
<o^>: 5
<fõ>: 5
<kõ>: 5
<.´>: 5
<zǡ>: 5
<æκ>: 5
<´k>: 5
<ãm>: 5
<ä(>: 5
<z'>: 5
<pm>: 5
<n;>: 5
<ö)>: 5
<з,>: 5
<Ne>: 5
<g↱>: 5
<eκ>: 5
<bɑ>: 5
<зs>: 5
<k:>: 5
<кw>: 5
<αr>: 5
<hă>: 5
<↱α>: 5
<tα>: 5
<)d>: 5
<zg>: 5
<-ö>: 5
<ǡb>: 5
<æ,>: 5
<ât>: 5
<gm>: 5
<öz>: 5
<ă∫>: 5
<K->: 5
<fb>: 5
<зk>: 5
<£.>: 5
<lз>: 5
<↱ǣ>: 5
<)v>: 5
<)i>: 5
<y´>: 5
<.ŋ>: 5
<(ö>: 5
<oi>: 5
<)'>: 5
<oз>: 5
<å,>: 4
<þn>: 4
<£ã>: 4
<^£>: 4
<αk>: 4
<^å>: 4
<mɑ>: 4
<eå>: 4
<ǡl>: 4
<ăj>: 4
<j∫>: 4
<þj>: 4
<ăd>: 4
<a`>: 4
<ɑt>: 4
<mg>: 4
<vs>: 4
<u?>: 4
<u,>: 4
<к∫>: 4
<vă>: 4
<´f>: 4
<r´>: 4
<øv>: 4
<£h>: 4
<õ'>: 4
<kă>: 4
<~->: 4
<kǣ>: 4
<aK>: 4
<.,>: 4
<Ks>: 4
<ǣt>: 4
<↱ă>: 4
<'.>: 4
<3å>: 4
<þb>: 4
<fm>: 4
<þo>: 4
<rþ>: 4
<g)>: 4
<râ>: 4
<þf>: 4
<wä>: 4
<tă>: 4
<зv>: 4
<gv>: 4
<rα>: 4
<zh>: 4
<-(>: 4
<ãl>: 4
<õm>: 4
<ãz>: 4
<кv>: 4
<sz>: 4
<´ð>: 4
<õ↱>: 4
<↱ã>: 4
<fw>: 4
<(g>: 4
<iκ>: 4
<tʃ>: 4
< u>: 4
<hv>: 4
<ǡp>: 4
<ẽn>: 4
<α£>: 4
<æ´>: 4
<mα>: 4
<)n>: 4
<kd>: 4
<ăb>: 4
<-þ>: 4
<18>: 4
<lẽ>: 4
<z.>: 4
<ɑ↱>: 4
<-)>: 4
<ŋ >: 4
<wɑ>: 4
<v >: 4
<mk>: 4
<əu>: 4
<ð'>: 4
<£∫>: 4
<zä>: 4
<eo>: 4
<əi>: 4
<^d>: 4
<ãŋ>: 3
<19>: 3
<´e>: 3
<ãi>: 3
<uw>: 3
<' >: 3
<ǡk>: 3
<∫ǣ>: 3
<´d>: 3
<tz>: 3
<↱->: 3
<(u>: 3
<ŋr>: 3
<þg>: 3
<oæ>: 3
<jf>: 3
<ẵz>: 3
<nǣ>: 3
<α↱>: 3
<&ə>: 3
<l(>: 3
<ǣ >: 3
<r3>: 3
<əå>: 3
<(v>: 3
<jb>: 3
<r^>: 3
<þu>: 3
<∫g>: 3
<wt>: 3
<åh>: 3
<öŋ>: 3
<l?>: 3
<âl>: 3
<ð.>: 3
<jh>: 3
<gǣ>: 3
<j(>: 3
<fh>: 3
<ðw>: 3
<öð>: 3
<ẽŋ>: 3
<90>: 3
<þ£>: 3
<kα>: 3
<mv>: 3
<(к>: 3
<∫α>: 3
<öd>: 3
<jă>: 3
<ǡg>: 3
<зl>: 3
<з£>: 3
<кm>: 3
<~t>: 3
<fǣ>: 3
< þ>: 3
<nɑ>: 3
<oe>: 3
<^t>: 3
<£y>: 3
<īn>: 3
<mǣ>: 3
<yh>: 3
<jr>: 3
<(o>: 3
<öb>: 3
<y,>: 3
<ðo>: 3
<gẵ>: 3
<88>: 3
<wα>: 3
<a¨>: 3
<hm>: 3
<å~>: 3
<d(>: 3
<ə&>: 3
<z?>: 3
<ẵm>: 3
<ás>: 3
<'*>: 3
<u)>: 3
<pǡ>: 3
<ẵũ>: 3
<z(>: 3
<b'>: 3
<æå>: 3
<ãз>: 3
<yK>: 3
<"v>: 3
<gh>: 3
<fz>: 3
<´b>: 3
<ög>: 3
<əз>: 3
<rẵ>: 3
<yз>: 3
<bt>: 3
<к)>: 3
<åy>: 3
<bk>: 3
<dt>: 3
<zr>: 3
<vα>: 3
<ae>: 3
<↱ø>: 3
<wj>: 3
<jj>: 3
<ã(>: 3
<y^>: 3
<iä>: 3
<ǡd>: 3
<з↱>: 3
<кy>: 3
<(a>: 3
<ŋ;>: 3
<∫d>: 3
<´,>: 3
<)f>: 3
<əe>: 3
<~↱>: 3
<wă>: 3
<æa>: 3
<lα>: 3
<ow>: 2
<t(>: 2
<.K>: 2
<o?>: 2
<øŋ>: 2
<€i>: 2
<w'>: 2
<з^>: 2
<(w>: 2
<ăl>: 2
<'↱>: 2
<sẵ>: 2
<ø,>: 2
<(↱>: 2
<,->: 2
<mī>: 2
<ey>: 2
<.;>: 2
<sâ>: 2
<-к>: 2
<pǣ>: 2
<¨i>: 2
<∫(>: 2
<z&>: 2
<ŋm>: 2
<ŋn>: 2
<ã >: 2
<αz>: 2
<'1>: 2
<æh>: 2
<tɑ>: 2
<ã?>: 2
<põ>: 2
<j?>: 2
<K∫>: 2
<gb>: 2
<øf>: 2
<gõ>: 2
<aî>: 2
<-â>: 2
<Ou>: 2
<^r>: 2
<æ?>: 2
<ū->: 2
<jz>: 2
<Km>: 2
<`->: 2
<sκ>: 2
<ɑŋ>: 2
<hα>: 2
<aû>: 2
<^æ>: 2
<uã>: 2
<´i>: 2
<ɑk>: 2
<åe>: 2
<wâ>: 2
<zǣ>: 2
<'O>: 2
<ə´>: 2
<lē>: 2
<w)>: 2
<αs>: 2
<æ;>: 2
<↱ʃ>: 2
<å >: 2
<y(>: 2
<ʃe>: 2
<să>: 2
<α´>: 2
<Ke>: 2
<кl>: 2
<t;>: 2
<nẵ>: 2
<aη>: 2
<zp>: 2
<g(>: 2
<ãv>: 2
<e:>: 2
<öз>: 2
<∫S>: 2
<£ɑ>: 2
<3->: 2
<ẵŋ>: 2
<∫ɑ>: 2
<bâ>: 2
<89>: 2
<w↱>: 2
<↱ə>: 2
<~.>: 2
<iö>: 2
<ø´>: 2
<ǡз>: 2
<iÞ>: 2
<(f>: 2
<v)>: 2
<ð >: 2
<ɑr>: 2
<h.>: 2
<tâ>: 2
<g,>: 2
<^n>: 2
<pɑ>: 2
<zα>: 2
<tt>: 2
<3æ>: 2
<ph>: 2
<vp>: 2
<z,>: 2
<ɑj>: 2
<↱ɑ>: 2
<m?>: 2
<øh>: 2
<з?>: 2
<â↱>: 2
<yð>: 2
<Kö>: 2
<ẵa>: 2
<wn>: 2
<αm>: 2
<d?>: 2
<´.>: 2
<yκ>: 2
<lк>: 2
<*£>: 2
<f?>: 2
<ʃa>: 2
<)j>: 2
<nз>: 2
<S->: 2
<gǡ>: 2
<-K>: 2
<td>: 2
<Kh>: 2
<-M>: 2
<) >: 2
<p(>: 2
<e^>: 2
<aæ>: 2
<αg>: 2
<e?>: 2
<)l>: 2
<b↱>: 2
<)?>: 2
<ηə>: 2
<7—>: 2
<kâ>: 2
<þ)>: 2
<)e>: 2
<^ə>: 2
<â£>: 2
<Ma>: 2
<â^>: 2
<ö´>: 2
<↱â>: 2
<jg>: 2
<1u>: 2
<ŋк>: 2
<ã^>: 2
<pα>: 2
<gá>: 2
<ẵn>: 2
<p?>: 2
<ǣd>: 2
<ǡr>: 2
<yv>: 2
<vɑ>: 2
<fü>: 2
<sɑ>: 2
<sc>: 2
<dõ>: 2
<£^>: 2
<lK>: 2
<rκ>: 2
<bõ>: 2
<)a>: 2
<ǣv>: 2
<^ð>: 2
<æ >: 2
<Sm>: 1
<†t>: 1
<bẽ>: 1
<()>: 1
<zȫ>: 1
<3'>: 1
<Kl>: 1
<ür>: 1
<hn>: 1
<«->: 1
<^e>: 1
<3ə>: 1
<ẵs>: 1
<s¨>: 1
<'S>: 1
<õ.>: 1
<ẵi>: 1
<äw>: 1
<öi>: 1
<mm>: 1
< P>: 1
<ẵū>: 1
<ſa>: 1
<ã£>: 1
< ^>: 1
< —>: 1
<äз>: 1
<zk>: 1
<kŭ>: 1
<ô^>: 1
<';>: 1
<ǣn>: 1
<pâ>: 1
<ã∫>: 1
<αp>: 1
<gp>: 1
<iα>: 1
< A>: 1
<"w>: 1
<ão>: 1
<äð>: 1
<~g>: 1
<£·>: 1
<eη>: 1
<Kv>: 1
<`i>: 1
<ð£>: 1
<tà>: 1
<?->: 1
<hd>: 1
<ö«>: 1
< B>: 1
<e€>: 1
<fă>: 1
<tõ>: 1
<Kr>: 1
<v∫>: 1
<g1>: 1
<ēi>: 1
<Кå>: 1
<$ø>: 1
<jó>: 1
<03>: 1
<ãu>: 1
<ŋa>: 1
<ŋз>: 1
<gk>: 1
<r;>: 1
<κs>: 1
<ãh>: 1
<y;>: 1
<dè>: 1
<oh>: 1
<£l>: 1
<sα>: 1
<s^>: 1
<kô>: 1
<h↱>: 1
<īm>: 1
<¨s>: 1
<-—>: 1
<m^>: 1
<η->: 1
<dɑ>: 1
<Læ>: 1
<∫ă>: 1
<gâ>: 1
<.~>: 1
<dà>: 1
<oþ>: 1
<pă>: 1
<e)>: 1
<ŋe>: 1
<ûə>: 1
<s—>: 1
<зp>: 1
<Tr>: 1
<õt>: 1
<кj>: 1
<^f>: 1
<dá>: 1
<m`>: 1
<ǡz>: 1
<õ?>: 1
<õ->: 1
<åK>: 1
<h'>: 1
<^k>: 1
<"z>: 1
<ǡŭ>: 1
<tȫ>: 1
<îl>: 1
<d`>: 1
<ye>: 1
<âs>: 1
<vg>: 1
<zl>: 1
<þ.>: 1
<α∫>: 1
<cu>: 1
< U>: 1
<àf>: 1
<ŋ?>: 1
<õ∫>: 1
<Sæ>: 1
<αl>: 1
<əÞ>: 1
<ân>: 1
< N>: 1
< z>: 1
<rT>: 1
<¨u>: 1
<îm>: 1
<£к>: 1
<s´>: 1
<bз>: 1
<^g>: 1
<´:>: 1
<mẽ>: 1
<-Þ>: 1
<sà>: 1
<^b>: 1
<vẽ>: 1
<j£>: 1
<hs>: 1
<eǡ>: 1
<pv>: 1
<ŭm>: 1
<2j>: 1
<Ki>: 1
<кb>: 1
<ðn>: 1
<mô>: 1
<a">: 1
<S∫>: 1
<dd>: 1
<b >: 1
<Ik>: 1
<w->: 1
<þp>: 1
<кz>: 1
<зh>: 1
< W>: 1
<?,>: 1
<1i>: 1
<nK>: 1
<nc>: 1
<oj>: 1
<oy>: 1
<kk>: 1
<ew>: 1
<cə>: 1
<zõ>: 1
<jα>: 1
<97>: 1
<å&>: 1
<öy>: 1
<.I>: 1
<ü'>: 1
<iy>: 1
<↱K>: 1
<dȫ>: 1
<кä>: 1
<âk>: 1
<αb>: 1
<öK>: 1
<y£>: 1
<ŋ†>: 1
<ǡ'>: 1
<`u>: 1
<əV>: 1
<ä?>: 1
<£ǡ>: 1
<ǡ∫>: 1
<eã>: 1
<əк>: 1
<ză>: 1
<uK>: 1
<æ&>: 1
<ηt>: 1
<bī>: 1
<eä>: 1
<κj>: 1
<Və>: 1
<kg>: 1
<åæ>: 1
<rV>: 1
<ŋi>: 1
<îə>: 1
<æК>: 1
<∫;>: 1
<! >: 1
<ău>: 1
<;(>: 1
<äh>: 1
<↱L>: 1
<.3>: 1
<'•>: 1
<g∫>: 1
<*w>: 1
<ēn>: 1
<èn>: 1
<,ə>: 1
<Þo>: 1
<1æ>: 1
<,(>: 1
<ũ->: 1
<ðă>: 1
<Þf>: 1
<.&>: 1
<y >: 1
<ûn>: 1
<uκ>: 1
<∫∫>: 1
<ȫ↱>: 1
<øy>: 1
<..>: 1
<-ǣ>: 1
<âg>: 1
<Þå>: 1
<— >: 1
<dɔ>: 1
<å">: 1
<ǡ(>: 1
<κn>: 1
<€ä>: 1
<əæ>: 1
<,b>: 1
<ee>: 1
<κ->: 1
<â->: 1
<,n>: 1
<â'>: 1
<ø >: 1
<}b>: 1
<,h>: 1
<Ad>: 1
<ä´>: 1
<ēŋ>: 1
<Sk>: 1
<кǣ>: 1
<dð>: 1
<îk>: 1
<Kn>: 1
<jǣ>: 1
<þv>: 1
<? >: 1
<l~>: 1
<ɑ->: 1
<lɑ>: 1
<'K>: 1
<fī>: 1
<ǡ >: 1
<κe>: 1
<a;>: 1
<dâ>: 1
< ,>: 1
<h∫>: 1
<äu>: 1
<κy>: 1
<mâ>: 1
<z^>: 1
<92>: 1
<sî>: 1
<þs>: 1
<ǣs>: 1
<îк>: 1
<ăū>: 1
<.y>: 1
<('>: 1
<t*>: 1
<зb>: 1
<—9>: 1
<)o>: 1
<∫ī>: 1
<Lə>: 1
<bh>: 1
<l^>: 1
<`ŋ>: 1
<lõ>: 1
<âŋ>: 1
<—1>: 1
<ǡv>: 1
<aS>: 1
<01>: 1
<ðä>: 1
<Jə>: 1
<ŏ->: 1
<ăð>: 1
<∫$>: 1
<*p>: 1
<^î>: 1
<)w>: 1
<iη>: 1
<kŏ>: 1
<tſ>: 1
<lð>: 1
<зü>: 1
<ſe>: 1
<n">: 1
<ðl>: 1
<tS>: 1
<3e>: 1
<ə1>: 1
<a)>: 1
<ó^>: 1
<ao>: 1
<,'>: 1
<†k>: 1
<Ho>: 1
<—->: 1
<ðv>: 1
<hà>: 1
<fd>: 1
<dp>: 1
<H£>: 1
<å€>: 1
<øз>: 1
<"æ>: 1
<t~>: 1
<αã>: 1
<iɑ>: 1
<yã>: 1
<rȫ>: 1
<•y>: 1
<ɑ´>: 1
<´v>: 1
<`ä>: 1
<αd>: 1
<jɑ>: 1
<∫з>: 1
<s}>: 1
<Ch>: 1
<yj>: 1
<ɑm>: 1
<ö£>: 1
<þr>: 1
<↱κ>: 1
<ðm>: 1
<iá>: 1
<ö >: 1
<fg>: 1
<âp>: 1
<oð>: 1
<~æ>: 1
<p,>: 1
<mẵ>: 1
<ī↱>: 1
<àj>: 1
<Ta>: 1
<ô↱>: 1
<''>: 1
<зǡ>: 1
<aã>: 1
<↱y>: 1
<g?>: 1
< K>: 1
<↱´>: 1
<V->: 1
<04>: 1
<gз>: 1
<à^>: 1
<i3>: 1
<öå>: 1
<ȫk>: 1
<øK>: 1
<αt>: 1
<´m>: 1
<rī>: 1
<l2>: 1
<z;>: 1
<αð>: 1
<'3>: 1
<^ >: 1
<Ud>: 1
<Wa>: 1
<âb>: 1
<)g>: 1
<gα>: 1
<80>: 1
< α>: 1
<Bd>: 1
<'ŋ>: 1
<ɔ.>: 1
<r:>: 1
<vē>: 1
< ð>: 1
<(з>: 1
<¨^>: 1
<"m>: 1
<^w>: 1
<(m>: 1
<wy>: 1
<'H>: 1
<å´>: 1
<87>: 1
<zī>: 1
<'c>: 1
<å;>: 1
<ʃæ>: 1
<ã!>: 1
<Pa>: 1
<~з>: 1
<ə^>: 1
<ǣf>: 1
<^∫>: 1
<i&>: 1
<üŋ>: 1
<-´>: 1
< S>: 1
<'€>: 1
<jw>: 1
<´j>: 1
<;->: 1
<vb>: 1
<nð>: 1
<b&>: 1
<æî>: 1
<a†>: 1
<bȫ>: 1
<Ka>: 1
<âr>: 1
<å¨>: 1
<lă>: 1
< .>: 1
<rõ>: 1
<Si>: 1
<øſ>: 1
<5 >: 1
<кf>: 1
<əə>: 1
<vâ>: 1
<õs>: 1
<øð>: 1
<öə>: 1
<—'>: 1
<eə>: 1
<κi>: 1
<j.>: 1
<'к>: 1
<£α>: 1
<Kα>: 1
<ʃt>: 1
<^o>: 1
<к,>: 1
<lẵ>: 1
<κu>: 1
<m8>: 1
<∫K>: 1
<^з>: 1
<£S>: 1
<-.>: 1
<αŋ>: 1
