<\n>: ***UNKNOWN***[10]: 26947
<'>: APOSTROPHE[39]: 16770
<ə>: LATIN SMALL LETTER SCHWA[601]: 15363
<a>: LATIN SMALL LETTER A[97]: 15080
<r>: LATIN SMALL LETTER R[114]: 14340
<i>: LATIN SMALL LETTER I[105]: 13714
<n>: LATIN SMALL LETTER N[110]: 12615
<↱>: UPWARDS ARROW WITH TIP RIGHTWARDS[8625]: 12061
<.>: FULL STOP[46]: 11054
<t>: LATIN SMALL LETTER T[116]: 11050
<->: HYPHEN-MINUS[45]: 9126
<s>: LATIN SMALL LETTER S[115]: 8934
<k>: LATIN SMALL LETTER K[107]: 7917
<l>: LATIN SMALL LETTER L[108]: 7810
<e>: LATIN SMALL LETTER E[101]: 7570
<d>: LATIN SMALL LETTER D[100]: 6693
<b>: LATIN SMALL LETTER B[98]: 6509
<å>: LATIN SMALL LETTER A WITH RING ABOVE[229]: 6369
<m>: LATIN SMALL LETTER M[109]: 5666
<æ>: LATIN SMALL LETTER AE[230]: 5565
<∫>: INTEGRAL[8747]: 5412
<£>: POUND SIGN[163]: 5340
<u>: LATIN SMALL LETTER U[117]: 4685
<o>: LATIN SMALL LETTER O[111]: 3889
<f>: LATIN SMALL LETTER F[102]: 3721
<g>: LATIN SMALL LETTER G[103]: 3465
< >: SPACE[32]: 3402
<j>: LATIN SMALL LETTER J[106]: 3123
<^>: CIRCUMFLEX ACCENT[94]: 2741
<v>: LATIN SMALL LETTER V[118]: 2728
<p>: LATIN SMALL LETTER P[112]: 2697
<z>: LATIN SMALL LETTER Z[122]: 1985
<h>: LATIN SMALL LETTER H[104]: 1950
<з>: CYRILLIC SMALL LETTER ZE[1079]: 1892
<ä>: LATIN SMALL LETTER A WITH DIAERESIS[228]: 1865
<ŋ>: LATIN SMALL LETTER ENG[331]: 1679
<ã>: LATIN SMALL LETTER A WITH TILDE[227]: 1559
<w>: LATIN SMALL LETTER W[119]: 1471
<y>: LATIN SMALL LETTER Y[121]: 1190
<ö>: LATIN SMALL LETTER O WITH DIAERESIS[246]: 830
<ø>: LATIN SMALL LETTER O WITH STROKE[248]: 739
<,>: COMMA[44]: 589
<*>: ASTERISK[42]: 527
<)>: RIGHT PARENTHESIS[41]: 492
<(>: LEFT PARENTHESIS[40]: 482
<þ>: LATIN SMALL LETTER THORN[254]: 460
<ǡ>: LATIN SMALL LETTER A WITH DOT ABOVE AND MACRON[481]: 439
<´>: ACUTE ACCENT[180]: 407
<ð>: LATIN SMALL LETTER ETH[240]: 378
<к>: CYRILLIC SMALL LETTER KA[1082]: 372
<?>: QUESTION MARK[63]: 246
<ă>: LATIN SMALL LETTER A WITH BREVE[259]: 209
<ǣ>: LATIN SMALL LETTER AE WITH MACRON[483]: 144
<K>: LATIN CAPITAL LETTER K[75]: 87
<α>: GREEK SMALL LETTER ALPHA[945]: 71
<ɑ>: LATIN SMALL LETTER ALPHA[593]: 60
<;>: SEMICOLON[59]: 48
<:>: COLON[58]: 43
<~>: TILDE[126]: 40
<â>: LATIN SMALL LETTER A WITH CIRCUMFLEX[226]: 37
<κ>: GREEK SMALL LETTER KAPPA[954]: 31
<ſ>: LATIN SMALL LETTER LONG S[383]: 28
<õ>: LATIN SMALL LETTER O WITH TILDE[245]: 28
<ẵ>: LATIN SMALL LETTER A WITH BREVE AND TILDE[7861]: 18
<3>: DIGIT THREE[51]: 13
<1>: DIGIT ONE[49]: 13
<&>: AMPERSAND[38]: 10
<c>: LATIN SMALL LETTER C[99]: 9
<8>: DIGIT EIGHT[56]: 8
<">: QUOTATION MARK[34]: 7
<S>: LATIN CAPITAL LETTER S[83]: 7
<ẽ>: LATIN SMALL LETTER E WITH TILDE[7869]: 7
<ī>: LATIN SMALL LETTER I WITH MACRON[299]: 7
<ʃ>: LATIN SMALL LETTER ESH[643]: 6
<`>: GRAVE ACCENT[96]: 6
<9>: DIGIT NINE[57]: 6
<—>: EM DASH[8212]: 5
<î>: LATIN SMALL LETTER I WITH CIRCUMFLEX[238]: 5
<¨>: DIAERESIS[168]: 5
<N>: LATIN CAPITAL LETTER N[78]: 5
<ȫ>: LATIN SMALL LETTER O WITH DIAERESIS AND MACRON[555]: 5
<á>: LATIN SMALL LETTER A WITH ACUTE[225]: 4
<à>: LATIN SMALL LETTER A WITH GRAVE[224]: 4
<0>: DIGIT ZERO[48]: 4
<η>: GREEK SMALL LETTER ETA[951]: 4
<Þ>: LATIN CAPITAL LETTER THORN[222]: 4
<ü>: LATIN SMALL LETTER U WITH DIAERESIS[252]: 3
<ē>: LATIN SMALL LETTER E WITH MACRON[275]: 3
<ũ>: LATIN SMALL LETTER U WITH TILDE[361]: 3
<€>: EURO SIGN[8364]: 3
<O>: LATIN CAPITAL LETTER O[79]: 2
<M>: LATIN CAPITAL LETTER M[77]: 2
<L>: LATIN CAPITAL LETTER L[76]: 2
<û>: LATIN SMALL LETTER U WITH CIRCUMFLEX[251]: 2
<7>: DIGIT SEVEN[55]: 2
<2>: DIGIT TWO[50]: 2
<V>: LATIN CAPITAL LETTER V[86]: 2
<ô>: LATIN SMALL LETTER O WITH CIRCUMFLEX[244]: 2
<†>: DAGGER[8224]: 2
<ū>: LATIN SMALL LETTER U WITH MACRON[363]: 2
<H>: LATIN CAPITAL LETTER H[72]: 2
<T>: LATIN CAPITAL LETTER T[84]: 2
<ŭ>: LATIN SMALL LETTER U WITH BREVE[365]: 2
<J>: LATIN CAPITAL LETTER J[74]: 1
<$>: DOLLAR SIGN[36]: 1
<P>: LATIN CAPITAL LETTER P[80]: 1
<W>: LATIN CAPITAL LETTER W[87]: 1
<C>: LATIN CAPITAL LETTER C[67]: 1
<5>: DIGIT FIVE[53]: 1
<4>: DIGIT FOUR[52]: 1
<è>: LATIN SMALL LETTER E WITH GRAVE[232]: 1
<·>: MIDDLE DOT[183]: 1
<ŏ>: LATIN SMALL LETTER O WITH BREVE[335]: 1
<•>: BULLET[8226]: 1
<U>: LATIN CAPITAL LETTER U[85]: 1
<ɔ>: LATIN SMALL LETTER OPEN O[596]: 1
<«>: LEFT-POINTING DOUBLE ANGLE QUOTATION MARK[171]: 1
<A>: LATIN CAPITAL LETTER A[65]: 1
<B>: LATIN CAPITAL LETTER B[66]: 1
<!>: EXCLAMATION MARK[33]: 1
<К>: CYRILLIC CAPITAL LETTER KA[1050]: 1
<ó>: LATIN SMALL LETTER O WITH ACUTE[243]: 1
<}>: RIGHT CURLY BRACKET[125]: 1
<I>: LATIN CAPITAL LETTER I[73]: 1
