1-9:<chapter name="Medarbejdere">
1-10:<i>Munch-Petersen, J.</i>, Docent <i>(J. M-P.)</i>
1-11:<h1>A</h1>
2-7:<chapter name="Medarbejdere">
2-8:<i>Møller, Jørgen</i>, Dr. med. <i>(J. M.)</i>
2-9:<h1>A</h1>
3-7:<chapter name="Medarbejdere">
3-8:<i>Nieuwenhuis, P.</i>, Generalmajor <i>(P. Nw.)</i>
3-9:<h1>B</h1>
4-7:<chapter name="Medarbejdere">
4-8:<i>Nieuwenhuis, P.</i>, Generalmajor <i>(P. Nw.)</i>
4-9:<h1>B</h1>
5-7:<h1>I DETTE BIND FINDES SIGNEREDE ARTIKLER AF FØLGENDE FAG-
5-8:<i>Nieuwenhuis, P.</i>, Generalmajor (<i>P. Nw.</i>)
5-9:<h1>C</h1>
6-7:<h1>I DETTE BIND FINDES SIGNEREDE ARTIKLER AF FØLGENDE FAG-
6-8:<i>Nyrop, Kr.</i>, Professor (<i>Kr. N.</i>)
6-9:<h1>D</h1></chapter>
7-7:<chapter name="Medarbejdere">
7-8:<i>Nieuwenhuis, P.</i>, Generalmajor (<i>P. Nw.</i>)
7-9:<h1>E</h1>
8-9:<chapter name="Medarbejdere">
8-10:<i>Nieuwenhuis, P.</i>, Generalmajor <i>(P. Nw.)</i>
8-11:<h1>F</h1>
9-10:<chapter name="Medarbejdere">
9-11:<i>Olrik, J.,</i> Museumsinspektør <i>(J. O)</i>
9-12:<h1>F</h1>
10-9:<chapter name="Medarbejdere">
10-10:<i>Olrik, H.</i>, Professor <i>(H. O.)</i>
10-11:<h1>G</h1>
11-7:<chapter name="Medarbejdere">
11-8:<i>Olrik, H.</i>, Professor <i>(H. O.)</i>
11-9:<h1>H</h1>
12-7:<chapter name="Medarbejdere">
12-8:<i>Olrik, J.</i>, Museumsinspektør (<i>J. O.</i>)
12-9:<h1>H</h1>
13-7:<chapter name="Medarbejdere">
13-8:<i>Nielsen, Ch. V.</i>, Landretssagfører <i>(Ch. V. N.)</i>
13-9:<h1>J</h1>
14-7:<chapter name="Medarbejdere">
14-8:<i>Nieuwenhuis, P.</i>, Generalmajor <i>(P. Nw.)</i>
14-9:<h1>K</h1>
15-7:<chapter name="Medarbejdere">
15-8:<i>Rasch, C.</i>, Professor <i>(C. Rch.)</i>
15-9:<h1>K</h1>
16-11:<chapter name="Medarbejdere">
16-12:<i>Rubin, Edg.</i>, Professor <i>(Edg. R.)</i>
16-13:<h1>L</h1>
17-11:<chapter name="Medarbejdere">
17-12:<br><i>Sand, M.</i>, Oberst <i>(M. S.)</i>
17-13:<h1>M</h1>
18-9:<chapter name="Medarbejdere">
18-10:<i>Sand, M.</i>, Oberst <i>(M. S.)</i>
18-11:<b><h1>N</h1></b>
19-9:<chapter name="Medarbejdere">
19-10:<i>Schaldemose, V.</i>, Professor <i>(V. Sch.)</i>
19-11:<b><h1>P</h1></b>
20-7:<chapter name="Medarbejdere">
20-8:<i>Schat Petersen, K.</i>, Kaptajn <i>(Sch. P.)</i>
20-9:<h1>R</h1>
21-7:<chapter name="Medarbejdere">
21-8:<i>Schnitler, C. W.</i>, Professor (Oslo) <i>(C. W. Sch.)</i>
21-9:<h1>S</h1>
22-7:<chapter name="Medarbejdere">
22-8:<i>Petersen, Helge-</i>, Afdelingsmeteorolog <i>(H.-P.)</i>
22-9:<h1>S</h1>
23-7:<chapter name="Medarbejdere">
23-8:<i>Petersen, Helge-</i>, Afdelingsmeteorolog <i>(H.-P.)</i>
23-9:<h1>T</h1>
24-7:<chapter name="Medarbejdere">
24-8:<i>Rasch, C.</i>, Dr. med., Professor <i>(C. Rch.)</i>
24-9:<h1>T</h1>
25-953:<chapter name="Medarbejdere">
25-954:<i>Degerbøl, M.</i>, Cand. mag. <i>(M. D.)</i>
25-955:<i>Knudsen, G.</i>, Cand. mag. <i>(G. K-n)</i>
26-1131:<chapter name="Medarbejdere">
26-1132:<i>J. Ø.</i>: Professor, Dr. phil. J. Østrup.
26-1133:<h1>FORTEGNELSE OVER ILLUSTRATIONER.
