# salmonsen/2/8/Pages.lst
#
0001|fra Forlaget
0002|(blank)
0003|smudstitel
0004|(blank)
0005|titelside
0006|(blank)
0007|iii
0008|iv
0009|v
0010|vi
0011|1
0012|2
0013|3
0014|4
0015|5
0016|6
0017|7
0018|8
0019|Kort over Ækvatorialzonen
0020|(blank)
0021|Kort over den nordlige Himmel
0022|Kort over den sydlige Himmel
0023|9
0024|10
0025|11
0026|12
0027|13
0028|14
0029|15
0030|16
0031|17
0032|18
0033|19
0034|20
0035|21
0036|22
0037|23
0038|24
0039|25
0040|26
0041|27
0042|28
0043|29
0044|30
0045|31
0046|32
0047|33
0048|34
0049|35
0050|36
0051|37
0052|38
0053|39
0054|40
0055|41
0056|42
0057|43
0058|44
0059|45
0060|46
0061|47
0062|48
0063|49
0064|50
0065|51
0066|52
0067|53
0068|54
0069|55
0070|56
0071|57
0072|58
0073|59
0074|60
0075|61
0076|62
0077|63
0078|64
0079|65
0080|66
0081|67
0082|68
0083|Finland
# planschens baksida inte scannad, varför i fortsättningen udda
# filnamn svarar mot jämna sidnummer.
0084|69
0085|70
0086|71
0087|72
0088|73
0089|74
0090|75
0091|76
0092|77
0093|78
0094|79
0095|80
0096|81
0097|82
0098|83
0099|84
0100|85
0101|86
0102|87
0103|88
0104|89
0105|90
0106|91
0107|92
0108|93
0109|94
0110|95
0111|96
0112|97
0113|98
0114|99
0115|100
0116|101
0117|102
0118|103
0119|104
0120|105
0121|106
0122|107
0123|108
0124|109
0125|110
0126|111
0127|112
0128|113
0129|114
0130|115
0131|116
0132|Firenze
0133|(blank)
0134|117
0135|118
0136|119
0137|120
0138|121
0139|122
0140|123
0141|124
0142|125
0143|126
0144|127
0145|128
0146|129
0147|130
0148|131
0149|132
0150|133
0151|134
0152|135
0153|136
0154|Ferskvandsfisk
0155|Saltvandsfisk
0156|137
0157|138
0158|139
0159|140
0160|141
0161|142
0162|143
0163|144
0164|145
0165|146
0166|147
0167|148
0168|149
0169|150
0170|151
0171|152
0172|Fiskeredskaber
0173|Fiskeredskaber
0174|153
0175|154
0176|155
0177|156
0178|157
0179|158
0180|159
0181|160
0182|161
0183|162
0184|163
0185|164
0186|165
0187|166
0188|167
0189|168
0190|169
0191|170
0192|171
0193|172
0194|173
0195|174
0196|175
0197|176
0198|177
0199|178
0200|179
0201|180
0202|181
0203|182
0204|183
0205|184
0206|185
0207|186
0208|187
0209|188
0210|189
0211|190
0212|191
0213|192
0214|193
0215|194
0216|195
0217|196
0218|197
0219|198
0220|199
0221|200
0222|201
0223|202
0224|203
0225|204
0226|Flagkort
0227|(blank)
0228|205
0229|206
0230|207
0231|208
0232|209
0233|210
0234|211
0235|212
0236|213
0237|214
0238|215
0239|216
0240|217
0241|218
0242|219
0243|220
0244|221
0245|222
0246|223
0247|224
0248|225
0249|226
0250|227
0251|228
0252|229
0253|230
0254|231
0255|232
0256|233
0257|234
0258|235
0259|236
0260|237
0261|238
0262|239
0263|240
0264|241
0265|242
0266|243
0267|244
0268|245
0269|246
0270|247
0271|248
0272|249
0273|250
0274|251
0275|252
0276|253
0277|254
0278|255
0279|256
0280|257
0281|258
0282|259
0283|260
0284|261
0285|262
0286|263
0287|264
0288|265
0289|266
0290|267
0291|268
0292|269
0293|270
0294|271
0295|272
0296|273
0297|274
0298|275
0299|276
0300|277
0301|278
0302|279
0303|280
0304|281
0305|282
0306|283
0307|284
0308|285
0309|286
0310|287
0311|288
0312|Flyvebaad
0313|(blank)
0314|289
0315|290
0316|291
0317|292
0318|293
0319|294
0320|295
0321|296
0322|Flyvemaskiner I
0323|Flyvemaskiner II
0324|Flyvemaskiner III
0325|Flyvemaskiner IV
0326|297
0327|298
0328|299
0329|300
0330|301
0331|302
0332|303
0333|304
0334|305
0335|306
0336|307
0337|308
0338|309
0339|310
0340|311
0341|312
0342|313
0343|314
0344|315
0345|316
0346|317
0347|318
0348|319
0349|320
0350|321
0351|322
0352|Foder-Bælgplanter. Foder-Græsser
0353|(blank)
0354|323
0355|324
0356|325
0357|326
0358|327
0359|328
0360|329
0361|330
0362|331
0363|332
0364|333
0365|334
0366|335
0367|336
0368|337
0369|338
0370|339
0371|340
0372|341
0373|342
0374|343
0375|344
0376|345
0377|346
0378|347
0379|348
0380|Folkebiblioteker
0381|Folkebiblioteker
0382|349
0383|350
0384|351
0385|352
0386|353
0387|354
0388|355
0389|356
0390|357
0391|358
0392|359
0393|360
0394|361
0395|362
0396|363
0397|364
0398|365
0399|366
0400|367
0401|368
0402|369
0403|370
0404|371
0405|372
0406|373
0407|374
0408|375
0409|376
0410|377
0411|378
0412|379
0413|380
0414|381
0415|382
0416|383
0417|384
0418|385
0419|386
0420|387
0421|388
0422|389
0423|390
0424|391
0425|392
0426|393
0427|394
0428|395
0429|396
0430|397
0431|398
0432|399
0433|400
0434|401
0435|402
0436|403
0437|404
0438|405
0439|406
0440|407
0441|408
0442|409
0443|410
0444|411
0445|412
0446|413
0447|414
0448|415
0449|416
0450|417
0451|418
0452|419
0453|420
0454|421
0455|422
0456|423
0457|424
0458|425
0459|426
0460|427
0461|428
0462|429
0463|430
0464|431
0465|432
0466|433
0467|434
0468|435
0469|436
0470|437
0471|438
0472|439
0473|440
0474|441
0475|442
0476|443
0477|444
0478|445
0479|446
0480|447
0481|448
0482|449
0483|450
0484|451
0485|452
0486|453
0487|454
0488|455
0489|456
0490|457
0491|458
0492|459
0493|460
0494|461
0495|462
0496|Forindien, Belutshistan, Birma
0497|(blank)
0498|463
0499|464
0500|465
0501|466
0502|467
0503|468
0504|469
0505|470
0506|471
0507|472
0508|473
0509|474
0510|475
0511|476
0512|477
0513|478
0514|479
0515|480
0516|481
0517|482
0518|483
0519|484
0520|485
0521|486
0522|487
0523|488
0524|489
0525|490
0526|491
0527|492
0528|493
0529|494
0530|495
0531|496
0532|497
0533|498
0534|499
0535|500
0536|501
0537|502
0538|503
0539|504
0540|505
0541|506
0542|507
0543|508
0544|509
0545|510
0546|511
0547|512
0548|513
0549|514
0550|515
0551|516
0552|517
0553|518
0554|519
0555|520
0556|521
0557|522
0558|523
0559|524
0560|Forstinsekter
0561|Forstinsekter
0562|525
0563|526
0564|527
0565|528
0566|529
0567|530
0568|531
0569|532
0570|533
0571|534
0572|535
0573|536
0574|537
0575|538
0576|539
0577|540
0578|541
0579|542
0580|543
0581|544
0582|545
0583|546
0584|547
0585|548
0586|549
0587|550
0588|551
0589|552
0590|553
0591|554
0592|555
0593|556
0594|557
0595|558
0596|559
0597|560
0598|561
0599|562
0600|563
0601|564
0602|565
0603|566
0604|567
0605|568
0606|569
0607|570
0608|571
0609|572
0610|573
0611|574
0612|575
0613|576
0614|577
0615|578
0616|579
0617|580
0618|581
0619|582
0620|583
0621|584
0622|585
0623|586
0624|587
0625|588
0626|589
0627|590
0628|591
0629|592
0630|593
0631|594
0632|595
0633|596
0634|597
0635|598
0636|599
0637|600
0638|601
0639|602
0640|603
0641|604
0642|605
0643|606
0644|607
0645|608
0646|609
0647|610
0648|611
0649|612
0650|613
0651|614
0652|615
0653|616
0654|617
0655|618
0656|619
0657|620
0658|621
0659|622
0660|623
0661|624
0662|625
0663|626
0664|627
0665|628
0666|629
0667|630
0668|631
0669|632
0670|633
0671|634
0672|635
0673|636
0674|637
0675|638
0676|639
0677|640
0678|641
0679|642
0680|643
0681|644
0682|645
0683|646
0684|647
0685|648
0686|649
0687|650
0688|651
0689|652
0690|653
0691|654
0692|655
0693|656
0694|657
0695|658
0696|Frankrig
0697|(blank)
0698|659
0699|660
0700|661
0701|662
0702|663
0703|664
0704|665
0705|666
0706|667
0707|668
0708|669
0709|670
0710|671
0711|672
0712|673
0713|674
0714|675
0715|676
0716|677
0717|678
0718|679
0719|680
0720|681
0721|682
0722|683
0723|684
0724|685
0725|686
0726|687
0727|688
0728|689
0729|690
0730|691
0731|692
0732|693
0733|694
0734|695
0735|696
0736|697
0737|698
0738|699
0739|700
0740|701
0741|702
0742|703
0743|704
0744|705
0745|706
0746|707
0747|708
0748|709
0749|710
0750|711
0751|712
0752|713
0753|714
0754|715
0755|716
0756|717
0757|718
0758|719
0759|720
0760|721
0761|722
0762|723
0763|724
0764|725
0765|726
0766|727
0767|728
0768|729
0769|730
0770|731
0771|732
0772|733
0773|734
0774|735
0775|736
0776|737
0777|738
0778|739
0779|740
0780|741
0781|742
0782|743
0783|744
0784|745
0785|746
0786|747
0787|748
0788|749
0789|750
0790|751
0791|752
0792|753
0793|754
0794|755
0795|756
0796|757
0797|758
0798|759
0799|760
0800|761
0801|762
0802|763
0803|764
0804|765
0805|766
0806|767
0807|768
0808|769
0809|770
0810|771
0811|772
0812|773
0813|774
0814|775
0815|776
0816|777
0817|778
0818|779
0819|780
0820|781
0821|782
0822|783
0823|784
0824|785
0825|786
0826|787
0827|788
0828|789
0829|790
0830|791
0831|792
0832|793
0833|794
0834|795
0835|796
0836|797
0837|798
0838|799
0839|800
0840|801
0841|802
0842|803
0843|804
0844|805
0845|806
0846|807
0847|808
0848|809
0849|810
0850|811
0851|812
0852|813
0853|814
0854|815
0855|816
0856|817
0857|818
0858|819
0859|820
0860|Fredensborg
0861|(blank)
0862|821
0863|822
0864|823
0865|824
0866|825
0867|826
0868|827
0869|828
0870|829
0871|830
0872|831
0873|832
0874|833
0875|834
0876|835
0877|836
0878|837
0879|838
0880|839
0881|840
0882|841
0883|842
0884|843
0885|844
0886|845
0887|846
0888|847
0889|848
0890|849
0891|850
0892|851
0893|852
0894|853
0895|854
0896|855
0897|856
0898|857
0899|858
0900|859
0901|860
0902|861
0903|862
0904|863
0905|864
0906|865
0907|866
0908|867
0909|868
0910|869
0911|870
0912|871
0913|872
0914|Frederiksbergs Slot. I
0915|Frederiksbergs Slot. II
0916|Frederiksborg. I
0917|Frederiksborg. II
0918|873
0919|874
0920|875
0921|876
0922|877
0923|878
0924|879
0925|880
0926|881
0927|882
0928|883
0929|884
0930|885
0931|886
0932|887
0933|888
0934|889
0935|890
0936|891
0937|892
0938|893
0939|894
0940|895
0941|896
0942|897
0943|898
0944|899
0945|900
0946|901
0947|902
0948|903
0949|904
0950|905
0951|906
0952|907
0953|908
0954|909
0955|910
0956|911
0957|912
0958|913
0959|914
0960|915
0961|916
0962|917
0963|918
0964|919
0965|920
0966|921
0967|922
0968|923
0969|924
0970|925
0971|926
0972|927
0973|928
0974|929
0975|930
0976|931
0977|932
0978|933
0979|934
0980|935
0981|936
0982|937
0983|938
0984|939
0985|940
0986|941
0987|942
0988|943
0989|944
0990|945
0991|946
0992|947
0993|948
0994|949
0995|950
0996|951
0997|(blank)
#
#
