# salmonsen/2/5/Pages.lst
#
0001|smudstitel
0002|(blank)
0003|titelside
0004|(blank)
0005|iii
0006|iv
0007|v
0008|vi
0009|1
0010|2
0011|3
0012|4
0013|5
0014|6
0015|7
0016|8
0017|9
0018|10
0019|11
0020|12
0021|13
0022|14
0023|15
0024|16
0025|17
0026|18
0027|19
0028|20
0029|21
0030|22
0031|23
0032|24
0033|25
0034|26
0035|27
0036|28
0037|29
0038|30
0039|31
0040|32
0041|33
0042|34
0043|35
0044|36
0045|37
0046|38
0047|39
0048|40
0049|41
0050|42
0051|43
0052|44
0053|45
0054|46
0055|47
0056|48
0057|49
0058|50
0059|51
0060|52
0061|53
0062|54
0063|55
0064|56
0065|57
0066|58
0067|59
0068|60
0069|61
0070|62
0071|63
0072|64
0073|65
0074|66
0075|67
0076|68
0077|69
0078|70
0079|71
0080|72
0081|73
0082|74
0083|75
0084|76
0085|77
0086|78
0087|79
0088|80
0089|81
0090|82
0091|83
0092|84
0093|85
0094|86
0095|87
0096|88
0097|89
0098|90
0099|91
0100|92
0101|93
0102|94
0103|95
0104|96
0105|97
0106|98
0107|99
0108|100
0109|101
0110|102
0111|103
0112|104
0113|105
0114|106
0115|107
0116|108
0117|109
0118|110
0119|111
0120|112
0121|113
0122|114
0123|115
0124|116
0125|117
0126|118
0127|119
0128|120
0129|121
0130|122
0131|123
0132|124
0133|125
0134|126
0135|127
0136|128
0137|129
0138|130
0139|131
0140|132
0141|133
0142|134
0143|135
0144|136
0145|137
0146|138
0147|139
0148|140
0149|141
0150|142
0151|143
0152|144
0153|145
0154|146
0155|147
0156|148
0157|149
0158|150
0159|151
0160|152
0161|153
0162|154
0163|155
0164|156
0165|157
0166|158
0167|159
0168|160
0169|161
0170|162
0171|163
0172|164
0173|165
0174|166
0175|167
0176|168
0177|169
0178|170
0179|171
0180|172
0181|173
0182|174
0183|175
0184|176
0185|177
0186|178
0187|179
0188|180
0189|181
0190|182
0191|183
0192|184
0193|185
0194|186
0195|187
0196|188
0197|189
0198|190
0199|191
0200|192
0201|193
0202|194
0203|195
0204|196
0205|197
0206|198
0207|199
0208|200
0209|201
0210|202
0211|203
0212|204
0213|205
0214|206
0215|207
0216|208
0217|209
0218|210
0219|211
0220|212
0221|213
0222|214
0223|215
0224|216
0225|217
0226|218
0227|219
0228|220
0229|221
0230|222
0231|223
0232|224
0233|225
0234|226
0235|227
0236|228
0237|229
0238|230
0239|231
0240|232
0241|233
0242|234
0243|235
0244|236
0245|237
0246|238
0247|239
0248|240
0249|241
0250|242
0251|243
0252|244
0253|245
0254|246
0255|247
0256|248
0257|249
0258|250
0259|251
0260|252
0261|253
0262|254
0263|255
0264|256
0265|257
0266|258
0267|259
0268|260
0269|261
0270|262
0271|263
0272|264
0273|265
0274|266
0275|267
0276|268
0277|269
0278|270
0279|271
0280|272
0281|273
0282|274
0283|275
0284|276
0285|277
0286|278
0287|279
0288|280
0289|281
0290|282
0291|283
0292|284
0293|285
0294|286
0295|287
0296|288
0297|289
0298|290
0299|291
0300|292
0301|293
0302|294
0303|295
0304|296
0305|297
0306|298
0307|299
0308|300
0309|301
0310|302
0311|303
0312|304
0313|305
0314|306
0315|307
0316|308
0317|309
0318|310
0319|311
0320|312
0321|313
0322|314
0323|315
0324|316
0325|317
0326|318
0327|319
0328|320
0329|321
0330|322
0331|323
0332|324
0333|325
0334|326
0335|327
0336|328
0337|329
0338|330
0339|331
0340|332
0341|333
0342|334
0343|335
0344|336
0345|337
0346|338
0347|339
0348|340
0349|341
0350|342
0351|343
0352|344
0353|345
0354|346
0355|347
0356|348
0357|349
0358|350
0359|351
0360|352
0361|353
0362|354
0363|355
0364|356
0365|357
0366|358
0367|359
0368|360
0369|361
0370|362
0371|363
0372|364
0373|365
0374|366
0375|367
0376|368
0377|369
0378|370
0379|371
0380|372
0381|373
0382|374
0383|375
0384|376
0385|377
0386|378
0387|379
0388|380
0389|381
0390|382
0391|383
0392|384
0393|385
0394|386
0395|387
0396|388
0397|389
0398|390
0399|391
0400|392
0401|393
0402|394
0403|395
0404|396
0405|397
0406|398
0407|399
0408|400
0409|401
0410|402
0411|403
0412|404
0413|405
0414|406
0415|407
0416|408
0417|409
0418|410
0419|411
0420|412
0421|413
0422|414
0423|415
0424|416
0425|417
0426|418
0427|419
0428|420
0429|421
0430|422
0431|423
0432|424
0433|425
0434|426
0435|427
0436|428
0437|429
0438|430
0439|431
0440|432
0441|433
0442|434
0443|435
0444|436
0445|Dahlia I
0446|Dahlia II
0447|437
0448|438
0449|439
0450|440
0451|441
0452|442
0453|443
0454|444
0455|445
0456|446
0457|447
0458|448
0459|449
0460|450
0461|451
0462|452
0463|453
0464|454
0465|455
0466|456
0467|457
0468|458
0469|459
0470|460
0471|461
0472|462
0473|463
0474|464
0475|Dambrug
0476|(blank)
0477|465
0478|466
0479|467
0480|468
0481|469
0482|470
0483|471
0484|472
0485|473
0486|474
0487|Damfærge
0488|(blank)
0489|475
0490|476
0491|477
0492|478
0493|479
0494|480
0495|481
0496|482
0497|483
0498|484
0499|485
0500|486
0501|487
0502|488
0503|489
0504|490
0505|491
0506|492
0507|493
0508|494
0509|495
0510|496
0511|497
0512|498
0513|499
0514|500
0515|Dampskib
0516|Dampskib
0517|Dampskib
0518|Dampskib (Bagside)
0519|501
0520|502
0521|503
0522|504
0523|505
0524|506
0525|507
0526|508
0527|509
0528|510
0529|511
0530|512
0531|513
0532|514
0533|515
0534|516
0535|517
0536|518
0537|519
0538|520
0539|521
0540|522
0541|523
0542|524
0543|525
0544|526
0545|527
0546|528
0547|529
0548|530
0549|531
0550|532
0551|Danmark. Stifter
0552|(blank)
0553|533
0554|534
0555|535
0556|536
0557|537
0558|538
0559|Höjdekort over Danmark
0560|(blank)
0561|539
0562|540
0563|Geologisk Kort over Danmark
0564|(blank)
0565|541
0566|542
0567|543
0568|544
0569|545
0570|546
0571|547
0572|548
0573|549
0574|550
0575|551
0576|552
0577|Befolkningskort over Danmark
0578|(blank)
0579|553
0580|554
0581|555
0582|556
0583|557
0584|558
0585|559
0586|560
0587|561
0588|562
0589|563
0590|564
0591|565
0592|566
0593|567
0594|568
0595|569
0596|570
0597|571
0598|572
0599|573
0600|574
0601|575
0602|576
0603|577
0604|578
0605|579
0606|580
0607|581
0608|582
0609|583
0610|584
0611|585
0612|586
0613|587
0614|588
0615|589
0616|590
0617|591
0618|592
0619|593
0620|594
0621|595
0622|596
0623|597
0624|598
0625|599
0626|600
0627|601
0628|602
0629|603
0630|604
0631|605
0632|606
0633|607
0634|608
0635|609
0636|610
0637|611
0638|612
0639|613
0640|614
0641|615
0642|616
0643|617
0644|618
0645|619
0646|620
0647|Danmark - Samfærdselsmidler
0648|(blank)
0649|621
0650|622
0651|Kort over Faste danske Person- og Fragt-Ruter
0652|(blank)
0653|623
0654|624
0655|625
0656|626
0657|627
0658|628
0659|629
0660|630
0661|631
0662|632
0663|633
0664|634
0665|635
0666|636
0667|637
0668|638
0669|639
0670|640
0671|641
0672|642
0673|643
0674|644
0675|645
0676|646
0677|647
0678|648
0679|649
0680|650
0681|651
0682|652
0683|653
0684|654
0685|655
0686|656
0687|657
0688|658
0689|659
0690|660
0691|661
0692|662
0693|663
0694|664
0695|665
0696|666
0697|667
0698|668
0699|669
0700|670
0701|671
0702|672
0703|Danmarks Kunst I
0704|Danmarks Kunst II
0705|Danmarks Kunst III
0706|Danmarks Kunst IV
0707|Danmarks Kunst V
0708|Danmarks Kunst VI
0709|Danmarks Kunst VII
0710|Danmarks Kunst VIII
0711|Danmarks Kunst IX
0712|Danmarks Kunst X
0713|Danmarks Kunst XI
0714|Danmarks Kunst XII
0715|Danmarks Kunst XIII
0716|Danmarks Kunst XIV
0717|Danmarks Kunst XV
0718|Danmarks Kunst XVI
0719|Danmarks Kunst XVII
0720|Danmarks Kunst XVIII
0721|Danmarks Kunst XIX
0722|Danmarks Kunst XX
0723|Danmarks Kunst XXI
0724|Danmarks Kunst XXII
0725|Danmarks Kunst XXIII
0726|Danmarks Kunst XXIV
0727|Danmarks Kunst XXV
0728|Danmarks Kunst XXVI
0729|Danmarks Kunst XXVII
0730|Danmarks Kunst XXVIII
0731|Danmarks Kunst XXIX
0732|Danmarks Kunst XXX
0733|Danmarks Kunst XXXI
0734|Danmarks Kunst XXXII
0735|673
0736|674
0737|675
0738|676
0739|677
0740|678
0741|679
0742|680
0743|681
0744|682
0745|683
0746|684
0747|685
0748|686
0749|687
0750|688
0751|689
0752|690
0753|691
0754|692
0755|693
0756|694
0757|695
0758|696
0759|697
0760|698
0761|699
0762|700
0763|701
0764|702
0765|703
0766|704
0767|705
0768|706
0769|707
0770|708
0771|709
0772|710
0773|711
0774|712
0775|713
0776|714
0777|715
0778|716
0779|717
0780|718
0781|719
0782|720
0783|721
0784|722
0785|723
0786|724
0787|725
0788|726
0789|727
0790|728
0791|729
0792|730
0793|731
0794|732
0795|733
0796|734
0797|735
0798|736
0799|737
0800|738
0801|739
0802|740
0803|741
0804|742
0805|743
0806|744
0807|745
0808|746
0809|747
0810|748
0811|749
0812|750
0813|751
0814|752
0815|753
0816|754
0817|755
0818|756
0819|757
0820|758
0821|759
0822|760
0823|761
0824|762
0825|763
0826|764
0827|765
0828|766
0829|Danske Flag
0830|(blank)
0831|767
0832|768
0833|Christian IV.s Krone
0834|(blank)
0835|769
0836|770
0837|771
0838|772
0839|773
0840|774
0841|775
0842|776
0843|777
0844|778
0845|Det danske Rigsvaaben
0846|(blank)
0847|779
0848|780
0849|781
0850|782
0851|783
0852|784
0853|785
0854|786
0855|787
0856|788
0857|789
0858|790
0859|791
0860|792
0861|793
0862|794
0863|795
0864|796
0865|797
0866|798
0867|799
0868|800
0869|801
0870|802
0871|803
0872|804
0873|805
0874|806
0875|807
0876|808
0877|809
0878|810
0879|811
0880|812
0881|813
0882|814
0883|815
0884|816
0885|817
0886|818
0887|819
0888|820
0889|Dareiosvasen
0890|(blank)
0891|821
0892|822
0893|823
0894|824
0895|825
0896|826
0897|827
0898|828
0899|829
0900|830
0901|831
0902|832
0903|833
0904|834
0905|835
0906|836
0907|837
0908|838
0909|839
0910|840
0911|841
0912|842
0913|843
0914|844
0915|845
0916|846
0917|847
0918|848
0919|849
0920|850
0921|851
0922|852
0923|853
0924|854
0925|855
0926|856
0927|857
0928|858
0929|859
0930|860
0931|861
0932|862
0933|863
0934|864
0935|865
0936|866
0937|867
0938|868
0939|869
0940|870
0941|871
0942|872
0943|873
0944|874
0945|875
0946|876
0947|877
0948|878
0949|879
0950|880
0951|881
0952|882
0953|883
0954|884
0955|885
0956|886
0957|887
0958|888
0959|889
0960|890
0961|891
0962|892
0963|893
0964|894
0965|895
0966|896
0967|897
0968|898
0969|899
0970|900
0971|901
0972|902
0973|903
0974|904
0975|905
0976|906
0977|907
0978|908
0979|909
0980|910
0981|911
0982|912
0983|913
0984|914
0985|915
0986|916
0987|917
0988|918
0989|919
0990|920
0991|921
0992|922
0993|923
0994|924
0995|925
0996|926
0997|927
0998|928
0999|929
1000|930
1001|931
1002|932
1003|933
1004|934
1005|935
1006|936
1007|937
1008|938
1009|939
1010|940
1011|941
1012|942
1013|943
1014|944
1015|945
1016|946
1017|947
1018|948
1019|949
1020|950
1021|951
1022|952
#
#
