# salmonsen/2/3/Pages.lst
#
0001|smudstitel
0002|(blank)
0003|titelside
0004|(blank)
0005|iii
0006|iv
0007|v
0008|vi
0009|1
0010|2
0011|3
0012|4
0013|5
0014|6
0015|7
0016|8
0017|9
0018|10
0019|11
0020|12
0021|13
0022|14
0023|15
0024|16
0025|17
0026|18
0027|19
0028|20
0029|21
0030|22
0031|23
0032|24
0033|Bergen
0034|(blank)
0035|25
0036|26
0037|27
0038|28
0039|29
0040|30
0041|31
0042|32
0043|33
0044|34
0045|35
0046|36
0047|37
0048|38
0049|39
0050|40
0051|41
0052|42
0053|43
0054|44
0055|45
0056|46
0057|47
0058|48
0059|Berlin
0060|(blank)
0061|49
0062|50
0063|51
0064|52
0065|53
0066|54
0067|55
0068|56
0069|57
0070|58
0071|59
0072|60
0073|61
0074|62
0075|63
0076|64
0077|65
0078|66
0079|67
0080|68
0081|69
0082|70
0083|71
0084|72
0085|73
0086|74
0087|75
0088|76
0089|77
0090|78
0091|79
0092|80
0093|81
0094|82
0095|83
0096|84
0097|85
0098|86
0099|87
0100|88
0101|89
0102|90
0103|91
0104|92
0105|93
0106|94
0107|95
0108|96
0109|97
0110|98
0111|99
0112|100
0113|101
0114|102
0115|103
0116|104
0117|105
0118|106
0119|107
0120|108
0121|109
0122|110
0123|111
0124|112
0125|113
0126|114
0127|115
0128|116
0129|117
0130|118
0131|119
0132|120
0133|121
0134|122
0135|123
0136|124
0137|125
0138|126
0139|127
0140|128
0141|129
0142|130
0143|131
0144|132
0145|133
0146|134
0147|135
0148|136
0149|137
0150|138
0151|139
0152|140
0153|141
0154|142
0155|143
0156|144
0157|145
0158|146
0159|147
0160|148
0161|149
0162|150
0163|151
0164|152
0165|153
0166|154
0167|155
0168|156
0169|157
0170|158
0171|159
0172|160
0173|161
0174|162
0175|163
0176|164
0177|165
0178|166
0179|167
0180|168
0181|169
0182|170
0183|171
0184|172
0185|173
0186|174
0187|175
0188|176
0189|177
0190|178
0191|179
0192|180
0193|181
0194|182
0195|183
0196|184
0197|185
0198|186
0199|187
0200|188
0201|189
0202|190
0203|191
0204|192
0205|193
0206|194
0207|195
0208|196
0209|(blank)
0210|Bibliotek I
0211|Bibliotek II
0212|(blank)
0213|Bibliotek III
0214|(blank)
0215|197
0216|198
0217|199
0218|200
0219|201
0220|202
0221|203
0222|204
0223|205
0224|206
0225|207
0226|208
0227|209
0228|210
0229|211
0230|212
0231|213
0232|214
0233|215
0234|216
0235|217
0236|218
0237|219
0238|220
0239|221
0240|222
0241|223
0242|224
0243|225
0244|226
0245|227
0246|228
0247|229
0248|230
0249|231
0250|232
0251|233
0252|234
0253|235
0254|236
0255|237
0256|238
0257|239
0258|240
0259|Billedhuggerkunst I
0260|Billedhuggerkunst II
0261|Billedhuggerkunst III
0262|Billedhuggerkunst IV
0263|Billedhuggerkunst V
0264|Billedhuggerkunst VI
0265|Billedhuggerkunst VII
0266|Billedhuggerkunst VIII
0267|Billedhuggerkunst IX
0268|Billedhuggerkunst X
0269|Billedhuggerkunst XI
0270|Billedhuggerkunst XII
0271|Billedhuggerkunst XIII
0272|Billedhuggerkunst XIV
0273|Billedhuggerkunst XV
0274|Billedhuggerkunst XVI
0275|Billedhuggerkunst XVII
0276|Billedhuggerkunst XVIII
0277|Billedhuggerkunst XIX
0278|Billedhuggerkunst XX
0279|Billedhuggerkunst XXI
0280|Billedhuggerkunst XXII
0281|Billedhuggerkunst XXIII
0282|Billedhuggerkunst XXIV
0283|241
0284|242
0285|243
0286|244
0287|Biller
0288|Biller (Bagside)
0289|245
0290|246
0291|247
0292|248
0293|249
0294|250
0295|251
0296|252
0297|253
0298|254
0299|255
0300|256
0301|257
0302|258
0303|259
0304|260
0305|261
0306|262
0307|263
0308|264
0309|265
0310|266
0311|267
0312|268
0313|269
0314|270
0315|271
0316|272
0317|273
0318|274
0319|275
0320|276
0321|277
0322|278
0323|279
0324|280
0325|281
0326|282
0327|283
0328|284
0329|285
0330|286
0331|287
0332|288
0333|289
0334|290
0335|291
0336|292
0337|293
0338|294
0339|295
0340|296
0341|297
0342|298
0343|299
0344|300
0345|301
0346|302
0347|303
0348|304
0349|305
0350|306
0351|307
0352|308
0353|309
0354|310
0355|311
0356|312
0357|313
0358|314
0359|315
0360|316
0361|317
0362|318
0363|319
0364|320
0365|321
0366|322
0367|323
0368|324
0369|325
0370|326
0371|327
0372|328
0373|329
0374|330
0375|331
0376|332
0377|333
0378|334
0379|335
0380|336
0381|337
0382|338
0383|339
0384|340
0385|341
0386|342
0387|343
0388|344
0389|345
0390|346
0391|347
0392|348
0393|349
0394|350
0395|351
0396|352
0397|353
0398|354
0399|355
0400|356
0401|357
0402|358
0403|359
0404|360
0405|361
0406|362
0407|363
0408|364
0409|365
0410|366
0411|367
0412|368
0413|369
0414|370
0415|371
0416|372
0417|373
0418|374
0419|375
0420|376
0421|377
0422|378
0423|Bladplanter
0424|(blank)
0425|379
0426|380
0427|381
0428|382
0429|383
0430|384
0431|385
0432|386
0433|387
0434|388
0435|389
0436|390
0437|391
0438|392
0439|393
0440|394
0441|395
0442|396
0443|397
0444|398
0445|399
0446|400
0447|401
0448|402
0449|403
0450|404
0451|405
0452|406
0453|407
0454|408
0455|409
0456|410
0457|411
0458|412
0459|413
0460|414
0461|415
0462|416
0463|417
0464|418
0465|419
0466|420
0467|421
0468|422
0469|423
0470|424
0471|425
0472|426
0473|427
0474|428
0475|429
0476|430
0477|431
0478|432
0479|433
0480|434
0481|435
0482|436
0483|Blodkar I
0484|(blank)
0485|Blodkar II
0486|(blank)
0487|437
0488|438
0489|439
0490|440
0491|441
0492|442
0493|443
0494|444
0495|445
0496|446
0497|447
0498|448
0499|449
0500|450
0501|451
0502|452
0503|453
0504|454
0505|455
0506|456
0507|457
0508|458
0509|459
0510|460
0511|461
0512|462
0513|463
0514|464
0515|465
0516|466
0517|467
0518|468
0519|469
0520|470
0521|471
0522|472
0523|473
0524|474
0525|475
0526|476
0527|477
0528|478
0529|479
0530|480
0531|481
0532|482
0533|483
0534|484
0535|485
0536|486
0537|487
0538|488
0539|489
0540|490
0541|491
0542|492
0543|493
0544|494
0545|495
0546|496
0547|497
0548|498
0549|499
0550|500
0551|501
0552|502
0553|503
0554|504
0555|505
0556|506
0557|507
0558|508
0559|509
0560|510
0561|511
0562|512
0563|513
0564|514
0565|515
0566|516
0567|517
0568|518
0569|519
0570|520
0571|521
0572|522
0573|523
0574|524
0575|525
0576|526
0577|527
0578|528
0579|529
0580|530
0581|531
0582|532
0583|533
0584|534
0585|535
0586|536
0587|537
0588|538
0589|Bogbind
0590|(blank)
0591|Bogbind
0592|(blank)
0593|539
0594|540
0595|541
0596|542
0597|543
0598|544
0599|545
0600|546
0601|547
0602|548
0603|549
0604|550
0605|551
0606|552
0607|553
0608|554
0609|555
0610|556
0611|557
0612|558
0613|559
0614|560
0615|561
0616|562
0617|563
0618|564
0619|565
0620|566
0621|567
0622|568
0623|Bogtrykkerkunst I
0624|(blank)
0625|569
0626|570
0627|Bogtrykkerkunst II
0628|(blank)
0629|Bogtrykkerkunst III
0630|(blank)
0631|571
0632|572
0633|Bogtrykkerkunst IV
0634|(blank)
0635|573
0636|574
0637|575
0638|576
0639|577
0640|578
0641|579
0642|580
0643|581
0644|582
0645|583
0646|584
0647|585
0648|586
0649|587
0650|588
0651|589
0652|590
0653|591
0654|592
0655|593
0656|594
0657|595
0658|596
0659|597
0660|598
0661|599
0662|600
0663|601
0664|602
0665|603
0666|604
0667|605
0668|606
0669|607
0670|608
0671|609
0672|610
0673|611
0674|612
0675|613
0676|614
0677|615
0678|616
0679|617
0680|618
0681|619
0682|620
0683|621
0684|622
0685|623
0686|624
0687|625
0688|626
0689|627
0690|628
0691|629
0692|630
0693|631
0694|632
0695|633
0696|634
0697|635
0698|636
0699|637
0700|638
0701|639
0702|640
0703|641
0704|642
0705|643
0706|644
0707|645
0708|646
0709|647
0710|648
0711|649
0712|650
0713|651
0714|652
0715|653
0716|654
0717|655
0718|656
0719|657
0720|658
0721|659
0722|660
0723|661
0724|662
0725|663
0726|664
0727|665
0728|666
0729|667
0730|668
0731|669
0732|670
0733|671
0734|672
0735|673
0736|674
0737|675
0738|676
0739|677
0740|678
0741|679
0742|680
0743|681
0744|682
0745|683
0746|684
0747|685
0748|686
0749|687
0750|688
0751|689
0752|690
0753|691
0754|692
0755|693
0756|694
0757|695
0758|696
0759|697
0760|698
0761|699
0762|700
0763|701
0764|702
0765|703
0766|704
0767|705
0768|706
0769|707
0770|708
0771|709
0772|710
0773|711
0774|712
0775|713
0776|714
0777|715
0778|716
0779|717
0780|718
0781|719
0782|720
0783|721
0784|722
0785|723
0786|724
0787|725
0788|726
0789|727
0790|728
0791|729
0792|730
0793|731
0794|732
0795|733
0796|734
0797|735
0798|736
0799|737
0800|738
0801|739
0802|740
0803|741
0804|742
0805|743
0806|744
0807|745
0808|746
0809|747
0810|748
0811|749
0812|750
0813|751
0814|752
0815|753
0816|754
0817|755
0818|756
0819|757
0820|758
0821|759
0822|760
0823|761
0824|762
0825|763
0826|764
0827|765
0828|766
0829|767
0830|768
0831|769
0832|770
0833|771
0834|772
0835|773
0836|774
0837|775
0838|776
0839|777
0840|778
0841|779
0842|780
0843|781
0844|782
0845|783
0846|784
0847|785
0848|786
0849|787
0850|788
0851|789
0852|790
0853|791
0854|792
0855|793
0856|794
0857|795
0858|796
0859|797
0860|798
0861|799
0862|800
0863|801
0864|802
0865|803
0866|804
0867|805
0868|806
0869|807
0870|808
0871|809
0872|810
0873|811
0874|812
0875|813
0876|814
0877|815
0878|816
0879|817
0880|818
0881|819
0882|820
0883|821
0884|822
0885|823
0886|824
0887|825
0888|826
0889|827
0890|828
0891|829
0892|830
0893|831
0894|832
0895|833
0896|834
0897|835
0898|836
0899|837
0900|838
0901|839
0902|840
0903|841
0904|842
0905|843
0906|844
0907|845
0908|846
0909|847
0910|848
0911|(blank)
0912|Brandslukningsredskaber I
0913|Brandslukningsredskaber II
0914|(blank)
0915|849
0916|850
0917|851
0918|852
0919|853
0920|854
0921|855
0922|856
0923|857
0924|858
0925|859
0926|860
0927|861
0928|862
0929|863
0930|864
0931|865
0932|866
0933|867
0934|868
0935|869
0936|870
0937|871
0938|872
0939|873
0940|874
0941|875
0942|876
0943|877
0944|878
0945|879
0946|880
0947|881
0948|882
0949|883
0950|884
0951|885
0952|886
0953|887
0954|888
0955|889
0956|890
0957|891
0958|892
0959|893
0960|894
0961|895
0962|896
0963|897
0964|898
0965|899
0966|900
0967|901
0968|902
0969|903
0970|904
0971|905
0972|906
0973|907
0974|908
0975|909
0976|910
0977|911
0978|912
0979|913
0980|914
0981|915
0982|916
0983|917
0984|918
0985|919
0986|920
0987|921
0988|922
0989|923
0990|924
0991|925
0992|926
0993|927
0994|928
0995|929
0996|930
0997|931
0998|932
0999|933
1000|934
1001|935
1002|936
1003|937
1004|938
1005|939
1006|940
1007|941
1008|942
1009|943
1010|944
1011|945
1012|946
1013|947
1014|948
1015|949
1016|950
1017|951
1018|952
1019|953
1020|(blank)
#
#
