# salmonsen/2/1/Pages.lst
#
0001|smudstitel
0002|(blank)
0003|titelside
0004|(blank)
0005|iii
0006|(blank)
0007|v
0008|vi
0009|vii
0010|viii
0011|3
0012|4
0013|5
0014|6
0015|7
0016|8
0017|9
0018|10
0019|11
0020|12
0021|13
0022|14
0023|Aakander
0024|(blank)
0025|15
0026|16
0027|17
0028|18
0029|19
0030|20
0031|21
0032|22
0033|Aalborg
0034|(blank)
0035|23
0036|24
0037|25
0038|26
0039|27
0040|28
0041|29
0042|30
0043|31
0044|32
0045|33
0046|34
0047|35
0048|36
0049|37
0050|38
0051|39
0052|40
0053|41
0054|42
0055|43
0056|44
0057|45
0058|46
0059|47
0060|48
0061|49
0062|50
0063|51
0064|52
0065|Aarhus
0066|(blank)
0067|53
0068|54
0069|55
0070|56
0071|57
0072|58
0073|59
0074|60
0075|61
0076|62
0077|63
0078|64
0079|65
0080|66
0081|67
0082|68
0083|69
0084|70
0085|71
0086|72
0087|73
0088|74
0089|75
0090|76
0091|77
0092|78
0093|79
0094|80
0095|Aber
0096|(blank)
0097|81
0098|82
0099|83
0100|84
0101|85
0102|86
0103|87
0104|88
0105|89
0106|90
0107|91
0108|92
0109|93
0110|94
0111|95
0112|96
0113|97
0114|98
0115|99
0116|100
0117|101
0118|102
0119|103
0120|104
0121|105
0122|106
0123|107
0124|108
0125|109
0126|110
0127|111
0128|112
0129|113
0130|114
0131|115
0132|116
0133|117
0134|118
0135|119
0136|120
0137|121
0138|122
0139|123
0140|124
0141|125
0142|126
0143|127
0144|128
0145|129
0146|130
0147|131
0148|132
0149|133
0150|134
0151|135
0152|136
0153|137
0154|138
0155|139
0156|140
0157|141
0158|142
0159|143
0160|144
0161|145
0162|146
0163|147
0164|148
0165|149
0166|150
0167|151
0168|152
0169|153
0170|154
0171|155
0172|156
0173|157
0174|158
0175|159
0176|160
0177|161
0178|162
0179|163
0180|164
0181|165
0182|166
0183|167
0184|168
0185|169
0186|170
0187|171
0188|172
0189|173
0190|174
0191|175
0192|176
0193|177
0194|178
0195|179
0196|180
0197|181
0198|182
0199|183
0200|184
0201|185
0202|186
0203|187
0204|188
0205|189
0206|190
0207|191
0208|192
0209|193
0210|194
0211|195
0212|196
0213|197
0214|198
0215|199
0216|200
0217|201
0218|202
0219|203
0220|204
0221|205
0222|206
0223|207
0224|208
0225|209
0226|210
0227|211
0228|212
0229|213
0230|214
0231|215
0232|216
0233|217
0234|218
0235|219
0236|220
0237|221
0238|222
0239|223
0240|224
0241|225
0242|226
0243|227
0244|228
0245|229
0246|230
0247|231
0248|232
0249|233
0250|234
0251|235
0252|236
0253|237
0254|238
0255|239
0256|240
0257|241
0258|242
0259|243
0260|244
0261|245
0262|246
0263|247
0264|248
0265|Afrika. Fysisk Kort.
0266|(blank)
0267|249
0268|250
0269|251
0270|252
0271|253
0272|254
0273|255
0274|256
0275|(blank)
0276|Afrikanske Folketyper
0277|Afrikanske Folketyper
0278|(blank)
0279|257
0280|258
0281|259
0282|260
0283|Afrika. Politisk Oversigt.
0284|(blank)
0285|261
0286|262
0287|263
0288|264
0289|265
0290|266
0291|267
0292|268
0293|269
0294|270
0295|271
0296|272
0297|Afrodite
0298|(blank)
0299|273
0300|274
0301|275
0302|276
0303|277
0304|278
0305|279
0306|280
0307|281
0308|282
0309|283
0310|284
0311|285
0312|286
0313|287
0314|288
0315|289
0316|290
0317|291
0318|292
0319|293
0320|294
0321|295
0322|296
0323|297
0324|298
0325|299
0326|300
0327|301
0328|302
0329|303
0330|304
0331|305
0332|306
0333|307
0334|308
0335|309
0336|310
0337|311
0338|312
0339|313
0340|314
0341|315
0342|316
0343|317
0344|318
0345|319
0346|320
0347|321
0348|322
0349|323
0350|324
0351|325
0352|326
0353|327
0354|328
0355|329
0356|330
0357|331
0358|332
0359|333
0360|334
0361|335
0362|336
0363|337
0364|338
0365|339
0366|340
0367|341
0368|342
0369|343
0370|344
0371|345
0372|346
0373|347
0374|348
0375|349
0376|350
0377|351
0378|352
0379|353
0380|354
0381|355
0382|356
0383|357
0384|358
0385|359
0386|360
0387|361
0388|362
0389|363
0390|364
0391|365
0392|366
0393|367
0394|368
0395|369
0396|370
0397|371
0398|372
0399|373
0400|374
0401|375
0402|376
0403|377
0404|378
0405|379
0406|380
0407|381
0408|382
0409|383
0410|384
0411|385
0412|386
0413|387
0414|388
0415|389
0416|390
0417|391
0418|392
0419|Akvariefisk
0420|(blank)
0421|393
0422|394
0423|395
0424|396
0425|397
0426|398
0427|399
0428|400
0429|401
0430|402
0431|403
0432|404
0433|405
0434|406
0435|407
0436|408
0437|409
0438|410
0439|411
0440|412
0441|413
0442|414
0443|415
0444|416
0445|417
0446|418
0447|419
0448|420
0449|421
0450|422
0451|423
0452|424
0453|425
0454|426
0455|427
0456|428
0457|429
0458|430
0459|431
0460|432
0461|433
0462|434
0463|435
0464|436
0465|437
0466|438
0467|439
0468|440
0469|441
0470|442
0471|443
0472|444
0473|445
0474|446
0475|447
0476|448
0477|449
0478|450
0479|451
0480|452
0481|453
0482|454
0483|455
0484|456
0485|Alexander den Stores Rige
0486|(blank)
0487|457
0488|458
0489|459
0490|460
0491|461
0492|462
0493|463
0494|464
0495|465
0496|466
0497|467
0498|468
0499|469
0500|470
0501|471
0502|472
0503|Alexanderslaget
0504|(blank)
0505|473
0506|474
0507|475
0508|476
0509|477
0510|478
0511|479
0512|480
0513|481
0514|482
0515|483
0516|484
0517|485
0518|486
0519|487
0520|488
0521|489
0522|490
0523|491
0524|492
0525|493
0526|494
0527|495
0528|496
0529|Alger
0530|(blank)
0531|497
0532|498
0533|499
0534|500
0535|501
0536|502
0537|503
0538|504
0539|505
0540|506
0541|507
0542|508
0543|509
0544|510
0545|511
0546|512
0547|513
0548|514
0549|515
0550|516
0551|517
0552|518
0553|519
0554|520
0555|521
0556|522
0557|523
0558|524
0559|525
0560|526
0561|527
0562|528
0563|529
0564|530
0565|531
0566|532
0567|533
0568|534
0569|535
0570|536
0571|537
0572|538
0573|539
0574|540
0575|541
0576|542
0577|543
0578|544
0579|545
0580|546
0581|547
0582|548
0583|549
0584|550
0585|551
0586|552
0587|553
0588|554
0589|555
0590|556
0591|557
0592|558
0593|559
0594|560
0595|561
0596|562
0597|563
0598|564
0599|565
0600|566
0601|567
0602|568
0603|Højdekort over Alperne
0604|(blank)
0605|569
0606|570
0607|571
0608|572
0609|573
0610|574
0611|575
0612|576
0613|577
0614|578
0615|579
0616|580
0617|Altre
0618|(blank)
0619|581
0620|582
0621|583
0622|584
0623|585
0624|586
0625|587
0626|588
0627|589
0628|590
0629|591
0630|592
0631|593
0632|594
0633|595
0634|596
0635|597
0636|598
0637|599
0638|600
0639|601
0640|602
0641|603
0642|604
0643|605
0644|606
0645|607
0646|608
0647|609
0648|610
0649|611
0650|612
0651|Amazoner
0652|(blank)
0653|613
0654|614
0655|615
0656|616
0657|617
0658|618
0659|619
0660|620
0661|621
0662|622
0663|623
0664|624
0665|625
0666|626
0667|627
0668|628
0669|629
0670|630
0671|631
0672|632
0673|633
0674|634
0675|635
0676|636
0677|637
0678|638
0679|Amfiteater
0680|(blank)
0681|639
0682|640
0683|641
0684|642
0685|643
0686|644
0687|645
0688|646
0689|647
0690|648
0691|649
0692|650
0693|651
0694|652
0695|653
0696|654
0697|655
0698|656
0699|657
0700|658
0701|659
0702|660
0703|661
0704|662
0705|663
0706|664
0707|Amsterdam
0708|(blank)
0709|665
0710|666
0711|667
0712|668
0713|669
0714|670
0715|671
0716|672
0717|673
0718|674
0719|675
0720|676
0721|677
0722|678
0723|679
0724|680
0725|681
0726|682
0727|683
0728|684
0729|685
0730|686
0731|687
0732|688
0733|689
0734|690
0735|691
0736|692
0737|693
0738|694
0739|695
0740|696
0741|697
0742|698
0743|699
0744|700
0745|701
0746|702
0747|703
0748|704
0749|705
0750|706
0751|707
0752|708
0753|709
0754|710
0755|711
0756|712
0757|713
0758|714
0759|715
0760|716
0761|717
0762|718
0763|719
0764|720
0765|721
0766|722
0767|723
0768|724
0769|725
0770|726
0771|727
0772|728
0773|729
0774|730
0775|731
0776|732
0777|733
0778|734
0779|735
0780|736
0781|737
0782|738
0783|739
0784|740
0785|741
0786|742
0787|743
0788|744
0789|745
0790|746
0791|747
0792|748
0793|749
0794|750
0795|751
0796|752
0797|753
0798|754
0799|755
0800|756
0801|757
0802|758
0803|759
0804|760
0805|761
0806|762
0807|763
0808|764
0809|765
0810|766
0811|767
0812|768
0813|769
0814|770
0815|771
0816|772
0817|773
0818|774
0819|775
0820|776
0821|777
0822|778
0823|779
0824|780
0825|781
0826|782
0827|783
0828|784
0829|785
0830|786
0831|787
0832|788
0833|789
0834|790
0835|791
0836|792
0837|793
0838|794
0839|795
0840|796
0841|797
0842|798
0843|799
0844|800
0845|801
0846|802
0847|803
0848|804
0849|805
0850|806
0851|807
0852|808
0853|809
0854|810
0855|811
0856|812
0857|813
0858|814
0859|815
0860|816
0861|817
0862|818
0863|819
0864|820
0865|821
0866|822
0867|823
0868|824
0869|825
0870|826
0871|827
0872|828
0873|829
0874|830
0875|831
0876|832
0877|833
0878|834
0879|835
0880|836
0881|837
0882|838
0883|839
0884|840
0885|841
0886|842
0887|843
0888|844
0889|845
0890|846
0891|847
0892|848
0893|849
0894|850
0895|851
0896|852
0897|853
0898|854
0899|855
0900|856
0901|857
0902|858
0903|859
0904|860
0905|861
0906|862
0907|863
0908|864
0909|865
0910|866
0911|867
0912|868
0913|Apollon
0914|(blank)
0915|869
0916|870
0917|871
0918|872
0919|873
0920|874
0921|875
0922|876
0923|Apostlene
0924|(blank)
0925|877
0926|878
0927|879
0928|880
0929|881
0930|882
0931|883
0932|884
0933|885
0934|886
0935|887
0936|888
0937|889
0938|890
0939|891
0940|892
0941|893
0942|894
0943|895
0944|896
0945|897
0946|898
0947|899
0948|900
0949|901
0950|902
0951|903
0952|904
0953|905
0954|906
0955|907
0956|908
0957|909
0958|910
0959|911
0960|912
0961|913
0962|914
0963|915
0964|916
0965|917
0966|918
0967|919
0968|920
0969|921
0970|922
0971|923
0972|924
0973|925
0974|926
0975|927
0976|928
0977|929
0978|930
0979|931
0980|932
0981|933
0982|934
0983|935
0984|936
0985|937
0986|938
0987|939
0988|940
0989|941
0990|942
0991|943
0992|944
0993|945
0994|946
0995|947
0996|948
0997|949
0998|950
0999|951
1000|952
1001|953
1002|954
1003|955
1004|956
1005|957
1006|958
1007|959
1008|960
1009|961
1010|(blank)
#
#
#
