# salmonsen/2/6/Pages.lst
#
0001|smudstitel
0002|(blank)
0003|titelside
0004|(blank)
0005|iii
0006|iv
0007|v
0008|vi
0009|1
0010|2
0011|3
0012|4
0013|5
0014|6
0015|7
0016|8
0017|9
0018|10
0019|11
0020|12
0021|13
0022|14
0023|15
0024|16
0025|17
0026|18
0027|19
0028|20
0029|21
0030|22
0031|23
0032|24
0033|25
0034|26
0035|27
0036|28
0037|29
0038|30
0039|31
0040|32
0041|33
0042|34
0043|35
0044|36
0045|37
0046|38
0047|39
0048|40
0049|41
0050|42
0051|43
0052|44
0053|45
0054|46
0055|47
0056|48
0057|49
0058|50
0059|51
0060|52
0061|53
0062|54
0063|55
0064|56
0065|57
0066|58
0067|59
0068|60
0069|61
0070|62
0071|63
0072|64
0073|65
0074|66
0075|67
0076|68
0077|69
0078|70
0079|71
0080|72
0081|73
0082|74
0083|75
0084|76
0085|77
0086|78
0087|79
0088|80
0089|81
0090|82
0091|83
0092|84
0093|85
0094|86
0095|87
0096|88
0097|89
0098|90
0099|91
0100|92
0101|93
0102|94
0103|95
0104|96
0105|97
0106|98
0107|99
0108|100
0109|101
0110|102
0111|103
0112|104
0113|105
0114|106
0115|107
0116|108
0117|Diamant
0118|(blank)
0119|109
0120|110
0121|111
0122|112
0123|113
0124|114
0125|115
0126|116
0127|117
0128|118
0129|119
0130|120
0131|121
0132|122
0133|123
0134|124
0135|125
0136|126
0137|127
0138|128
0139|129
0140|130
0141|131
0142|132
0143|133
0144|134
0145|135
0146|136
0147|137
0148|138
0149|139
0150|140
0151|141
0152|142
0153|143
0154|144
0155|145
0156|146
0157|147
0158|148
0159|149
0160|150
0161|151
0162|152
0163|153
0164|154
0165|155
0166|156
0167|157
0168|158
0169|159
0170|160
0171|161
0172|162
0173|163
0174|164
0175|165
0176|166
0177|167
0178|168
0179|169
0180|170
0181|171
0182|172
0183|173
0184|174
0185|175
0186|176
0187|177
0188|178
0189|179
0190|180
0191|181
0192|182
0193|183
0194|184
0195|185
0196|186
0197|187
0198|188
0199|189
0200|190
0201|191
0202|192
0203|193
0204|194
0205|195
0206|196
0207|197
0208|198
0209|Dionysos I
0210|Dionysos II
0211|199
0212|200
0213|201
0214|202
0215|203
0216|204
0217|205
0218|206
0219|207
0220|208
0221|209
0222|210
0223|Dipylon-Vaser
0224|(blank)
0225|211
0226|212
0227|213
0228|214
0229|215
0230|216
0231|217
0232|218
0233|219
0234|220
0235|221
0236|222
0237|223
0238|224
0239|225
0240|226
0241|227
0242|228
0243|229
0244|230
0245|231
0246|232
0247|233
0248|234
0249|235
0250|236
0251|237
0252|238
0253|239
0254|240
0255|241
0256|242
0257|243
0258|244
0259|245
0260|246
0261|247
0262|248
0263|249
0264|250
0265|251
0266|252
0267|253
0268|254
0269|255
0270|256
0271|257
0272|258
0273|259
0274|260
0275|261
0276|262
0277|263
0278|264
0279|265
0280|266
0281|267
0282|268
0283|269
0284|270
0285|271
0286|272
0287|273
0288|274
0289|275
0290|276
0291|277
0292|278
0293|279
0294|280
0295|Dok
0296|(blank)
0297|281
0298|282
0299|283
0300|284
0301|285
0302|286
0303|287
0304|288
0305|289
0306|290
0307|291
0308|292
0309|293
0310|294
0311|295
0312|296
0313|297
0314|298
0315|299
0316|300
0317|301
0318|302
0319|303
0320|304
0321|Domkirker I
0322|Domkirker II
0323|305
0324|306
0325|307
0326|308
0327|309
0328|310
0329|311
0330|312
0331|313
0332|314
0333|315
0334|316
0335|317
0336|318
0337|319
0338|320
0339|321
0340|322
0341|323
0342|324
0343|325
0344|326
0345|327
0346|328
0347|329
0348|330
0349|331
0350|332
0351|333
0352|334
0353|335
0354|336
0355|337
0356|338
0357|339
0358|340
0359|341
0360|342
0361|343
0362|344
0363|345
0364|346
0365|347
0366|348
0367|349
0368|350
0369|351
0370|352
0371|353
0372|354
0373|355
0374|356
0375|357
0376|358
0377|359
0378|360
0379|361
0380|362
0381|363
0382|364
0383|365
0384|366
0385|367
0386|368
0387|369
0388|370
0389|371
0390|372
0391|373
0392|374
0393|375
0394|376
0395|377
0396|378
0397|379
0398|380
0399|381
0400|382
0401|383
0402|384
0403|385
0404|386
0405|387
0406|388
0407|389
0408|390
0409|391
0410|392
0411|393
0412|394
0413|Drammen
0414|(blank)
0415|395
0416|396
0417|397
0418|398
0419|399
0420|400
0421|401
0422|402
0423|403
0424|404
0425|405
0426|406
0427|407
0428|408
0429|409
0430|410
0431|411
0432|412
0433|413
0434|414
0435|415
0436|416
0437|Dresden
0438|(blank)
0439|417
0440|418
0441|419
0442|420
0443|421
0444|422
0445|423
0446|424
0447|425
0448|426
0449|427
0450|428
0451|429
0452|430
0453|431
0454|432
0455|433
0456|434
0457|435
0458|436
0459|437
0460|438
0461|439
0462|440
0463|441
0464|442
0465|443
0466|444
0467|445
0468|446
0469|447
0470|448
0471|449
0472|450
0473|451
0474|452
0475|453
0476|454
0477|455
0478|456
0479|457
0480|458
0481|459
0482|460
0483|461
0484|462
0485|463
0486|464
0487|Dublin
0488|(blank)
0489|465
0490|466
0491|467
0492|468
0493|469
0494|470
0495|471
0496|472
0497|473
0498|474
0499|475
0500|476
0501|477
0502|478
0503|479
0504|480
0505|481
0506|482
0507|483
0508|484
0509|485
0510|486
0511|487
0512|488
0513|Duer
0514|(blank)
0515|489
0516|490
0517|491
0518|492
0519|493
0520|494
0521|495
0522|496
0523|497
0524|498
0525|499
0526|500
0527|501
0528|502
0529|503
0530|504
0531|505
0532|506
0533|507
0534|508
0535|509
0536|510
0537|511
0538|512
0539|513
0540|514
0541|515
0542|516
0543|517
0544|518
0545|519
0546|520
0547|521
0548|522
0549|523
0550|524
0551|525
0552|526
0553|527
0554|528
0555|529
0556|530
0557|531
0558|532
0559|533
0560|534
0561|535
0562|536
0563|537
0564|538
0565|539
0566|540
0567|541
0568|542
0569|543
0570|544
0571|545
0572|546
0573|547
0574|548
0575|549
0576|550
0577|551
0578|552
0579|553
0580|554
0581|555
0582|556
0583|557
0584|558
0585|559
0586|560
0587|561
0588|562
0589|563
0590|564
0591|565
0592|566
0593|567
0594|568
0595|569
0596|570
0597|Dykkerapparater
0598|(blank)
0599|571
0600|572
0601|573
0602|574
0603|575
0604|576
0605|577
0606|578
0607|579
0608|580
0609|581
0610|582
0611|583
0612|584
0613|De dyregeografiske Regioner
0614|(blank)
0615|585
0616|586
0617|587
0618|588
0619|589
0620|590
0621|591
0622|592
0623|593
0624|594
0625|595
0626|596
0627|597
0628|598
0629|599
0630|600
0631|601
0632|602
0633|603
0634|604
0635|605
0636|606
0637|607
0638|608
0639|609
0640|610
0641|611
0642|612
0643|Dysse I
0644|Dysse II
0645|613
0646|614
0647|615
0648|616
0649|617
0650|618
0651|619
0652|620
0653|621
0654|622
0655|623
0656|624
0657|625
0658|626
0659|Døbefont
0660|(blank)
0661|627
0662|628
0663|629
0664|630
0665|631
0666|632
0667|633
0668|634
0669|635
0670|636
0671|637
0672|638
0673|639
0674|640
0675|Døden i Kunsten I
0676|Døden i Kunsten II
0677|Døden i Kunsten III
0678|Døden i Kunsten IV
0679|641
0680|642
0681|643
0682|644
0683|645
0684|646
0685|647
0686|648
0687|649
0688|650
0689|651
0690|652
0691|653
0692|654
0693|Dør
0694|(blank)
0695|655
0696|656
0697|657
0698|658
0699|659
0700|660
0701|661
0702|662
0703|663
0704|664
0705|665
0706|666
0707|667
0708|668
0709|669
0710|670
0711|671
0712|672
0713|673
0714|674
0715|675
0716|676
0717|677
0718|678
0719|679
0720|680
0721|681
0722|682
0723|683
0724|684
0725|685
0726|686
0727|687
0728|688
0729|689
0730|690
0731|691
0732|692
0733|693
0734|694
0735|695
0736|696
0737|697
0738|698
0739|699
0740|700
0741|701
0742|702
0743|703
0744|704
0745|705
0746|706
0747|707
0748|708
0749|709
0750|710
0751|711
0752|712
0753|713
0754|714
0755|715
0756|716
0757|717
0758|718
0759|Edinburgh og Omegn
0760|(blank)
0761|719
0762|720
0763|721
0764|722
0765|723
0766|724
0767|725
0768|726
0769|727
0770|728
0771|729
0772|730
0773|731
0774|732
0775|733
0776|734
0777|735
0778|736
0779|737
0780|738
0781|739
0782|740
0783|741
0784|742
0785|743
0786|744
0787|745
0788|746
0789|747
0790|748
0791|749
0792|750
0793|751
0794|752
0795|753
0796|754
0797|755
0798|756
0799|757
0800|758
0801|759
0802|760
0803|761
0804|762
0805|763
0806|764
0807|765
0808|766
0809|767
0810|768
0811|769
0812|770
0813|771
0814|772
0815|773
0816|774
0817|775
0818|776
0819|777
0820|778
0821|779
0822|780
0823|781
0824|782
0825|783
0826|784
0827|785
0828|786
0829|787
0830|788
0831|789
0832|790
0833|791
0834|792
0835|793
0836|794
0837|795
0838|796
0839|797
0840|798
0841|799
0842|800
0843|801
0844|802
0845|803
0846|804
0847|805
0848|806
0849|807
0850|808
0851|809
0852|810
0853|811
0854|812
0855|813
0856|814
0857|815
0858|816
0859|817
0860|818
0861|819
0862|820
0863|821
0864|822
0865|823
0866|824
0867|825
0868|826
0869|827
0870|828
0871|829
0872|830
0873|831
0874|832
0875|833
0876|834
0877|835
0878|836
0879|837
0880|838
0881|839
0882|840
0883|841
0884|842
0885|843
0886|844
0887|845
0888|846
0889|847
0890|848
0891|849
0892|850
0893|851
0894|852
0895|853
0896|854
0897|855
0898|856
0899|857
0900|858
0901|859
0902|860
0903|861
0904|862
0905|863
0906|864
0907|865
0908|866
0909|867
0910|868
0911|869
0912|870
0913|871
0914|872
0915|873
0916|874
0917|875
0918|876
0919|877
0920|878
0921|879
0922|880
0923|881
0924|882
0925|883
0926|884
0927|885
0928|886
0929|887
0930|888
0931|889
0932|890
0933|891
0934|892
0935|893
0936|894
0937|895
0938|896
0939|Elektricitetsværk. Fig. 9. Gothersgade
0940|Elektricitetsværk. Fig. 10. Gothersgade. Fig. 20. Østre
0941|Elektricitetsværk. Fig. 18. Østre
0942|Elektricitetsværk. Fig. 19. Østre
0943|905
0944|906
0945|907
0946|908
0947|909
0948|910
0949|911
0950|912
0951|913
0952|914
0953|915
0954|916
0955|917
0956|918
0957|919
0958|920
0959|921
0960|922
0961|923
0962|924
0963|925
0964|926
0965|927
0966|928
0967|929
0968|930
0969|931
0970|932
0971|933
0972|934
0973|935
0974|936
0975|937
0976|938
0977|939
0978|940
0979|941
0980|942
0981|943
0982|944
0983|945
0984|946
0985|947
0986|948
0987|949
0988|950
0989|951
0990|952
#
#
