# salmonsen/2/18/Pages.lst
#
0001|blank
0002|blank
0003|titel
0004|blank
0005|titel
0006|blank
0007|i
0008|ii
0009|iii
0010|iv
0011|1
0012|2
0013|3
0014|4
0015|5
0016|6
0017|7
0018|8
0019|9
0020|10
0021|11
0022|12
0023|13
0024|14
0025|15
0026|16
0027|plansch
0028|plansch
0029|17
0030|18
0031|19
0032|20
0033|21
0034|22
0035|23
0036|24
0037|25
0038|26
0039|27
0040|28
0041|29
0042|30
0043|31
0044|32
0045|33
0046|34
0047|35
0048|36
0049|37
0050|38
0051|39
0052|40
0053|plansch
0054|blank
0055|41
0056|42
0057|43
0058|44
0059|45
0060|46
0061|47
0062|48
0063|plansch
0064|blank
0065|49
0066|50
0067|51
0068|52
0069|53
0070|54
0071|55
0072|56
0073|plansch
0074|blank
0075|57
0076|58
0077|59
0078|60
0079|61
0080|62
0081|63
0082|64
0083|65
0084|66
0085|67
0086|68
0087|69
0088|70
0089|71
0090|72
0091|73
0092|74
0093|75
0094|76
0095|77
0096|78
0097|79
0098|80
0099|81
0100|82
0101|83
0102|84
0103|85
0104|86
0105|87
0106|88
0107|89
0108|90
0109|91
0110|92
0111|93
0112|94
0113|95
0114|96
0115|97
0116|98
0117|99
0118|100
0119|101
0120|102
0121|103
0122|104
0123|105
0124|106
0125|107
0126|108
0127|109
0128|110
0129|111
0130|112
0131|113
0132|114
0133|115
0134|116
0135|117
0136|118
0137|119
0138|120
0139|121
0140|122
0141|123
0142|124
0143|125
0144|126
0145|127
0146|128
0147|129
0148|130
0149|131
0150|132
0151|133
0152|134
0153|135
0154|136
0155|137
0156|138
0157|139
0158|140
0159|141
0160|142
0161|143
0162|144
0163|145
0164|146
0165|147
0166|148
0167|149
0168|150
0169|151
0170|152
0171|plansch
0172|plansch
0173|plansch
0174|plansch
0175|153
0176|154
0177|155
0178|156
0179|157
0180|158
0181|159
0182|160
0183|161
0184|162
0185|163
0186|164
0187|165
0188|166
0189|167
0190|168
0191|169
0192|170
0193|171
0194|172
0195|173
0196|174
0197|175
0198|176
0199|177
0200|178
0201|179
0202|180
0203|181
0204|182
0205|183
0206|184
0207|185
0208|186
0209|187
0210|188
0211|189
0212|190
0213|191
0214|192
0215|193
0216|194
0217|195
0218|196
0219|197
0220|198
0221|199
0222|200
0223|201
0224|202
0225|203
0226|204
0227|205
0228|206
0229|207
0230|208
0231|209
0232|210
0233|211
0234|212
0235|213
0236|214
0237|215
0238|216
0239|217
0240|218
0241|219
0242|220
0243|221
0244|222
0245|223
0246|224
0247|225
0248|226
0249|227
0250|228
0251|229
0252|230
0253|231
0254|232
0255|233
0256|234
0257|plansch
0258|blank
0259|plansch
0260|blank
0261|235
0262|236
0263|237
0264|238
0265|239
0266|240
0267|241
0268|242
0269|243
0270|244
0271|245
0272|246
0273|247
0274|248
0275|249
0276|250
0277|251
0278|252
0279|253
0280|254
0281|255
0282|256
0283|257
0284|258
0285|259
0286|260
0287|261
0288|262
0289|263
0290|264
0291|265
0292|266
0293|267
0294|268
0295|269
0296|270
0297|271
0298|272
0299|273
0300|274
0301|275
0302|276
0303|277
0304|278
0305|plansch
0306|plansch
0307|279
0308|280
0309|281
0310|282
0311|283
0312|284
0313|285
0314|286
0315|287
0316|288
0317|289
0318|290
0319|291
0320|292
0321|293
0322|294
0323|295
0324|296
0325|297
0326|298
0327|299
0328|300
0329|301
0330|302
0331|303
0332|304
0333|305
0334|306
0335|307
0336|308
0337|309
0338|310
0339|311
0340|312
0341|313
0342|314
0343|315
0344|316
0345|317
0346|318
0347|319
0348|320
0349|321
0350|322
0351|323
0352|324
0353|325
0354|326
0355|327
0356|328
0357|329
0358|330
0359|331
0360|332
0361|333
0362|334
0363|335
0364|336
0365|337
0366|338
0367|339
0368|340
0369|341
0370|342
0371|343
0372|344
0373|345
0374|346
0375|347
0376|348
0377|349
0378|350
0379|351
0380|352
0381|353
0382|354
0383|355
0384|356
0385|357
0386|358
0387|359
0388|360
0389|361
0390|362
0391|363
0392|364
0393|365
0394|366
0395|367
0396|368
0397|369
0398|370
0399|371
0400|372
0401|373
0402|374
0403|375
0404|376
0405|377
0406|378
0407|379
0408|380
0409|381
0410|382
0411|383
0412|384
0413|385
0414|386
0415|387
0416|388
0417|389
0418|390
0419|391
0420|392
0421|plansch
0422|blank
0423|393
0424|394
0425|395
0426|396
0427|397
0428|398
0429|399
0430|400
0431|401
0432|402
0433|403
0434|404
0435|405
0436|406
0437|407
0438|408
0439|409
0440|410
0441|411
0442|412
0443|413
0444|414
0445|415
0446|416
0447|417
0448|418
0449|419
0450|420
0451|421
0452|422
0453|423
0454|424
0455|425
0456|426
0457|427
0458|428
0459|429
0460|430
0461|431
0462|432
0463|433
0464|434
0465|435
0466|436
0467|437
0468|438
0469|439
0470|440
0471|441
0472|442
0473|443
0474|444
0475|445
0476|446
0477|447
0478|448
0479|plansch
0480|plansch
0481|449
0482|450
0483|451
0484|452
0485|453
0486|454
0487|455
0488|456
0489|457
0490|458
0491|459
0492|460
0493|461
0494|462
0495|463
0496|464
0497|465
0498|466
0499|467
0500|468
0501|469
0502|470
0503|471
0504|472
0505|473
0506|474
0507|475
0508|476
0509|477
0510|478
0511|479
0512|480
0513|481
0514|482
0515|483
0516|484
0517|485
0518|486
0519|487
0520|488
0521|489
0522|490
0523|491
0524|492
0525|493
0526|494
0527|495
0528|496
0529|497
0530|498
0531|499
0532|500
0533|501
0534|502
0535|503
0536|504
0537|505
0538|506
0539|507
0540|508
0541|509
0542|510
0543|511
0544|512
0545|513
0546|514
0547|515
0548|516
0549|517
0550|518
0551|519
0552|520
0553|521
0554|522
0555|523
0556|524
0557|525
0558|526
0559|527
0560|528
0561|529
0562|530
0563|531
0564|532
0565|533
0566|534
0567|535
0568|536
0569|537
0570|538
0571|539
0572|540
0573|541
0574|542
0575|543
0576|544
0577|545
0578|546
0579|547
0580|548
0581|549
0582|550
0583|551
0584|552
0585|553
0586|554
0587|555
0588|556
0589|557
0590|558
0591|559
0592|560
0593|561
0594|562
0595|563
0596|564
0597|565
0598|566
0599|567
0600|568
0601|569
0602|570
0603|571
0604|572
0605|573
0606|574
0607|575
0608|576
0609|plansch
0610|blank
0611|plansch
0612|blank
0613|577
0614|578
0615|579
0616|580
0617|581
0618|582
0619|583
0620|584
0621|585
0622|586
0623|587
0624|588
0625|589
0626|590
0627|591
0628|592
0629|593
0630|594
0631|595
0632|596
0633|597
0634|598
0635|599
0636|600
0637|601
0638|602
0639|603
0640|604
0641|605
0642|606
0643|607
0644|608
0645|609
0646|610
0647|plansch
0648|blank
0649|611
0650|612
0651|613
0652|614
0652a|plansch
0653|615
0654|616
0655|617
0656|618
0657|619
0658|620
0659|621
0660|622
0661|623
0662|624
0663|625
0664|626
0665|627
0666|628
0667|plansch
0668|plansch
0669|plansch
0670|plansch
0671|629
0672|630
0673|631
0674|632
0675|633
0676|634
0677|635
0678|636
0679|637
0680|638
0681|639
0682|640
0683|641
0684|642
0685|643
0686|644
0687|plansch
0688|blank
0689|645
0690|646
0691|647
0692|648
0693|649
0694|650
0695|651
0696|652
0697|653
0698|654
0699|655
0700|656
0701|657
0702|658
0703|659
0704|660
0705|661
0706|662
0707|663
0708|664
0709|665
0710|666
0711|667
0712|668
0713|669
0714|670
0715|671
0716|672
0717|673
0718|674
0719|675
0720|676
0721|677
0722|678
0723|679
0724|680
0725|681
0726|682
0727|683
0728|684
0729|685
0730|686
0731|687
0732|688
0733|689
0734|690
0735|691
0736|692
0737|693
0738|694
0739|695
0740|696
0741|697
0742|698
0743|699
0744|700
0745|701
0746|702
0747|703
0748|704
0749|705
0750|706
0751|707
0752|708
0753|709
0754|710
0755|711
0756|712
0757|713
0758|714
0759|715
0760|716
0761|717
0762|718
0763|719
0764|720
0765|721
0766|722
0767|723
0768|724
0769|725
0770|726
0771|727
0772|728
0773|729
0774|730
0775|731
0776|732
0777|733
0778|734
0779|735
0780|736
0781|737
0782|738
0783|739
0784|740
0785|741
0786|742
0787|743
0788|744
0789|745
0790|746
0791|747
0792|748
0793|749
0794|750
0795|751
0796|752
0797|753
0798|754
0799|755
0800|756
0801|757
0802|758
0803|759
0804|760
0805|761
0806|762
0807|763
0808|764
0809|765
0810|766
0811|767
0812|768
0813|769
0814|770
0815|771
0816|772
0817|773
0818|774
0819|775
0820|776
0821|777
0822|778
0823|779
0824|780
0825|781
0826|782
0827|783
0828|784
0829|785
0830|786
0831|787
0832|788
0833|789
0834|790
0835|791
0836|792
0837|793
0838|794
0839|795
0840|796
0841|797
0842|798
0843|799
0844|800
0845|801
0846|802
0847|803
0848|804
0849|805
0850|806
0851|807
0852|808
0853|809
0854|810
0855|811
0856|812
0857|813
0858|814
0859|815
0860|816
0861|817
0862|818
0863|819
0864|820
0865|821
0866|822
0867|823
0868|824
0869|825
0870|826
0871|827
0872|828
0873|829
0874|830
0875|831
0876|832
0877|plansch
0878|plansch
0879|833
0880|834
0881|835
0882|836
0883|837
0884|838
0885|839
0886|840
0887|841
0888|842
0889|843
0890|844
0891|845
0892|846
0893|847
0894|848
0895|plansch
0896|plansch
0897|849
0898|850
0899|851
0900|852
0901|853
0902|854
0903|855
0904|856
0905|857
0906|858
0907|859
0908|860
0909|861
0910|862
0911|863
0912|864
0913|865
0914|866
0915|867
0916|868
0917|869
0918|870
0919|871
0920|872
0921|873
0922|874
0923|875
0924|876
0925|877
0926|878
0927|879
0928|880
0929|881
0930|882
0931|883
0932|884
0933|885
0934|886
0935|887
0936|888
0937|karte
0938|karte
0939|889
0940|890
0941|891
0942|892
0943|893
0944|894
0945|895
0946|896
0947|897
0948|898
0949|899
0950|900
0951|901
0952|902
0953|903
0954|904
0955|905
0956|906
0957|907
0958|908
0959|909
0960|910
0961|911
0962|912
0963|913
0964|914
0965|915
0966|916
0967|917
0968|918
0969|919
0970|920
0971|921
0972|922
0973|923
0974|924
0975|925
0976|926
0977|927
0978|928
0979|929
0980|930
0981|931
0982|932
0983|933
0984|934
0985|935
0986|936
0987|937
0988|938
0989|939
0990|940
0991|941
0992|942
0993|943
0994|944
0995|945
0996|946
0997|947
0998|948
0999|949
1000|950
1001|951
1002|952
1003|953
1004|954
1005|955
1006|956
1007|957
1008|958
1009|959
1010|960
1011|961
1012|962
1013|963
1014|964
1015|965
1016|966
1017|967
1018|968
1019|969
1020|970
1021|971
1022|972
1023|973
1024|974
1025|975
1026|976
1027|977
1028|978
1029|979
1030|980
1031|981
1032|982
1033|983
1034|984
1035|985
1036|986
1037|987
1038|988
1039|989
1040|990
1041|991
1042|992
1043|993
1044|994
1045|995
1046|996
1047|997
1048|998
1049|999
1050|1000
1051|1001
1052|1002
1053|1003
1054|1004
1055|1005
1056|1006
1057|1007
1058|1008
1059|1009
1060|1010
1061|1011
1062|1012
1063|1013
1064|1014
1065|1015
1066|1016
1067|1017
1068|1018
1069|1019
1070|1020
1071|1021
1072|1022
1073|1023
1074|1024
1075|1025
1076|1026
1077|1027
1078|1028
1079|1029
1080|1030
1081|1031
1082|1032
1083|1033
1084|1034
1085|1035
1086|1036
1087|1037
1088|1038
1089|1039
1090|1040
1091|1041
1092|1042
1093|1043
1094|1044
1095|1045
1096|1046
1097|1047
1098|1048
1099|1049
1100|1050
1101|1051
1102|1052
1103|1053
1104|1054
1105|1055
1106|1056
1107|1057
1108|1058
1109|1059
1110|1060
1111|1061
1112|1062
1113|1063
1114|1064
1115|1065
1116|1066
1117|1067
1118|1068
1119|1069
1120|1070
1121|1071
1122|1072
1123|1073
1124|1074
1125|1075
1126|1076
1127|1077
1128|1078
1129|1079
1130|1080
1131|1081
1132|1082
1133|1083
1134|1084
1135|1085
1136|1086
1137|1087
1138|1088
1139|1089
1140|1090
1141|1091
1142|1092
1143|1093
1144|1094
1145|1095
1146|1096
1147|1097
1148|1098
1149|1099
1150|1100
1151|1101
1152|1102
1153|1103
1154|1104
1155|1105
1156|1106
1157|forkortelser
1158|ii
1159|illustrationer
1160|ii
1161|rettelser
1162|ii
1163|blank
1164|blank
