# salmonsen/2/7/Pages.lst
#
0001|smudstitel
0002|(blank)
0003|titelside
0004|(blank)
0005|iii
0006|iv
0007|v
0008|vi
0009|1
0010|2
0011|3
0012|4
0013|5
0014|6
0015|7
0016|8
0017|9
0018|10
0019|11
0020|12
0021|13
0022|14
0023|15
0024|16
0025|17
0026|18
0027|19
0028|20
0029|21
0030|22
0031|23
0032|24
0033|25
0034|26
0035|27
0036|28
0037|29
0038|30
0039|31
0040|32
0041|33
0042|34
0043|35
0044|36
0045|37
0046|38
0047|39
0048|40
0049|41
0050|42
0051|43
0052|44
0053|45
0054|46
0055|47
0056|48
0057|49
0058|50
0059|51
0060|52
0061|53
0062|54
0063|55
0064|56
0065|57
0066|58
0067|59
0068|60
0069|61
0070|62
0071|63
0072|64
0073|65
0074|66
0075|67
0076|68
0077|69
0078|70
0079|71
0080|72
0081|73
0082|74
0083|75
0084|76
0085|77
0086|78
0087|79
0088|80
0089|81
0090|82
0091|83
0092|84
0093|85
0094|86
0095|87
0096|88
0097|89
0098|90
0099|91
0100|92
0101|Elfenbensarbejder
0102|(blank)
0103|93
0104|94
0105|95
0106|96
0107|97
0108|98
0109|99
0110|100
0111|101
0112|102
0113|103
0114|104
0115|105
0116|106
0117|107
0118|108
0119|109
0120|110
0121|111
0122|112
0123|113
0124|114
0125|115
0126|116
0127|117
0128|118
0129|119
0130|120
0131|121
0132|122
0133|123
0134|124
0135|125
0136|126
0137|127
0138|128
0139|129
0140|130
0141|131
0142|132
0143|133
0144|134
0145|135
0146|136
0147|137
0148|138
0149|139
0150|140
0151|Emaille
0152|(blank)
0153|141
0154|142
0155|143
0156|144
0157|145
0158|146
0159|147
0160|148
0161|149
0162|150
0163|151
0164|152
0165|153
0166|154
0167|155
0168|156
0169|157
0170|158
0171|159
0172|160
0173|161
0174|162
0175|163
0176|164
0177|165
0178|166
0179|167
0180|168
0181|169
0182|170
0183|171
0184|172
0185|173
0186|174
0187|175
0188|176
0189|177
0190|178
0191|179
0192|180
0193|181
0194|182
0195|183
0196|184
0197|185
0198|186
0199|187
0200|188
0201|189
0202|190
0203|191
0204|192
0205|193
0206|194
0207|195
0208|196
0209|197
0210|198
0211|199
0212|200
0213|201
0214|202
0215|203
0216|204
0217|205
0218|206
0219|207
0220|208
0221|209
0222|210
0223|211
0224|212
0225|213
0226|214
0227|215
0228|216
0229|England, Skotlandog Irland
0230|(blank)
0231|217
0232|218
0233|219
0234|220
0235|221
0236|222
0237|223
0238|224
0239|225
0240|226
0241|227
0242|228
0243|229
0244|230
0245|231
0246|232
0247|233
0248|234
0249|235
0250|236
0251|237
0252|238
0253|239
0254|240
0255|241
0256|242
0257|243
0258|244
0259|245
0260|246
0261|247
0262|248
0263|249
0264|250
0265|251
0266|252
0267|253
0268|254
0269|255
0270|256
0271|257
0272|258
0273|259
0274|260
0275|261
0276|262
0277|263
0278|264
0279|265
0280|266
0281|267
0282|268
0283|269
0284|270
0285|271
0286|272
0287|273
0288|274
0289|275
0290|276
0291|277
0292|278
0293|279
0294|280
0295|281
0296|282
0297|283
0298|284
0299|285
0300|286
0301|287
0302|288
0303|289
0304|290
0305|291
0306|292
0307|293
0308|294
0309|295
0310|296
0311|297
0312|298
0313|299
0314|300
0315|301
0316|302
0317|303
0318|304
0319|305
0320|306
0321|307
0322|308
0323|309
0324|310
0325|311
0326|312
0327|313
0328|314
0329|315
0330|316
0331|317
0332|318
0333|319
0334|320
0335|321
0336|322
0337|323
0338|324
0339|325
0340|326
0341|327
0342|328
0343|329
0344|330
0345|331
0346|332
0347|333
0348|334
0349|335
0350|336
0351|337
0352|338
0353|339
0354|340
0355|341
0356|342
0357|343
0358|344
0359|345
0360|346
0361|347
0362|348
0363|349
0364|350
0365|351
0366|352
0367|353
0368|354
0369|355
0370|356
0371|Epidauros
0372|(blank)
0373|357
0374|358
0375|359
0376|360
0377|361
0378|362
0379|363
0380|364
0381|365
0382|366
0383|367
0384|368
0385|369
0386|370
0387|371
0388|372
0389|373
0390|374
0391|375
0392|376
0393|377
0394|378
0395|Epitaff
0396|(blank)
0397|379
0398|380
0399|381
0400|382
0401|383
0402|384
0403|385
0404|386
0405|387
0406|388
0407|389
0408|390
0409|391
0410|392
0411|393
0412|394
0413|395
0414|396
0415|397
0416|398
0417|399
0418|400
0419|401
0420|402
0421|403
0422|404
0423|405
0424|406
0425|407
0426|408
0427|409
0428|410
0429|411
0430|412
0431|413
0432|414
0433|415
0434|416
0435|417
0436|418
0437|419
0438|420
0439|421
0440|422
0441|423
0442|424
0443|425
0444|426
0445|427
0446|428
0447|429
0448|430
0449|431
0450|432
0451|433
0452|434
0453|435
0454|436
0455|437
0456|438
0457|439
0458|440
0459|Eros
0460|(blank)
0461|441
0462|442
0463|443
0464|444
0465|445
0466|446
0467|447
0468|448
0469|449
0470|450
0471|451
0472|452
0473|453
0474|454
0475|Esbjerg
0476|(blank)
0477|455
0478|456
0479|457
0480|458
0481|459
0482|460
0483|461
0484|462
0485|463
0486|464
0487|465
0488|466
0489|467
0490|468
0491|469
0492|470
0493|471
0494|472
0495|473
0496|474
0497|475
0498|476
0499|477
0500|478
0501|479
0502|480
0503|481
0504|482
0505|483
0506|484
0507|485
0508|486
0509|487
0510|488
0511|489
0512|490
0513|491
0514|492
0515|493
0516|494
0517|495
0518|496
0519|497
0520|498
0521|499
0522|500
0523|501
0524|502
0525|503
0526|504
0527|505
0528|506
0529|507
0530|508
0531|509
0532|510
0533|511
0534|512
0535|513
0536|514
0537|515
0538|516
0539|517
0540|518
0541|519
0542|520
0543|521
0544|522
0545|523
0546|524
0547|525
0548|526
0549|527
0550|528
0551|529
0552|530
0553|531
0554|532
0555|533
0556|534
0557|535
0558|536
0559|537
0560|538
0561|539
0562|540
0563|541
0564|542
0565|543
0566|544
0567|545
0568|546
0569|547
0570|548
0571|549
0572|550
0573|551
0574|552
0575|553
0576|554
0577|555
0578|556
0579|557
0580|558
0581|559
0582|560
0583|561
0584|562
0585|Fysisk Kort over Europa
0586|(blank)
0587|563
0588|564
0589|565
0590|566
0591|567
0592|568
0593|569
0594|570
0595|571
0596|572
0597|573
0598|574
0599|575
0600|576
0601|Politisk Kort over Europa. 1918
0602|(blank)
0603|Politisk Kort over Europa. 1926
0604|(blank)
0605|577
0606|578
0607|579
0608|580
0609|581
0610|582
0611|583
0612|584
0613|585
0614|586
0615|587
0616|588
0617|589
0618|590
0619|591
0620|592
0621|593
0622|594
0623|595
0624|596
0625|597
0626|598
0627|599
0628|600
0629|601
0630|602
0631|603
0632|604
0633|605
0634|606
0635|607
0636|608
0637|609
0638|610
0639|611
0640|612
0641|613
0642|614
0643|615
0644|616
0645|617
0646|618
0647|619
0648|620
0649|Exlibris
0650|Exlibris
0651|621
0652|622
0653|623
0654|624
0655|625
0656|626
0657|627
0658|628
0659|629
0660|630
0661|631
0662|632
0663|633
0664|634
0665|635
0666|636
0667|637
0668|638
0669|639
0670|640
0671|Faareracer
0672|(blank)
0673|641
0674|642
0675|643
0676|644
0677|645
0678|646
0679|647
0680|648
0681|649
0682|650
0683|651
0684|652
0685|653
0686|654
0687|655
0688|656
0689|657
0690|658
0691|659
0692|660
0693|661
0694|662
0695|663
0696|664
0697|665
0698|666
0699|667
0700|668
0701|669
0702|670
0703|671
0704|672
0705|673
0706|674
0707|675
0708|676
0709|677
0710|678
0711|679
0712|680
0713|681
0714|682
0715|683
0716|684
0717|685
0718|686
0719|687
0720|688
0721|Fajance, potteri og stentøj
0722|(blank)
0723|689
0724|690
0725|691
0726|692
0727|693
0728|694
0729|695
0730|696
0731|697
0732|698
0733|699
0734|700
0735|701
0736|702
0737|703
0738|704
0739|705
0740|706
0741|707
0742|708
0743|709
0744|710
0745|711
0746|712
0747|713
0748|714
0749|715
0750|716
0751|717
0752|718
0753|719
0754|720
0755|721
0756|722
0757|723
0758|724
0759|725
0760|726
0761|727
0762|728
0763|729
0764|730
0765|731
0766|732
0767|733
0768|734
0769|735
0770|736
0771|737
0772|738
0773|739
0774|740
0775|741
0776|742
0777|743
0778|744
0779|745
0780|746
0781|747
0782|748
0783|749
0784|750
0785|751
0786|752
0787|753
0788|754
0789|755
0790|756
0791|757
0792|758
0793|759
0794|760
0795|761
0796|762
0797|763
0798|764
0799|765
0800|766
0801|767
0802|768
0803|769
0804|770
0805|771
0806|772
0807|773
0808|774
0809|775
0810|776
0811|Farvetryk
0812|(blank)
0813|777
0814|778
0815|779
0816|780
0817|Fasaner
0818|(blank)
0819|781
0820|782
0821|783
0822|784
0823|785
0824|786
0825|787
0826|788
0827|789
0828|790
0829|791
0830|792
0831|793
0832|794
0833|795
0834|796
0835|797
0836|798
0837|799
0838|800
0839|801
0840|802
0841|803
0842|804
0843|805
0844|806
0845|807
0846|808
0847|809
0848|810
0849|811
0850|812
0851|813
0852|814
0853|815
0854|816
0855|817
0856|818
0857|819
0858|820
0859|821
0860|822
0861|823
0862|824
0863|825
0864|826
0865|827
0866|828
0867|829
0868|830
0869|831
0870|832
0871|833
0872|834
0873|835
0874|836
0875|837
0876|838
0877|839
0878|840
0879|841
0880|842
0881|843
0882|844
0883|845
0884|846
0885|847
0886|848
0887|849
0888|850
0889|851
0890|852
0891|853
0892|854
0893|855
0894|856
0895|857
0896|858
0897|859
0898|860
0899|861
0900|862
0901|863
0902|864
0903|865
0904|866
0905|867
0906|868
0907|869
0908|870
0909|871
0910|872
0911|873
0912|874
0913|875
0914|876
0915|877
0916|878
0917|879
0918|880
0919|881
0920|882
0921|883
0922|884
0923|885
0924|886
0925|887
0926|888
0927|889
0928|890
0929|891
0930|892
0931|893
0932|894
0933|895
0934|896
0935|897
0936|898
0937|899
0938|900
0939|901
0940|902
0941|903
0942|904
0943|905
0944|906
0945|907
0946|908
0947|909
0948|910
0949|911
0950|912
0951|913
0952|914
0953|915
0954|916
0955|917
0956|918
0957|919
0958|920
0959|921
0960|922
0961|923
0962|924
0963|925
0964|926
0965|927
0966|928
0967|929
0968|930
0969|931
0970|932
0971|933
0972|934
0973|935
0974|936
0975|937
0976|938
0977|939
0978|940
0979|941
0980|942
0981|943
0982|944
0983|945
0984|946
0985|947
0986|948
0987|949
0988|950
0989|951
0990|(blank)
#
#
