# salmonsen/2/2/Pages.lst
#
0001|smudstitel
0002|(blank)
0003|titelside
0004|(blank)
0005|iii
0006|iv
0007|v
0008|vi
0009|1
0010|2
0011|3
0012|4
0013|5
0014|6
0015|7
0016|8
0017|9
0018|10
0019|11
0020|12
0021|13
0022|14
0023|15
0024|16
0025|17
0026|18
0027|19
0028|20
0029|21
0030|22
0031|23
0032|24
0033|25
0034|26
0035|27
0036|28
0037|29
0038|30
0039|31
0040|32
0041|33
0042|34
0043|35
0044|36
0045|37
0046|38
0047|39
0048|40
0049|41
0050|42
0051|43
0052|44
0053|45
0054|46
0055|47
0056|48
0057|49
0058|50
0059|51
0060|52
0061|53
0062|54
0063|55
0064|56
0065|57
0066|58
0067|59
0068|60
0069|61
0070|62
0071|63
0072|64
0073|65
0074|66
0075|67
0076|68
0077|69
0078|70
0079|71
0080|72
0081|73
0082|74
0083|75
0084|76
0085|77
0086|78
0087|79
0088|80
0089|81
0090|82
0091|83
0092|84
0093|85
0094|86
0095|87
0096|88
0097|89
0098|90
0099|91
0100|92
0101|93
0102|94
0103|95
0104|96
0105|97
0106|98
0107|99
0108|100
0109|101
0110|102
0111|103
0112|104
0113|105
0114|106
0115|107
0116|108
0117|109
0118|110
0119|111
0120|112
0121|113
0122|114
0123|115
0124|116
0125|117
0126|118
0127|119
0128|120
0129|121
0130|122
0131|123
0132|124
0133|125
0134|126
0135|127
0136|128
0137|129
0138|130
0139|131
0140|132
0141|133
0142|134
0143|135
0144|136
0145|137
0146|138
0147|139
0148|140
0149|141
0150|142
0151|143
0152|144
0153|145
0154|146
0155|147
0156|148
0157|149
0158|150
0159|151
0160|152
0161|153
0162|154
0163|155
0164|156
0165|157
0166|158
0167|159
0168|160
0169|161
0170|162
0171|Artemis
0172|(blank)
0173|163
0174|164
0175|165
0176|166
0177|167
0178|168
0179|169
0180|170
0181|171
0182|172
0183|173
0184|174
0185|175
0186|176
0187|177
0188|178
0189|179
0190|180
0191|181
0192|182
0193|183
0194|184
0195|185
0196|186
0197|187
0198|188
0199|189
0200|190
0201|191
0202|192
0203|193
0204|194
0205|195
0206|196
0207|197
0208|198
0209|199
0210|200
0211|201
0212|202
0213|203
0214|204
0215|205
0216|206
0217|207
0218|208
0219|209
0220|210
0221|211
0222|212
0223|213
0224|214
0225|215
0226|216
0227|217
0228|218
0229|219
0230|220
0231|221
0232|222
0233|223
0234|224
0235|Asien. Fysisk Kort
0236|(blank)
0237|225
0238|226
0239|227
0240|228
0241|229
0242|230
0243|(blank)
0244|Asiatiske Folketyper I
0245|Asiatiske Folketyper I
0246|(blank)
0247|(blank)
0248|Asiatiske Folketyper II
0249|Asiatiske Folketyper II
0250|(blank)
0251|231
0252|232
0253|Asien. Politisk Kort
0254|(blank)
0255|233
0256|234
0257|235
0258|236
0259|237
0260|238
0261|239
0262|240
0263|241
0264|242
0265|243
0266|244
0267|245
0268|246
0269|247
0270|248
0271|Asklepios
0272|(blank)
0273|249
0274|250
0275|251
0276|252
0277|253
0278|254
0279|255
0280|256
0281|257
0282|258
0283|259
0284|260
0285|261
0286|262
0287|263
0288|264
0289|265
0290|266
0291|267
0292|268
0293|269
0294|270
0295|271
0296|272
0297|273
0298|274
0299|275
0300|276
0301|277
0302|278
0303|279
0304|280
0305|281
0306|282
0307|283
0308|284
0309|285
0310|286
0311|287
0312|288
0313|289
0314|290
0315|291
0316|292
0317|293
0318|294
0319|295
0320|296
0321|297
0322|298
0323|299
0324|300
0325|301
0326|302
0327|303
0328|304
0329|305
0330|306
0331|307
0332|308
0333|309
0334|310
0335|311
0336|312
0337|313
0338|314
0339|315
0340|316
0341|Athen
0342|(blank)
0343|317
0344|318
0345|319
0346|320
0347|321
0348|322
0349|Athena
0350|(blank)
0351|323
0352|324
0353|325
0354|326
0355|327
0356|328
0357|329
0358|330
0359|331
0360|332
0361|333
0362|334
0363|335
0364|336
0365|337
0366|338
0367|339
0368|340
0369|341
0370|342
0371|343
0372|344
0373|345
0374|346
0375|347
0376|348
0377|349
0378|350
0379|351
0380|352
0381|353
0382|354
0383|355
0384|356
0385|357
0386|358
0387|359
0388|360
0389|361
0390|362
0391|363
0392|364
0393|365
0394|366
0395|367
0396|368
0397|369
0398|370
0399|371
0400|372
0401|373
0402|374
0403|375
0404|376
0405|377
0406|378
0407|379
0408|380
0409|381
0410|382
0411|383
0412|384
0413|385
0414|386
0415|387
0416|388
0417|Australien (Fysisk Kort)
0418|(blank)
0419|389
0420|390
0421|391
0422|392
0423|393
0424|394
0425|(blank)
0426|Australiske folketyper
0427|Australiske folketyper
0428|(blank)
0429|395
0430|396
0431|397
0432|398
0433|Australien (Politisk Kort)
0434|(blank)
0435|399
0436|400
0437|401
0438|402
0439|403
0440|404
0441|405
0442|406
0443|407
0444|408
0445|409
0446|410
0447|411
0448|412
0449|413
0450|414
0451|415
0452|416
0453|417
0454|418
0455|419
0456|420
0457|421
0458|422
0459|423
0460|424
0461|425
0462|426
0463|427
0464|428
0465|429
0466|430
0467|431
0468|432
0469|433
0470|434
0471|435
0472|436
0473|437
0474|438
0475|439
0476|440
0477|441
0478|442
0479|443
0480|444
0481|445
0482|446
0483|447
0484|448
0485|449
0486|450
0487|451
0488|452
0489|Baand i det menskelige Legeme
0490|(blank)
0491|453
0492|454
0493|455
0494|456
0495|457
0496|458
0497|459
0498|460
0499|461
0500|462
0501|463
0502|464
0503|465
0504|466
0505|467
0506|468
0507|469
0508|470
0509|471
0510|472
0511|473
0512|474
0513|475
0514|476
0515|477
0516|478
0517|479
0518|480
0519|481
0520|482
0521|483
0522|484
0523|485
0524|486
0525|487
0526|488
0527|489
0528|490
0529|491
0530|492
0531|493
0532|494
0533|495
0534|496
0535|497
0536|498
0537|499
0538|500
0539|501
0540|502
0541|503
0542|504
0543|505
0544|506
0545|507
0546|508
0547|509
0548|510
0549|Bagindien
0550|(blank)
0551|511
0552|512
0553|513
0554|514
0555|515
0556|516
0557|517
0558|518
0559|519
0560|520
0561|521
0562|522
0563|523
0564|524
0565|525
0566|526
0567|527
0568|528
0569|529
0570|530
0571|531
0572|532
0573|533
0574|534
0575|535
0576|536
0577|537
0578|538
0579|539
0580|540
0581|541
0582|542
0583|543
0584|544
0585|545
0586|546
0587|Bakterier
0588|(blank)
0589|547
0590|548
0591|549
0592|550
0593|551
0594|552
0595|553
0596|554
0597|555
0598|556
0599|557
0600|558
0601|559
0602|560
0603|561
0604|562
0605|Balkanhalvøen
0606|(blank)
0607|563
0608|564
0609|565
0610|566
0611|567
0612|568
0613|569
0614|570
0615|571
0616|572
0617|573
0618|574
0619|575
0620|576
0621|577
0622|578
0623|579
0624|580
0625|581
0626|582
0627|583
0628|584
0629|585
0630|586
0631|587
0632|588
0633|589
0634|590
0635|591
0636|592
0637|593
0638|594
0639|595
0640|596
0641|597
0642|598
0643|599
0644|600
0645|601
0646|602
0647|603
0648|604
0649|Banegaard
0650|(blank)
0651|605
0652|606
0653|607
0654|608
0655|609
0656|610
0657|611
0658|612
0659|613
0660|614
0661|615
0662|616
0663|617
0664|618
0665|619
0666|620
0667|621
0668|622
0669|623
0670|624
0671|625
0672|626
0673|627
0674|628
0675|629
0676|630
0677|631
0678|632
0679|633
0680|634
0681|635
0682|636
0683|637
0684|638
0685|639
0686|640
0687|641
0688|642
0689|643
0690|644
0691|645
0692|646
0693|647
0694|648
0695|649
0696|650
0697|651
0698|652
0699|653
0700|654
0701|655
0702|656
0703|657
0704|658
0705|659
0706|660
0707|661
0708|662
0709|663
0710|664
0711|665
0712|666
0713|667
0714|668
0715|669
0716|670
0717|671
0718|672
0719|673
0720|674
0721|675
0722|676
0723|677
0724|678
0725|679
0726|680
0727|681
0728|682
0729|683
0730|684
0731|685
0732|686
0733|687
0734|688
0735|689
0736|690
0737|691
0738|692
0739|693
0740|694
0741|695
0742|696
0743|697
0744|698
0745|699
0746|700
0747|701
0748|702
0749|703
0750|704
0751|705
0752|706
0753|707
0754|708
0755|709
0756|710
0757|711
0758|712
0759|713
0760|714
0761|715
0762|716
0763|717
0764|718
0765|719
0766|720
0767|721
0768|722
0769|723
0770|724
0771|725
0772|726
0773|727
0774|728
0775|729
0776|730
0777|731
0778|732
0779|733
0780|734
0781|735
0782|736
0783|Bastarder
0784|(blank)
0785|737
0786|738
0787|739
0788|740
0789|741
0790|742
0791|743
0792|744
0793|745
0794|746
0795|747
0796|748
0797|749
0798|750
0799|751
0800|752
0801|753
0802|754
0803|755
0804|756
0805|757
0806|758
0807|759
0808|760
0809|761
0810|762
0811|763
0812|764
0813|765
0814|766
0815|767
0816|768
0817|769
0818|770
0819|Bayern. Württemberg. Baden. Hessen. (Sydtyske Stater.)
0820|(blank)
0821|771
0822|772
0823|773
0824|774
0825|775
0826|776
0827|777
0828|778
0829|779
0830|780
0831|781
0832|782
0833|783
0834|784
0835|785
0836|786
0837|787
0838|788
0839|789
0840|790
0841|791
0842|792
0843|793
0844|794
0845|795
0846|796
0847|797
0848|798
0849|799
0850|800
0851|801
0852|802
0853|803
0854|804
0855|805
0856|806
0857|807
0858|808
0859|809
0860|810
0861|811
0862|812
0863|813
0864|814
0865|815
0866|816
0867|817
0868|818
0869|819
0870|820
0871|821
0872|822
0873|823
0874|824
0875|825
0876|826
0877|827
0878|828
0879|829
0880|830
0881|831
0882|832
0883|833
0884|834
0885|835
0886|836
0887|837
0888|838
0889|839
0890|840
0891|841
0892|842
0893|843
0894|844
0895|845
0896|846
0897|847
0898|848
0899|849
0900|850
0901|851
0902|852
0903|853
0904|854
0905|855
0906|856
0907|857
0908|858
0909|859
0910|860
0911|861
0912|862
0913|863
0914|864
0915|Belgien
0916|(blank)
0917|865
0918|866
0919|867
0920|868
0921|869
0922|870
0923|871
0924|872
0925|873
0926|874
0927|875
0928|876
0929|877
0930|878
0931|Belgrad
0932|(blank)
0933|879
0934|880
0935|881
0936|882
0937|883
0938|884
0939|885
0940|886
0941|887
0942|888
0943|889
0944|890
0945|891
0946|892
0947|893
0948|894
0949|895
0950|896
0951|897
0952|898
0953|899
0954|900
0955|901
0956|902
0957|903
0958|904
0959|905
0960|906
0961|907
0962|908
0963|909
0964|910
0965|911
0966|912
0967|913
0968|914
0969|915
0970|916
0971|917
0972|918
0973|919
0974|920
0975|921
0976|922
0977|923
0978|924
0979|925
0980|926
0981|927
0982|928
0983|929
0984|930
0985|931
0986|932
0987|933
0988|934
0989|935
0990|936
0991|937
0992|938
0993|939
0994|940
0995|941
0996|942
0997|943
0998|944
0999|945
1000|946
1001|947
1002|948
1003|949
1004|950
1005|951
1006|952
1007|953
1008|(blank)
#
#
