# salmonsen/2/18/Pages.lst
#
0001|blank
0002|blank
0003|titel
0004|blank
0005|titel
0006|blank
0007|i
0008|ii
0009|iii
0010|iv
0011|1
0012|2
0013|3
0014|4
0015|5
0016|6
0017|7
0018|8
0019|9
0020|10
0021|11
0022|12
0023|13
0024|14
0025|15
0026|16
0027|17
0028|18
0029|19
0030|20
0031|21
0032|22
0033|23
0034|24
0035|25
0036|26
0037|27
0038|28
0039|29
0040|30
0041|31
0042|32
0043|33
0044|34
0045|35
0046|36
0047|37
0048|38
0049|39
0050|40
0051|41
0052|42
0053|43
0054|44
0055|45
0056|46
0057|47
0058|48
0059|49
0060|50
0061|51
0062|52
0063|53
0064|54
0065|55
0066|56
0067|57
0068|58
0069|59
0070|60
0071|61
0072|62
0073|63
0074|64
0075|65
0076|66
0077|67
0078|68
0079|69
0080|70
0081|71
0082|72
0083|73
0084|74
0085|75
0086|76
0087|77
0088|78
0089|79
0090|80
0091|81
0092|82
0093|83
0094|84
0095|85
0096|86
0097|87
0098|88
0099|plansch
0100|plansch
0101|89
0102|90
0103|91
0104|92
0105|93
0106|94
0107|95
0108|96
0109|97
0110|98
0111|99
0112|100
0113|101
0114|102
0115|103
0116|104
0117|105
0118|106
0119|107
0120|108
0121|109
0122|110
0123|111
0124|112
0125|113
0126|114
0127|115
0128|116
0129|117
0130|118
0131|119
0132|120
0133|121
0134|122
0135|123
0136|124
0137|125
0138|126
0139|127
0140|128
0141|129
0142|130
0143|131
0144|132
0145|133
0146|134
0147|135
0148|136
0149|137
0150|138
0151|139
0152|140
0153|141
0154|142
0155|143
0156|144
0157|145
0158|146
0159|147
0160|148
0161|149
0162|150
0163|151
0164|152
0165|153
0166|154
0167|155
0168|156
0169|157
0170|158
0171|159
0172|160
0173|161
0174|162
0175|163
0176|164
0177|165
0178|166
0179|167
0180|168
0181|169
0182|170
0183|171
0184|172
0185|173
0186|174
0187|175
0188|176
0189|177
0190|178
0191|179
0192|180
0193|181
0194|182
0195|183
0196|184
0197|185
0198|186
0199|187
0200|188
0201|189
0202|190
0203|191
0204|192
0205|193
0206|194
0207|195
0208|196
0209|197
0210|198
0211|199
0212|200
0213|201
0214|202
0215|203
0216|204
0217|205
0218|206
0219|207
0220|208
0221|209
0222|210
0223|211
0224|212
0225|213
0226|214
0227|215
0228|216
0229|217
0230|218
0231|plansch
0232|blank
0233|219
0234|220
0235|221
0236|222
0237|223
0238|224
0239|225
0240|226
0241|227
0242|228
0243|229
0244|230
0245|231
0246|232
0247|233
0248|234
0249|235
0250|236
0251|237
0252|238
0253|239
0254|240
0255|241
0256|242
0257|243
0258|244
0259|245
0260|246
0261|247
0262|248
0263|249
0264|250
0265|251
0266|252
0267|253
0268|254
0269|255
0270|256
0271|257
0272|258
0273|259
0274|260
0275|261
0276|262
0277|263
0278|264
0279|265
0280|266
0281|267
0282|268
0283|269
0284|270
0285|271
0286|272
0287|273
0288|274
0289|275
0290|276
0291|277
0292|278
0293|279
0294|280
0295|281
0296|282
0297|283
0298|284
0299|285
0300|286
0301|287
0302|288
0303|289
0304|290
0305|291
0306|292
0307|293
0308|294
0309|295
0310|296
0311|297
0312|298
0313|299
0314|300
0315|301
0316|302
0317|303
0318|304
0319|305
0320|306
0321|307
0322|308
0323|309
0324|310
0325|311
0326|312
0327|karte
0328|karte
0329|313
0330|314
0331|315
0332|316
0333|317
0334|318
0335|319
0336|320
0337|321
0338|322
0339|323
0340|324
0341|325
0342|326
0343|327
0344|328
0345|329
0346|330
0347|331
0348|332
0349|333
0350|334
0351|335
0352|336
0353|337
0354|338
0355|339
0356|340
0357|341
0358|342
0359|343
0360|344
0361|345
0362|346
0363|347
0364|348
0365|349
0366|350
0367|351
0368|352
0369|353
0370|354
0371|355
0372|356
0373|357
0374|358
0375|359
0376|360
0377|361
0378|362
0379|363
0380|364
0381|365
0382|366
0383|367
0384|368
0385|369
0386|370
0387|371
0388|372
0389|373
0390|374
0391|375
0392|376
0393|377
0394|378
0395|379
0396|380
0397|381
0398|382
0399|383
0400|384
0401|385
0402|386
0403|387
0404|388
0405|389
0406|390
0407|391
0408|392
0409|393
0410|394
0411|395
0412|396
0413|plansch
0414|plansch
0415|397
0416|398
0417|399
0418|400
0419|401
0420|402
0421|403
0422|404
0423|405
0424|406
0425|407
0426|408
0427|409
0428|410
0429|411
0430|412
0431|413
0432|414
0433|415
0434|416
0435|plansch
0436|plansch
0437|417
0438|418
0439|419
0440|420
0441|421
0442|422
0443|423
0444|424
0445|425
0446|426
0447|427
0448|428
0449|429
0450|430
0451|431
0452|432
0453|433
0454|434
0455|435
0456|436
0457|437
0458|438
0459|439
0460|440
0461|441
0462|442
0463|443
0464|444
0465|445
0466|446
0467|447
0468|448
0469|449
0470|450
0471|451
0472|452
0473|453
0474|454
0475|455
0476|456
0477|457
0478|458
0479|459
0480|460
0481|461
0482|462
0483|463
0484|464
0485|465
0486|466
0487|467
0488|468
0489|469
0490|470
0491|471
0492|472
0493|473
0494|474
0495|475
0496|476
0497|477
0498|478
0499|479
0500|480
0501|481
0502|482
0503|483
0504|484
0505|485
0506|486
0507|487
0508|488
0509|489
0510|490
0511|491
0512|492
0513|493
0514|494
0515|495
0516|496
0517|497
0518|498
0519|499
0520|500
0521|501
0522|502
0523|503
0524|504
0525|karte
0526|karte
0527|505
0528|506
0529|507
0530|508
0531|509
0532|510
0533|511
0534|512
0535|513
0536|514
0537|515
0538|516
0539|517
0540|518
0541|519
0542|520
0543|521
0544|522
0545|523
0546|524
0547|525
0548|526
0549|527
0550|528
0551|529
0552|530
0553|531
0554|532
0555|533
0556|534
0557|535
0558|536
0559|537
0560|538
0561|539
0562|540
0563|541
0564|542
0565|543
0566|544
0567|545
0568|546
0569|547
0570|548
0571|549
0572|550
0573|551
0574|552
0575|553
0576|554
0577|555
0578|556
0579|557
0580|558
0581|559
0582|560
0583|561
0584|562
0585|563
0586|564
0587|565
0588|566
0589|567
0590|568
0591|569
0592|570
0593|571
0594|572
0595|573
0596|574
0597|575
0598|576
0599|577
0600|578
0601|579
0602|580
0603|581
0604|582
0605|583
0606|584
0607|585
0608|586
0609|587
0610|588
0611|589
0612|590
0613|591
0614|592
0615|593
0616|594
0617|595
0618|596
0619|597
0620|598
0621|599
0622|600
0623|601
0624|602
0625|603
0626|604
0627|605
0628|606
0629|607
0630|608
0631|609
0632|610
0633|611
0634|612
0635|613
0636|614
0637|615
0638|616
0639|617
0640|618
0641|619
0642|620
0643|621
0644|622
0645|623
0646|624
0647|625
0648|626
0649|627
0650|628
0651|629
0652|630
0653|631
0654|632
0655|633
0656|634
0657|635
0658|636
0659|637
0660|638
0661|639
0662|640
0663|641
0664|642
0665|643
0666|644
0667|645
0668|646
0669|647
0670|648
0671|649
0672|650
0673|651
0674|652
0675|plansch
0676|blank
0677|653
0678|654
0679|655
0680|656
0681|657
0682|658
0683|659
0684|660
0685|661
0686|662
0687|663
0688|664
0689|665
0690|666
0691|667
0692|668
0693|669
0694|670
0695|671
0696|672
0697|673
0698|674
0699|675
0700|676
0701|677
0702|678
0703|679
0704|680
0705|681
0706|682
0707|683
0708|684
0709|685
0710|686
0711|687
0712|688
0713|689
0714|690
0715|691
0716|692
0717|693
0718|694
0719|695
0720|696
0721|697
0722|698
0723|699
0724|700
0725|701
0726|702
0727|703
0728|704
0729|705
0730|706
0731|707
0732|708
0733|709
0734|710
0735|711
0736|712
0737|713
0738|714
0739|715
0740|716
0741|717
0742|718
0743|719
0744|720
0745|721
0746|722
0747|723
0748|724
0749|725
0750|726
0751|727
0752|728
0753|729
0754|730
0755|731
0756|732
0757|733
0758|734
0759|735
0760|736
0761|737
0762|738
0763|739
0764|740
0765|plansch
0766|plansch
0767|741
0768|742
0769|743
0770|744
0771|745
0772|746
0773|747
0774|748
0775|749
0776|750
0777|751
0778|752
0779|753
0780|754
0781|755
0782|756
0783|757
0784|758
0785|759
0786|760
0787|761
0788|762
0789|763
0790|764
0791|765
0792|766
0793|767
0794|768
0795|769
0796|770
0797|771
0798|772
0799|773
0800|774
0801|775
0802|776
0803|777
0804|778
0805|779
0806|780
0807|781
0808|782
0809|783
0810|784
0811|785
0812|786
0813|787
0814|788
0815|789
0816|790
0817|791
0818|792
0819|793
0820|794
0821|795
0822|796
0823|797
0824|798
0825|799
0826|800
0827|801
0828|802
0829|803
0830|804
0831|805
0832|806
0833|807
0834|808
0835|809
0836|810
0837|811
0838|812
0839|813
0840|814
0841|815
0842|816
0843|817
0844|818
0845|819
0846|820
0847|821
0848|822
0849|823
0850|824
0851|825
0852|826
0853|827
0854|828
0855|829
0856|830
0857|831
0858|832
0859|833
0860|834
0861|835
0862|836
0863|837
0864|838
0865|839
0866|840
0867|841
0868|842
0869|843
0870|844
0871|845
0872|846
0873|847
0874|848
0875|plansch
0876|plansch
0877|849
0878|850
0879|851
0880|852
0881|plansch
0882|plansch
0883|853
0884|854
0885|855
0886|856
0887|857
0888|858
0889|859
0890|860
0891|861
0892|862
0893|863
0894|864
0895|865
0896|866
0897|867
0898|868
0899|869
0900|870
0901|871
0902|872
0903|873
0904|874
0905|875
0906|876
0907|877
0908|878
0909|879
0910|880
0911|881
0912|882
0913|883
0914|884
0915|885
0916|886
0917|887
0918|888
0919|889
0920|890
0921|891
0922|892
0923|893
0924|894
0925|895
0926|896
0927|897
0928|898
0929|899
0930|900
0931|901
0932|902
0933|903
0934|904
0935|905
0936|906
0937|907
0938|908
0939|909
0940|910
0941|911
0942|912
0943|plansch
0944|plansch
0945|913
0946|914
0947|915
0948|916
0949|917
0950|918
0951|919
0952|920
0953|921
0954|922
0955|923
0956|924
0957|925
0958|926
0959|927
0960|928
0961|929
0962|930
0963|931
0964|932
0965|933
0966|934
0967|935
0968|936
0969|937
0970|938
0971|939
0972|940
0973|941
0974|942
0975|943
0976|944
0977|945
0978|946
0979|947
0980|948
0981|949
0982|950
0983|951
0984|952
0985|953
0986|954
0987|955
0988|956
0989|957
0990|958
0991|959
0992|960
0993|961
0994|962
0995|963
0996|964
0997|965
0998|966
0999|967
1000|968
1001|969
1002|970
1003|971
1004|972
1005|973
1006|974
1007|975
1008|976
1009|977
1010|978
1011|979
1012|980
1013|981
1014|982
1015|983
1016|984
1017|985
1018|986
1019|987
1020|988
1021|plansch
1022|plansch
1023|989
1024|990
1025|991
1026|992
1027|993
1028|994
1029|995
1030|996
1031|997
1032|998
1033|999
1034|1000
1035|1001
1036|1002
1037|1003
1038|1004
1039|1005
1040|1006
1041|1007
1042|1008
1043|1009
1044|1010
1045|1011
1046|1012
1047|1013
1048|1014
1049|1015
1050|1016
1051|1017
1052|1018
1053|1019
1054|1020
1055|1021
1056|1022
1057|1023
1058|1024
1059|1025
1060|1026
1061|1027
1062|1028
1063|1029
1064|1030
1065|1031
1066|1032
1067|1033
1068|1034
1069|1035
1070|1036
1071|1037
1072|1038
1073|1039
1074|1040
1075|1041
1076|1042
1077|1043
1078|1044
1079|1045
1080|1046
1081|1047
1082|1048
1083|1049
1084|1050
1085|1051
1086|1052
1087|1053
1088|1054
1089|1055
1090|1056
1091|1057
1092|1058
1093|1059
1094|1060
1095|1061
1096|1062
1097|1063
1098|1064
1099|1065
1100|1066
1101|1067
1102|1068
1103|1069
1104|1070
1105|1071
1106|1072
1107|1073
1108|1074
1109|1075
1110|1076
1111|1077
1112|1078
1113|1079
1114|1080
1115|1081
1116|1082
1117|1083
1118|1084
1119|1085
1120|1086
1121|1087
1122|1088
1123|1089
1124|1090
1125|1091
1126|1092
1127|1093
1128|1094
1129|1095
1130|1096
1131|1097
1132|1098
1133|1099
1134|1100
1135|1101
1136|1102
1137|1103
1138|1104
1139|1105
1140|1106
1141|1107
1142|blank
1143|forkortelser
1144|ii
1145|illustrationer
1146|ii
1147|rettelser
1148|ii
