# salmonsen/2/12/Pages.lst
#
0001|titel
0002|blank
0003|titel
0004|blank
0005|i
0006|ii
0007|iii
0008|iv
0009|1
0010|2
0011|3
0012|4
0013|5
0014|6
0015|7
0016|8
0017|9
0018|10
0019|11
0020|12
0021|13
0022|14
0023|15
0024|16
0025|17
0026|18
0027|19
0028|20
0029|21
0030|22
0031|23
0032|24
0033|25
0034|26
0035|27
0036|28
0037|29
0038|30
0039|31
0040|32
0041|33
0042|34
0043|35
0044|36
0045|37
0046|38
0047|39
0048|40
0049|41
0050|42
0051|43
0052|44
0053|45
0054|46
0055|47
0056|48
0057|49
0058|50
0059|51
0060|52
0061|53
0062|54
0063|55
0064|56
0065|57
0066|58
0067|59
0068|60
0069|61
0070|62
0071|63
0072|64
0073|65
0074|66
0075|67
0076|68
0077|69
0078|70
0079|71
0080|72
0081|73
0082|74
0083|75
0084|76
0085|77
0086|78
0087|79
0088|80
0089|81
0090|82
0091|83
0092|84
0093|85
0094|86
0095|87
0096|88
0097|89
0098|90
0099|91
0100|92
0101|93
0102|94
0103|95
0104|96
0105|97
0106|98
0107|99
0108|100
0109|101
0110|102
0111|103
0112|104
0113|105
0114|106
0115|107
0116|108
0117|109
0118|110
0119|111
0120|112
0121|113
0122|114
0123|115
0124|116
0125|117
0126|118
0127|119
0128|120
0129|121
0130|122
0131|123
0132|124
0133|125
0134|126
0135|127
0136|128
0137|129
0138|130
0139|131
0140|132
0141|133
0142|134
0143|135
0144|136
0145|plansch
0146|plansch
0147|137
0148|138
0149|139
0150|140
0151|141
0152|142
0153|143
0154|144
0155|145
0156|146
0157|147
0158|148
0159|149
0160|150
0161|151
0162|152
0163|153
0164|154
0165|155
0166|156
0167|157
0168|158
0169|159
0170|160
0171|161
0172|162
0173|163
0174|164
0175|165
0176|166
0177|167
0178|168
0179|169
0180|170
0181|171
0182|172
0183|173
0184|174
0185|175
0186|176
0187|177
0188|178
0189|179
0190|180
0191|181
0192|182
0193|183
0194|184
0195|185
0196|186
0197|187
0198|188
0199|189
0200|190
0201|191
0202|192
0203|193
0204|194
0205|195
0206|196
0207|197
0208|198
0209|199
0210|200
0211|201
0212|202
0213|203
0214|204
0215|205
0216|206
0217|207
0218|208
0219|209
0220|210
0221|211
0222|212
0223|213
0224|214
0225|215
0226|216
0227|217
0228|218
0229|219
0230|220
0231|221
0232|222
0233|223
0234|224
0235|225
0236|226
0237|227
0238|228
0239|229
0240|230
0241|231
0242|232
0243|233
0244|234
0245|235
0246|236
0247|237
0248|238
0249|239
0250|240
0251|241
0252|242
0253|243
0254|244
0255|245
0256|246
0257|247
0258|248
0259|249
0260|250
0261|251
0262|252
0263|253
0264|254
0265|255
0266|256
0267|257
0268|258
0269|259
0270|260
0271|261
0272|262
0273|263
0274|264
0275|265
0276|266
0277|267
0278|268
0279|269
0280|270
0281|271
0282|272
0283|273
0284|274
0285|275
0286|276
0287|277
0288|278
0289|279
0290|280
0291|281
0292|282
0293|283
0294|284
0295|285
0296|286
0297|287
0298|288
0299|289
0300|290
0301|291
0302|292
0303|293
0304|294
0305|295
0306|296
0307|297
0308|298
0309|299
0310|300
0311|301
0312|302
0313|303
0314|304
0315|305
0316|306
0317|307
0318|308
0319|309
0320|310
0321|311
0322|312
0323|313
0324|314
0325|315
0326|316
0327|317
0328|318
0329|319
0330|320
0331|321
0332|322
0333|323
0334|324
0335|325
0336|326
0337|327
0338|328
0339|329
0340|330
0341|331
0342|332
0343|333
0344|334
0345|335
0346|336
0347|337
0348|338
0349|339
0350|340
0351|341
0352|342
0353|343
0354|344
0355|345
0356|346
0357|347
0358|348
0359|349
0360|350
0361|351
0362|352
0363|353
0364|354
0365|355
0366|356
0367|357
0368|358
0369|359
0370|360
0371|361
0372|362
0373|363
0374|364
0375|365
0376|366
0377|367
0378|368
0379|369
0380|370
0381|371
0382|372
0383|373
0384|374
0385|375
0386|376
0387|377
0388|378
0389|379
0390|380
0391|381
0392|382
0393|383
0394|384
0395|385
0396|386
0397|387
0398|388
0399|389
0400|390
0401|391
0402|392
0403|393
0404|394
0405|395
0406|396
0407|397
0408|398
0409|399
0410|400
0411|401
0412|402
0413|403
0414|404
0415|405
0416|406
0417|407
0418|408
0419|409
0420|410
0421|411
0422|412
0423|413
0424|414
0425|415
0426|416
0427|417
0428|418
0429|419
0430|420
0431|421
0432|422
0433|plansch
0434|plansch
0435|423
0436|424
0437|425
0438|426
0439|427
0440|428
0441|429
0442|430
0443|431
0444|432
0445|433
0446|434
0447|435
0448|436
0449|437
0450|438
0451|439
0452|440
0453|441
0454|442
0455|443
0456|444
0457|445
0458|446
0459|447
0460|448
0461|449
0462|450
0463|451
0464|452
0465|453
0466|454
0467|455
0468|456
0469|457
0470|458
0471|459
0472|460
0473|461
0474|462
0475|463
0476|464
0477|465
0478|466
0479|467
0480|468
0481|469
0482|470
0483|471
0484|472
0485|473
0486|474
0487|475
0488|476
0489|477
0490|478
0491|479
0492|480
0493|481
0494|482
0495|483
0496|484
0497|485
0498|486
0499|487
0500|488
0501|489
0502|490
0503|491
0504|492
0505|493
0506|494
0507|495
0508|496
0509|497
0510|498
0511|499
0512|500
0513|501
0514|502
0515|503
0516|504
0517|505
0518|506
0519|507
0520|508
0521|509
0522|510
0523|511
0524|512
0525|513
0526|514
0527|515
0528|516
0529|517
0530|518
0531|519
0532|520
0533|521
0534|522
0535|523
0536|524
0537|525
0538|526
0539|527
0540|528
0541|529
0542|530
0543|531
0544|532
0545|533
0546|534
0547|535
0548|536
0549|537
0550|538
0551|539
0552|540
0553|541
0554|542
0555|543
0556|plansch
0557|plansch
0558|544
0559|545
0560|546
0561|547
0562|548
0563|549
0564|550
0565|551
0566|552
0567|553
0568|554
0569|555
0570|556
0571|557
0572|558
0573|559
0574|560
0575|561
0576|562
0577|563
0578|564
0579|565
0580|566
0581|567
0582|568
0583|569
0584|570
0585|571
0586|572
0587|573
0588|574
0589|575
0590|576
0591|577
0592|578
0593|579
0594|580
0595|581
0596|582
0597|583
0598|584
0599|585
0600|586
0601|587
0602|588
0603|589
0604|590
0605|591
0606|592
0607|593
0608|594
0609|595
0610|596
0611|597
0612|598
0613|599
0614|600
0615|601
0616|602
0617|603
0618|604
0619|605
0620|606
0621|607
0622|608
0623|609
0624|610
0625|611
0626|612
0627|613
0628|614
0629|615
0630|616
0631|617
0632|618
0633|619
0634|620
0635|621
0636|622
0637|623
0638|624
0639|625
0640|626
0641|627
0642|628
0643|629
0644|630
0645|631
0646|632
0647|plansch
0648|plansch
0649|633
0650|634
0651|635
0652|636
0653|637
0654|638
0655|639
0656|640
0657|641
0658|642
0659|643
0660|644
0661|645
0662|646
0663|647
0664|648
0665|649
0666|650
0667|651
0668|652
0669|653
0670|654
0671|655
0672|656
0673|657
0674|658
0675|659
0676|660
0677|661
0678|662
0679|663
0680|664
0681|665
0682|666
0683|667
0684|668
0685|669
0686|670
0687|671
0688|672
0689|673
0690|674
0691|675
0692|676
0693|677
0694|678
0695|679
0696|680
0697|681
0698|682
0699|683
0700|684
0701|685
0702|686
0703|687
0704|688
0705|689
0706|690
0707|691
0708|692
0709|693
0710|694
0711|695
0712|696
0713|697
0714|698
0715|699
0716|700
0717|701
0718|702
0719|703
0720|704
0721|705
0722|706
0723|707
0724|708
0725|709
0726|710
0727|711
0728|712
0729|713
0730|714
0731|715
0732|716
0733|717
0734|718
0735|719
0736|720
0737|721
0738|722
0739|723
0740|724
0741|725
0742|726
0743|727
0744|728
0745|729
0746|730
0747|731
0748|732
0749|733
0750|734
0751|735
0752|736
0753|737
0754|738
0755|739
0756|740
0757|741
0758|742
0759|743
0760|744
0761|745
0762|746
0763|747
0764|748
0765|749
0766|750
0767|751
0768|752
0769|753
0770|754
0771|755
0772|756
0773|757
0774|758
0775|759
0776|760
0777|761
0778|762
0779|763
0780|764
0781|765
0782|766
0783|767
0784|768
0785|769
0786|770
0787|771
0788|772
0789|773
0790|774
0791|775
0792|776
0793|777
0794|778
0795|779
0796|780
0797|781
0798|782
0799|783
0800|784
0801|785
0802|786
0803|787
0804|788
0805|789
0806|790
0807|791
0808|792
0809|793
0810|794
0811|795
0812|796
0813|797
0814|798
0815|799
0816|800
0817|801
0818|802
0819|803
0820|804
0821|805
0822|806
0823|807
0824|808
0825|809
0826|810
0827|811
0828|812
0829|813
0830|814
0831|815
0832|816
0833|plansch
0834|plansch
0835|817
0836|818
0837|819
0838|820
0839|821
0840|822
0841|823
0842|824
0843|825
0844|826
0845|827
0846|828
0847|829
0848|830
0849|831
0850|832
0851|833
0852|834
0853|835
0854|836
0855|837
0856|838
0857|839
0858|840
0859|841
0860|842
0861|843
0862|844
0863|845
0864|846
0865|847
0866|848
0867|849
0868|850
0869|851
0870|852
0871|853
0872|854
0873|855
0874|856
0875|857
0876|858
0877|859
0878|860
0879|861
0880|862
0881|863
0882|864
0883|865
0884|866
0885|867
0886|868
0887|869
0888|870
0889|871
0890|872
0891|873
0892|874
0893|875
0894|876
0895|877
0896|878
0897|879
0898|880
0899|881
0900|882
0901|883
0902|884
0903|885
0904|886
0905|887
0906|888
0907|889
0908|890
0909|891
0910|892
0911|893
0912|894
0913|895
0914|896
0915|897
0916|898
0917|899
0918|900
0919|901
0920|902
0921|903
0922|904
0923|905
0924|906
0925|907
0926|908
0927|909
0928|910
0929|911
0930|912
0931|913
0932|914
0933|915
0934|916
0935|917
0936|918
0937|919
0938|920
0939|921
0940|922
0941|923
0942|924
0943|925
0944|926
0945|927
0946|928
0947|929
0948|930
0949|931
0950|932
0951|933
0952|934
0953|935
0954|936
0955|937
0956|938
0957|939
0958|940
0959|941
0960|942
0961|943
0962|944
0963|945
0964|946
0965|947
0966|948
0967|949
0968|950
0969|illustrationer
0970|ii
0971|blank
