# salmonsen/2/21/Pages.lst
#
0001|titel
0002|blank
0003|titel
0004|blank
0005|i
0006|ii
0007|iii
0008|iv
0009|1
0010|2
0011|3
0012|4
0013|5
0014|6
0015|7
0016|8
0017|9
0018|10
0019|11
0020|12
0021|13
0022|14
0023|15
0024|16
0025|17
0026|18
0027|19
0028|20
0029|21
0030|22
0031|23
0032|24
0033|25
0034|26
0035|27
0036|28
0037|29
0038|30
0039|31
0040|32
0041|33
0042|34
0043|35
0044|36
0045|37
0046|38
0047|39
0048|40
0049|41
0050|42
0051|43
0052|44
0053|45
0054|46
0055|47
0056|48
0057|49
0058|50
0059|51
0060|52
0061|53
0062|54
0063|55
0064|56
0065|57
0066|58
0067|59
0068|60
0069|61
0070|62
0071|63
0072|64
0073|65
0074|66
0075|67
0076|68
0077|69
0078|70
0079|71
0080|72
0081|73
0082|74
0083|75
0084|76
0085|77
0086|78
0087|79
0088|80
0089|81
0090|82
0091|83
0092|84
0093|85
0094|86
0095|87
0096|88
0097|89
0098|90
0099|91
0100|92
0101|93
0102|94
0103|95
0104|96
0105|97
0106|98
0107|99
0108|100
0109|101
0110|102
0111|103
0112|104
0113|karte
0114|blank
0115|105
0116|106
0117|107
0118|108
0119|109
0120|110
0121|111
0122|112
0123|113
0124|114
0125|115
0126|116
0127|117
0128|118
0129|119
0130|120
0131|121
0132|122
0133|123
0134|124
0135|125
0136|126
0137|127
0138|128
0139|129
0140|130
0141|131
0142|132
0143|133
0144|134
0145|135
0146|136
0147|137
0148|138
0149|139
0150|140
0151|141
0152|142
0153|143
0154|144
0155|145
0156|146
0157|147
0158|148
0159|149
0160|150
0161|151
0162|152
0163|153
0164|154
0165|155
0166|156
0167|157
0168|158
0169|159
0170|160
0171|161
0172|162
0173|163
0174|164
0175|165
0176|166
0177|167
0178|168
0179|169
0180|170
0181|171
0182|172
0183|173
0184|174
0185|175
0186|176
0187|177
0188|178
0189|179
0190|180
0191|181
0192|182
0193|183
0194|184
0195|185
0196|186
0197|187
0198|188
0199|plansch
0200|blank
0201|189
0202|190
0203|191
0204|192
0205|193
0206|194
0207|195
0208|196
0209|197
0210|198
0211|199
0212|200
0213|201
0214|202
0215|203
0216|204
0217|205
0218|206
0219|207
0220|208
0221|209
0222|210
0223|211
0224|212
0225|213
0226|214
0227|215
0228|216
0229|217
0230|218
0231|219
0232|220
0233|221
0234|222
0235|223
0236|224
0237|225
0238|226
0239|227
0240|228
0241|229
0242|230
0243|231
0244|232
0245|233
0246|234
0247|235
0248|236
0249|237
0250|238
0251|239
0252|240
0253|241
0254|242
0255|243
0256|244
0257|245
0258|246
0259|247
0260|248
0261|249
0262|250
0263|251
0264|252
0265|253
0266|254
0267|255
0268|256
0269|257
0270|258
0271|259
0272|260
0273|261
0274|262
0275|263
0276|264
0277|265
0278|266
0279|267
0280|268
0281|269
0282|270
0283|271
0284|272
0285|273
0286|274
0287|275
0288|276
0289|277
0290|278
0291|279
0292|280
0293|281
0294|282
0295|283
0296|284
0297|285
0298|286
0299|287
0300|288
0301|289
0302|290
0303|291
0304|292
0305|293
0306|294
0307|295
0308|296
0309|297
0310|298
0311|299
0312|300
0313|301
0314|302
0315|303
0316|304
0317|305
0318|306
0319|307
0320|308
0321|309
0322|310
0323|311
0324|312
0325|313
0326|314
0327|315
0328|316
0329|317
0330|318
0331|319
0332|320
0333|321
0334|322
0335|323
0336|324
0337|325
0338|326
0339|327
0340|328
0341|329
0342|330
0343|331
0344|332
0345|333
0346|334
0347|335
0348|336
0349|337
0350|338
0351|339
0352|340
0353|341
0354|342
0355|343
0356|344
0357|345
0358|346
0359|347
0360|348
0361|349
0362|350
0363|351
0364|352
0365|353
0366|354
0367|355
0368|356
0369|357
0370|358
0371|359
0372|360
0373|361
0374|362
0375|363
0376|364
0377|365
0378|366
0379|367
0380|368
0381|369
0382|370
0383|371
0384|372
0385|373
0386|374
0387|375
0388|376
0389|377
0390|378
0391|379
0392|380
0393|381
0394|382
0395|383
0396|384
0397|385
0398|386
0399|387
0400|388
0401|389
0402|390
0403|391
0404|392
0405|393
0406|394
0407|395
0408|396
0409|397
0410|398
0411|399
0412|400
0413|401
0414|402
0415|403
0416|404
0417|405
0418|406
0419|407
0420|408
0421|409
0422|410
0423|411
0424|412
0425|413
0426|414
0427|415
0428|416
0429|417
0430|418
0431|419
0432|420
0433|421
0434|422
0435|423
0436|424
0437|425
0438|426
0439|427
0440|428
0441|429
0442|430
0443|431
0444|432
0445|433
0446|434
0447|435
0448|436
0449|437
0450|438
0451|439
0452|440
0453|441
0454|442
0455|443
0456|444
0457|445
0458|446
0459|447
0460|448
0461|449
0462|450
0463|451
0464|452
0465|453
0466|454
0467|455
0468|456
0469|457
0470|458
0471|459
0472|460
0473|461
0474|462
0475|463
0476|464
0477|465
0478|466
0479|467
0480|468
0481|469
0482|470
0483|471
0484|472
0485|473
0486|474
0487|karte
0488|karte
0489|475
0490|476
0491|477
0492|478
0493|479
0494|480
0495|481
0496|482
0497|483
0498|484
0499|485
0500|486
0501|487
0502|488
0503|489
0504|490
0505|491
0506|492
0507|493
0508|494
0509|495
0510|496
0511|497
0512|498
0513|499
0514|500
0515|501
0516|502
0517|503
0518|504
0519|505
0520|506
0521|507
0522|508
0523|509
0524|510
0525|511
0526|512
0527|513
0528|514
0529|515
0530|516
0531|517
0532|518
0533|519
0534|520
0535|521
0536|522
0537|523
0538|524
0539|525
0540|526
0541|527
0542|528
0543|529
0544|530
0545|531
0546|532
0547|533
0548|534
0549|535
0550|536
0551|537
0552|538
0553|539
0554|540
0555|541
0556|542
0557|543
0558|544
0559|545
0560|546
0561|plansch
0562|blank
0563|547
0564|548
0565|549
0566|550
0567|551
0568|552
0569|553
0570|554
0571|555
0572|556
0573|557
0574|558
0575|plansch
0576|blank
0577|559
0578|560
0579|561
0580|562
0581|563
0582|564
0583|565
0584|566
0585|567
0586|568
0587|569
0588|570
0589|571
0590|572
0591|573
0592|574
0593|575
0594|576
0595|577
0596|578
0597|579
0598|580
0599|581
0600|582
0601|583
0602|584
0603|585
0604|586
0605|587
0606|588
0607|589
0608|590
0609|591
0610|592
0611|593
0612|594
0613|595
0614|596
0615|597
0616|598
0617|599
0618|600
0619|601
0620|602
0621|603
0622|604
0623|605
0624|606
0625|607
0626|608
0627|609
0628|610
0629|611
0630|612
0631|613
0632|614
0633|615
0634|616
0635|617
0636|618
0637|619
0638|620
0639|621
0640|622
0641|623
0642|624
0643|625
0644|626
0645|627
0646|628
0647|629
0648|630
0649|631
0650|632
0651|633
0652|634
0653|635
0654|636
0655|637
0656|638
0657|639
0658|640
0659|641
0660|642
0661|643
0662|644
0663|645
0664|646
0665|647
0666|648
0667|649
0668|650
0669|651
0670|652
0671|653
0672|654
0673|655
0674|656
0675|657
0676|658
0677|659
0678|660
0679|661
0680|662
0681|663
0682|664
0683|665
0684|666
0685|667
0686|668
0687|669
0688|670
0689|671
0690|672
0691|673
0692|674
0693|675
0694|676
0695|677
0696|678
0697|679
0698|680
0699|681
0700|682
0701|683
0702|684
0703|685
0704|686
0705|687
0706|688
0707|689
0708|690
0709|691
0710|692
0711|693
0712|694
0713|695
0714|696
0715|697
0716|698
0717|699
0718|700
0719|blank
0720|plansch
0721|plansch
0722|blank
0723|plansch
0724|blank
0725|701
0726|702
0727|703
0728|704
0729|705
0730|706
0731|707
0732|708
0733|709
0734|710
0735|711
0736|712
0737|713
0738|714
0739|715
0740|716
0741|717
0742|718
0743|719
0744|720
0745|721
0746|722
0747|723
0748|724
0749|725
0750|726
0751|727
0752|728
0753|729
0754|730
0755|731
0756|732
0757|733
0758|734
0759|735
0760|736
0761|737
0762|738
0763|739
0764|740
0765|plansch
0766|blank
0767|741
0768|742
0769|743
0770|744
0771|745
0772|746
0773|747
0774|748
0775|749
0776|750
0777|751
0778|752
0779|753
0780|754
0781|755
0782|756
0783|757
0784|758
0785|759
0786|760
0787|761
0788|762
0789|763
0790|764
0791|765
0792|766
0793|767
0794|768
0795|769
0796|770
0797|771
0798|772
0799|773
0800|774
0801|775
0802|776
0803|777
0804|778
0805|779
0806|780
0807|781
0808|782
0809|783
0810|784
0811|785
0812|786
0813|787
0814|788
0815|plansch
0816|blank
0817|789
0818|790
0819|791
0820|792
0821|793
0822|794
0823|795
0824|796
0825|797
0826|798
0827|799
0828|800
0829|801
0830|802
0831|803
0832|804
0833|805
0834|806
0835|807
0836|808
0837|809
0838|810
0839|811
0840|812
0841|813
0842|814
0843|815
0844|816
0845|817
0846|818
0847|819
0848|820
0849|821
0850|822
0851|823
0852|824
0853|825
0854|826
0855|827
0856|828
0857|829
0858|830
0859|831
0860|832
0861|833
0862|834
0863|835
0864|836
0865|837
0866|838
0867|839
0868|840
0869|841
0870|842
0871|843
0872|844
0873|845
0874|846
0875|847
0876|848
0877|849
0878|850
0879|851
0880|852
0881|853
0882|854
0883|855
0884|856
0885|857
0886|858
0887|859
0888|860
0889|861
0890|862
0891|863
0892|864
0893|865
0894|866
0895|867
0896|868
0897|869
0898|870
0899|871
0900|872
0901|873
0902|874
0903|875
0904|876
0905|877
0906|878
0907|879
0908|880
0909|881
0910|882
0911|883
0912|884
0913|885
0914|886
0915|887
0916|888
0917|889
0918|890
0919|891
0920|892
0921|893
0922|894
0923|895
0924|896
0925|897
0926|898
0927|899
0928|900
0929|901
0930|902
0931|903
0932|904
0933|905
0934|906
0935|907
0936|908
0937|909
0938|910
0939|911
0940|912
0941|913
0942|914
0943|915
0944|916
0945|917
0946|918
0947|919
0948|920
0949|921
0950|922
0951|923
0952|924
0953|925
0954|926
0955|927
0956|928
0957|929
0958|930
0959|931
0960|932
0961|933
0962|934
0963|935
0964|936
0965|937
0966|938
0967|939
0968|940
0969|plansch
0970|plansch
0971|941
0972|942
0973|943
0974|944
0975|945
0976|946
0977|947
0978|948
0979|949
0980|950
0981|951
0982|952
0983|953
0984|954
0985|955
0986|956
0987|957
0988|958
0989|959
0990|960
0991|961
0992|962
0993|963
0994|964
0995|965
0996|966
0997|967
0998|968
0999|969
1000|970
1001|971
1002|972
1003|973
1004|974
1005|975
1006|976
1007|977
1008|978
1009|979
1010|980
1011|981
1012|982
1013|983
1014|984
1015|985
1016|986
1017|987
1018|988
1019|989
1020|990
1021|991
1022|992
1023|karte
1024|karte
1025|993
1026|994
1027|995
1028|996
1029|997
1030|998
1031|999
1032|1000
1033|1001
1034|1002
1035|1003
1036|1004
1037|1005
1038|1006
1039|1007
1040|1008
1041|1009
1042|1010
1043|1011
1044|1012
1045|1013
1046|1014
1047|1015
1048|1016
1049|1017
1050|1018
1051|1019
1052|1020
1053|1021
1054|1022
1055|1023
1056|1024
1057|1025
1058|1026
1059|1027
1060|1028
1061|1029
1062|1030
1063|1031
1064|1032
1065|1033
1066|1034
1067|1035
1068|1036
1069|1037
1070|1038
1071|1039
1072|1040
1073|1041
1074|1042
1075|1043
1076|1044
1077|1045
1078|1046
1079|1047
1080|1048
1081|1049
1082|1050
1083|1051
1084|1052
1085|1053
1086|1054
1087|1055
1088|1056
1089|1057
1090|1058
1091|1059
1092|1060
1093|1061
1094|1062
1095|1063
1096|1064
1097|1065
1098|1066
1099|1067
1100|1068
1101|1069
1102|1070
1103|1071
1104|1072
1105|1073
1106|1074
1107|1075
1108|1076
1109|1077
1110|1078
1111|1079
1112|1080
1113|1081
1114|1082
1115|1083
1116|1084
1117|1085
1118|1086
1119|1087
1120|1088
1121|1089
1122|1090
1123|1091
1124|1092
1125|1093
1126|1094
1127|1095
1128|1096
1129|plansch
1130|blank
1131|1097
1132|1098
1133|1099
1134|1100
1135|1101
1136|1102
1137|1103
1138|1104
1139|1105
1140|1106
1141|1107
1142|1108
1143|illustrationer
1144|ii
1145|rettelser
1146|blank
