# salmonsen/2/8/Pages.lst
#
0001|blank
0002|blank
0003|blank
0004|titel
0005|blank
0006|titel
0007|blank
0008|i
0009|ii
0010|iii
0011|iv
0012|1
0013|2
0014|3
0015|4
0016|5
0017|6
0018|7
0019|8
0020|9
0021|10
0022|11
0023|12
0024|13
0025|14
0026|15
0027|16
0028|plansch
0029|plansch
0030|17
0031|18
0032|19
0033|20
0034|21
0035|22
0036|23
0037|24
0038|25
0039|26
0040|27
0041|28
0042|29
0043|30
0044|31
0045|32
0046|33
0047|34
0048|35
0049|36
0050|37
0051|38
0052|39
0053|40
0054|41
0055|42
0056|plansch
0057|plansch
0058|43
0059|44
0060|45
0061|46
0062|47
0063|48
0064|49
0065|50
0066|51
0067|52
0068|53
0069|54
0070|55
0071|56
0072|57
0073|58
0074|59
0075|60
0076|61
0077|62
0078|63
0079|64
0080|65
0081|66
0082|67
0083|68
0084|69
0085|70
0086|71
0087|72
0088|73
0089|74
0090|75
0091|76
0092|77
0093|78
0094|79
0095|80
0096|81
0097|82
0098|83
0099|84
0100|85
0101|86
0102|87
0103|88
0104|89
0105|90
0106|91
0107|92
0108|93
0109|94
0110|95
0111|96
0112|97
0113|98
0114|99
0115|100
0116|101
0117|102
0118|103
0119|104
0120|105
0121|106
0122|107
0123|108
0124|109
0125|110
0126|111
0127|112
0128|113
0129|114
0130|115
0131|116
0132|117
0133|118
0134|119
0135|120
0136|121
0137|122
0138|123
0139|124
0140|125
0141|126
0142|127
0143|128
0144|129
0145|130
0146|131
0147|132
0148|133
0149|134
0150|135
0151|136
0152|137
0153|138
0154|139
0155|140
0156|141
0157|142
0158|143
0159|144
0160|145
0161|146
0162|147
0163|148
0164|149
0165|150
0166|151
0167|152
0168|153
0169|154
0170|155
0171|156
0172|157
0173|158
0174|159
0175|160
0176|161
0177|162
0178|163
0179|164
0180|165
0181|166
0182|167
0183|168
0184|169
0185|170
0186|171
0187|172
0188|173
0189|174
0190|175
0191|176
0192|177
0193|178
0194|179
0195|180
0196|181
0197|182
0198|183
0199|184
0200|185
0201|186
0202|187
0203|188
0204|189
0205|190
0206|191
0207|192
0208|193
0209|194
0210|195
0211|196
0212|197
0213|198
0214|199
0215|200
0216|201
0217|202
0218|203
0219|204
0220|205
0221|206
0222|207
0223|208
0224|209
0225|210
0226|211
0227|212
0228|213
0229|214
0230|215
0231|216
0232|217
0233|218
0234|219
0235|220
0236|221
0237|222
0238|223
0239|224
0240|225
0241|226
0242|227
0243|228
0244|229
0245|230
0246|231
0247|232
0248|233
0249|234
0250|235
0251|236
0252|237
0253|238
0254|239
0255|240
0256|241
0257|242
0258|243
0259|244
0260|245
0261|246
0262|247
0263|248
0264|249
0265|250
0266|251
0267|252
0268|253
0269|254
0270|255
0271|256
0272|257
0273|258
0274|259
0275|260
0276|261
0277|262
0278|263
0279|264
0280|265
0281|266
0282|267
0283|268
0284|269
0285|270
0286|271
0287|272
0288|273
0289|274
0290|275
0291|276
0292|277
0293|278
0294|279
0295|280
0296|281
0297|282
0298|283
0299|284
0300|285
0301|286
0302|287
0303|288
0304|289
0305|290
0306|291
0307|292
0308|293
0309|294
0310|295
0311|296
0312|297
0313|298
0314|299
0315|300
0316|301
0317|302
0318|303
0319|304
0320|305
0321|306
0322|307
0323|308
0324|309
0325|310
0326|311
0327|312
0328|313
0329|314
0330|315
0331|316
0332|317
0333|318
0334|319
0335|320
0336|321
0337|322
0338|323
0339|324
0340|325
0341|326
0342|327
0343|328
0344|329
0345|330
0346|331
0347|332
0348|333
0349|334
0350|335
0351|336
0352|337
0353|338
0354|339
0355|340
0356|341
0357|342
0358|343
0359|344
0360|345
0361|346
0362|347
0363|348
0364|349
0365|350
0366|351
0367|352
0368|353
0369|354
0370|355
0371|356
0372|357
0373|358
0374|359
0375|360
0376|361
0377|362
0378|363
0379|364
0380|365
0381|366
0382|367
0383|368
0384|369
0385|370
0386|371
0387|372
0388|373
0389|374
0390|375
0391|376
0392|377
0393|378
0394|379
0395|380
0396|381
0397|382
0398|383
0399|384
0400|385
0401|386
0402|387
0403|388
0404|389
0405|390
0406|391
0407|392
0408|393
0409|394
0410|395
0411|396
0412|397
0413|398
0414|399
0415|400
0416|401
0417|402
0418|403
0419|404
0420|405
0421|406
0422|407
0423|408
0424|409
0425|410
0426|411
0427|412
0428|413
0429|414
0430|415
0431|416
0432|417
0433|418
0434|419
0435|420
0436|421
0437|422
0438|423
0439|424
0440|425
0441|426
0442|427
0443|428
0444|429
0445|430
0446|431
0447|432
0448|433
0449|434
0450|435
0451|436
0452|437
0453|438
0454|439
0455|440
0456|441
0457|442
0458|443
0459|444
0460|445
0461|446
0462|447
0463|448
0464|449
0465|450
0466|451
0467|452
0468|453
0469|454
0470|455
0471|456
0472|457
0473|458
0474|459
0475|460
0476|461
0477|462
0478|463
0479|464
0480|465
0481|466
0482|467
0483|468
0484|469
0485|470
0486|471
0487|472
0488|473
0489|474
0490|475
0491|476
0492|477
0493|478
0494|479
0495|480
0496|481
0497|482
0498|483
0499|484
0500|485
0501|486
0502|487
0503|488
0504|489
0505|490
0506|491
0507|492
0508|493
0509|494
0510|495
0511|496
0512|497
0513|498
0514|499
0515|500
0516|501
0517|502
0518|503
0519|504
0520|505
0521|506
0522|507
0523|508
0524|509
0525|510
0526|511
0527|512
0528|513
0529|514
0530|515
0531|516
0532|517
0533|518
0534|519
0535|520
0536|521
0537|522
0538|523
0539|524
0540|525
0541|526
0542|527
0543|528
0544|529
0545|530
0546|531
0547|532
0548|533
0549|534
0550|535
0551|536
0552|537
0553|538
0554|539
0555|540
0556|541
0557|542
0558|543
0559|544
0560|545
0561|546
0562|547
0563|548
0564|549
0565|550
0566|551
0567|552
0568|553
0569|554
0570|555
0571|556
0572|557
0573|558
0574|559
0575|560
0576|561
0577|562
0578|563
0579|564
0580|565
0581|566
0582|567
0583|568
0584|569
0585|570
0586|571
0587|572
0588|573
0589|574
0590|575
0591|576
0592|577
0593|plansch
0594|plansch
0595|578
0596|579
0597|580
0598|581
0599|582
0600|583
0601|584
0602|585
0603|586
0604|587
0605|588
0606|589
0607|590
0608|591
0609|592
0610|593
0611|594
0612|595
0613|596
0614|597
0615|598
0616|599
0617|600
0618|601
0619|602
0620|603
0621|604
0622|605
0623|606
0624|607
0625|608
0626|609
0627|610
0628|611
0629|612
0630|613
0631|614
0632|615
0633|616
0634|617
0635|618
0636|619
0637|620
0638|621
0639|622
0640|623
0641|624
0642|625
0643|626
0644|627
0645|628
0646|629
0647|630
0648|631
0649|632
0650|633
0651|634
0652|635
0653|636
0654|637
0655|638
0656|639
0657|640
0658|641
0659|642
0660|643
0661|644
0662|645
0663|646
0664|647
0665|648
0666|649
0667|650
0668|651
0669|652
0670|653
0671|654
0672|655
0673|656
0674|657
0675|658
0676|659
0677|660
0678|661
0679|662
0680|663
0681|664
0682|665
0683|666
0684|667
0685|668
0686|669
0687|670
0688|671
0689|672
0690|673
0691|674
0692|675
0693|676
0694|677
0695|678
0696|679
0697|680
0698|681
0699|682
0700|plansch
0701|plansch
0702|plansch
0703|plansch
0704|683
0705|684
0706|685
0707|686
0708|687
0709|688
0710|plansch
0711|plansch
0712|689
0713|690
0714|691
0715|692
0716|693
0717|694
0718|695
0719|696
0720|697
0721|698
0722|699
0723|700
0724|701
0725|702
0726|703
0727|704
0728|705
0729|706
0730|707
0731|708
0732|709
0733|710
0734|711
0735|712
0736|713
0737|714
0738|715
0739|716
0740|717
0741|718
0742|719
0743|720
0744|721
0745|722
0746|723
0747|724
0748|725
0749|726
0750|727
0751|728
0752|729
0753|730
0754|731
0755|732
0756|733
0757|734
0758|735
0759|736
0760|737
0761|738
0762|739
0763|740
0764|741
0765|742
0766|743
0767|744
0768|745
0769|746
0770|747
0771|748
0772|749
0773|750
0774|751
0775|752
0776|753
0777|754
0778|755
0779|756
0780|757
0781|758
0782|759
0783|760
0784|761
0785|762
0786|763
0787|764
0788|765
0789|766
0790|767
0791|768
0792|plansch
0793|plansch
0794|769
0795|770
0796|771
0797|772
0798|773
0799|774
0800|775
0801|776
0802|plansch
0803|plansch
0804|777
0805|778
0806|plansch
0807|plansch
0808|779
0809|780
0810|781
0811|782
0812|783
0813|784
0814|785
0815|786
0816|787
0817|788
0818|789
0819|790
0820|791
0821|792
0822|793
0823|794
0824|795
0825|796
0826|797
0827|798
0828|799
0829|800
0830|801
0831|802
0832|803
0833|804
0834|805
0835|806
0836|807
0837|808
0838|809
0839|810
0840|811
0841|812
0842|813
0843|814
0844|815
0845|816
0846|817
0847|818
0848|819
0849|820
0850|821
0851|822
0852|823
0853|824
0854|825
0855|826
0856|827
0857|828
0858|829
0859|830
0860|831
0861|832
0862|833
0863|834
0864|835
0865|836
0866|837
0867|838
0868|839
0869|840
0870|841
0871|842
0872|plansch
0873|plansch
0874|843
0875|844
0876|845
0877|846
0878|847
0879|848
0880|849
0881|850
0882|851
0883|852
0884|853
0885|854
0886|855
0887|856
0888|857
0889|858
0890|859
0891|860
0892|861
0893|862
0894|863
0895|864
0896|865
0897|866
0898|867
0899|868
0900|869
0901|870
0902|871
0903|872
0904|873
0905|874
0906|875
0907|876
0908|877
0909|878
0910|879
0911|880
0912|881
0913|882
0914|883
0915|884
0916|885
0917|886
0918|887
0919|888
0920|889
0921|890
0922|891
0923|892
0924|893
0925|894
0926|895
0927|896
0928|897
0929|898
0930|899
0931|900
0932|901
0933|902
0934|903
0935|904
0936|905
0937|906
0938|907
0939|908
0940|909
0941|910
0942|911
0943|912
0944|913
0945|914
0946|915
0947|916
0948|917
0949|918
0950|919
0951|920
0952|921
0953|922
0954|923
0955|924
0956|925
0957|926
0958|927
0959|928
0960|929
0961|930
0962|931
0963|932
0964|933
0965|934
0966|935
0967|936
0968|937
0969|938
0970|939
0971|940
0972|941
0973|942
0974|943
0975|944
0976|945
0977|946
0978|forkortelser
0979|ii
0980|illustrationer
0981|ii
0982|rettelser
0983|blank
0984|blank
0985|blank
