# salmonsen/2/25/Pages.lst
#
0001|titel
0002|blank
0003|titel
0004|blank
0005|i
0006|ii
0007|iii
0008|iv
0009|1
0010|2
0011|3
0012|4
0013|5
0014|6
0015|7
0016|8
0017|9
0018|10
0019|11
0020|12
0021|13
0022|14
0023|15
0024|16
0025|17
0026|18
0027|19
0028|20
0029|21
0030|22
0031|23
0032|24
0033|25
0034|26
0035|27
0036|28
0037|29
0038|30
0039|31
0040|32
0041|33
0042|34
0043|35
0044|36
0045|37
0046|38
0047|39
0048|40
0049|41
0050|42
0051|43
0052|44
0053|45
0054|46
0055|47
0056|48
0057|49
0058|50
0059|51
0060|52
0061|53
0062|54
0063|55
0064|56
0065|57
0066|58
0067|59
0068|60
0069|61
0070|62
0071|63
0072|64
0073|65
0074|66
0075|67
0076|68
0077|69
0078|70
0079|71
0080|72
0081|73
0082|74
0083|75
0084|76
0085|77
0086|78
0087|79
0088|80
0089|81
0090|82
0091|83
0092|84
0093|85
0094|86
0095|87
0096|88
0097|89
0098|90
0099|91
0100|92
0101|93
0102|94
0103|95
0104|96
0105|97
0106|98
0107|99
0108|100
0109|101
0110|102
0111|103
0112|104
0113|karte
0114|karte
0115|105
0116|106
0117|107
0118|108
0119|109
0120|110
0121|111
0122|112
0123|113
0124|114
0125|115
0126|116
0127|117
0128|118
0129|119
0130|120
0131|121
0132|122
0133|123
0134|124
0135|125
0136|126
0137|127
0138|128
0139|129
0140|130
0141|131
0142|132
0143|133
0144|134
0145|135
0146|136
0147|137
0148|138
0149|139
0150|140
0151|141
0152|142
0153|143
0154|144
0155|145
0156|146
0157|147
0158|148
0159|149
0160|150
0161|151
0162|152
0163|153
0164|154
0165|155
0166|156
0167|157
0168|158
0169|159
0170|160
0171|161
0172|162
0173|163
0174|164
0175|165
0176|166
0177|167
0178|168
0179|169
0180|170
0181|171
0182|172
0183|173
0184|174
0185|175
0186|176
0187|177
0188|178
0189|179
0190|180
0191|181
0192|182
0193|183
0194|184
0195|185
0196|186
0197|187
0198|188
0199|189
0200|190
0201|191
0202|192
0203|193
0204|194
0205|195
0206|196
0207|197
0208|198
0209|199
0210|200
0211|201
0212|202
0213|203
0214|204
0215|205
0216|206
0217|207
0218|208
0219|209
0220|210
0221|211
0222|212
0223|213
0224|214
0225|215
0226|216
0227|217
0228|218
0229|219
0230|220
0231|221
0232|222
0233|223
0234|224
0235|225
0236|226
0237|227
0238|228
0239|229
0240|230
0241|231
0242|232
0243|233
0244|234
0245|235
0246|236
0247|237
0248|238
0249|239
0250|240
0251|241
0252|242
0253|243
0254|244
0255|245
0256|246
0257|247
0258|248
0259|249
0260|250
0261|251
0262|252
0263|253
0264|254
0265|255
0266|256
0267|257
0268|258
0269|259
0270|260
0271|261
0272|262
0273|263
0274|264
0275|265
0276|266
0277|267
0278|268
0279|269
0280|270
0281|271
0282|272
0283|273
0284|274
0285|275
0286|276
0287|277
0288|278
0289|279
0290|280
0291|281
0292|282
0293|283
0294|284
0295|285
0296|286
0297|287
0298|288
0299|289
0300|290
0301|291
0302|292
0303|293
0304|294
0305|295
0306|296
0307|297
0308|298
0309|299
0310|300
0311|301
0312|302
0313|303
0314|304
0315|305
0316|306
0317|307
0318|308
0319|309
0320|310
0321|311
0322|312
0323|313
0324|314
0325|315
0326|316
0327|317
0328|318
0329|319
0330|320
0331|321
0332|322
0333|323
0334|324
0335|325
0336|326
0337|327
0338|328
0339|329
0340|330
0341|331
0342|332
0343|333
0344|334
0345|335
0346|336
0347|337
0348|338
0349|339
0350|340
0351|341
0352|342
0353|343
0354|344
0355|345
0356|346
0357|347
0358|348
0359|349
0360|350
0361|351
0362|352
0363|353
0364|354
0365|355
0366|356
0367|357
0368|358
0369|359
0370|360
0371|361
0372|362
0373|363
0374|364
0375|365
0376|366
0377|367
0378|368
0379|369
0380|370
0381|371
0382|372
0383|373
0384|374
0385|375
0386|376
0387|377
0388|378
0389|379
0390|380
0391|381
0392|382
0393|383
0394|384
0395|385
0396|386
0397|387
0398|388
0399|389
0400|390
0401|391
0402|392
0403|393
0404|394
0405|395
0406|396
0407|397
0408|398
0409|399
0410|400
0411|401
0412|402
0413|403
0414|404
0415|405
0416|406
0417|407
0418|408
0419|409
0420|410
0421|411
0422|412
0423|413
0424|414
0425|415
0426|416
0427|417
0428|418
0429|419
0430|420
0431|421
0432|422
0433|423
0434|424
0435|425
0436|426
0437|427
0438|428
0439|429
0440|430
0441|431
0442|432
0443|433
0444|434
0445|435
0446|436
0447|437
0448|438
0449|439
0450|440
0451|441
0452|442
0453|443
0454|444
0455|445
0456|446
0457|447
0458|448
0459|449
0460|450
0461|451
0462|452
0463|453
0464|454
0465|455
0466|456
0467|457
0468|458
0469|459
0470|460
0471|461
0472|462
0473|463
0474|464
0475|465
0476|466
0477|467
0478|468
0479|469
0480|470
0481|471
0482|472
0483|473
0484|474
0485|475
0486|476
0487|477
0488|478
0489|479
0490|480
0491|481
0492|482
0493|483
0494|484
0495|485
0496|486
0497|487
0498|488
0499|489
0500|490
0501|491
0502|492
0503|493
0504|494
0505|495
0506|496
0507|497
0508|498
0509|499
0510|500
0511|501
0512|502
0513|503
0514|504
0515|505
0516|506
0517|507
0518|508
0519|509
0520|510
0521|511
0522|512
0523|513
0524|514
0525|515
0526|516
0527|517
0528|518
0529|519
0530|520
0531|521
0532|522
0533|523
0534|524
0535|525
0536|526
0537|527
0538|528
0539|529
0540|530
0541|531
0542|532
0543|533
0544|534
0545|535
0546|536
0547|537
0548|538
0549|539
0550|540
0551|541
0552|542
0553|543
0554|544
0555|545
0556|546
0557|547
0558|548
0559|549
0560|550
0561|551
0562|552
0563|553
0564|554
0565|555
0566|556
0567|557
0568|558
0569|559
0570|560
0571|561
0572|562
0573|563
0574|564
0575|565
0576|566
0577|567
0578|568
0579|569
0580|570
0581|571
0582|572
0583|573
0584|574
0585|575
0586|576
0587|577
0588|578
0589|579
0590|580
0591|581
0592|582
0593|583
0594|584
0595|585
0596|586
0597|587
0598|588
0599|589
0600|590
0601|591
0602|592
0603|593
0604|594
0605|595
0606|596
0607|597
0608|598
0609|599
0610|600
0611|601
0612|602
0613|603
0614|604
0615|605
0616|606
0617|607
0618|608
0619|609
0620|610
0621|611
0622|612
0623|613
0624|614
0625|615
0626|616
0627|617
0628|618
0629|619
0630|620
0631|621
0632|622
0633|623
0634|624
0635|625
0636|626
0637|627
0638|628
0639|629
0640|630
0641|631
0642|632
0643|633
0644|634
0645|635
0646|636
0647|637
0648|638
0649|639
0650|640
0651|641
0652|642
0653|643
0654|644
0655|645
0656|646
0657|647
0658|648
0659|649
0660|650
0661|651
0662|652
0663|653
0664|654
0665|655
0666|656
0667|657
0668|658
0669|659
0670|660
0671|661
0672|662
0673|663
0674|664
0675|665
0676|666
0677|667
0678|668
0679|669
0680|670
0681|671
0682|672
0683|673
0684|674
0685|675
0686|676
0687|677
0688|678
0689|679
0690|680
0691|Plansch
0692|Plansch
0693|681
0694|682
0695|683
0696|684
0697|685
0698|686
0699|687
0700|688
0701|689
0702|690
0703|691
0704|692
0705|693
0706|694
0707|695
0708|696
0709|697
0710|698
0711|699
0712|700
0713|701
0714|702
0715|703
0716|704
0717|705
0718|706
0719|707
0720|708
0721|709
0722|710
0723|711
0724|712
0725|713
0726|714
0727|715
0728|716
0729|717
0730|718
0731|719
0732|720
0733|721
0734|722
0735|723
0736|724
0737|725
0738|726
0739|727
0740|728
0741|729
0742|730
0743|731
0744|732
0745|733
0746|734
0747|735
0748|736
0749|737
0750|738
0751|739
0752|740
0753|Plansch
0754|Plansch
0755|Plansch
0756|Plansch
0757|741
0758|742
0759|743
0760|744
0761|745
0762|746
0763|747
0764|748
0765|749
0766|750
0767|751
0768|752
0769|753
0770|754
0771|755
0772|756
0773|757
0774|758
0775|759
0776|760
0777|Plansch
0778|Plansch
0779|761
0780|762
0781|763
0782|764
0783|765
0784|766
0785|767
0786|768
0787|769
0788|770
0789|771
0790|772
0791|773
0792|774
0793|775
0794|776
0795|777
0796|778
0797|779
0798|780
0799|781
0800|782
0801|783
0802|784
0803|785
0804|786
0805|787
0806|788
0807|789
0808|790
0809|791
0810|792
0811|793
0812|794
0813|795
0814|796
0815|797
0816|798
0817|799
0818|800
0819|801
0820|802
0821|803
0822|804
0823|805
0824|806
0825|807
0826|808
0827|809
0828|810
0829|811
0830|812
0831|813
0832|814
0833|815
0834|816
0835|817
0836|818
0837|819
0838|820
0839|821
0840|822
0841|823
0842|824
0843|825
0844|826
0845|827
0846|828
0847|829
0848|830
0849|831
0850|832
0851|833
0852|834
0853|835
0854|836
0855|837
0856|838
0857|839
0858|840
0859|841
0860|842
0861|843
0862|844
0863|845
0864|846
0865|847
0866|848
0867|849
0868|850
0869|851
0870|852
0871|853
0872|854
0873|855
0874|856
0875|857
0876|858
0877|859
0878|860
0879|861
0880|862
0881|863
0882|864
0883|865
0884|866
0885|867
0886|868
0887|869
0888|870
0889|871
0890|872
0891|873
0892|874
0893|875
0894|876
0895|877
0896|878
0897|879
0898|880
0899|881
0900|882
0901|883
0902|884
0903|885
0904|886
0905|887
0906|888
0907|889
0908|890
0909|891
0910|892
0911|893
0912|894
0913|895
0914|896
0915|897
0916|898
0917|899
0918|900
0919|901
0920|902
0921|903
0922|904
0923|905
0924|906
0925|907
0926|908
0927|909
0928|910
0929|911
0930|912
0931|913
0932|914
0933|915
0934|916
0935|917
0936|918
0937|919
0938|920
0939|illustrationer
0940|ii
0941|rettelser
0942|924
0943|925
0944|926
0945|927
0946|928
0947|929
0948|930
0949|931
0950|932
0951|933
0952|934
0953|935
0954|936
0955|937
0956|938
0957|939
0958|940
0959|941
0960|942
0961|943
0962|Blank
