# salmonsen/2/16/Pages.lst
#
0001|titel
0002|blank
0003|titel
0004|blank
0005|i
0006|ii
0007|iii
0008|iv
0009|
0010|
0011|
0012|
0013|1
0014|2
0015|3
0016|4
0017|5
0018|6
0019|7
0020|8
0021|9
0022|10
0023|11
0024|12
0025|13
0026|14
0027|15
0028|16
0029|17
0030|18
0031|19
0032|20
0033|21
0034|22
0035|23
0036|24
0037|25
0038|26
0039|27
0040|28
0041|29
0042|30
0043|31
0044|32
0045|33
0046|34
0047|35
0048|36
0049|37
0050|38
0051|39
0052|40
0053|41
0054|42
0055|43
0056|44
0057|45
0058|46
0059|47
0060|48
0061|49
0062|50
0063|51
0064|52
0065|53
0066|54
0067|55
0068|56
0069|57
0070|58
0071|59
0072|60
0073|61
0074|62
0075|63
0076|64
0077|65
0078|66
0079|67
0080|68
0081|69
0082|70
0083|71
0084|72
0085|73
0086|74
0087|75
0088|76
0089|77
0090|78
0091|79
0092|80
0093|81
0094|82
0095|83
0096|84
0097|85
0098|86
0099|87
0100|88
0101|89
0102|90
0103|91
0104|92
0105|93
0106|94
0107|95
0108|96
0109|97
0110|98
0111|99
0112|100
0113|101
0114|102
0115|103
0116|104
0117|105
0118|106
0119|107
0120|108
0121|109
0122|110
0123|111
0124|112
0125|113
0126|114
0127|115
0128|116
0129|117
0130|118
0131|119
0132|120
0133|121
0134|122
0135|123
0136|124
0137|125
0138|126
0139|127
0140|128
0141|129
0142|130
0143|131
0144|132
0145|133
0146|134
0147|135
0148|136
0149|137
0150|138
0151|139
0152|140
0153|141
0154|142
0155|143
0156|144
0157|145
0158|146
0159|147
0160|148
0161|149
0162|150
0163|151
0164|152
0165|153
0166|154
0167|155
0168|156
0169|157
0170|158
0171|159
0172|160
0173|161
0174|162
0175|163
0176|164
0177|165
0178|166
0179|167
0180|168
0181|169
0182|170
0183|171
0184|172
0185|173
0186|174
0187|175
0188|176
0189|177
0190|178
0191|179
0192|180
0193|181
0194|182
0195|183
0196|184
0197|185
0198|186
0199|187
0200|188
0201|189
0202|190
0203|191
0204|192
0205|193
0206|194
0207|195
0208|196
0209|197
0210|198
0211|199
0212|200
0213|201
0214|202
0215|203
0216|204
0217|205
0218|206
0219|207
0220|208
0221|209
0222|210
0223|211
0224|212
0225|213
0226|214
0227|215
0228|216
0229|217
0230|218
0231|219
0232|220
0233|221
0234|222
0235|223
0236|224
0237|225
0238|226
0239|227
0240|228
0241|229
0242|230
0243|231
0244|232
0245|233
0246|234
0247|235
0248|236
0249|237
0250|238
0251|239
0252|240
0253|241
0254|242
0255|243
0256|244
0257|245
0258|246
0259|247
0260|248
0261|249
0262|250
0263|251
0264|252
0265|253
0266|254
0267|255
0268|256
0269|257
0270|258
0271|259
0272|260
0273|261
0274|262
0275|263
0276|264
0277|265
0278|266
0279|267
0280|268
0281|269
0282|270
0283|271
0284|272
0285|273
0286|274
0287|275
0288|276
0289|277
0290|278
0291|279
0292|280
0293|281
0294|282
0295|283
0296|284
0297|285
0298|286
0299|287
0300|288
0301|289
0302|290
0303|291
0304|292
0305|plansch
0306|plansch
0307|293
0308|294
0309|295
0310|296
0311|297
0312|298
0313|299
0314|300
0315|301
0316|302
0317|303
0318|304
0319|305
0320|306
0321|307
0322|308
0323|309
0324|310
0325|311
0326|312
0327|plansch
0328|plansch
0329|313
0330|314
0331|315
0332|316
0333|317
0334|318
0335|319
0336|320
0337|321
0338|322
0339|323
0340|324
0341|325
0342|326
0343|327
0344|328
0345|329
0346|330
0347|331
0348|332
0349|333
0350|334
0351|335
0352|336
0353|337
0354|338
0355|339
0356|340
0357|341
0358|342
0359|343
0360|344
0361|345
0362|346
0363|347
0364|348
0365|349
0366|350
0367|351
0368|352
0369|353
0370|354
0371|355
0372|356
0373|357
0374|358
0375|359
0376|360
0377|361
0378|362
0379|plansch
0380|plansch
0381|363
0382|364
0383|365
0384|366
0385|367
0386|368
0387|369
0388|370
0389|plansch
0390|plansch
0391|371
0392|372
0393|373
0394|374
0395|375
0396|376
0397|377
0398|378
0399|379
0400|380
0401|381
0402|382
0403|383
0404|384
0405|385
0406|386
0407|387
0408|388
0409|389
0410|390
0411|391
0412|392
0413|393
0414|394
0415|395
0416|396
0417|397
0418|398
0419|399
0420|400
0421|401
0422|402
0423|403
0424|404
0425|405
0426|406
0427|407
0428|408
0429|409
0430|410
0431|411
0432|412
0433|413
0434|414
0435|415
0436|416
0437|417
0438|418
0439|419
0440|420
0441|421
0442|422
0443|423
0444|424
0445|425
0446|426
0447|427
0448|428
0449|429
0450|430
0451|431
0452|432
0453|433
0454|434
0455|435
0456|436
0457|437
0458|438
0459|439
0460|440
0461|441
0462|442
0463|443
0464|444
0465|445
0466|446
0467|447
0468|448
0469|449
0470|450
0471|451
0472|452
0473|453
0474|454
0475|455
0476|456
0477|457
0478|458
0479|459
0480|460
0481|461
0482|462
0483|463
0484|464
0485|465
0486|466
0487|467
0488|468
0489|469
0490|470
0491|471
0492|472
0493|473
0494|474
0495|475
0496|476
0497|477
0498|478
0499|479
0500|480
0501|481
0502|482
0503|483
0504|484
0505|485
0506|486
0507|487
0508|488
0509|489
0510|490
0511|491
0512|492
0513|493
0514|494
0515|495
0516|496
0517|497
0518|498
0519|499
0520|500
0521|501
0522|502
0523|503
0524|504
0525|505
0526|506
0527|507
0528|508
0529|509
0530|510
0531|511
0532|512
0533|513
0534|514
0535|515
0536|516
0537|517
0538|518
0539|519
0540|520
0541|521
0542|522
0543|523
0544|524
0545|525
0546|526
0547|527
0548|528
0549|529
0550|530
0551|531
0552|532
0553|533
0554|534
0555|535
0556|536
0557|537
0558|538
0559|539
0560|540
0561|541
0562|542
0563|543
0564|544
0565|545
0566|546
0567|547
0568|548
0569|549
0570|550
0571|551
0572|552
0573|553
0574|554
0575|555
0576|556
0577|557
0578|558
0579|559
0580|560
0581|561
0582|562
0583|563
0584|564
0585|565
0586|566
0587|567
0588|568
0589|569
0590|570
0591|571
0592|572
0593|573
0594|574
0595|575
0596|576
0597|577
0598|578
0599|579
0600|580
0601|581
0602|582
0603|583
0604|584
0605|585
0606|586
0607|587
0608|588
0609|589
0610|590
0611|591
0612|592
0613|593
0614|594
0615|595
0616|596
0617|597
0618|598
0619|599
0620|600
0621|601
0622|602
0623|603
0624|604
0625|605
0626|606
0627|607
0628|608
0629|609
0630|610
0631|611
0632|612
0633|613
0634|614
0635|615
0636|616
0637|617
0638|618
0639|619
0640|620
0641|621
0642|622
0643|623
0644|624
0645|625
0646|626
0647|627
0648|628
0649|629
0650|630
0651|631
0652|632
0653|633
0654|634
0655|635
0656|636
0657|637
0658|638
0659|639
0660|640
0661|641
0662|642
0663|643
0664|644
0665|645
0666|646
0667|647
0668|648
0669|649
0670|650
0671|651
0672|652
0673|653
0674|654
0675|655
0676|656
0677|657
0678|658
0679|659
0680|660
0681|661
0682|662
0683|663
0684|664
0685|665
0686|666
0687|667
0688|668
0689|669
0690|670
0691|671
0692|672
0693|673
0694|674
0695|675
0696|676
0697|677
0698|678
0699|679
0700|680
0701|681
0702|682
0703|683
0704|684
0705|685
0706|686
0707|687
0708|688
0709|689
0710|690
0711|691
0712|692
0713|693
0714|694
0715|695
0716|696
0717|697
0718|698
0719|699
0720|700
0721|701
0722|702
0723|703
0724|704
0725|705
0726|706
0727|707
0728|708
0729|709
0730|710
0731|711
0732|712
0733|713
0734|714
0735|715
0736|716
0737|717
0738|718
0739|719
0740|720
0741|721
0742|722
0743|723
0744|724
0745|725
0746|726
0747|727
0748|728
0749|729
0750|730
0751|731
0752|732
0753|733
0754|734
0755|735
0756|736
0757|737
0758|738
0759|739
0760|740
0761|741
0762|742
0763|743
0764|744
0765|745
0766|746
0767|747
0768|748
0769|749
0770|750
0771|751
0772|752
0773|753
0774|754
0775|755
0776|756
0777|757
0778|758
0779|759
0780|760
0781|761
0782|762
0783|763
0784|764
0785|765
0786|766
0787|767
0788|768
0789|769
0790|770
0791|771
0792|772
0793|773
0794|774
0795|775
0796|776
0797|777
0798|778
0799|779
0800|780
0801|781
0802|782
0803|783
0804|784
0805|785
0806|786
0807|787
0808|788
0809|789
0810|790
0811|791
0812|792
0813|793
0814|794
0815|795
0816|796
0817|797
0818|798
0819|799
0820|800
0821|801
0822|802
0823|803
0824|804
0825|805
0826|806
0827|807
0828|808
0829|809
0830|810
0831|811
0832|812
0833|813
0834|814
0835|815
0836|816
0837|817
0838|818
0839|819
0840|820
0841|821
0842|822
0843|823
0844|824
0845|825
0846|826
0847|plansch
0848|plansch
0849|plansch
0850|plansch
0851|827
0852|828
0853|829
0854|830
0855|831
0856|832
0857|833
0858|834
0859|835
0860|836
0861|837
0862|838
0863|839
0864|840
0865|841
0866|842
0867|843
0868|844
0869|845
0870|846
0871|847
0872|848
0873|849
0874|850
0875|851
0876|852
0877|853
0878|854
0879|855
0880|856
0881|857
0882|858
0883|859
0884|860
0885|861
0886|862
0887|863
0888|864
0889|865
0890|866
0891|867
0892|868
0893|869
0894|870
0895|871
0896|872
0897|873
0898|874
0899|875
0900|876
0901|877
0902|878
0903|879
0904|880
0905|881
0906|882
0907|883
0908|884
0909|885
0910|886
0911|887
0912|888
0913|889
0914|890
0915|891
0916|892
0917|893
0918|894
0919|895
0920|896
0921|897
0922|898
0923|899
0924|900
0925|901
0926|902
0927|903
0928|904
0929|905
0930|906
0931|907
0932|908
0933|909
0934|910
0935|911
0936|912
0937|913
0938|914
0939|915
0940|916
0941|917
0942|918
0943|919
0944|920
0945|921
0946|922
0947|923
0948|924
0949|925
0950|926
0951|927
0952|928
0953|929
0954|930
0955|931
0956|932
0957|933
0958|934
0959|935
0960|936
0961|937
0962|938
0963|939
0964|940
0965|941
0966|942
0967|943
0968|944
0969|945
0970|946
0971|947
0972|948
0973|949
0974|950
0975|951
0976|952
0977|953
0978|954
0979|955
0980|956
0981|957
0982|958
0983|959
0984|960
0985|961
0986|962
0987|963
0988|964
0989|965
0990|966
0991|967
0992|968
0993|969
0994|970
0995|971
0996|972
0997|973
0998|974
0999|975
1000|976
1001|977
1002|978
1003|979
1004|980
1005|981
1006|982
1007|983
1008|984
1009|985
1010|986
1011|987
1012|988
1013|989
1014|990
1015|991
1016|992
1017|993
1018|994
1019|995
1020|996
1021|997
1022|998
1023|999
1024|1000
1025|1001
1026|1002
1027|1003
1028|1004
1029|1005
1030|1006
1031|1007
1032|1008
1033|1009
1034|1010
1035|1011
1036|1012
1037|1013
1038|1014
1039|1015
1040|1016
1041|1017
1042|1018
1043|1019
1044|1020
1045|1021
1046|1022
1047|1023
1048|1024
1049|1025
1050|1026
1051|1027
1052|1028
1053|1029
1054|1030
1055|1031
1056|1032
1057|1033
1058|1034
1059|1035
1060|1036
1061|1037
1062|1038
1063|1039
1064|1040
1065|1041
1066|1042
1067|1043
1068|1044
1069|1045
1070|1046
1071|1047
1072|1048
1073|1049
1074|1050
1075|1051
1076|1052
1077|1053
1078|1054
1079|1055
1080|1056
1081|1057
1082|1058
1083|1059
1084|1060
1085|1061
1086|1062
1087|1063
1088|1064
1089|1065
1090|1066
1091|1067
1092|1068
1093|1069
1094|1070
1095|1071
1096|1072
1097|1073
1098|1074
1099|1075
1100|1076
1101|1077
1102|1078
1103|1079
1104|1080
1105|1081
1106|1082
1107|1083
1108|1084
1109|1085
1110|1086
1111|1087
1112|1088
1113|1089
1114|1090
1115|1091
1116|1092
1117|1093
1118|1094
1119|1095
1120|1096
1121|1097
1122|1098
1123|1099
1124|1100
1125|1101
1126|1102
1127|1103
1128|1104
1129|1105
1130|1106
1131|1107
1132|1108
1133|1109
1134|1110
1135|1111
1136|1112
1137|forkortelser
1138|ii
1139|illustrationer
1140|ii
1141|rettelser
1142|ii
1143|blank
1144|blank
